#
# A fatal error has been detected by the Java Runtime Environment:
#
#  Internal Error (javaCalls.cpp:51), pid=29449, tid=11523
#  guarantee(thread->is_Java_thread()) failed: crucial check - the VM thread cannot and must not escape to Java code
#
# JRE version: Java(TM) SE Runtime Environment (8.0_60-b27) (build 1.8.0_60-b27)
# Java VM: Java HotSpot(TM) 64-Bit Server VM (25.60-b23 mixed mode bsd-amd64 compressed oops)
# Failed to write core dump. Core dumps have been disabled. To enable core dumping, try "ulimit -c unlimited" before starting Java again
#
# If you would like to submit a bug report, please visit:
#   http://bugreport.java.com/bugreport/crash.jsp
#

---------------  T H R E A D  ---------------

Current thread (0x00007ff532017000):  VMThread [stack: 0x0000700003ad5000,0x0000700003bd5000] [id=11523]

Stack: [0x0000700003ad5000,0x0000700003bd5000],  sp=0x0000700003bd3b00,  free space=1018k
Native frames: (J=compiled Java code, j=interpreted, Vv=VM code, C=native code)
V  [libjvm.dylib+0x5a6522]
V  [libjvm.dylib+0x1e6843]
V  [libjvm.dylib+0x2ea1b0]
V  [libjvm.dylib+0x2eaa68]
V  [libjvm.dylib+0x2eaf86]
V  [libjvm.dylib+0x2406f7]
V  [libjvm.dylib+0x2407f2]
V  [libjvm.dylib+0x240a51]
V  [libjvm.dylib+0x240a6c]
V  [libjvm.dylib+0x2836fb]
V  [libjvm.dylib+0x283b8f]
V  [libjvm.dylib+0x284481]
V  [libjvm.dylib+0x286360]
V  [libjvm.dylib+0x2865af]
V  [libjvm.dylib+0x286b46]
V  [libjvm.dylib+0x286f5f]
V  [libjvm.dylib+0x47a48d]
V  [libjvm.dylib+0x47a696]
V  [libjvm.dylib+0x47abc9]
V  [libjvm.dylib+0x2bdb1c]
V  [libjvm.dylib+0x448be9]
V  [libjvm.dylib+0x39536b]
V  [libjvm.dylib+0x5ae00d]
V  [libjvm.dylib+0x5ac677]
V  [libjvm.dylib+0x5acac4]
V  [libjvm.dylib+0x5ac3e3]
V  [libjvm.dylib+0x48343a]
C  [libsystem_pthread.dylib+0x393b]  _pthread_body+0xb4
C  [libsystem_pthread.dylib+0x3887]  _pthread_body+0x0
C  [libsystem_pthread.dylib+0x308d]  thread_start+0xd

VM_Operation (0x0000700003fe0958): GetOrSetLocal, mode: safepoint, requested by thread 0x00007ff53303d800


---------------  P R O C E S S  ---------------

Java Threads: ( => current thread )
  0x00007ff532d0d000 JavaThread "async-request-reporter" daemon [_thread_blocked, id=24087, stack(0x00007000099ef000,0x0000700009aef000)]
  0x00007ff53349b000 JavaThread "commons-pool-EvictionTimer" daemon [_thread_blocked, id=62731, stack(0x0000700005c38000,0x0000700005d38000)]
  0x00007ff532245800 JavaThread "Abandoned connection cleanup thread" daemon [_thread_blocked, id=31495, stack(0x0000700004d0b000,0x0000700004e0b000)]
  0x00007ff532cda800 JavaThread "RMI TCP Connection(idle)" daemon [_thread_blocked, id=63235, stack(0x0000700009af2000,0x0000700009bf2000)]
  0x00007ff532cfe000 JavaThread "RMI TCP Connection(idle)" daemon [_thread_blocked, id=24583, stack(0x0000700004e0e000,0x0000700004f0e000)]
  0x00007ff533005000 JavaThread "DestroyJavaVM" [_thread_blocked, id=5635, stack(0x00007000035c6000,0x00007000036c6000)]
  0x00007ff532cff800 JavaThread "http-nio-8080-AsyncTimeout" daemon [_thread_blocked, id=62211, stack(0x00007000098ec000,0x00007000099ec000)]
  0x00007ff532a11000 JavaThread "http-nio-8080-Acceptor-0" daemon [_thread_in_native, id=61699, stack(0x00007000097e9000,0x00007000098e9000)]
  0x00007ff533b2d800 JavaThread "http-nio-8080-ClientPoller-1" daemon [_thread_in_native, id=61187, stack(0x00007000096e6000,0x00007000097e6000)]
  0x00007ff532799000 JavaThread "http-nio-8080-ClientPoller-0" daemon [_thread_in_native, id=60675, stack(0x00007000095e3000,0x00007000096e3000)]
  0x00007ff535070000 JavaThread "http-nio-8080-exec-10" daemon [_thread_blocked, id=60163, stack(0x00007000094e0000,0x00007000095e0000)]
  0x00007ff532796800 JavaThread "http-nio-8080-exec-9" daemon [_thread_blocked, id=59651, stack(0x00007000093dd000,0x00007000094dd000)]
  0x00007ff53506f000 JavaThread "http-nio-8080-exec-8" daemon [_thread_blocked, id=59139, stack(0x00007000092da000,0x00007000093da000)]
  0x00007ff53506d800 JavaThread "http-nio-8080-exec-7" daemon [_thread_blocked, id=58627, stack(0x00007000091d7000,0x00007000092d7000)]
  0x00007ff532795800 JavaThread "http-nio-8080-exec-6" daemon [_thread_blocked, id=58115, stack(0x00007000090d4000,0x00007000091d4000)]
  0x00007ff532cfd800 JavaThread "http-nio-8080-exec-5" daemon [_thread_blocked, id=57603, stack(0x0000700008fd1000,0x00007000090d1000)]
  0x00007ff532a0f800 JavaThread "http-nio-8080-exec-4" daemon [_thread_blocked, id=57091, stack(0x0000700008ece000,0x0000700008fce000)]
  0x00007ff532792000 JavaThread "http-nio-8080-exec-3" daemon [_thread_blocked, id=56579, stack(0x0000700008dcb000,0x0000700008ecb000)]
  0x00007ff533b2c800 JavaThread "http-nio-8080-exec-2" daemon [_thread_blocked, id=56067, stack(0x0000700008cc8000,0x0000700008dc8000)]
  0x00007ff532a0f000 JavaThread "http-nio-8080-exec-1" daemon [_thread_blocked, id=55555, stack(0x0000700008bc5000,0x0000700008cc5000)]
  0x00007ff532a0d800 JavaThread "NioBlockingSelector.BlockPoller-1" daemon [_thread_in_native, id=55043, stack(0x0000700008ac2000,0x0000700008bc2000)]
  0x00007ff533b3f800 JavaThread "Live Reload Server" daemon [_thread_in_native, id=54535, stack(0x00007000089bf000,0x0000700008abf000)]
  0x00007ff53506b000 JavaThread "File Watcher" daemon [_thread_blocked, id=54027, stack(0x00007000088bc000,0x00007000089bc000)]
  0x00007ff53275b000 JavaThread "Hibernate Search sync consumer thread for index net.ion.ice.core.node.Node" daemon [_thread_blocked, id=53507, stack(0x00007000087b9000,0x00007000088b9000)]
  0x00007ff533b29000 JavaThread "Hibernate Search sync consumer thread for index net.ion.ice.core.node.Node" daemon [_thread_blocked, id=52995, stack(0x00007000086b6000,0x00007000087b6000)]
  0x00007ff5333d6800 JavaThread "Hibernate Search sync consumer thread for index net.ion.ice.core.node.Node" daemon [_thread_blocked, id=51975, stack(0x00007000084b0000,0x00007000085b0000)]
  0x00007ff5333d8000 JavaThread "Hibernate Search sync consumer thread for index net.ion.ice.core.node.Node" daemon [_thread_blocked, id=52483, stack(0x00007000085b3000,0x00007000086b3000)]
  0x00007ff5333d5800 JavaThread "Hibernate Search sync consumer thread for index net.ion.ice.core.node.Node" daemon [_thread_blocked, id=51459, stack(0x00007000083ad000,0x00007000084ad000)]
  0x00007ff532699800 JavaThread "Hibernate Search sync consumer thread for index net.ion.ice.core.node.Node" daemon [_thread_blocked, id=50947, stack(0x00007000082aa000,0x00007000083aa000)]
  0x00007ff533776000 JavaThread "Thread-33" [_thread_blocked, id=50435, stack(0x00007000081a7000,0x00007000082a7000)]
  0x00007ff532c91800 JavaThread "Thread-32" [_thread_blocked, id=49923, stack(0x00007000080a4000,0x00007000081a4000)]
  0x00007ff5325bc000 JavaThread "Thread-31" [_thread_blocked, id=49411, stack(0x0000700007fa1000,0x00007000080a1000)]
  0x00007ff533db1800 JavaThread "expiration-thread--p3-t1" daemon [_thread_blocked, id=48903, stack(0x0000700007e9e000,0x0000700007f9e000)]
  0x00007ff532dc5000 JavaThread "Hibernate Search sync consumer thread for index net.ion.ice.core.node.Node" daemon [_thread_blocked, id=48395, stack(0x0000700007d9b000,0x0000700007e9b000)]
  0x00007ff5337cf000 JavaThread "hz.ice-cluster-hazelcast.HealthMonitor" daemon [_thread_blocked, id=47883, stack(0x0000700007c98000,0x0000700007d98000)]
  0x00007ff533fc3000 JavaThread "hz.ice-cluster-hazelcast.cached.thread-3" [_thread_blocked, id=47363, stack(0x0000700007b95000,0x0000700007c95000)]
  0x00007ff533bcd000 JavaThread "hz.ice-cluster-hazelcast.IO.thread-Acceptor" [_thread_in_native, id=46851, stack(0x0000700007a92000,0x0000700007b92000)]
  0x00007ff532658000 JavaThread "hz.ice-cluster-hazelcast.IOBalancerThread" [_thread_blocked, id=46339, stack(0x000070000798f000,0x0000700007a8f000)]
  0x00007ff532650000 JavaThread "hz.ice-cluster-hazelcast.IO.thread-out-2" [_thread_in_native, id=45827, stack(0x000070000788c000,0x000070000798c000)]
  0x00007ff53260f000 JavaThread "hz.ice-cluster-hazelcast.IO.thread-out-1" [_thread_in_native, id=45315, stack(0x0000700007789000,0x0000700007889000)]
  0x00007ff532dc4000 JavaThread "hz.ice-cluster-hazelcast.IO.thread-out-0" [_thread_in_native, id=44803, stack(0x0000700007686000,0x0000700007786000)]
  0x00007ff533bcc800 JavaThread "hz.ice-cluster-hazelcast.IO.thread-in-2" [_thread_in_native, id=44291, stack(0x0000700007583000,0x0000700007683000)]
  0x00007ff533beb000 JavaThread "hz.ice-cluster-hazelcast.IO.thread-in-1" [_thread_in_native, id=43779, stack(0x0000700007480000,0x0000700007580000)]
  0x00007ff533bba000 JavaThread "hz.ice-cluster-hazelcast.IO.thread-in-0" [_thread_in_native, id=43267, stack(0x000070000737d000,0x000070000747d000)]
  0x00007ff53264f000 JavaThread "hz.ice-cluster-hazelcast.cached.thread-2" [_thread_blocked, id=42755, stack(0x000070000727a000,0x000070000737a000)]
  0x00007ff533420800 JavaThread "hz.ice-cluster-hazelcast.SlowOperationDetectorThread" [_thread_blocked, id=42243, stack(0x0000700007177000,0x0000700007277000)]
  0x00007ff53260e000 JavaThread "hz.ice-cluster-hazelcast.response" [_thread_blocked, id=41731, stack(0x0000700007074000,0x0000700007174000)]
  0x00007ff533420000 JavaThread "hz.ice-cluster-hazelcast.generic-operation.thread-1" [_thread_blocked, id=41219, stack(0x0000700006f71000,0x0000700007071000)]
  0x00007ff5332d2000 JavaThread "hz.ice-cluster-hazelcast.generic-operation.thread-0" [_thread_blocked, id=40707, stack(0x0000700006e6e000,0x0000700006f6e000)]
  0x00007ff5325ce800 JavaThread "hz.ice-cluster-hazelcast.priority-generic-operation.thread-0" [_thread_blocked, id=40195, stack(0x0000700006d6b000,0x0000700006e6b000)]
  0x00007ff532d5b800 JavaThread "hz.ice-cluster-hazelcast.partition-operation.thread-3" [_thread_blocked, id=39683, stack(0x0000700006c68000,0x0000700006d68000)]
  0x00007ff5332d7000 JavaThread "hz.ice-cluster-hazelcast.partition-operation.thread-2" [_thread_blocked, id=39171, stack(0x0000700006b65000,0x0000700006c65000)]
  0x00007ff5321f1000 JavaThread "hz.ice-cluster-hazelcast.partition-operation.thread-1" [_thread_blocked, id=38659, stack(0x0000700006a62000,0x0000700006b62000)]
  0x00007ff5322b6800 JavaThread "hz.ice-cluster-hazelcast.partition-operation.thread-0" [_thread_blocked, id=38147, stack(0x000070000695f000,0x0000700006a5f000)]
  0x00007ff532d6f000 JavaThread "hz.ice-cluster-hazelcast.InvocationMonitorThread" [_thread_blocked, id=37635, stack(0x000070000685c000,0x000070000695c000)]
  0x00007ff5322db000 JavaThread "hz.ice-cluster-hazelcast.cached.thread-1" [_thread_blocked, id=37123, stack(0x0000700006759000,0x0000700006859000)]
  0x00007ff533fa6800 JavaThread "hz.ice-cluster-hazelcast.migration" [_thread_blocked, id=36611, stack(0x0000700006656000,0x0000700006756000)]
  0x00007ff53264c000 JavaThread "MetricsRegistry-thread-2" [_thread_blocked, id=36099, stack(0x0000700006553000,0x0000700006653000)]
  0x00007ff532d8e000 JavaThread "MetricsRegistry-thread-1" [_thread_blocked, id=35591, stack(0x0000700006450000,0x0000700006550000)]
  0x00007ff533604000 JavaThread "hz.ice-cluster-hazelcast.operation-parker" [_thread_blocked, id=35075, stack(0x000070000634d000,0x000070000644d000)]
  0x00007ff5321af800 JavaThread "hz.ice-cluster-hazelcast.event-5" [_thread_blocked, id=34563, stack(0x000070000624a000,0x000070000634a000)]
  0x00007ff5335fd000 JavaThread "hz.ice-cluster-hazelcast.event-4" [_thread_blocked, id=34051, stack(0x0000700006147000,0x0000700006247000)]
  0x00007ff532d61800 JavaThread "hz.ice-cluster-hazelcast.event-3" [_thread_blocked, id=33539, stack(0x0000700006044000,0x0000700006144000)]
  0x00007ff532b65800 JavaThread "hz.ice-cluster-hazelcast.event-2" [_thread_blocked, id=33027, stack(0x0000700005f41000,0x0000700006041000)]
  0x00007ff533afd800 JavaThread "hz.ice-cluster-hazelcast.event-1" [_thread_blocked, id=32515, stack(0x0000700005e3e000,0x0000700005f3e000)]
  0x00007ff532d80000 JavaThread "hz.ice-cluster-hazelcast.scheduled.thread-" [_thread_blocked, id=32007, stack(0x0000700005d3b000,0x0000700005e3b000)]
  0x00007ff532d59800 JavaThread "container-0" [_thread_blocked, id=4871, stack(0x0000700005a32000,0x0000700005b32000)]
  0x00007ff5333c6000 JavaThread "ContainerBackgroundProcessor[StandardEngine[Tomcat]]" daemon [_thread_blocked, id=4623, stack(0x000070000343d000,0x000070000353d000)]
  0x00007ff5325cb800 JavaThread "RMI TCP Connection(idle)" daemon [_thread_blocked, id=30215, stack(0x000070000592f000,0x0000700005a2f000)]
  0x00007ff5325b8000 JavaThread "Attach Listener" daemon [_thread_blocked, id=29699, stack(0x000070000582c000,0x000070000592c000)]
  0x00007ff5325b5000 JavaThread "type-pool-cache-evicter" daemon [_thread_blocked, id=29187, stack(0x0000700005729000,0x0000700005829000)]
  0x00007ff533778000 JavaThread "stagemonitor-elasticsearch-reporter" daemon [_thread_blocked, id=28679, stack(0x0000700005626000,0x0000700005726000)]
  0x00007ff533762000 JavaThread "Keep-Alive-Timer" daemon [_thread_blocked, id=28163, stack(0x0000700005523000,0x0000700005623000)]
  0x00007ff532c7a800 JavaThread "async-elasticsearch" daemon [_thread_blocked, id=27651, stack(0x0000700005420000,0x0000700005520000)]
  0x00007ff533f5a000 JavaThread "elasticsearch-tasks" daemon [_thread_blocked, id=27139, stack(0x000070000531d000,0x000070000541d000)]
  0x00007ff53377c800 JavaThread "configuration-reloader" daemon [_thread_blocked, id=26635, stack(0x000070000521a000,0x000070000531a000)]
  0x00007ff5322fd800 JavaThread "logback-appender-STASH-125.131.88.156:5000-2" daemon [_thread_in_native, id=25095, stack(0x0000700004f11000,0x0000700005011000)]
  0x00007ff532a5a800 JavaThread "RMI TCP Connection(7)-192.168.10.143" daemon [_thread_in_native, id=23555, stack(0x0000700004c08000,0x0000700004d08000)]
  0x00007ff5321dd000 JavaThread "RMI Scheduler(0)" daemon [_thread_blocked, id=23043, stack(0x0000700004b05000,0x0000700004c05000)]
  0x00007ff5332af000 JavaThread "RMI TCP Connection(idle)" daemon [_thread_blocked, id=22531, stack(0x0000700004a02000,0x0000700004b02000)]
  0x00007ff533a56800 JavaThread "RMI TCP Accept-0" daemon [_thread_in_native, id=21507, stack(0x00007000047fc000,0x00007000048fc000)]
  0x00007ff533a54000 JavaThread "RMI TCP Accept-62024" daemon [_thread_in_native, id=20995, stack(0x00007000046f9000,0x00007000047f9000)]
  0x00007ff532a46800 JavaThread "RMI TCP Accept-0" daemon [_thread_in_native, id=20483, stack(0x00007000045f6000,0x00007000046f6000)]
  0x00007ff533a57800 JavaThread "Service Thread" daemon [_thread_blocked, id=19971, stack(0x00007000044f3000,0x00007000045f3000)]
  0x00007ff533271800 JavaThread "C1 CompilerThread2" daemon [_thread_blocked, id=19459, stack(0x00007000043f0000,0x00007000044f0000)]
  0x00007ff5329e5800 JavaThread "C2 CompilerThread1" daemon [_thread_blocked, id=18947, stack(0x00007000042ed000,0x00007000043ed000)]
  0x00007ff532110000 JavaThread "C2 CompilerThread0" daemon [_thread_blocked, id=18435, stack(0x00007000041ea000,0x00007000042ea000)]
  0x00007ff53303f000 JavaThread "JDWP Command Reader" daemon [_thread_in_native, id=17923, stack(0x00007000040e7000,0x00007000041e7000)]
  0x00007ff53303e000 JavaThread "JDWP Event Helper Thread" daemon [_thread_blocked, id=17411, stack(0x0000700003fe4000,0x00007000040e4000)]
  0x00007ff53303d800 JavaThread "JDWP Transport Listener: dt_socket" daemon [_thread_blocked, id=16899, stack(0x0000700003ee1000,0x0000700003fe1000)]
  0x00007ff53280a800 JavaThread "Signal Dispatcher" daemon [_thread_blocked, id=16387, stack(0x0000700003dde000,0x0000700003ede000)]
  0x00007ff53304f000 JavaThread "Finalizer" daemon [_thread_blocked, id=12547, stack(0x0000700003cdb000,0x0000700003ddb000)]
  0x00007ff53304e800 JavaThread "Reference Handler" daemon [_thread_blocked, id=12035, stack(0x0000700003bd8000,0x0000700003cd8000)]

Other Threads:
=>0x00007ff532017000 VMThread [stack: 0x0000700003ad5000,0x0000700003bd5000] [id=11523]
  0x00007ff532a4f800 WatcherThread [stack: 0x00007000048ff000,0x00007000049ff000] [id=22019]

VM state:at safepoint (normal execution)

VM Mutex/Monitor currently owned by a thread:  ([mutex/lock_event])
[0x00007ff531c017f0] Threads_lock - owner thread: 0x00007ff532017000

Heap:
 PSYoungGen      total 887808K, used 591613K [0x000000076ab00000, 0x00000007b7c00000, 0x00000007c0000000)
  eden space 864768K, 68% used [0x000000076ab00000,0x000000078ecbf6b0,0x000000079f780000)
  from space 23040K, 0% used [0x000000079f780000,0x000000079f780000,0x00000007a0e00000)
  to   space 29184K, 0% used [0x00000007b5f80000,0x00000007b5f80000,0x00000007b7c00000)
 ParOldGen       total 174080K, used 50672K [0x00000006c0000000, 0x00000006caa00000, 0x000000076ab00000)
  object space 174080K, 29% used [0x00000006c0000000,0x00000006c317c138,0x00000006caa00000)
 Metaspace       used 69639K, capacity 71150K, committed 71552K, reserved 1110016K
  class space    used 9712K, capacity 10053K, committed 10112K, reserved 1048576K

Card table byte_map: [0x000000010521d000,0x0000000105a1e000] byte_map_base: 0x0000000101c1d000

Marking Bits: (ParMarkBitMap*) 0x0000000103eb0e20
 Begin Bits: [0x000000011c09a000, 0x000000012009a000)
 End Bits:   [0x000000012009a000, 0x000000012409a000)

Polling page: 0x000000010459e000

CodeCache: size=245760Kb used=13631Kb max_used=13631Kb free=232128Kb
 bounds [0x000000010d09a000, 0x000000010ddfa000, 0x000000011c09a000]
 total_blobs=7386 nmethods=6740 adapters=565
 compilation: enabled

Compilation events (10 events):
Event: 31.500 Thread 0x00007ff533271800 6878       1       com.mysql.jdbc.ConnectionPropertiesImpl::getUseOldUTF8Behavior (5 bytes)
Event: 31.500 Thread 0x00007ff533271800 nmethod 6878 0x000000010ddea5d0 code [0x000000010ddea720, 0x000000010ddea830]
Event: 31.501 Thread 0x00007ff533271800 6879       1       com.fasterxml.jackson.core.util.BufferRecycler::allocCharBuffer (53 bytes)
Event: 31.501 Thread 0x00007ff533271800 nmethod 6879 0x000000010ddea890 code [0x000000010ddeaa00, 0x000000010ddeac70]
Event: 31.501 Thread 0x00007ff533271800 6880       1       com.fasterxml.jackson.core.util.BufferRecycler::charBufferLength (6 bytes)
Event: 31.501 Thread 0x00007ff533271800 nmethod 6880 0x000000010ddeae90 code [0x000000010ddeb000, 0x000000010ddeb130]
Event: 33.536 Thread 0x00007ff533271800 6881   !   1       java.util.concurrent.ScheduledThreadPoolExecutor$DelayedWorkQueue::offer (124 bytes)
Event: 33.537 Thread 0x00007ff533271800 nmethod 6881 0x000000010ddeb210 code [0x000000010ddeb440, 0x000000010ddebb88]
Event: 33.538 Thread 0x00007ff533271800 6882       1       java.util.concurrent.ThreadPoolExecutor::ensurePrestart (41 bytes)
Event: 33.538 Thread 0x00007ff533271800 nmethod 6882 0x000000010ddec590 code [0x000000010ddec700, 0x000000010ddec8b8]

GC Heap History (10 events):
Event: 3.971 GC heap before
{Heap before GC invocations=8 (full 1):
 PSYoungGen      total 494080K, used 493934K [0x000000076ab00000, 0x000000078c600000, 0x00000007c0000000)
  eden space 480256K, 100% used [0x000000076ab00000,0x0000000788000000,0x0000000788000000)
  from space 13824K, 98% used [0x000000078b880000,0x000000078c5dbad0,0x000000078c600000)
  to   space 16384K, 0% used [0x000000078a600000,0x000000078a600000,0x000000078b600000)
 ParOldGen       total 84480K, used 7917K [0x00000006c0000000, 0x00000006c5280000, 0x000000076ab00000)
  object space 84480K, 9% used [0x00000006c0000000,0x00000006c07bb4f8,0x00000006c5280000)
 Metaspace       used 28835K, capacity 29324K, committed 29440K, reserved 1075200K
  class space    used 3674K, capacity 3813K, committed 3840K, reserved 1048576K
Event: 3.987 GC heap after
Heap after GC invocations=8 (full 1):
 PSYoungGen      total 535552K, used 16364K [0x000000076ab00000, 0x00000007a2080000, 0x00000007c0000000)
  eden space 519168K, 0% used [0x000000076ab00000,0x000000076ab00000,0x000000078a600000)
  from space 16384K, 99% used [0x000000078a600000,0x000000078b5fb120,0x000000078b600000)
  to   space 18944K, 0% used [0x00000007a0e00000,0x00000007a0e00000,0x00000007a2080000)
 ParOldGen       total 84480K, used 8148K [0x00000006c0000000, 0x00000006c5280000, 0x000000076ab00000)
  object space 84480K, 9% used [0x00000006c0000000,0x00000006c07f50a0,0x00000006c5280000)
 Metaspace       used 28835K, capacity 29324K, committed 29440K, reserved 1075200K
  class space    used 3674K, capacity 3813K, committed 3840K, reserved 1048576K
}
Event: 5.387 GC heap before
{Heap before GC invocations=9 (full 1):
 PSYoungGen      total 535552K, used 279984K [0x000000076ab00000, 0x00000007a2080000, 0x00000007c0000000)
  eden space 519168K, 50% used [0x000000076ab00000,0x000000077ac71070,0x000000078a600000)
  from space 16384K, 99% used [0x000000078a600000,0x000000078b5fb120,0x000000078b600000)
  to   space 18944K, 0% used [0x00000007a0e00000,0x00000007a0e00000,0x00000007a2080000)
 ParOldGen       total 84480K, used 8148K [0x00000006c0000000, 0x00000006c5280000, 0x000000076ab00000)
  object space 84480K, 9% used [0x00000006c0000000,0x00000006c07f50a0,0x00000006c5280000)
 Metaspace       used 34795K, capacity 35342K, committed 35416K, reserved 1079296K
  class space    used 4680K, capacity 4833K, committed 4864K, reserved 1048576K
Event: 5.406 GC heap after
Heap after GC invocations=9 (full 1):
 PSYoungGen      total 883712K, used 18921K [0x000000076ab00000, 0x00000007a5b80000, 0x00000007c0000000)
  eden space 864768K, 0% used [0x000000076ab00000,0x000000076ab00000,0x000000079f780000)
  from space 18944K, 99% used [0x00000007a0e00000,0x00000007a207a4d0,0x00000007a2080000)
  to   space 23040K, 0% used [0x000000079f780000,0x000000079f780000,0x00000007a0e00000)
 ParOldGen       total 84480K, used 10503K [0x00000006c0000000, 0x00000006c5280000, 0x000000076ab00000)
  object space 84480K, 12% used [0x00000006c0000000,0x00000006c0a41de8,0x00000006c5280000)
 Metaspace       used 34795K, capacity 35342K, committed 35416K, reserved 1079296K
  class space    used 4680K, capacity 4833K, committed 4864K, reserved 1048576K
}
Event: 5.406 GC heap before
{Heap before GC invocations=10 (full 2):
 PSYoungGen      total 883712K, used 18921K [0x000000076ab00000, 0x00000007a5b80000, 0x00000007c0000000)
  eden space 864768K, 0% used [0x000000076ab00000,0x000000076ab00000,0x000000079f780000)
  from space 18944K, 99% used [0x00000007a0e00000,0x00000007a207a4d0,0x00000007a2080000)
  to   space 23040K, 0% used [0x000000079f780000,0x000000079f780000,0x00000007a0e00000)
 ParOldGen       total 84480K, used 10503K [0x00000006c0000000, 0x00000006c5280000, 0x000000076ab00000)
  object space 84480K, 12% used [0x00000006c0000000,0x00000006c0a41de8,0x00000006c5280000)
 Metaspace       used 34795K, capacity 35342K, committed 35416K, reserved 1079296K
  class space    used 4680K, capacity 4833K, committed 4864K, reserved 1048576K
Event: 5.485 GC heap after
Heap after GC invocations=10 (full 2):
 PSYoungGen      total 883712K, used 0K [0x000000076ab00000, 0x00000007a5b80000, 0x00000007c0000000)
  eden space 864768K, 0% used [0x000000076ab00000,0x000000076ab00000,0x000000079f780000)
  from space 18944K, 0% used [0x00000007a0e00000,0x00000007a0e00000,0x00000007a2080000)
  to   space 23040K, 0% used [0x000000079f780000,0x000000079f780000,0x00000007a0e00000)
 ParOldGen       total 126976K, used 27731K [0x00000006c0000000, 0x00000006c7c00000, 0x000000076ab00000)
  object space 126976K, 21% used [0x00000006c0000000,0x00000006c1b14fe8,0x00000006c7c00000)
 Metaspace       used 34795K, capacity 35342K, committed 35416K, reserved 1079296K
  class space    used 4680K, capacity 4833K, committed 4864K, reserved 1048576K
}
Event: 10.170 GC heap before
{Heap before GC invocations=11 (full 2):
 PSYoungGen      total 883712K, used 682628K [0x000000076ab00000, 0x00000007a5b80000, 0x00000007c0000000)
  eden space 864768K, 78% used [0x000000076ab00000,0x00000007945a11a0,0x000000079f780000)
  from space 18944K, 0% used [0x00000007a0e00000,0x00000007a0e00000,0x00000007a2080000)
  to   space 23040K, 0% used [0x000000079f780000,0x000000079f780000,0x00000007a0e00000)
 ParOldGen       total 126976K, used 27731K [0x00000006c0000000, 0x00000006c7c00000, 0x000000076ab00000)
  object space 126976K, 21% used [0x00000006c0000000,0x00000006c1b14fe8,0x00000006c7c00000)
 Metaspace       used 58074K, capacity 58902K, committed 59028K, reserved 1099776K
  class space    used 8207K, capacity 8437K, committed 8448K, reserved 1048576K
Event: 10.197 GC heap after
Heap after GC invocations=11 (full 2):
 PSYoungGen      total 887808K, used 23017K [0x000000076ab00000, 0x00000007b7c00000, 0x00000007c0000000)
  eden space 864768K, 0% used [0x000000076ab00000,0x000000076ab00000,0x000000079f780000)
  from space 23040K, 99% used [0x000000079f780000,0x00000007a0dfa510,0x00000007a0e00000)
  to   space 29184K, 0% used [0x00000007b5f80000,0x00000007b5f80000,0x00000007b7c00000)
 ParOldGen       total 126976K, used 34470K [0x00000006c0000000, 0x00000006c7c00000, 0x000000076ab00000)
  object space 126976K, 27% used [0x00000006c0000000,0x00000006c21a99c8,0x00000006c7c00000)
 Metaspace       used 58074K, capacity 58902K, committed 59028K, reserved 1099776K
  class space    used 8207K, capacity 8437K, committed 8448K, reserved 1048576K
}
Event: 10.197 GC heap before
{Heap before GC invocations=12 (full 3):
 PSYoungGen      total 887808K, used 23017K [0x000000076ab00000, 0x00000007b7c00000, 0x00000007c0000000)
  eden space 864768K, 0% used [0x000000076ab00000,0x000000076ab00000,0x000000079f780000)
  from space 23040K, 99% used [0x000000079f780000,0x00000007a0dfa510,0x00000007a0e00000)
  to   space 29184K, 0% used [0x00000007b5f80000,0x00000007b5f80000,0x00000007b7c00000)
 ParOldGen       total 126976K, used 34470K [0x00000006c0000000, 0x00000006c7c00000, 0x000000076ab00000)
  object space 126976K, 27% used [0x00000006c0000000,0x00000006c21a99c8,0x00000006c7c00000)
 Metaspace       used 58074K, capacity 58902K, committed 59028K, reserved 1099776K
  class space    used 8207K, capacity 8437K, committed 8448K, reserved 1048576K
Event: 10.322 GC heap after
Heap after GC invocations=12 (full 3):
 PSYoungGen      total 887808K, used 0K [0x000000076ab00000, 0x00000007b7c00000, 0x00000007c0000000)
  eden space 864768K, 0% used [0x000000076ab00000,0x000000076ab00000,0x000000079f780000)
  from space 23040K, 0% used [0x000000079f780000,0x000000079f780000,0x00000007a0e00000)
  to   space 29184K, 0% used [0x00000007b5f80000,0x00000007b5f80000,0x00000007b7c00000)
 ParOldGen       total 174080K, used 50672K [0x00000006c0000000, 0x00000006caa00000, 0x000000076ab00000)
  object space 174080K, 29% used [0x00000006c0000000,0x00000006c317c138,0x00000006caa00000)
 Metaspace       used 58074K, capacity 58902K, committed 59028K, reserved 1099776K
  class space    used 8207K, capacity 8437K, committed 8448K, reserved 1048576K
}

Deoptimization events (0 events):
No events

Internal exceptions (10 events):
Event: 21.529 Thread 0x00007ff5322fd800 Exception <a 'java/net/ConnectException'> (0x000000077d6bb4d0) thrown at [/Users/java_re/workspace/8-2-build-macosx-x86_64/jdk8u60/4407/hotspot/src/share/vm/prims/jni.cpp, line 709]
Event: 22.025 Thread 0x00007ff533b2c800 Exception <a 'java/lang/NullPointerException'> (0x000000078c8278d0) thrown at [/Users/java_re/workspace/8-2-build-macosx-x86_64/jdk8u60/4407/hotspot/src/share/vm/interpreter/linkResolver.cpp, line 1178]
Event: 22.025 Thread 0x00007ff533b2c800 Exception <a 'java/lang/reflect/InvocationTargetException'> (0x000000078c828090) thrown at [/Users/java_re/workspace/8-2-build-macosx-x86_64/jdk8u60/4407/hotspot/src/share/vm/runtime/reflection.cpp, line 1092]
Event: 22.029 Thread 0x00007ff533b2c800 Exception <a 'java/lang/reflect/InvocationTargetException'> (0x000000078c865148) thrown at [/Users/java_re/workspace/8-2-build-macosx-x86_64/jdk8u60/4407/hotspot/src/share/vm/runtime/reflection.cpp, line 1092]
Event: 22.539 Thread 0x00007ff5322fd800 Exception <a 'java/net/ConnectException'> (0x000000077d6bc210) thrown at [/Users/java_re/workspace/8-2-build-macosx-x86_64/jdk8u60/4407/hotspot/src/share/vm/prims/jni.cpp, line 709]
Event: 27.962 Thread 0x00007ff5322fd800 Exception <a 'java/net/SocketTimeoutException': connect timed out> (0x000000077d6bcf28) thrown at [/Users/java_re/workspace/8-2-build-macosx-x86_64/jdk8u60/4407/hotspot/src/share/vm/prims/jni.cpp, line 735]
Event: 28.541 Thread 0x00007ff5322fd800 Exception <a 'java/net/ConnectException'> (0x000000077d6bdc50) thrown at [/Users/java_re/workspace/8-2-build-macosx-x86_64/jdk8u60/4407/hotspot/src/share/vm/prims/jni.cpp, line 709]
Event: 29.588 Thread 0x00007ff5322fd800 Exception <a 'java/net/ConnectException'> (0x000000077d6be990) thrown at [/Users/java_re/workspace/8-2-build-macosx-x86_64/jdk8u60/4407/hotspot/src/share/vm/prims/jni.cpp, line 709]
Event: 30.595 Thread 0x00007ff5322fd800 Exception <a 'java/net/ConnectException'> (0x000000077d6bf6d0) thrown at [/Users/java_re/workspace/8-2-build-macosx-x86_64/jdk8u60/4407/hotspot/src/share/vm/prims/jni.cpp, line 709]
Event: 33.535 Thread 0x00007ff5322fd800 Exception <a 'java/net/ConnectException'> (0x000000077d6c0410) thrown at [/Users/java_re/workspace/8-2-build-macosx-x86_64/jdk8u60/4407/hotspot/src/share/vm/prims/jni.cpp, line 709]

Events (10 events):
Event: 33.537 Executing VM operation: ChangeSingleStep done
Event: 33.537 Executing VM operation: GetCurrentLocation
Event: 33.537 Executing VM operation: GetCurrentLocation done
Event: 33.537 Executing VM operation: ChangeSingleStep
Event: 33.537 Executing VM operation: ChangeSingleStep done
Event: 33.537 Executing VM operation: ChangeSingleStep
Event: 33.538 Executing VM operation: ChangeSingleStep done
Event: 33.538 Executing VM operation: ForceSafepoint
Event: 33.538 Executing VM operation: ForceSafepoint done
Event: 33.540 Executing VM operation: GetOrSetLocal


Dynamic libraries:
0x000000000e18c000 	/System/Library/Frameworks/Cocoa.framework/Versions/A/Cocoa
0x000000000e18c000 	/System/Library/Frameworks/Security.framework/Versions/A/Security
0x000000000e18c000 	/System/Library/Frameworks/ApplicationServices.framework/Versions/A/ApplicationServices
0x000000000e18c000 	/usr/lib/libz.1.dylib
0x000000000e18c000 	/usr/lib/libSystem.B.dylib
0x000000000e18c000 	/usr/lib/libobjc.A.dylib
0x000000000e18c000 	/System/Library/Frameworks/CoreFoundation.framework/Versions/A/CoreFoundation
0x000000000e18c000 	/System/Library/Frameworks/Foundation.framework/Versions/C/Foundation
0x000000000e18c000 	/System/Library/Frameworks/AppKit.framework/Versions/C/AppKit
0x000000000e18c000 	/System/Library/Frameworks/CoreData.framework/Versions/A/CoreData
0x000000000e18c000 	/System/Library/PrivateFrameworks/RemoteViewServices.framework/Versions/A/RemoteViewServices
0x000000000e18c000 	/System/Library/PrivateFrameworks/UIFoundation.framework/Versions/A/UIFoundation
0x000000000e18c000 	/System/Library/PrivateFrameworks/DFRFoundation.framework/Versions/A/DFRFoundation
0x000000000e18c000 	/usr/lib/libenergytrace.dylib
0x000000000e18c000 	/System/Library/PrivateFrameworks/SkyLight.framework/Versions/A/SkyLight
0x000000000e18c000 	/System/Library/Frameworks/CoreGraphics.framework/Versions/A/CoreGraphics
0x000000000e18c000 	/usr/lib/libScreenReader.dylib
0x000000000e18c000 	/System/Library/Frameworks/Accelerate.framework/Versions/A/Accelerate
0x000000000e18c000 	/System/Library/Frameworks/IOSurface.framework/Versions/A/IOSurface
0x000000000e18c000 	/System/Library/Frameworks/AudioToolbox.framework/Versions/A/AudioToolbox
0x000000000e18c000 	/System/Library/Frameworks/AudioUnit.framework/Versions/A/AudioUnit
0x000000000e18c000 	/System/Library/PrivateFrameworks/DataDetectorsCore.framework/Versions/A/DataDetectorsCore
0x000000000e18c000 	/System/Library/PrivateFrameworks/DesktopServicesPriv.framework/Versions/A/DesktopServicesPriv
0x000000000e18c000 	/System/Library/Frameworks/Carbon.framework/Versions/A/Frameworks/HIToolbox.framework/Versions/A/HIToolbox
0x000000000e18c000 	/usr/lib/libicucore.A.dylib
0x000000000e18c000 	/System/Library/Frameworks/QuartzCore.framework/Versions/A/QuartzCore
0x000000000e18c000 	/System/Library/Frameworks/Carbon.framework/Versions/A/Frameworks/SpeechRecognition.framework/Versions/A/SpeechRecognition
0x000000000e18c000 	/usr/lib/libauto.dylib
0x000000000e18c000 	/usr/lib/libxml2.2.dylib
0x000000000e18c000 	/System/Library/PrivateFrameworks/CoreUI.framework/Versions/A/CoreUI
0x000000000e18c000 	/System/Library/Frameworks/CoreAudio.framework/Versions/A/CoreAudio
0x000000000e18c000 	/System/Library/Frameworks/DiskArbitration.framework/Versions/A/DiskArbitration
0x000000000e18c000 	/usr/lib/liblangid.dylib
0x000000000e18c000 	/System/Library/PrivateFrameworks/MultitouchSupport.framework/Versions/A/MultitouchSupport
0x000000000e18c000 	/System/Library/Frameworks/IOKit.framework/Versions/A/IOKit
0x000000000e18c000 	/usr/lib/libDiagnosticMessagesClient.dylib
0x000000000e18c000 	/System/Library/Frameworks/CoreServices.framework/Versions/A/CoreServices
0x000000000e18c000 	/System/Library/PrivateFrameworks/PerformanceAnalysis.framework/Versions/A/PerformanceAnalysis
0x000000000e18c000 	/System/Library/PrivateFrameworks/GenerationalStorage.framework/Versions/A/GenerationalStorage
0x000000000e18c000 	/System/Library/Frameworks/OpenGL.framework/Versions/A/OpenGL
0x000000000e18c000 	/System/Library/Frameworks/CoreImage.framework/Versions/A/CoreImage
0x000000000e18c000 	/System/Library/Frameworks/CoreText.framework/Versions/A/CoreText
0x000000000e18c000 	/System/Library/Frameworks/ImageIO.framework/Versions/A/ImageIO
0x000000000e18c000 	/System/Library/PrivateFrameworks/Backup.framework/Versions/A/Backup
0x000000000e18c000 	/usr/lib/libarchive.2.dylib
0x000000000e18c000 	/System/Library/Frameworks/CFNetwork.framework/Versions/A/CFNetwork
0x000000000e18c000 	/System/Library/Frameworks/SystemConfiguration.framework/Versions/A/SystemConfiguration
0x000000000e18c000 	/usr/lib/libCRFSuite.dylib
0x000000000e18c000 	/usr/lib/libc++.1.dylib
0x000000000e18c000 	/usr/lib/libc++abi.dylib
0x000000000e18c000 	/usr/lib/system/libcache.dylib
0x000000000e18c000 	/usr/lib/system/libcommonCrypto.dylib
0x000000000e18c000 	/usr/lib/system/libcompiler_rt.dylib
0x000000000e18c000 	/usr/lib/system/libcopyfile.dylib
0x000000000e18c000 	/usr/lib/system/libcorecrypto.dylib
0x000000000e18c000 	/usr/lib/system/libdispatch.dylib
0x000000000e18c000 	/usr/lib/system/libdyld.dylib
0x000000000e18c000 	/usr/lib/system/libkeymgr.dylib
0x000000000e18c000 	/usr/lib/system/liblaunch.dylib
0x000000000e18c000 	/usr/lib/system/libmacho.dylib
0x000000000e18c000 	/usr/lib/system/libquarantine.dylib
0x000000000e18c000 	/usr/lib/system/libremovefile.dylib
0x000000000e18c000 	/usr/lib/system/libsystem_asl.dylib
0x000000000e18c000 	/usr/lib/system/libsystem_blocks.dylib
0x000000000e18c000 	/usr/lib/system/libsystem_c.dylib
0x000000000e18c000 	/usr/lib/system/libsystem_configuration.dylib
0x000000000e18c000 	/usr/lib/system/libsystem_coreservices.dylib
0x000000000e18c000 	/usr/lib/system/libsystem_coretls.dylib
0x000000000e18c000 	/usr/lib/system/libsystem_dnssd.dylib
0x000000000e18c000 	/usr/lib/system/libsystem_info.dylib
0x000000000e18c000 	/usr/lib/system/libsystem_kernel.dylib
0x000000000e18c000 	/usr/lib/system/libsystem_m.dylib
0x000000000e18c000 	/usr/lib/system/libsystem_malloc.dylib
0x000000000e18c000 	/usr/lib/system/libsystem_network.dylib
0x000000000e18c000 	/usr/lib/system/libsystem_networkextension.dylib
0x000000000e18c000 	/usr/lib/system/libsystem_notify.dylib
0x000000000e18c000 	/usr/lib/system/libsystem_platform.dylib
0x000000000e18c000 	/usr/lib/system/libsystem_pthread.dylib
0x000000000e18c000 	/usr/lib/system/libsystem_sandbox.dylib
0x000000000e18c000 	/usr/lib/system/libsystem_secinit.dylib
0x000000000e18c000 	/usr/lib/system/libsystem_symptoms.dylib
0x000000000e18c000 	/usr/lib/system/libsystem_trace.dylib
0x000000000e18c000 	/usr/lib/system/libunwind.dylib
0x000000000e18c000 	/usr/lib/system/libxpc.dylib
0x000000000e18c000 	/usr/lib/libbsm.0.dylib
0x000000000e18c000 	/usr/lib/system/libkxld.dylib
0x000000000e18c000 	/usr/lib/libcoretls.dylib
0x000000000e18c000 	/usr/lib/libcoretls_cfhelpers.dylib
0x000000000e18c000 	/usr/lib/libOpenScriptingUtil.dylib
0x000000000e18c000 	/usr/lib/libpam.2.dylib
0x000000000e18c000 	/usr/lib/libsqlite3.dylib
0x000000000e18c000 	/usr/lib/libxar.1.dylib
0x000000000e18c000 	/usr/lib/libbz2.1.0.dylib
0x000000000e18c000 	/usr/lib/liblzma.5.dylib
0x000000000e18c000 	/usr/lib/libnetwork.dylib
0x000000000e18c000 	/usr/lib/libpcap.A.dylib
0x000000000e18c000 	/System/Library/Frameworks/CoreServices.framework/Versions/A/Frameworks/FSEvents.framework/Versions/A/FSEvents
0x000000000e18c000 	/System/Library/Frameworks/CoreServices.framework/Versions/A/Frameworks/CarbonCore.framework/Versions/A/CarbonCore
0x000000000e18c000 	/System/Library/Frameworks/CoreServices.framework/Versions/A/Frameworks/Metadata.framework/Versions/A/Metadata
0x000000000e18c000 	/System/Library/Frameworks/CoreServices.framework/Versions/A/Frameworks/OSServices.framework/Versions/A/OSServices
0x000000000e18c000 	/System/Library/Frameworks/CoreServices.framework/Versions/A/Frameworks/SearchKit.framework/Versions/A/SearchKit
0x000000000e18c000 	/System/Library/Frameworks/CoreServices.framework/Versions/A/Frameworks/AE.framework/Versions/A/AE
0x000000000e18c000 	/System/Library/Frameworks/CoreServices.framework/Versions/A/Frameworks/LaunchServices.framework/Versions/A/LaunchServices
0x000000000e18c000 	/System/Library/Frameworks/CoreServices.framework/Versions/A/Frameworks/DictionaryServices.framework/Versions/A/DictionaryServices
0x000000000e18c000 	/System/Library/Frameworks/CoreServices.framework/Versions/A/Frameworks/SharedFileList.framework/Versions/A/SharedFileList
0x000000000e18c000 	/System/Library/Frameworks/NetFS.framework/Versions/A/NetFS
0x000000000e18c000 	/System/Library/PrivateFrameworks/NetAuth.framework/Versions/A/NetAuth
0x000000000e18c000 	/System/Library/PrivateFrameworks/login.framework/Versions/A/Frameworks/loginsupport.framework/Versions/A/loginsupport
0x000000000e18c000 	/System/Library/PrivateFrameworks/TCC.framework/Versions/A/TCC
0x000000000e18c000 	/usr/lib/libmecabra.dylib
0x000000000e18c000 	/System/Library/Frameworks/ApplicationServices.framework/Versions/A/Frameworks/ATS.framework/Versions/A/ATS
0x000000000e18c000 	/System/Library/Frameworks/ApplicationServices.framework/Versions/A/Frameworks/ColorSync.framework/Versions/A/ColorSync
0x000000000e18c000 	/System/Library/Frameworks/ApplicationServices.framework/Versions/A/Frameworks/HIServices.framework/Versions/A/HIServices
0x000000000e18c000 	/System/Library/Frameworks/ApplicationServices.framework/Versions/A/Frameworks/LangAnalysis.framework/Versions/A/LangAnalysis
0x000000000e18c000 	/System/Library/Frameworks/ApplicationServices.framework/Versions/A/Frameworks/PrintCore.framework/Versions/A/PrintCore
0x000000000e18c000 	/System/Library/Frameworks/ApplicationServices.framework/Versions/A/Frameworks/QD.framework/Versions/A/QD
0x000000000e18c000 	/System/Library/Frameworks/ApplicationServices.framework/Versions/A/Frameworks/SpeechSynthesis.framework/Versions/A/SpeechSynthesis
0x000000000e18c000 	/System/Library/Frameworks/Accelerate.framework/Versions/A/Frameworks/vImage.framework/Versions/A/vImage
0x000000000e18c000 	/System/Library/Frameworks/Accelerate.framework/Versions/A/Frameworks/vecLib.framework/Versions/A/vecLib
0x000000000e18c000 	/System/Library/Frameworks/Accelerate.framework/Versions/A/Frameworks/vecLib.framework/Versions/A/libvDSP.dylib
0x000000000e18c000 	/System/Library/Frameworks/Accelerate.framework/Versions/A/Frameworks/vecLib.framework/Versions/A/libBNNS.dylib
0x000000000e18c000 	/System/Library/Frameworks/Accelerate.framework/Versions/A/Frameworks/vecLib.framework/Versions/A/libQuadrature.dylib
0x000000000e18c000 	/System/Library/Frameworks/Accelerate.framework/Versions/A/Frameworks/vecLib.framework/Versions/A/libvMisc.dylib
0x000000000e18c000 	/System/Library/Frameworks/Accelerate.framework/Versions/A/Frameworks/vecLib.framework/Versions/A/libLAPACK.dylib
0x000000000e18c000 	/System/Library/Frameworks/Accelerate.framework/Versions/A/Frameworks/vecLib.framework/Versions/A/libBLAS.dylib
0x000000000e18c000 	/System/Library/Frameworks/Accelerate.framework/Versions/A/Frameworks/vecLib.framework/Versions/A/libLinearAlgebra.dylib
0x000000000e18c000 	/System/Library/Frameworks/Accelerate.framework/Versions/A/Frameworks/vecLib.framework/Versions/A/libSparseBLAS.dylib
0x000000000e18c000 	/System/Library/Frameworks/ApplicationServices.framework/Versions/A/Frameworks/ATS.framework/Versions/A/Resources/libFontParser.dylib
0x000000000e18c000 	/System/Library/Frameworks/ApplicationServices.framework/Versions/A/Frameworks/ATS.framework/Versions/A/Resources/libFontRegistry.dylib
0x000000000e18c000 	/System/Library/Frameworks/ImageIO.framework/Versions/A/Resources/libJPEG.dylib
0x000000000e18c000 	/System/Library/Frameworks/ImageIO.framework/Versions/A/Resources/libTIFF.dylib
0x000000000e18c000 	/System/Library/Frameworks/ImageIO.framework/Versions/A/Resources/libPng.dylib
0x000000000e18c000 	/System/Library/Frameworks/ImageIO.framework/Versions/A/Resources/libGIF.dylib
0x000000000e18c000 	/System/Library/Frameworks/ImageIO.framework/Versions/A/Resources/libJP2.dylib
0x000000000e18c000 	/System/Library/Frameworks/ImageIO.framework/Versions/A/Resources/libRadiance.dylib
0x000000000e18c000 	/usr/lib/libcompression.dylib
0x000000000e18c000 	/System/Library/PrivateFrameworks/AppleJPEG.framework/Versions/A/AppleJPEG
0x000000000e18c000 	/usr/lib/libcups.2.dylib
0x000000000e18c000 	/System/Library/Frameworks/Kerberos.framework/Versions/A/Kerberos
0x000000000e18c000 	/System/Library/Frameworks/GSS.framework/Versions/A/GSS
0x000000000e18c000 	/usr/lib/libresolv.9.dylib
0x000000000e18c000 	/usr/lib/libiconv.2.dylib
0x000000000e18c000 	/System/Library/PrivateFrameworks/Heimdal.framework/Versions/A/Heimdal
0x000000000e18c000 	/usr/lib/libheimdal-asn1.dylib
0x000000000e18c000 	/System/Library/Frameworks/OpenDirectory.framework/Versions/A/OpenDirectory
0x000000000e18c000 	/System/Library/PrivateFrameworks/CommonAuth.framework/Versions/A/CommonAuth
0x000000000e18c000 	/System/Library/Frameworks/OpenDirectory.framework/Versions/A/Frameworks/CFOpenDirectory.framework/Versions/A/CFOpenDirectory
0x000000000e18c000 	/System/Library/Frameworks/SecurityFoundation.framework/Versions/A/SecurityFoundation
0x000000000e18c000 	/System/Library/PrivateFrameworks/LanguageModeling.framework/Versions/A/LanguageModeling
0x000000000e18c000 	/usr/lib/libmarisa.dylib
0x000000000e18c000 	/usr/lib/libChineseTokenizer.dylib
0x000000000e18c000 	/usr/lib/libcmph.dylib
0x000000000e18c000 	/System/Library/PrivateFrameworks/CoreEmoji.framework/Versions/A/CoreEmoji
0x000000000e18c000 	/System/Library/Frameworks/ServiceManagement.framework/Versions/A/ServiceManagement
0x000000000e18c000 	/usr/lib/libxslt.1.dylib
0x000000000e18c000 	/System/Library/Frameworks/Carbon.framework/Versions/A/Frameworks/Ink.framework/Versions/A/Ink
0x000000000e18c000 	/System/Library/PrivateFrameworks/TextureIO.framework/Versions/A/TextureIO
0x000000000e18c000 	/System/Library/Frameworks/Metal.framework/Versions/A/Metal
0x000000000e18c000 	/usr/lib/libate.dylib
0x000000000e18c000 	/System/Library/PrivateFrameworks/GPUCompiler.framework/libmetal_timestamp.dylib
0x000000000e18c000 	/System/Library/Frameworks/OpenGL.framework/Versions/A/Libraries/libCoreFSCache.dylib
0x000000000e18c000 	/System/Library/PrivateFrameworks/IOAccelerator.framework/Versions/A/IOAccelerator
0x000000000e18c000 	/System/Library/Frameworks/CoreVideo.framework/Versions/A/CoreVideo
0x000000000e18c000 	/usr/lib/libFosl_dynamic.dylib
0x000000000e18c000 	/System/Library/PrivateFrameworks/MetalPerformanceShaders.framework/Versions/A/MetalPerformanceShaders
0x000000000e18c000 	/System/Library/PrivateFrameworks/FaceCore.framework/Versions/A/FaceCore
0x000000000e18c000 	/System/Library/Frameworks/OpenCL.framework/Versions/A/OpenCL
0x000000000e18c000 	/System/Library/Frameworks/OpenGL.framework/Versions/A/Libraries/libGLU.dylib
0x000000000e18c000 	/System/Library/Frameworks/OpenGL.framework/Versions/A/Libraries/libGFXShared.dylib
0x000000000e18c000 	/System/Library/Frameworks/OpenGL.framework/Versions/A/Libraries/libGL.dylib
0x000000000e18c000 	/System/Library/Frameworks/OpenGL.framework/Versions/A/Libraries/libGLImage.dylib
0x000000000e18c000 	/System/Library/Frameworks/OpenGL.framework/Versions/A/Libraries/libCVMSPluginSupport.dylib
0x000000000e18c000 	/System/Library/Frameworks/OpenGL.framework/Versions/A/Libraries/libCoreVMClient.dylib
0x000000000e18c000 	/System/Library/PrivateFrameworks/CrashReporterSupport.framework/Versions/A/CrashReporterSupport
0x000000000e18c000 	/System/Library/PrivateFrameworks/Sharing.framework/Versions/A/Sharing
0x000000000e18c000 	/System/Library/PrivateFrameworks/IconServices.framework/Versions/A/IconServices
0x000000000e18c000 	/System/Library/PrivateFrameworks/ProtocolBuffer.framework/Versions/A/ProtocolBuffer
0x000000000e18c000 	/System/Library/PrivateFrameworks/Apple80211.framework/Versions/A/Apple80211
0x000000000e18c000 	/System/Library/Frameworks/CoreWLAN.framework/Versions/A/CoreWLAN
0x000000000e18c000 	/System/Library/PrivateFrameworks/CoreUtils.framework/Versions/A/CoreUtils
0x000000000e18c000 	/System/Library/Frameworks/IOBluetooth.framework/Versions/A/IOBluetooth
0x000000000e18c000 	/System/Library/PrivateFrameworks/CoreWiFi.framework/Versions/A/CoreWiFi
0x000000000e18c000 	/System/Library/Frameworks/CoreBluetooth.framework/Versions/A/CoreBluetooth
0x000000000e18c000 	/System/Library/Frameworks/CoreDisplay.framework/Versions/A/CoreDisplay
0x000000000e18c000 	/System/Library/PrivateFrameworks/IOPresentment.framework/Versions/A/IOPresentment
0x000000000e18c000 	/System/Library/PrivateFrameworks/DSExternalDisplay.framework/Versions/A/DSExternalDisplay
0x000000000e18c000 	/System/Library/PrivateFrameworks/DebugSymbols.framework/Versions/A/DebugSymbols
0x000000000e18c000 	/System/Library/PrivateFrameworks/CoreSymbolication.framework/Versions/A/CoreSymbolication
0x000000000e18c000 	/System/Library/PrivateFrameworks/Symbolication.framework/Versions/A/Symbolication
0x000000000e18c000 	/System/Library/PrivateFrameworks/AppleFSCompression.framework/Versions/A/AppleFSCompression
0x000000000e18c000 	/System/Library/PrivateFrameworks/SpeechRecognitionCore.framework/Versions/A/SpeechRecognitionCore
0x000000000e18c000 	/System/Library/PrivateFrameworks/ChunkingLibrary.framework/Versions/A/ChunkingLibrary
0x0000000048a7a000 	/System/Library/CoreServices/Encodings/libKoreanConverter.dylib
0x00000001035d2000 	/Library/Java/JavaVirtualMachines/jdk1.8.0_60.jdk/Contents/Home/jre/lib/server/libjvm.dylib
0x000000000e18c000 	/usr/lib/libstdc++.6.dylib
0x000000010455b000 	/Library/Java/JavaVirtualMachines/jdk1.8.0_60.jdk/Contents/Home/jre/lib/libverify.dylib
0x0000000104569000 	/Library/Java/JavaVirtualMachines/jdk1.8.0_60.jdk/Contents/Home/jre/lib/libjava.dylib
0x000000010459f000 	/Library/Java/JavaVirtualMachines/jdk1.8.0_60.jdk/Contents/Home/jre/lib/libjdwp.dylib
0x00000001045ea000 	/Library/Java/JavaVirtualMachines/jdk1.8.0_60.jdk/Contents/Home/jre/lib/libnpt.dylib
0x0000000104e00000 	/Library/Java/JavaVirtualMachines/jdk1.8.0_60.jdk/Contents/Home/jre/lib/libinstrument.dylib
0x0000000104e54000 	/Library/Java/JavaVirtualMachines/jdk1.8.0_60.jdk/Contents/Home/jre/lib/libzip.dylib
0x000000010826a000 	/System/Library/Frameworks/JavaVM.framework/Frameworks/JavaRuntimeSupport.framework/JavaRuntimeSupport
0x0000000108284000 	/System/Library/Frameworks/JavaVM.framework/Versions/A/Frameworks/JavaNativeFoundation.framework/Versions/A/JavaNativeFoundation
0x0000000108299000 	/System/Library/Frameworks/JavaVM.framework/Versions/A/JavaVM
0x000000000e18c000 	/System/Library/Frameworks/Carbon.framework/Versions/A/Carbon
0x00000001082a6000 	/System/Library/PrivateFrameworks/JavaLaunching.framework/Versions/A/JavaLaunching
0x000000000e18c000 	/System/Library/Frameworks/Carbon.framework/Versions/A/Frameworks/CommonPanels.framework/Versions/A/CommonPanels
0x000000000e18c000 	/System/Library/Frameworks/Carbon.framework/Versions/A/Frameworks/Help.framework/Versions/A/Help
0x000000000e18c000 	/System/Library/Frameworks/Carbon.framework/Versions/A/Frameworks/ImageCapture.framework/Versions/A/ImageCapture
0x000000000e18c000 	/System/Library/Frameworks/Carbon.framework/Versions/A/Frameworks/OpenScripting.framework/Versions/A/OpenScripting
0x000000000e18c000 	/System/Library/Frameworks/Carbon.framework/Versions/A/Frameworks/Print.framework/Versions/A/Print
0x000000000e18c000 	/System/Library/Frameworks/Carbon.framework/Versions/A/Frameworks/SecurityHI.framework/Versions/A/SecurityHI
0x0000000109bab000 	/Library/Java/JavaVirtualMachines/jdk1.8.0_60.jdk/Contents/Home/jre/lib/libdt_socket.dylib
0x000000010a218000 	/Library/Java/JavaVirtualMachines/jdk1.8.0_60.jdk/Contents/Home/jre/lib/libmanagement.dylib
0x000000010a226000 	/Library/Java/JavaVirtualMachines/jdk1.8.0_60.jdk/Contents/Home/jre/lib/libnet.dylib
0x000000010a285000 	/Library/Java/JavaVirtualMachines/jdk1.8.0_60.jdk/Contents/Home/jre/lib/libnio.dylib
0x000000010b7a7000 	/Library/Java/JavaVirtualMachines/jdk1.8.0_60.jdk/Contents/Home/jre/lib/libattach.dylib

VM Arguments:
jvm_args: -agentlib:jdwp=transport=dt_socket,address=127.0.0.1:62025,suspend=y,server=n -XX:TieredStopAtLevel=1 -Xverify:none -Dspring.output.ansi.enabled=always -Dcom.sun.management.jmxremote -Dcom.sun.management.jmxremote.port=62024 -Dcom.sun.management.jmxremote.authenticate=false -Dcom.sun.management.jmxremote.ssl=false -Dspring.liveBeansView.mbeanDomain -Dspring.application.admin.enabled=true -javaagent:/Users/jjong/Library/Caches/IntelliJIdea2017.2/groovyHotSwap/gragent.jar -Dfile.encoding=UTF-8 
java_command: net.ion.ice.Ice2Application
java_class_path (initial): /Library/Java/JavaVirtualMachines/jdk1.8.0_60.jdk/Contents/Home/jre/lib/charsets.jar:/Library/Java/JavaVirtualMachines/jdk1.8.0_60.jdk/Contents/Home/jre/lib/deploy.jar:/Library/Java/JavaVirtualMachines/jdk1.8.0_60.jdk/Contents/Home/jre/lib/ext/cldrdata.jar:/Library/Java/JavaVirtualMachines/jdk1.8.0_60.jdk/Contents/Home/jre/lib/ext/dnsns.jar:/Library/Java/JavaVirtualMachines/jdk1.8.0_60.jdk/Contents/Home/jre/lib/ext/jaccess.jar:/Library/Java/JavaVirtualMachines/jdk1.8.0_60.jdk/Contents/Home/jre/lib/ext/jfxrt.jar:/Library/Java/JavaVirtualMachines/jdk1.8.0_60.jdk/Contents/Home/jre/lib/ext/localedata.jar:/Library/Java/JavaVirtualMachines/jdk1.8.0_60.jdk/Contents/Home/jre/lib/ext/nashorn.jar:/Library/Java/JavaVirtualMachines/jdk1.8.0_60.jdk/Contents/Home/jre/lib/ext/sunec.jar:/Library/Java/JavaVirtualMachines/jdk1.8.0_60.jdk/Contents/Home/jre/lib/ext/sunjce_provider.jar:/Library/Java/JavaVirtualMachines/jdk1.8.0_60.jdk/Contents/Home/jre/lib/ext/sunpkcs11.jar:/Library/Java/JavaVirtualMachines/jdk1.8.0_60.jdk/Contents/Home/jre/lib/ext/zipfs.jar:/Library/Java/JavaVirtualMachines/jdk1.8.0_60.jdk/Contents/Home/jre/lib/javaws.jar:/Library/Java/JavaVirtualMachines/jdk1.8.0_60.jdk/Contents/Home/jre/lib/jce.jar:/Library/Java/JavaVirtualMachines/jdk1.8.0_60.jdk/Contents/Home/jre/lib/jfr.jar:/Library/Java/JavaVirtualMachines/jdk1.8.0_60.jdk/Contents/Home/jre/lib/jfxswt.jar:/Library/Java/JavaVirtualMachines/jdk1.8.0_60.jdk/Contents/Home/jre/lib/jsse.jar:/Library/Java/JavaVirtualMachines/jdk1.8.0_60.jdk/Contents/Home/jre/lib/management-agent.jar:/Library/Java/JavaVirtualMachines/jdk1.8.0_60.jdk/Contents/Home/jre/lib/plugin.jar:/Library/Java/JavaVirtualMachines/jdk1.8.0_60.jdk/Contents/Home/jre/lib/resources.jar:/Library/Java/JavaVirtualMachines/jdk1.8.0_60.jdk/Contents/Home/jre/lib/rt.jar:/Library/Java/JavaVirtualMachines/jdk1.8.0_60.jdk/Contents/Home/lib/ant-javafx.jar:/Library/Java/JavaVirtualMachines/jdk1.8.0_60.jdk/Contents/Home/lib/dt.jar:/Library/Ja
Launcher Type: SUN_STANDARD

Environment Variables:
PATH=/usr/local/bin:/usr/bin:/bin:/usr/sbin:/sbin:/Users/jjong/Library/Android/sdk/tools:/Users/jjong/Library/Android/sdk/platform-tools
SHELL=/bin/bash

Signal Handlers:
SIGSEGV: [libjvm.dylib+0x5a6d31], sa_mask[0]=11111111011111110111111111111111, sa_flags=SA_ONSTACK|SA_RESTART|SA_SIGINFO
SIGBUS: [libjvm.dylib+0x5a6d31], sa_mask[0]=11111111011111110111111111111111, sa_flags=SA_RESTART|SA_SIGINFO
SIGFPE: [libjvm.dylib+0x480a4c], sa_mask[0]=11111111011111110111111111111111, sa_flags=SA_RESTART|SA_SIGINFO
SIGPIPE: [libjvm.dylib+0x480a4c], sa_mask[0]=11111111011111110111111111111111, sa_flags=SA_RESTART|SA_SIGINFO
SIGXFSZ: [libjvm.dylib+0x480a4c], sa_mask[0]=11111111011111110111111111111111, sa_flags=SA_RESTART|SA_SIGINFO
SIGILL: [libjvm.dylib+0x480a4c], sa_mask[0]=11111111011111110111111111111111, sa_flags=SA_RESTART|SA_SIGINFO
SIGUSR1: SIG_DFL, sa_mask[0]=00000000000000000000000000000000, sa_flags=none
SIGUSR2: [libjvm.dylib+0x48056a], sa_mask[0]=00100000000000000000000000000000, sa_flags=SA_RESTART|SA_SIGINFO
SIGHUP: [libjvm.dylib+0x47eb41], sa_mask[0]=11111111011111110111111111111111, sa_flags=SA_RESTART|SA_SIGINFO
SIGINT: [libjvm.dylib+0x47eb41], sa_mask[0]=11111111011111110111111111111111, sa_flags=SA_RESTART|SA_SIGINFO
SIGTERM: [libjvm.dylib+0x47eb41], sa_mask[0]=11111111011111110111111111111111, sa_flags=SA_RESTART|SA_SIGINFO
SIGQUIT: [libjvm.dylib+0x47eb41], sa_mask[0]=11111111011111110111111111111111, sa_flags=SA_RESTART|SA_SIGINFO


---------------  S Y S T E M  ---------------

OS:Bsduname:Darwin 16.7.0 Darwin Kernel Version 16.7.0: Thu Jun 15 17:36:27 PDT 2017; root:xnu-3789.70.16~2/RELEASE_X86_64 x86_64
rlimit: STACK 8192k, CORE 0k, NPROC 709, NOFILE 10240, AS infinity
load average:3.12 2.99 2.99

CPU:total 4 (4 cores per cpu, 1 threads per core) family 6 model 60 stepping 3, cmov, cx8, fxsr, mmx, sse, sse2, sse3, ssse3, sse4.1, sse4.2, popcnt, avx, avx2, aes, clmul, erms, rtm, lzcnt, tsc, tscinvbit, bmi1, bmi2

Memory: 4k page, physical 16777216k(344312k free)

/proc/meminfo:


vm_info: Java HotSpot(TM) 64-Bit Server VM (25.60-b23) for bsd-amd64 JRE (1.8.0_60-b27), built on Aug  4 2015 10:47:24 by "java_re" with gcc 4.2.1 (Based on Apple Inc. build 5658) (LLVM build 2336.11.00)

time: Sat Oct  7 21:32:17 2017
elapsed time: 33 seconds (0d 0h 0m 33s)

