#
# A fatal error has been detected by the Java Runtime Environment:
#
#  SIGSEGV (0xb) at pc=0x0000000113c4c171, pid=30700, tid=55043
#
# JRE version: Java(TM) SE Runtime Environment (8.0_60-b27) (build 1.8.0_60-b27)
# Java VM: Java HotSpot(TM) 64-Bit Server VM (25.60-b23 mixed mode bsd-amd64 compressed oops)
# Problematic frame:
# j  net.ion.ice.service.OrderChangeService.createOrderChange(Ljava/util/Map;)Ljava/lang/String;+3
#
# Failed to write core dump. Core dumps have been disabled. To enable core dumping, try "ulimit -c unlimited" before starting Java again
#
# If you would like to submit a bug report, please visit:
#   http://bugreport.java.com/bugreport/crash.jsp
#

---------------  T H R E A D  ---------------

Current thread (0x00007fa629908800):  JavaThread "http-nio-8080-exec-1" daemon [_thread_in_Java, id=55043, stack(0x000070000ec54000,0x000070000ed54000)]

siginfo: si_signo: 11 (SIGSEGV), si_code: 1 (SEGV_MAPERR), si_addr: 0x000000012991e248

Registers:
RAX=0x00000007c02ff368, RBX=0x000000012991e218, RCX=0x0000000000000030, RDX=0x000070000ed4eae0
RSP=0x000070000ed4eae8, RBP=0x000070000ed4eb20, RSI=0x0000000104549000, RDI=0x0000000000000043
R8 =0x0000000000000080, R9 =0x00000006c1724a28, R10=0x00000001070ed900, R11=0x000000079892ced8
R12=0x0000000000000000, R13=0x0000000125323d11, R14=0x000070000ed4eb68, R15=0x00007fa629908800
RIP=0x0000000113c4c171, EFLAGS=0x0000000000010283, ERR=0x0000000000000004
  TRAPNO=0x000000000000000e

Top of Stack: (sp=0x000070000ed4eae8)
0x000070000ed4eae8:   0000000125323c43 000070000ed4eb68
0x000070000ed4eaf8:   00000001253275a8 0000000000000000
0x000070000ed4eb08:   0000000125323e00 0000000000000000
0x000070000ed4eb18:   000070000ed4eb60 000070000ed4ebb0
0x000070000ed4eb28:   0000000113c23a50 0000000000000000
0x000070000ed4eb38:   0000000000000000 0000000000000000
0x000070000ed4eb48:   0000000000000000 0000000000000000
0x000070000ed4eb58:   0000000000000000 00000007989115c8
0x000070000ed4eb68:   00000007720675d8 000070000ed4eb70
0x000070000ed4eb78:   0000000125323602 000070000ed4ebf8
0x000070000ed4eb88:   00000001253275a8 0000000000000000
0x000070000ed4eb98:   0000000125323690 000070000ed4eb60
0x000070000ed4eba8:   000070000ed4ebf0 000070000ed4ec60
0x000070000ed4ebb8:   0000000113c1c7a7 0000000000000000
0x000070000ed4ebc8:   0000000000000000 00000007989115c8
0x000070000ed4ebd8:   0000000798911590 00000007957d6e98
0x000070000ed4ebe8:   000000079335d5a0 000000079335d300
0x000070000ed4ebf8:   00000007720675d8 0000000100001fa0
0x000070000ed4ec08:   000000000000000c 00007fa629908800
0x000070000ed4ec18:   0000000000000002 0000000113c1c71f
0x000070000ed4ec28:   0000000125323690 000070000ed4ecf8
0x000070000ed4ec38:   000070000ed4f050 000000060000000c
0x000070000ed4ec48:   0000000125323690 0000000113c31c40
0x000070000ed4ec58:   000070000ed4f060 000070000ed4ee10
0x000070000ed4ec68:   0000000106aeab0e 0000700000000002
0x000070000ed4ec78:   00007fa629908800 000000500ed4f170
0x000070000ed4ec88:   000070000ed4f050 00007fa629467318
0x000070000ed4ec98:   0000000113c31c40 01007fa625e087d0
0x000070000ed4eca8:   000070000ed4f058 000070000ed4f048
0x000070000ed4ecb8:   00007fa629908800 00007fa629908800
0x000070000ed4ecc8:   00007fa629467280 00007fa6294672c0
0x000070000ed4ecd8:   00007fa629467338 00007fa6294673a8 

Instructions: (pc=0x0000000113c4c171)
0x0000000113c4c151:   89 59 10 bf 01 00 00 00 48 89 79 18 48 83 c1 30
0x0000000113c4c161:   48 89 4d e0 48 3b d8 0f 84 5b 00 00 00 8b 48 0c
0x0000000113c4c171:   48 3b 04 0b 0f 84 4e 00 00 00 83 f9 18 0f 85 22
0x0000000113c4c181:   00 00 00 50 48 8b c0 57 48 8b 7b 20 8b 0f 48 83 

Register to memory mapping:

RAX=0x00000007c02ff368 is pointing into metadata
RBX=0x000000012991e218 is an unknown value
RCX=0x0000000000000030 is an unknown value
RDX=0x000070000ed4eae0 is pointing into the stack for thread: 0x00007fa629908800
RSP=0x000070000ed4eae8 is pointing into the stack for thread: 0x00007fa629908800
RBP=0x000070000ed4eb20 is pointing into the stack for thread: 0x00007fa629908800
RSI=0x0000000104549000 is an unknown value
RDI=0x0000000000000043 is an unknown value
R8 =0x0000000000000080 is an unknown value
R9 =0x00000006c1724a28 is an oop
java.lang.ThreadLocal 
 - klass: 'java/lang/ThreadLocal'
R10=0x00000001070ed900: _ZN19TemplateInterpreter13_active_tableE+0x4000 in /Library/Java/JavaVirtualMachines/jdk1.8.0_60.jdk/Contents/Home/jre/lib/server/libjvm.dylib at 0x0000000106800000
R11=0x000000079892ced8 is an oop
org.stagemonitor.tracing.profiler.CallStackElement 
 - klass: 'org/stagemonitor/tracing/profiler/CallStackElement'
R12=0x0000000000000000 is an unknown value
R13=0x0000000125323d11 is pointing into metadata
R14=0x000070000ed4eb68 is pointing into the stack for thread: 0x00007fa629908800
R15=0x00007fa629908800 is a thread


Stack: [0x000070000ec54000,0x000070000ed54000],  sp=0x000070000ed4eae8,  free space=1002k
Native frames: (J=compiled Java code, j=interpreted, Vv=VM code, C=native code)
j  net.ion.ice.service.OrderChangeService.createOrderChange(Ljava/util/Map;)Ljava/lang/String;+3
j  net.ion.ice.service.OrderChangeService.requestCancel(Lnet/ion/ice/core/context/ExecuteContext;)Lnet/ion/ice/core/context/ExecuteContext;+162
v  ~StubRoutines::call_stub
V  [libjvm.dylib+0x2eab0e]
V  [libjvm.dylib+0x4caf44]
V  [libjvm.dylib+0x4cb478]
V  [libjvm.dylib+0x342cc0]
J 1718  sun.reflect.NativeMethodAccessorImpl.invoke0(Ljava/lang/reflect/Method;Ljava/lang/Object;[Ljava/lang/Object;)Ljava/lang/Object; (0 bytes) @ 0x000000011400d0ad [0x000000011400cfc0+0xed]
J 1717 C1 sun.reflect.NativeMethodAccessorImpl.invoke(Ljava/lang/Object;[Ljava/lang/Object;)Ljava/lang/Object; (104 bytes) @ 0x000000011400efbc [0x000000011400ebe0+0x3dc]
J 1436 C1 sun.reflect.DelegatingMethodAccessorImpl.invoke(Ljava/lang/Object;[Ljava/lang/Object;)Ljava/lang/Object; (10 bytes) @ 0x0000000113f661e4 [0x0000000113f66180+0x64]
J 1319 C1 java.lang.reflect.Method.invoke(Ljava/lang/Object;[Ljava/lang/Object;)Ljava/lang/Object; (62 bytes) @ 0x0000000113f320c4 [0x0000000113f31fa0+0x124]
j  net.ion.ice.core.event.ActionService.execute(Lnet/ion/ice/core/context/ExecuteContext;)V+182
j  net.ion.ice.core.event.EventService.executeEventAction(Lnet/ion/ice/core/context/ExecuteContext;Lnet/ion/ice/core/event/Event;)V+75
j  net.ion.ice.core.event.EventService.execute(Lnet/ion/ice/core/context/ExecuteContext;)V+130
j  net.ion.ice.core.context.ExecuteContext.execute()Z+32
j  net.ion.ice.core.node.NodeService.executeNode(Ljava/util/Map;Lorg/springframework/util/MultiValueMap;Ljava/lang/String;Ljava/lang/String;)Ljava/lang/Object;+51
j  net.ion.ice.core.node.NodeController.execute(Ljavax/servlet/http/HttpServletRequest;Ljava/lang/String;Ljava/lang/String;)Ljava/lang/Object;+36
j  net.ion.ice.core.node.NodeController.eventJson(Ljavax/servlet/http/HttpServletRequest;Ljava/lang/String;Ljava/lang/String;)Ljava/lang/Object;+13
v  ~StubRoutines::call_stub
V  [libjvm.dylib+0x2eab0e]
V  [libjvm.dylib+0x4caf44]
V  [libjvm.dylib+0x4cb478]
V  [libjvm.dylib+0x342cc0]
J 1718  sun.reflect.NativeMethodAccessorImpl.invoke0(Ljava/lang/reflect/Method;Ljava/lang/Object;[Ljava/lang/Object;)Ljava/lang/Object; (0 bytes) @ 0x000000011400d0ad [0x000000011400cfc0+0xed]
J 1717 C1 sun.reflect.NativeMethodAccessorImpl.invoke(Ljava/lang/Object;[Ljava/lang/Object;)Ljava/lang/Object; (104 bytes) @ 0x000000011400efbc [0x000000011400ebe0+0x3dc]
J 1436 C1 sun.reflect.DelegatingMethodAccessorImpl.invoke(Ljava/lang/Object;[Ljava/lang/Object;)Ljava/lang/Object; (10 bytes) @ 0x0000000113f661e4 [0x0000000113f66180+0x64]
J 1319 C1 java.lang.reflect.Method.invoke(Ljava/lang/Object;[Ljava/lang/Object;)Ljava/lang/Object; (62 bytes) @ 0x0000000113f320c4 [0x0000000113f31fa0+0x124]
j  org.springframework.web.method.support.InvocableHandlerMethod.doInvoke([Ljava/lang/Object;)Ljava/lang/Object;+16
j  org.springframework.web.method.support.InvocableHandlerMethod.invokeForRequest(Lorg/springframework/web/context/request/NativeWebRequest;Lorg/springframework/web/method/support/ModelAndViewContainer;[Ljava/lang/Object;)Ljava/lang/Object;+75
j  org.springframework.web.servlet.mvc.method.annotation.ServletInvocableHandlerMethod.invokeAndHandle(Lorg/springframework/web/context/request/ServletWebRequest;Lorg/springframework/web/method/support/ModelAndViewContainer;[Ljava/lang/Object;)V+4
j  org.springframework.web.servlet.mvc.method.annotation.RequestMappingHandlerAdapter.invokeHandlerMethod(Ljavax/servlet/http/HttpServletRequest;Ljavax/servlet/http/HttpServletResponse;Lorg/springframework/web/method/HandlerMethod;)Lorg/springframework/web/servlet/ModelAndView;+262
j  org.springframework.web.servlet.mvc.method.annotation.RequestMappingHandlerAdapter.handleInternal(Ljavax/servlet/http/HttpServletRequest;Ljavax/servlet/http/HttpServletResponse;Lorg/springframework/web/method/HandlerMethod;)Lorg/springframework/web/servlet/ModelAndView;+81
j  org.springframework.web.servlet.mvc.method.AbstractHandlerMethodAdapter.handle(Ljavax/servlet/http/HttpServletRequest;Ljavax/servlet/http/HttpServletResponse;Ljava/lang/Object;)Lorg/springframework/web/servlet/ModelAndView;+7
j  org.springframework.web.servlet.DispatcherServlet.doDispatch(Ljavax/servlet/http/HttpServletRequest;Ljavax/servlet/http/HttpServletResponse;)V+318
j  org.springframework.web.servlet.DispatcherServlet.doService(Ljavax/servlet/http/HttpServletRequest;Ljavax/servlet/http/HttpServletResponse;)V+301
j  org.springframework.web.servlet.FrameworkServlet.processRequest(Ljavax/servlet/http/HttpServletRequest;Ljavax/servlet/http/HttpServletResponse;)V+71
j  org.springframework.web.servlet.FrameworkServlet.doPost(Ljavax/servlet/http/HttpServletRequest;Ljavax/servlet/http/HttpServletResponse;)V+3
j  javax.servlet.http.HttpServlet.service(Ljavax/servlet/http/HttpServletRequest;Ljavax/servlet/http/HttpServletResponse;)V+149
j  org.springframework.web.servlet.FrameworkServlet.service(Ljavax/servlet/http/HttpServletRequest;Ljavax/servlet/http/HttpServletResponse;)V+42
j  javax.servlet.http.HttpServlet.service(Ljavax/servlet/ServletRequest;Ljavax/servlet/ServletResponse;)V+30
j  org.apache.catalina.core.ApplicationFilterChain.internalDoFilter(Ljavax/servlet/ServletRequest;Ljavax/servlet/ServletResponse;)V+304
j  org.apache.catalina.core.ApplicationFilterChain.doFilter(Ljavax/servlet/ServletRequest;Ljavax/servlet/ServletResponse;)V+101
j  org.apache.tomcat.websocket.server.WsFilter.doFilter(Ljavax/servlet/ServletRequest;Ljavax/servlet/ServletResponse;Ljavax/servlet/FilterChain;)V+21
j  org.apache.catalina.core.ApplicationFilterChain.internalDoFilter(Ljavax/servlet/ServletRequest;Ljavax/servlet/ServletResponse;)V+135
j  org.apache.catalina.core.ApplicationFilterChain.doFilter(Ljavax/servlet/ServletRequest;Ljavax/servlet/ServletResponse;)V+101
j  org.stagemonitor.web.servlet.MonitoredHttpRequest.execute()V+12
j  org.stagemonitor.tracing.RequestMonitor.monitor(Lorg/stagemonitor/tracing/MonitoredRequest;)Lorg/stagemonitor/tracing/SpanContextInformation;+6
j  org.stagemonitor.web.servlet.filter.HttpRequestMonitorFilter.monitorRequest(Ljavax/servlet/FilterChain;Ljavax/servlet/http/HttpServletRequest;Lorg/stagemonitor/web/servlet/filter/StatusExposingByteCountingServletResponse;)Lorg/stagemonitor/tracing/SpanContextInformation;+24
j  org.stagemonitor.web.servlet.filter.HttpRequestMonitorFilter.doMonitor(Ljavax/servlet/http/HttpServletRequest;Ljavax/servlet/http/HttpServletResponse;Ljavax/servlet/FilterChain;)V+50
j  org.stagemonitor.web.servlet.filter.HttpRequestMonitorFilter.doFilterInternal(Ljavax/servlet/http/HttpServletRequest;Ljavax/servlet/http/HttpServletResponse;Ljavax/servlet/FilterChain;)V+64
j  org.stagemonitor.web.servlet.filter.AbstractExclusionFilter.doFilter(Ljavax/servlet/ServletRequest;Ljavax/servlet/ServletResponse;Ljavax/servlet/FilterChain;)V+48
j  org.apache.catalina.core.ApplicationFilterChain.internalDoFilter(Ljavax/servlet/ServletRequest;Ljavax/servlet/ServletResponse;)V+135
j  org.apache.catalina.core.ApplicationFilterChain.doFilter(Ljavax/servlet/ServletRequest;Ljavax/servlet/ServletResponse;)V+101
j  org.springframework.security.web.authentication.logout.LogoutFilter.doFilter(Ljavax/servlet/ServletRequest;Ljavax/servlet/ServletResponse;Ljavax/servlet/FilterChain;)V+115
j  org.apache.catalina.core.ApplicationFilterChain.internalDoFilter(Ljavax/servlet/ServletRequest;Ljavax/servlet/ServletResponse;)V+135
j  org.apache.catalina.core.ApplicationFilterChain.doFilter(Ljavax/servlet/ServletRequest;Ljavax/servlet/ServletResponse;)V+101
j  net.ion.ice.security.cors.CORSFilter.doFilter(Ljavax/servlet/ServletRequest;Ljavax/servlet/ServletResponse;Ljavax/servlet/FilterChain;)V+96
j  org.apache.catalina.core.ApplicationFilterChain.internalDoFilter(Ljavax/servlet/ServletRequest;Ljavax/servlet/ServletResponse;)V+135
j  org.apache.catalina.core.ApplicationFilterChain.doFilter(Ljavax/servlet/ServletRequest;Ljavax/servlet/ServletResponse;)V+101
j  org.springframework.security.web.FilterChainProxy$VirtualFilterChain.doFilter(Ljavax/servlet/ServletRequest;Ljavax/servlet/ServletResponse;)V+68
j  org.springframework.security.web.access.intercept.FilterSecurityInterceptor.invoke(Lorg/springframework/security/web/FilterInvocation;)V+87
j  org.springframework.security.web.access.intercept.FilterSecurityInterceptor.doFilter(Ljavax/servlet/ServletRequest;Ljavax/servlet/ServletResponse;Ljavax/servlet/FilterChain;)V+15
j  org.springframework.security.web.FilterChainProxy$VirtualFilterChain.doFilter(Ljavax/servlet/ServletRequest;Ljavax/servlet/ServletResponse;)V+192
j  org.springframework.security.web.access.ExceptionTranslationFilter.doFilter(Ljavax/servlet/ServletRequest;Ljavax/servlet/ServletResponse;Ljavax/servlet/FilterChain;)V+17
j  org.springframework.security.web.FilterChainProxy$VirtualFilterChain.doFilter(Ljavax/servlet/ServletRequest;Ljavax/servlet/ServletResponse;)V+192
j  org.springframework.security.web.session.SessionManagementFilter.doFilter(Ljavax/servlet/ServletRequest;Ljavax/servlet/ServletResponse;Ljavax/servlet/FilterChain;)V+258
j  org.springframework.security.web.FilterChainProxy$VirtualFilterChain.doFilter(Ljavax/servlet/ServletRequest;Ljavax/servlet/ServletResponse;)V+192
j  org.springframework.security.web.authentication.AnonymousAuthenticationFilter.doFilter(Ljavax/servlet/ServletRequest;Ljavax/servlet/ServletResponse;Ljavax/servlet/FilterChain;)V+137
j  org.springframework.security.web.FilterChainProxy$VirtualFilterChain.doFilter(Ljavax/servlet/ServletRequest;Ljavax/servlet/ServletResponse;)V+192
j  org.springframework.security.web.servletapi.SecurityContextHolderAwareRequestFilter.doFilter(Ljavax/servlet/ServletRequest;Ljavax/servlet/ServletResponse;Ljavax/servlet/FilterChain;)V+19
j  org.springframework.security.web.FilterChainProxy$VirtualFilterChain.doFilter(Ljavax/servlet/ServletRequest;Ljavax/servlet/ServletResponse;)V+192
j  org.springframework.security.web.savedrequest.RequestCacheAwareFilter.doFilter(Ljavax/servlet/ServletRequest;Ljavax/servlet/ServletResponse;Ljavax/servlet/FilterChain;)V+32
j  org.springframework.security.web.FilterChainProxy$VirtualFilterChain.doFilter(Ljavax/servlet/ServletRequest;Ljavax/servlet/ServletResponse;)V+192
j  org.springframework.security.web.authentication.logout.LogoutFilter.doFilter(Ljavax/servlet/ServletRequest;Ljavax/servlet/ServletResponse;Ljavax/servlet/FilterChain;)V+115
j  org.springframework.security.web.FilterChainProxy$VirtualFilterChain.doFilter(Ljavax/servlet/ServletRequest;Ljavax/servlet/ServletResponse;)V+192
j  org.springframework.security.web.authentication.AbstractAuthenticationProcessingFilter.doFilter(Ljavax/servlet/ServletRequest;Ljavax/servlet/ServletResponse;Ljavax/servlet/FilterChain;)V+28
j  org.springframework.security.web.FilterChainProxy$VirtualFilterChain.doFilter(Ljavax/servlet/ServletRequest;Ljavax/servlet/ServletResponse;)V+192
j  org.springframework.security.web.authentication.logout.LogoutFilter.doFilter(Ljavax/servlet/ServletRequest;Ljavax/servlet/ServletResponse;Ljavax/servlet/FilterChain;)V+115
j  org.springframework.security.web.FilterChainProxy$VirtualFilterChain.doFilter(Ljavax/servlet/ServletRequest;Ljavax/servlet/ServletResponse;)V+192
j  org.springframework.security.web.authentication.AbstractAuthenticationProcessingFilter.doFilter(Ljavax/servlet/ServletRequest;Ljavax/servlet/ServletResponse;Ljavax/servlet/FilterChain;)V+28
j  org.springframework.security.web.FilterChainProxy$VirtualFilterChain.doFilter(Ljavax/servlet/ServletRequest;Ljavax/servlet/ServletResponse;)V+192
j  org.springframework.web.filter.CorsFilter.doFilterInternal(Ljavax/servlet/http/HttpServletRequest;Ljavax/servlet/http/HttpServletResponse;Ljavax/servlet/FilterChain;)V+55
j  org.springframework.web.filter.OncePerRequestFilter.doFilter(Ljavax/servlet/ServletRequest;Ljavax/servlet/ServletResponse;Ljavax/servlet/FilterChain;)V+111
j  org.springframework.security.web.FilterChainProxy$VirtualFilterChain.doFilter(Ljavax/servlet/ServletRequest;Ljavax/servlet/ServletResponse;)V+192
j  org.springframework.security.web.header.HeaderWriterFilter.doFilterInternal(Ljavax/servlet/http/HttpServletRequest;Ljavax/servlet/http/HttpServletResponse;Ljavax/servlet/FilterChain;)V+48
j  org.springframework.web.filter.OncePerRequestFilter.doFilter(Ljavax/servlet/ServletRequest;Ljavax/servlet/ServletResponse;Ljavax/servlet/FilterChain;)V+111
j  org.springframework.security.web.FilterChainProxy$VirtualFilterChain.doFilter(Ljavax/servlet/ServletRequest;Ljavax/servlet/ServletResponse;)V+192
j  org.springframework.security.web.context.SecurityContextPersistenceFilter.doFilter(Ljavax/servlet/ServletRequest;Ljavax/servlet/ServletResponse;Ljavax/servlet/FilterChain;)V+165
j  org.springframework.security.web.FilterChainProxy$VirtualFilterChain.doFilter(Ljavax/servlet/ServletRequest;Ljavax/servlet/ServletResponse;)V+192
j  org.springframework.security.web.context.request.async.WebAsyncManagerIntegrationFilter.doFilterInternal(Ljavax/servlet/http/HttpServletRequest;Ljavax/servlet/http/HttpServletResponse;Ljavax/servlet/FilterChain;)V+42
j  org.springframework.web.filter.OncePerRequestFilter.doFilter(Ljavax/servlet/ServletRequest;Ljavax/servlet/ServletResponse;Ljavax/servlet/FilterChain;)V+111
j  org.springframework.security.web.FilterChainProxy$VirtualFilterChain.doFilter(Ljavax/servlet/ServletRequest;Ljavax/servlet/ServletResponse;)V+192
j  org.springframework.security.web.FilterChainProxy.doFilterInternal(Ljavax/servlet/ServletRequest;Ljavax/servlet/ServletResponse;Ljavax/servlet/FilterChain;)V+142
j  org.springframework.security.web.FilterChainProxy.doFilter(Ljavax/servlet/ServletRequest;Ljavax/servlet/ServletResponse;Ljavax/servlet/FilterChain;)V+40
j  org.springframework.web.filter.DelegatingFilterProxy.invokeDelegate(Ljavax/servlet/Filter;Ljavax/servlet/ServletRequest;Ljavax/servlet/ServletResponse;Ljavax/servlet/FilterChain;)V+5
j  org.springframework.web.filter.DelegatingFilterProxy.doFilter(Ljavax/servlet/ServletRequest;Ljavax/servlet/ServletResponse;Ljavax/servlet/FilterChain;)V+83
j  org.apache.catalina.core.ApplicationFilterChain.internalDoFilter(Ljavax/servlet/ServletRequest;Ljavax/servlet/ServletResponse;)V+135
j  org.apache.catalina.core.ApplicationFilterChain.doFilter(Ljavax/servlet/ServletRequest;Ljavax/servlet/ServletResponse;)V+101
j  org.springframework.web.filter.RequestContextFilter.doFilterInternal(Ljavax/servlet/http/HttpServletRequest;Ljavax/servlet/http/HttpServletResponse;Ljavax/servlet/FilterChain;)V+21
j  org.springframework.web.filter.OncePerRequestFilter.doFilter(Ljavax/servlet/ServletRequest;Ljavax/servlet/ServletResponse;Ljavax/servlet/FilterChain;)V+111
...<more frames>...


---------------  P R O C E S S  ---------------

Java Threads: ( => current thread )
  0x00007fa6267db800 JavaThread "Hibernate Search sync consumer thread for index net.ion.ice.core.node.Node" daemon [_thread_blocked, id=65795, stack(0x0000700010193000,0x0000700010293000)]
  0x00007fa627bda000 JavaThread "Hibernate Search sync consumer thread for index net.ion.ice.core.node.Node" daemon [_thread_blocked, id=65283, stack(0x0000700010090000,0x0000700010190000)]
  0x00007fa628840800 JavaThread "hz.ice-cluster-hazelcast.cached.thread-11" [_thread_blocked, id=64771, stack(0x000070000ff8d000,0x000070001008d000)]
  0x00007fa628840000 JavaThread "hz.ice-cluster-hazelcast.cached.thread-10" [_thread_blocked, id=64259, stack(0x000070000fe8a000,0x000070000ff8a000)]
  0x00007fa627bd5000 JavaThread "Keep-Alive-Timer" daemon [_thread_blocked, id=63747, stack(0x000070000fd87000,0x000070000fe87000)]
  0x00007fa627255000 JavaThread "hz.ice-cluster-hazelcast.cached.thread-9" [_thread_blocked, id=63235, stack(0x000070000fc84000,0x000070000fd84000)]
  0x00007fa626631000 JavaThread "hz.ice-cluster-hazelcast.cached.thread-8" [_thread_blocked, id=24083, stack(0x000070000fb81000,0x000070000fc81000)]
  0x00007fa627bd4800 JavaThread "hz.ice-cluster-hazelcast.cached.thread-7" [_thread_blocked, id=62731, stack(0x000070000bcc7000,0x000070000bdc7000)]
  0x00007fa627bd3800 JavaThread "hz.ice-cluster-hazelcast.cached.thread-6" [_thread_blocked, id=30983, stack(0x000070000bbc4000,0x000070000bcc4000)]
  0x00007fa627bd3000 JavaThread "hz.ice-cluster-hazelcast.cached.thread-5" [_thread_blocked, id=26375, stack(0x000070000b6b5000,0x000070000b7b5000)]
  0x00007fa6273ee800 JavaThread "hz.ice-cluster-hazelcast.cached.thread-4" [_thread_blocked, id=28171, stack(0x000070000b2a9000,0x000070000b3a9000)]
  0x00007fa627252800 JavaThread "commons-pool-EvictionTimer" daemon [_thread_blocked, id=25631, stack(0x000070000b1a6000,0x000070000b2a6000)]
  0x00007fa629862800 JavaThread "Abandoned connection cleanup thread" daemon [_thread_blocked, id=30479, stack(0x000070000ae9d000,0x000070000af9d000)]
  0x00007fa627801800 JavaThread "RMI TCP Connection(idle)" daemon [_thread_blocked, id=62211, stack(0x000070000fa7e000,0x000070000fb7e000)]
  0x00007fa62726d000 JavaThread "RMI TCP Connection(idle)" daemon [_thread_blocked, id=24583, stack(0x000070000afa0000,0x000070000b0a0000)]
  0x00007fa626cd0800 JavaThread "DestroyJavaVM" [_thread_blocked, id=7171, stack(0x0000700009758000,0x0000700009858000)]
  0x00007fa6289a6000 JavaThread "http-nio-8080-AsyncTimeout" daemon [_thread_blocked, id=61699, stack(0x000070000f97b000,0x000070000fa7b000)]
  0x00007fa626c4e000 JavaThread "http-nio-8080-Acceptor-0" daemon [_thread_in_native, id=61187, stack(0x000070000f878000,0x000070000f978000)]
  0x00007fa62990a000 JavaThread "http-nio-8080-ClientPoller-1" daemon [_thread_in_native, id=60675, stack(0x000070000f775000,0x000070000f875000)]
  0x00007fa62990c800 JavaThread "http-nio-8080-ClientPoller-0" daemon [_thread_in_native, id=60163, stack(0x000070000f672000,0x000070000f772000)]
  0x00007fa6272de000 JavaThread "http-nio-8080-exec-10" daemon [_thread_blocked, id=59651, stack(0x000070000f56f000,0x000070000f66f000)]
  0x00007fa626c4d000 JavaThread "http-nio-8080-exec-9" daemon [_thread_blocked, id=59139, stack(0x000070000f46c000,0x000070000f56c000)]
  0x00007fa626c4c800 JavaThread "http-nio-8080-exec-8" daemon [_thread_blocked, id=58627, stack(0x000070000f369000,0x000070000f469000)]
  0x00007fa6272dd800 JavaThread "http-nio-8080-exec-7" daemon [_thread_blocked, id=58115, stack(0x000070000f266000,0x000070000f366000)]
  0x00007fa629909000 JavaThread "http-nio-8080-exec-6" daemon [_thread_blocked, id=57603, stack(0x000070000f163000,0x000070000f263000)]
  0x00007fa6266f2800 JavaThread "http-nio-8080-exec-5" daemon [_thread_blocked, id=57091, stack(0x000070000f060000,0x000070000f160000)]
  0x00007fa6272f1000 JavaThread "http-nio-8080-exec-4" daemon [_thread_blocked, id=56579, stack(0x000070000ef5d000,0x000070000f05d000)]
  0x00007fa628a75000 JavaThread "http-nio-8080-exec-3" daemon [_thread_blocked, id=56067, stack(0x000070000ee5a000,0x000070000ef5a000)]
  0x00007fa628a23800 JavaThread "http-nio-8080-exec-2" daemon [_thread_blocked, id=55555, stack(0x000070000ed57000,0x000070000ee57000)]
=>0x00007fa629908800 JavaThread "http-nio-8080-exec-1" daemon [_thread_in_Java, id=55043, stack(0x000070000ec54000,0x000070000ed54000)]
  0x00007fa628a74000 JavaThread "NioBlockingSelector.BlockPoller-1" daemon [_thread_in_native, id=54531, stack(0x000070000eb51000,0x000070000ec51000)]
  0x00007fa6266f2000 JavaThread "Live Reload Server" daemon [_thread_in_native, id=54023, stack(0x000070000ea4e000,0x000070000eb4e000)]
  0x00007fa628a29000 JavaThread "File Watcher" daemon [_thread_blocked, id=53515, stack(0x000070000e94b000,0x000070000ea4b000)]
  0x00007fa627562000 JavaThread "Hibernate Search sync consumer thread for index net.ion.ice.core.node.Node" daemon [_thread_blocked, id=52995, stack(0x000070000e848000,0x000070000e948000)]
  0x00007fa62899e000 JavaThread "Hibernate Search sync consumer thread for index net.ion.ice.core.node.Node" daemon [_thread_blocked, id=52483, stack(0x000070000e745000,0x000070000e845000)]
  0x00007fa627489000 JavaThread "Hibernate Search sync consumer thread for index net.ion.ice.core.node.Node" daemon [_thread_blocked, id=51971, stack(0x000070000e642000,0x000070000e742000)]
  0x00007fa6298ff800 JavaThread "Hibernate Search sync consumer thread for index net.ion.ice.core.node.Node" daemon [_thread_blocked, id=51459, stack(0x000070000e53f000,0x000070000e63f000)]
  0x00007fa627488800 JavaThread "Hibernate Search sync consumer thread for index net.ion.ice.core.node.Node" daemon [_thread_blocked, id=50947, stack(0x000070000e43c000,0x000070000e53c000)]
  0x00007fa627477800 JavaThread "Hibernate Search sync consumer thread for index net.ion.ice.core.node.Node" daemon [_thread_blocked, id=50435, stack(0x000070000e339000,0x000070000e439000)]
  0x00007fa627476000 JavaThread "Thread-32" [_thread_blocked, id=49923, stack(0x000070000e236000,0x000070000e336000)]
  0x00007fa627475000 JavaThread "Thread-31" [_thread_blocked, id=49411, stack(0x000070000e133000,0x000070000e233000)]
  0x00007fa627474800 JavaThread "Thread-30" [_thread_blocked, id=48903, stack(0x000070000e030000,0x000070000e130000)]
  0x00007fa627344000 JavaThread "expiration-thread--p3-t1" daemon [_thread_blocked, id=48391, stack(0x000070000df2d000,0x000070000e02d000)]
  0x00007fa6271b9800 JavaThread "Hibernate Search sync consumer thread for index net.ion.ice.core.node.Node" daemon [_thread_blocked, id=47879, stack(0x000070000de2a000,0x000070000df2a000)]
  0x00007fa627a08800 JavaThread "hz.ice-cluster-hazelcast.HealthMonitor" daemon [_thread_blocked, id=47371, stack(0x000070000dd27000,0x000070000de27000)]
  0x00007fa626fbc000 JavaThread "hz.ice-cluster-hazelcast.cached.thread-3" [_thread_blocked, id=46851, stack(0x000070000dc24000,0x000070000dd24000)]
  0x00007fa626fb5800 JavaThread "hz.ice-cluster-hazelcast.IO.thread-Acceptor" [_thread_in_native, id=46339, stack(0x000070000db21000,0x000070000dc21000)]
  0x00007fa627d95800 JavaThread "hz.ice-cluster-hazelcast.IOBalancerThread" [_thread_blocked, id=45827, stack(0x000070000da1e000,0x000070000db1e000)]
  0x00007fa627fd0800 JavaThread "hz.ice-cluster-hazelcast.IO.thread-out-2" [_thread_in_native, id=45315, stack(0x000070000d91b000,0x000070000da1b000)]
  0x00007fa627308000 JavaThread "hz.ice-cluster-hazelcast.IO.thread-out-1" [_thread_blocked, id=44803, stack(0x000070000d818000,0x000070000d918000)]
  0x00007fa627307800 JavaThread "hz.ice-cluster-hazelcast.IO.thread-out-0" [_thread_blocked, id=44291, stack(0x000070000d715000,0x000070000d815000)]
  0x00007fa626fb4800 JavaThread "hz.ice-cluster-hazelcast.IO.thread-in-2" [_thread_blocked, id=43779, stack(0x000070000d612000,0x000070000d712000)]
  0x00007fa626fb2000 JavaThread "hz.ice-cluster-hazelcast.IO.thread-in-1" [_thread_blocked, id=43267, stack(0x000070000d50f000,0x000070000d60f000)]
  0x00007fa628a9f000 JavaThread "hz.ice-cluster-hazelcast.IO.thread-in-0" [_thread_blocked, id=42755, stack(0x000070000d40c000,0x000070000d50c000)]
  0x00007fa6263a4000 JavaThread "hz.ice-cluster-hazelcast.cached.thread-2" [_thread_blocked, id=42243, stack(0x000070000d309000,0x000070000d409000)]
  0x00007fa628a9e800 JavaThread "hz.ice-cluster-hazelcast.SlowOperationDetectorThread" [_thread_blocked, id=41731, stack(0x000070000d206000,0x000070000d306000)]
  0x00007fa6271c7800 JavaThread "hz.ice-cluster-hazelcast.response" [_thread_blocked, id=41219, stack(0x000070000d103000,0x000070000d203000)]
  0x00007fa6272e9000 JavaThread "hz.ice-cluster-hazelcast.generic-operation.thread-1" [_thread_blocked, id=40707, stack(0x000070000d000000,0x000070000d100000)]
  0x00007fa627d96000 JavaThread "hz.ice-cluster-hazelcast.generic-operation.thread-0" [_thread_blocked, id=40195, stack(0x000070000cefd000,0x000070000cffd000)]
  0x00007fa626d44000 JavaThread "hz.ice-cluster-hazelcast.priority-generic-operation.thread-0" [_thread_blocked, id=39683, stack(0x000070000cdfa000,0x000070000cefa000)]
  0x00007fa6261fd800 JavaThread "hz.ice-cluster-hazelcast.partition-operation.thread-3" [_thread_blocked, id=39171, stack(0x000070000ccf7000,0x000070000cdf7000)]
  0x00007fa626d93000 JavaThread "hz.ice-cluster-hazelcast.partition-operation.thread-2" [_thread_blocked, id=38659, stack(0x000070000cbf4000,0x000070000ccf4000)]
  0x00007fa626cb7800 JavaThread "hz.ice-cluster-hazelcast.partition-operation.thread-1" [_thread_blocked, id=38147, stack(0x000070000caf1000,0x000070000cbf1000)]
  0x00007fa626d2a000 JavaThread "hz.ice-cluster-hazelcast.partition-operation.thread-0" [_thread_blocked, id=37635, stack(0x000070000c9ee000,0x000070000caee000)]
  0x00007fa626cf3800 JavaThread "hz.ice-cluster-hazelcast.InvocationMonitorThread" [_thread_blocked, id=37123, stack(0x000070000c8eb000,0x000070000c9eb000)]
  0x00007fa62717c800 JavaThread "hz.ice-cluster-hazelcast.cached.thread-1" [_thread_blocked, id=36611, stack(0x000070000c7e8000,0x000070000c8e8000)]
  0x00007fa6266a1000 JavaThread "hz.ice-cluster-hazelcast.migration" [_thread_blocked, id=36099, stack(0x000070000c6e5000,0x000070000c7e5000)]
  0x00007fa6271d5000 JavaThread "MetricsRegistry-thread-2" [_thread_blocked, id=35587, stack(0x000070000c5e2000,0x000070000c6e2000)]
  0x00007fa62717c000 JavaThread "MetricsRegistry-thread-1" [_thread_blocked, id=35079, stack(0x000070000c4df000,0x000070000c5df000)]
  0x00007fa626dfd000 JavaThread "hz.ice-cluster-hazelcast.operation-parker" [_thread_blocked, id=34563, stack(0x000070000c3dc000,0x000070000c4dc000)]
  0x00007fa6271a4800 JavaThread "hz.ice-cluster-hazelcast.event-5" [_thread_blocked, id=34051, stack(0x000070000c2d9000,0x000070000c3d9000)]
  0x00007fa62719f800 JavaThread "hz.ice-cluster-hazelcast.event-4" [_thread_blocked, id=33539, stack(0x000070000c1d6000,0x000070000c2d6000)]
  0x00007fa627cf3800 JavaThread "hz.ice-cluster-hazelcast.event-3" [_thread_blocked, id=33027, stack(0x000070000c0d3000,0x000070000c1d3000)]
  0x00007fa6261a3000 JavaThread "hz.ice-cluster-hazelcast.event-2" [_thread_blocked, id=32515, stack(0x000070000bfd0000,0x000070000c0d0000)]
  0x00007fa6263a7000 JavaThread "hz.ice-cluster-hazelcast.event-1" [_thread_blocked, id=32003, stack(0x000070000becd000,0x000070000bfcd000)]
  0x00007fa627cf3000 JavaThread "hz.ice-cluster-hazelcast.scheduled.thread-" [_thread_blocked, id=31495, stack(0x000070000bdca000,0x000070000beca000)]
  0x00007fa627456800 JavaThread "container-0" [_thread_blocked, id=4359, stack(0x000070000bac1000,0x000070000bbc1000)]
  0x00007fa627455800 JavaThread "ContainerBackgroundProcessor[StandardEngine[Tomcat]]" daemon [_thread_blocked, id=4875, stack(0x0000700009652000,0x0000700009752000)]
  0x00007fa626f76000 JavaThread "Attach Listener" daemon [_thread_blocked, id=29699, stack(0x000070000b9be000,0x000070000babe000)]
  0x00007fa626f58000 JavaThread "type-pool-cache-evicter" daemon [_thread_blocked, id=29187, stack(0x000070000b8bb000,0x000070000b9bb000)]
  0x00007fa626623000 JavaThread "stagemonitor-elasticsearch-reporter" daemon [_thread_blocked, id=28675, stack(0x000070000b7b8000,0x000070000b8b8000)]
  0x00007fa627faa000 JavaThread "async-elasticsearch" daemon [_thread_blocked, id=27651, stack(0x000070000b5b2000,0x000070000b6b2000)]
  0x00007fa626620000 JavaThread "elasticsearch-tasks" daemon [_thread_blocked, id=27139, stack(0x000070000b4af000,0x000070000b5af000)]
  0x00007fa62660d000 JavaThread "configuration-reloader" daemon [_thread_blocked, id=26631, stack(0x000070000b3ac000,0x000070000b4ac000)]
  0x00007fa626224800 JavaThread "logback-appender-STASH-125.131.88.156:5000-2" daemon [_thread_in_native, id=25095, stack(0x000070000b0a3000,0x000070000b1a3000)]
  0x00007fa6261f0800 JavaThread "RMI TCP Connection(idle)" daemon [_thread_blocked, id=23555, stack(0x000070000ad9a000,0x000070000ae9a000)]
  0x00007fa626c2c000 JavaThread "RMI Scheduler(0)" daemon [_thread_blocked, id=23043, stack(0x000070000ac97000,0x000070000ad97000)]
  0x00007fa6279e1000 JavaThread "RMI TCP Connection(idle)" daemon [_thread_blocked, id=22531, stack(0x000070000ab94000,0x000070000ac94000)]
  0x00007fa6279de000 JavaThread "RMI TCP Accept-0" daemon [_thread_in_native, id=21507, stack(0x000070000a98e000,0x000070000aa8e000)]
  0x00007fa6279d9800 JavaThread "RMI TCP Accept-52808" daemon [_thread_in_native, id=20995, stack(0x000070000a88b000,0x000070000a98b000)]
  0x00007fa6261b0800 JavaThread "RMI TCP Accept-0" daemon [_thread_in_native, id=20483, stack(0x000070000a788000,0x000070000a888000)]
  0x00007fa626038800 JavaThread "Service Thread" daemon [_thread_blocked, id=19971, stack(0x000070000a685000,0x000070000a785000)]
  0x00007fa6279ac000 JavaThread "C1 CompilerThread2" daemon [_thread_in_vm, id=19459, stack(0x000070000a582000,0x000070000a682000)]
  0x00007fa626ba0800 JavaThread "C2 CompilerThread1" daemon [_thread_blocked, id=18947, stack(0x000070000a47f000,0x000070000a57f000)]
  0x00007fa6279ab000 JavaThread "C2 CompilerThread0" daemon [_thread_blocked, id=18435, stack(0x000070000a37c000,0x000070000a47c000)]
  0x00007fa62602b800 JavaThread "JDWP Command Reader" daemon [_thread_in_native, id=17923, stack(0x000070000a279000,0x000070000a379000)]
  0x00007fa626037000 JavaThread "JDWP Event Helper Thread" daemon [_thread_blocked, id=17411, stack(0x000070000a176000,0x000070000a276000)]
  0x00007fa626003800 JavaThread "JDWP Transport Listener: dt_socket" daemon [_thread_blocked, id=16899, stack(0x000070000a073000,0x000070000a173000)]
  0x00007fa62681a800 JavaThread "Signal Dispatcher" daemon [_thread_blocked, id=16387, stack(0x0000700009f70000,0x000070000a070000)]
  0x00007fa626012800 JavaThread "Finalizer" daemon [_thread_blocked, id=12547, stack(0x0000700009e6d000,0x0000700009f6d000)]
  0x00007fa626011800 JavaThread "Reference Handler" daemon [_thread_blocked, id=12035, stack(0x0000700009d6a000,0x0000700009e6a000)]

Other Threads:
  0x00007fa62785b000 VMThread [stack: 0x0000700009c67000,0x0000700009d67000] [id=11523]
  0x00007fa6261df800 WatcherThread [stack: 0x000070000aa91000,0x000070000ab91000] [id=22019]

VM state:synchronizing (normal execution)

VM Mutex/Monitor currently owned by a thread:  ([mutex/lock_event])
[0x00007fa625f03860] Safepoint_lock - owner thread: 0x00007fa62785b000
[0x00007fa625f038e0] Threads_lock - owner thread: 0x00007fa62785b000

Heap:
 PSYoungGen      total 936960K, used 756836K [0x000000076ab00000, 0x00000007a5880000, 0x00000007c0000000)
  eden space 910336K, 83% used [0x000000076ab00000,0x0000000798e19078,0x00000007a2400000)
  from space 26624K, 0% used [0x00000007a3e00000,0x00000007a3e00000,0x00000007a5800000)
  to   space 26624K, 0% used [0x00000007a2400000,0x00000007a2400000,0x00000007a3e00000)
 ParOldGen       total 160256K, used 31962K [0x00000006c0000000, 0x00000006c9c80000, 0x000000076ab00000)
  object space 160256K, 19% used [0x00000006c0000000,0x00000006c1f368e8,0x00000006c9c80000)
 Metaspace       used 69063K, capacity 70526K, committed 70656K, reserved 1110016K
  class space    used 9642K, capacity 9965K, committed 9984K, reserved 1048576K

Card table byte_map: [0x0000000107b49000,0x000000010834a000] byte_map_base: 0x0000000104549000

Marking Bits: (ParMarkBitMap*) 0x00000001070dee20
 Begin Bits: [0x00000001088a0000, 0x000000010c8a0000)
 End Bits:   [0x000000010c8a0000, 0x00000001108a0000)

Polling page: 0x0000000105e6b000

CodeCache: size=245760Kb used=13592Kb max_used=13650Kb free=232167Kb
 bounds [0x0000000113c1c000, 0x000000011497c000, 0x0000000122c1c000]
 total_blobs=7336 nmethods=6693 adapters=562
 compilation: enabled

Compilation events (10 events):
Event: 69.951 Thread 0x00007fa6279ac000 nmethod 6838 0x00000001140c25d0 code [0x00000001140c2780, 0x00000001140c2b68]
Event: 69.951 Thread 0x00007fa6279ac000 6839       1       com.github.benmanes.caffeine.cache.WriteThroughEntry::<init> (18 bytes)
Event: 69.951 Thread 0x00007fa6279ac000 nmethod 6839 0x00000001142510d0 code [0x0000000114251240, 0x0000000114251468]
Event: 73.886 Thread 0x00007fa6279ac000 6840       1       sun.nio.ch.SelectorImpl::select (34 bytes)
Event: 73.887 Thread 0x00007fa6279ac000 nmethod 6840 0x000000011478ec50 code [0x000000011478ede0, 0x000000011478f018]
Event: 73.887 Thread 0x00007fa6279ac000 6841       1       java.nio.channels.spi.AbstractSelector::begin (48 bytes)
Event: 73.888 Thread 0x00007fa6279ac000 nmethod 6841 0x0000000114200ed0 code [0x0000000114201060, 0x00000001142014f8]
Event: 74.450 Thread 0x00007fa6279ac000 6842       1       java.nio.charset.Charset::forName (20 bytes)
Event: 74.451 Thread 0x00007fa6279ac000 nmethod 6842 0x000000011478e850 code [0x000000011478e9c0, 0x000000011478eb58]
Event: 79.621 Thread 0x00007fa6279ac000 6843   !   1       sun.nio.ch.KQueueSelectorImpl::doSelect (60 bytes)

GC Heap History (10 events):
Event: 4.888 GC heap before
{Heap before GC invocations=11 (full 1):
 PSYoungGen      total 460288K, used 40160K [0x000000076ab00000, 0x0000000793900000, 0x00000007c0000000)
  eden space 444416K, 5% used [0x000000076ab00000,0x000000076c2be058,0x0000000785d00000)
  from space 15872K, 99% used [0x0000000785d00000,0x0000000786c7a0d8,0x0000000786c80000)
  to   space 21504K, 0% used [0x0000000792400000,0x0000000792400000,0x0000000793900000)
 ParOldGen       total 91136K, used 17915K [0x00000006c0000000, 0x00000006c5900000, 0x000000076ab00000)
  object space 91136K, 19% used [0x00000006c0000000,0x00000006c117ecd8,0x00000006c5900000)
 Metaspace       used 34792K, capacity 35342K, committed 35416K, reserved 1079296K
  class space    used 4671K, capacity 4833K, committed 4864K, reserved 1048576K
Event: 4.902 GC heap after
Heap after GC invocations=11 (full 1):
 PSYoungGen      total 648704K, used 5888K [0x000000076ab00000, 0x0000000795780000, 0x00000007c0000000)
  eden space 627200K, 0% used [0x000000076ab00000,0x000000076ab00000,0x0000000790f80000)
  from space 21504K, 27% used [0x0000000792400000,0x00000007929c0130,0x0000000793900000)
  to   space 20992K, 0% used [0x0000000790f80000,0x0000000790f80000,0x0000000792400000)
 ParOldGen       total 91136K, used 28480K [0x00000006c0000000, 0x00000006c5900000, 0x000000076ab00000)
  object space 91136K, 31% used [0x00000006c0000000,0x00000006c1bd03a0,0x00000006c5900000)
 Metaspace       used 34792K, capacity 35342K, committed 35416K, reserved 1079296K
  class space    used 4671K, capacity 4833K, committed 4864K, reserved 1048576K
}
Event: 4.902 GC heap before
{Heap before GC invocations=12 (full 2):
 PSYoungGen      total 648704K, used 5888K [0x000000076ab00000, 0x0000000795780000, 0x00000007c0000000)
  eden space 627200K, 0% used [0x000000076ab00000,0x000000076ab00000,0x0000000790f80000)
  from space 21504K, 27% used [0x0000000792400000,0x00000007929c0130,0x0000000793900000)
  to   space 20992K, 0% used [0x0000000790f80000,0x0000000790f80000,0x0000000792400000)
 ParOldGen       total 91136K, used 28480K [0x00000006c0000000, 0x00000006c5900000, 0x000000076ab00000)
  object space 91136K, 31% used [0x00000006c0000000,0x00000006c1bd03a0,0x00000006c5900000)
 Metaspace       used 34792K, capacity 35342K, committed 35416K, reserved 1079296K
  class space    used 4671K, capacity 4833K, committed 4864K, reserved 1048576K
Event: 4.951 GC heap after
Heap after GC invocations=12 (full 2):
 PSYoungGen      total 648704K, used 0K [0x000000076ab00000, 0x0000000795780000, 0x00000007c0000000)
  eden space 627200K, 0% used [0x000000076ab00000,0x000000076ab00000,0x0000000790f80000)
  from space 21504K, 0% used [0x0000000792400000,0x0000000792400000,0x0000000793900000)
  to   space 20992K, 0% used [0x0000000790f80000,0x0000000790f80000,0x0000000792400000)
 ParOldGen       total 131072K, used 23468K [0x00000006c0000000, 0x00000006c8000000, 0x000000076ab00000)
  object space 131072K, 17% used [0x00000006c0000000,0x00000006c16eb3c8,0x00000006c8000000)
 Metaspace       used 34792K, capacity 35342K, committed 35416K, reserved 1079296K
  class space    used 4671K, capacity 4833K, committed 4864K, reserved 1048576K
}
Event: 9.201 GC heap before
{Heap before GC invocations=13 (full 2):
 PSYoungGen      total 648704K, used 627200K [0x000000076ab00000, 0x0000000795780000, 0x00000007c0000000)
  eden space 627200K, 100% used [0x000000076ab00000,0x0000000790f80000,0x0000000790f80000)
  from space 21504K, 0% used [0x0000000792400000,0x0000000792400000,0x0000000793900000)
  to   space 20992K, 0% used [0x0000000790f80000,0x0000000790f80000,0x0000000792400000)
 ParOldGen       total 131072K, used 23468K [0x00000006c0000000, 0x00000006c8000000, 0x000000076ab00000)
  object space 131072K, 17% used [0x00000006c0000000,0x00000006c16eb3c8,0x00000006c8000000)
 Metaspace       used 56400K, capacity 57230K, committed 57344K, reserved 1097728K
  class space    used 7978K, capacity 8179K, committed 8192K, reserved 1048576K
Event: 9.222 GC heap after
Heap after GC invocations=13 (full 2):
 PSYoungGen      total 648192K, used 20987K [0x000000076ab00000, 0x00000007a5800000, 0x00000007c0000000)
  eden space 627200K, 0% used [0x000000076ab00000,0x000000076ab00000,0x0000000790f80000)
  from space 20992K, 99% used [0x0000000790f80000,0x00000007923fec88,0x0000000792400000)
  to   space 26624K, 0% used [0x00000007a3e00000,0x00000007a3e00000,0x00000007a5800000)
 ParOldGen       total 131072K, used 30201K [0x00000006c0000000, 0x00000006c8000000, 0x000000076ab00000)
  object space 131072K, 23% used [0x00000006c0000000,0x00000006c1d7e7f8,0x00000006c8000000)
 Metaspace       used 56400K, capacity 57230K, committed 57344K, reserved 1097728K
  class space    used 7978K, capacity 8179K, committed 8192K, reserved 1048576K
}
Event: 9.403 GC heap before
{Heap before GC invocations=14 (full 2):
 PSYoungGen      total 648192K, used 74695K [0x000000076ab00000, 0x00000007a5800000, 0x00000007c0000000)
  eden space 627200K, 8% used [0x000000076ab00000,0x000000076df73128,0x0000000790f80000)
  from space 20992K, 99% used [0x0000000790f80000,0x00000007923fec88,0x0000000792400000)
  to   space 26624K, 0% used [0x00000007a3e00000,0x00000007a3e00000,0x00000007a5800000)
 ParOldGen       total 131072K, used 30201K [0x00000006c0000000, 0x00000006c8000000, 0x000000076ab00000)
  object space 131072K, 23% used [0x00000006c0000000,0x00000006c1d7e7f8,0x00000006c8000000)
 Metaspace       used 58152K, capacity 58966K, committed 59028K, reserved 1099776K
  class space    used 8209K, capacity 8437K, committed 8448K, reserved 1048576K
Event: 9.413 GC heap after
Heap after GC invocations=14 (full 2):
 PSYoungGen      total 936960K, used 2144K [0x000000076ab00000, 0x00000007a5880000, 0x00000007c0000000)
  eden space 910336K, 0% used [0x000000076ab00000,0x000000076ab00000,0x00000007a2400000)
  from space 26624K, 8% used [0x00000007a3e00000,0x00000007a4018240,0x00000007a5800000)
  to   space 26624K, 0% used [0x00000007a2400000,0x00000007a2400000,0x00000007a3e00000)
 ParOldGen       total 131072K, used 37961K [0x00000006c0000000, 0x00000006c8000000, 0x000000076ab00000)
  object space 131072K, 28% used [0x00000006c0000000,0x00000006c25125c8,0x00000006c8000000)
 Metaspace       used 58152K, capacity 58966K, committed 59028K, reserved 1099776K
  class space    used 8209K, capacity 8437K, committed 8448K, reserved 1048576K
}
Event: 9.413 GC heap before
{Heap before GC invocations=15 (full 3):
 PSYoungGen      total 936960K, used 2144K [0x000000076ab00000, 0x00000007a5880000, 0x00000007c0000000)
  eden space 910336K, 0% used [0x000000076ab00000,0x000000076ab00000,0x00000007a2400000)
  from space 26624K, 8% used [0x00000007a3e00000,0x00000007a4018240,0x00000007a5800000)
  to   space 26624K, 0% used [0x00000007a2400000,0x00000007a2400000,0x00000007a3e00000)
 ParOldGen       total 131072K, used 37961K [0x00000006c0000000, 0x00000006c8000000, 0x000000076ab00000)
  object space 131072K, 28% used [0x00000006c0000000,0x00000006c25125c8,0x00000006c8000000)
 Metaspace       used 58152K, capacity 58966K, committed 59028K, reserved 1099776K
  class space    used 8209K, capacity 8437K, committed 8448K, reserved 1048576K
Event: 9.571 GC heap after
Heap after GC invocations=15 (full 3):
 PSYoungGen      total 936960K, used 0K [0x000000076ab00000, 0x00000007a5880000, 0x00000007c0000000)
  eden space 910336K, 0% used [0x000000076ab00000,0x000000076ab00000,0x00000007a2400000)
  from space 26624K, 0% used [0x00000007a3e00000,0x00000007a3e00000,0x00000007a5800000)
  to   space 26624K, 0% used [0x00000007a2400000,0x00000007a2400000,0x00000007a3e00000)
 ParOldGen       total 160256K, used 31962K [0x00000006c0000000, 0x00000006c9c80000, 0x000000076ab00000)
  object space 160256K, 19% used [0x00000006c0000000,0x00000006c1f368e8,0x00000006c9c80000)
 Metaspace       used 58152K, capacity 58966K, committed 59028K, reserved 1099776K
  class space    used 8209K, capacity 8437K, committed 8448K, reserved 1048576K
}

Deoptimization events (0 events):
No events

Internal exceptions (10 events):
Event: 72.773 Thread 0x00007fa629908800 Exception <a 'java/lang/ArrayIndexOutOfBoundsException': 74> (0x0000000798501f98) thrown at [/Users/java_re/workspace/8-2-build-macosx-x86_64/jdk8u60/4407/hotspot/src/share/vm/interpreter/interpreterRuntime.cpp, line 366]
Event: 72.773 Thread 0x00007fa629908800 Exception <a 'java/lang/ArrayIndexOutOfBoundsException': 37> (0x0000000798503368) thrown at [/Users/java_re/workspace/8-2-build-macosx-x86_64/jdk8u60/4407/hotspot/src/share/vm/interpreter/interpreterRuntime.cpp, line 366]
Event: 72.774 Thread 0x00007fa629908800 Exception <a 'java/lang/ArrayIndexOutOfBoundsException': 92> (0x00000007985051f8) thrown at [/Users/java_re/workspace/8-2-build-macosx-x86_64/jdk8u60/4407/hotspot/src/share/vm/interpreter/interpreterRuntime.cpp, line 366]
Event: 72.776 Thread 0x00007fa629908800 Exception <a 'java/lang/ArrayIndexOutOfBoundsException': 44> (0x000000079850a900) thrown at [/Users/java_re/workspace/8-2-build-macosx-x86_64/jdk8u60/4407/hotspot/src/share/vm/interpreter/interpreterRuntime.cpp, line 366]
Event: 72.777 Thread 0x00007fa629908800 Exception <a 'java/lang/ArrayIndexOutOfBoundsException': 78> (0x000000079850c478) thrown at [/Users/java_re/workspace/8-2-build-macosx-x86_64/jdk8u60/4407/hotspot/src/share/vm/interpreter/interpreterRuntime.cpp, line 366]
Event: 72.777 Thread 0x00007fa629908800 Exception <a 'java/lang/ArrayIndexOutOfBoundsException': 40> (0x000000079850dbf0) thrown at [/Users/java_re/workspace/8-2-build-macosx-x86_64/jdk8u60/4407/hotspot/src/share/vm/interpreter/interpreterRuntime.cpp, line 366]
Event: 72.778 Thread 0x00007fa629908800 Exception <a 'java/lang/ArrayIndexOutOfBoundsException': 74> (0x000000079850f478) thrown at [/Users/java_re/workspace/8-2-build-macosx-x86_64/jdk8u60/4407/hotspot/src/share/vm/interpreter/interpreterRuntime.cpp, line 366]
Event: 72.778 Thread 0x00007fa629908800 Exception <a 'java/lang/ArrayIndexOutOfBoundsException': 37> (0x0000000798510778) thrown at [/Users/java_re/workspace/8-2-build-macosx-x86_64/jdk8u60/4407/hotspot/src/share/vm/interpreter/interpreterRuntime.cpp, line 366]
Event: 72.779 Thread 0x00007fa629908800 Exception <a 'java/lang/ArrayIndexOutOfBoundsException': 92> (0x0000000798512538) thrown at [/Users/java_re/workspace/8-2-build-macosx-x86_64/jdk8u60/4407/hotspot/src/share/vm/interpreter/interpreterRuntime.cpp, line 366]
Event: 79.621 Thread 0x00007fa626224800 Exception <a 'java/net/SocketTimeoutException': connect timed out> (0x0000000784446208) thrown at [/Users/java_re/workspace/8-2-build-macosx-x86_64/jdk8u60/4407/hotspot/src/share/vm/prims/jni.cpp, line 735]

Events (10 events):
Event: 79.604 Executing VM operation: ChangeBreakpoints done
Event: 79.608 Executing VM operation: ChangeBreakpoints
Event: 79.608 Executing VM operation: ChangeBreakpoints done
Event: 79.612 Executing VM operation: ChangeBreakpoints
Event: 79.614 Executing VM operation: ChangeBreakpoints done
Event: 79.618 Executing VM operation: ChangeBreakpoints
Event: 79.620 Executing VM operation: ChangeBreakpoints done
Event: 79.621 Executing VM operation: RevokeBias
Event: 79.621 Executing VM operation: RevokeBias done
Event: 79.622 Executing VM operation: RevokeBias


Dynamic libraries:
0x000000000e18c000 	/System/Library/Frameworks/Cocoa.framework/Versions/A/Cocoa
0x000000000e18c000 	/System/Library/Frameworks/Security.framework/Versions/A/Security
0x000000000e18c000 	/System/Library/Frameworks/ApplicationServices.framework/Versions/A/ApplicationServices
0x000000000e18c000 	/usr/lib/libz.1.dylib
0x000000000e18c000 	/usr/lib/libSystem.B.dylib
0x000000000e18c000 	/usr/lib/libobjc.A.dylib
0x000000000e18c000 	/System/Library/Frameworks/CoreFoundation.framework/Versions/A/CoreFoundation
0x000000000e18c000 	/System/Library/Frameworks/Foundation.framework/Versions/C/Foundation
0x000000000e18c000 	/System/Library/Frameworks/AppKit.framework/Versions/C/AppKit
0x000000000e18c000 	/System/Library/Frameworks/CoreData.framework/Versions/A/CoreData
0x000000000e18c000 	/System/Library/PrivateFrameworks/RemoteViewServices.framework/Versions/A/RemoteViewServices
0x000000000e18c000 	/System/Library/PrivateFrameworks/UIFoundation.framework/Versions/A/UIFoundation
0x000000000e18c000 	/System/Library/PrivateFrameworks/DFRFoundation.framework/Versions/A/DFRFoundation
0x000000000e18c000 	/usr/lib/libenergytrace.dylib
0x000000000e18c000 	/System/Library/PrivateFrameworks/SkyLight.framework/Versions/A/SkyLight
0x000000000e18c000 	/System/Library/Frameworks/CoreGraphics.framework/Versions/A/CoreGraphics
0x000000000e18c000 	/usr/lib/libScreenReader.dylib
0x000000000e18c000 	/System/Library/Frameworks/Accelerate.framework/Versions/A/Accelerate
0x000000000e18c000 	/System/Library/Frameworks/IOSurface.framework/Versions/A/IOSurface
0x000000000e18c000 	/System/Library/Frameworks/AudioToolbox.framework/Versions/A/AudioToolbox
0x000000000e18c000 	/System/Library/Frameworks/AudioUnit.framework/Versions/A/AudioUnit
0x000000000e18c000 	/System/Library/PrivateFrameworks/DataDetectorsCore.framework/Versions/A/DataDetectorsCore
0x000000000e18c000 	/System/Library/PrivateFrameworks/DesktopServicesPriv.framework/Versions/A/DesktopServicesPriv
0x000000000e18c000 	/System/Library/Frameworks/Carbon.framework/Versions/A/Frameworks/HIToolbox.framework/Versions/A/HIToolbox
0x000000000e18c000 	/usr/lib/libicucore.A.dylib
0x000000000e18c000 	/System/Library/Frameworks/QuartzCore.framework/Versions/A/QuartzCore
0x000000000e18c000 	/System/Library/Frameworks/Carbon.framework/Versions/A/Frameworks/SpeechRecognition.framework/Versions/A/SpeechRecognition
0x000000000e18c000 	/usr/lib/libauto.dylib
0x000000000e18c000 	/usr/lib/libxml2.2.dylib
0x000000000e18c000 	/System/Library/PrivateFrameworks/CoreUI.framework/Versions/A/CoreUI
0x000000000e18c000 	/System/Library/Frameworks/CoreAudio.framework/Versions/A/CoreAudio
0x000000000e18c000 	/System/Library/Frameworks/DiskArbitration.framework/Versions/A/DiskArbitration
0x000000000e18c000 	/usr/lib/liblangid.dylib
0x000000000e18c000 	/System/Library/PrivateFrameworks/MultitouchSupport.framework/Versions/A/MultitouchSupport
0x000000000e18c000 	/System/Library/Frameworks/IOKit.framework/Versions/A/IOKit
0x000000000e18c000 	/usr/lib/libDiagnosticMessagesClient.dylib
0x000000000e18c000 	/System/Library/Frameworks/CoreServices.framework/Versions/A/CoreServices
0x000000000e18c000 	/System/Library/PrivateFrameworks/PerformanceAnalysis.framework/Versions/A/PerformanceAnalysis
0x000000000e18c000 	/System/Library/PrivateFrameworks/GenerationalStorage.framework/Versions/A/GenerationalStorage
0x000000000e18c000 	/System/Library/Frameworks/OpenGL.framework/Versions/A/OpenGL
0x000000000e18c000 	/System/Library/Frameworks/CoreImage.framework/Versions/A/CoreImage
0x000000000e18c000 	/System/Library/Frameworks/CoreText.framework/Versions/A/CoreText
0x000000000e18c000 	/System/Library/Frameworks/ImageIO.framework/Versions/A/ImageIO
0x000000000e18c000 	/System/Library/PrivateFrameworks/Backup.framework/Versions/A/Backup
0x000000000e18c000 	/usr/lib/libarchive.2.dylib
0x000000000e18c000 	/System/Library/Frameworks/CFNetwork.framework/Versions/A/CFNetwork
0x000000000e18c000 	/System/Library/Frameworks/SystemConfiguration.framework/Versions/A/SystemConfiguration
0x000000000e18c000 	/usr/lib/libCRFSuite.dylib
0x000000000e18c000 	/usr/lib/libc++.1.dylib
0x000000000e18c000 	/usr/lib/libc++abi.dylib
0x000000000e18c000 	/usr/lib/system/libcache.dylib
0x000000000e18c000 	/usr/lib/system/libcommonCrypto.dylib
0x000000000e18c000 	/usr/lib/system/libcompiler_rt.dylib
0x000000000e18c000 	/usr/lib/system/libcopyfile.dylib
0x000000000e18c000 	/usr/lib/system/libcorecrypto.dylib
0x000000000e18c000 	/usr/lib/system/libdispatch.dylib
0x000000000e18c000 	/usr/lib/system/libdyld.dylib
0x000000000e18c000 	/usr/lib/system/libkeymgr.dylib
0x000000000e18c000 	/usr/lib/system/liblaunch.dylib
0x000000000e18c000 	/usr/lib/system/libmacho.dylib
0x000000000e18c000 	/usr/lib/system/libquarantine.dylib
0x000000000e18c000 	/usr/lib/system/libremovefile.dylib
0x000000000e18c000 	/usr/lib/system/libsystem_asl.dylib
0x000000000e18c000 	/usr/lib/system/libsystem_blocks.dylib
0x000000000e18c000 	/usr/lib/system/libsystem_c.dylib
0x000000000e18c000 	/usr/lib/system/libsystem_configuration.dylib
0x000000000e18c000 	/usr/lib/system/libsystem_coreservices.dylib
0x000000000e18c000 	/usr/lib/system/libsystem_coretls.dylib
0x000000000e18c000 	/usr/lib/system/libsystem_dnssd.dylib
0x000000000e18c000 	/usr/lib/system/libsystem_info.dylib
0x000000000e18c000 	/usr/lib/system/libsystem_kernel.dylib
0x000000000e18c000 	/usr/lib/system/libsystem_m.dylib
0x000000000e18c000 	/usr/lib/system/libsystem_malloc.dylib
0x000000000e18c000 	/usr/lib/system/libsystem_network.dylib
0x000000000e18c000 	/usr/lib/system/libsystem_networkextension.dylib
0x000000000e18c000 	/usr/lib/system/libsystem_notify.dylib
0x000000000e18c000 	/usr/lib/system/libsystem_platform.dylib
0x000000000e18c000 	/usr/lib/system/libsystem_pthread.dylib
0x000000000e18c000 	/usr/lib/system/libsystem_sandbox.dylib
0x000000000e18c000 	/usr/lib/system/libsystem_secinit.dylib
0x000000000e18c000 	/usr/lib/system/libsystem_symptoms.dylib
0x000000000e18c000 	/usr/lib/system/libsystem_trace.dylib
0x000000000e18c000 	/usr/lib/system/libunwind.dylib
0x000000000e18c000 	/usr/lib/system/libxpc.dylib
0x000000000e18c000 	/usr/lib/libbsm.0.dylib
0x000000000e18c000 	/usr/lib/system/libkxld.dylib
0x000000000e18c000 	/usr/lib/libcoretls.dylib
0x000000000e18c000 	/usr/lib/libcoretls_cfhelpers.dylib
0x000000000e18c000 	/usr/lib/libOpenScriptingUtil.dylib
0x000000000e18c000 	/usr/lib/libpam.2.dylib
0x000000000e18c000 	/usr/lib/libsqlite3.dylib
0x000000000e18c000 	/usr/lib/libxar.1.dylib
0x000000000e18c000 	/usr/lib/libbz2.1.0.dylib
0x000000000e18c000 	/usr/lib/liblzma.5.dylib
0x000000000e18c000 	/usr/lib/libnetwork.dylib
0x000000000e18c000 	/usr/lib/libpcap.A.dylib
0x000000000e18c000 	/System/Library/Frameworks/CoreServices.framework/Versions/A/Frameworks/FSEvents.framework/Versions/A/FSEvents
0x000000000e18c000 	/System/Library/Frameworks/CoreServices.framework/Versions/A/Frameworks/CarbonCore.framework/Versions/A/CarbonCore
0x000000000e18c000 	/System/Library/Frameworks/CoreServices.framework/Versions/A/Frameworks/Metadata.framework/Versions/A/Metadata
0x000000000e18c000 	/System/Library/Frameworks/CoreServices.framework/Versions/A/Frameworks/OSServices.framework/Versions/A/OSServices
0x000000000e18c000 	/System/Library/Frameworks/CoreServices.framework/Versions/A/Frameworks/SearchKit.framework/Versions/A/SearchKit
0x000000000e18c000 	/System/Library/Frameworks/CoreServices.framework/Versions/A/Frameworks/AE.framework/Versions/A/AE
0x000000000e18c000 	/System/Library/Frameworks/CoreServices.framework/Versions/A/Frameworks/LaunchServices.framework/Versions/A/LaunchServices
0x000000000e18c000 	/System/Library/Frameworks/CoreServices.framework/Versions/A/Frameworks/DictionaryServices.framework/Versions/A/DictionaryServices
0x000000000e18c000 	/System/Library/Frameworks/CoreServices.framework/Versions/A/Frameworks/SharedFileList.framework/Versions/A/SharedFileList
0x000000000e18c000 	/System/Library/Frameworks/NetFS.framework/Versions/A/NetFS
0x000000000e18c000 	/System/Library/PrivateFrameworks/NetAuth.framework/Versions/A/NetAuth
0x000000000e18c000 	/System/Library/PrivateFrameworks/login.framework/Versions/A/Frameworks/loginsupport.framework/Versions/A/loginsupport
0x000000000e18c000 	/System/Library/PrivateFrameworks/TCC.framework/Versions/A/TCC
0x000000000e18c000 	/usr/lib/libmecabra.dylib
0x000000000e18c000 	/System/Library/Frameworks/ApplicationServices.framework/Versions/A/Frameworks/ATS.framework/Versions/A/ATS
0x000000000e18c000 	/System/Library/Frameworks/ApplicationServices.framework/Versions/A/Frameworks/ColorSync.framework/Versions/A/ColorSync
0x000000000e18c000 	/System/Library/Frameworks/ApplicationServices.framework/Versions/A/Frameworks/HIServices.framework/Versions/A/HIServices
0x000000000e18c000 	/System/Library/Frameworks/ApplicationServices.framework/Versions/A/Frameworks/LangAnalysis.framework/Versions/A/LangAnalysis
0x000000000e18c000 	/System/Library/Frameworks/ApplicationServices.framework/Versions/A/Frameworks/PrintCore.framework/Versions/A/PrintCore
0x000000000e18c000 	/System/Library/Frameworks/ApplicationServices.framework/Versions/A/Frameworks/QD.framework/Versions/A/QD
0x000000000e18c000 	/System/Library/Frameworks/ApplicationServices.framework/Versions/A/Frameworks/SpeechSynthesis.framework/Versions/A/SpeechSynthesis
0x000000000e18c000 	/System/Library/Frameworks/Accelerate.framework/Versions/A/Frameworks/vImage.framework/Versions/A/vImage
0x000000000e18c000 	/System/Library/Frameworks/Accelerate.framework/Versions/A/Frameworks/vecLib.framework/Versions/A/vecLib
0x000000000e18c000 	/System/Library/Frameworks/Accelerate.framework/Versions/A/Frameworks/vecLib.framework/Versions/A/libvDSP.dylib
0x000000000e18c000 	/System/Library/Frameworks/Accelerate.framework/Versions/A/Frameworks/vecLib.framework/Versions/A/libBNNS.dylib
0x000000000e18c000 	/System/Library/Frameworks/Accelerate.framework/Versions/A/Frameworks/vecLib.framework/Versions/A/libQuadrature.dylib
0x000000000e18c000 	/System/Library/Frameworks/Accelerate.framework/Versions/A/Frameworks/vecLib.framework/Versions/A/libvMisc.dylib
0x000000000e18c000 	/System/Library/Frameworks/Accelerate.framework/Versions/A/Frameworks/vecLib.framework/Versions/A/libLAPACK.dylib
0x000000000e18c000 	/System/Library/Frameworks/Accelerate.framework/Versions/A/Frameworks/vecLib.framework/Versions/A/libBLAS.dylib
0x000000000e18c000 	/System/Library/Frameworks/Accelerate.framework/Versions/A/Frameworks/vecLib.framework/Versions/A/libLinearAlgebra.dylib
0x000000000e18c000 	/System/Library/Frameworks/Accelerate.framework/Versions/A/Frameworks/vecLib.framework/Versions/A/libSparseBLAS.dylib
0x000000000e18c000 	/System/Library/Frameworks/ApplicationServices.framework/Versions/A/Frameworks/ATS.framework/Versions/A/Resources/libFontParser.dylib
0x000000000e18c000 	/System/Library/Frameworks/ApplicationServices.framework/Versions/A/Frameworks/ATS.framework/Versions/A/Resources/libFontRegistry.dylib
0x000000000e18c000 	/System/Library/Frameworks/ImageIO.framework/Versions/A/Resources/libJPEG.dylib
0x000000000e18c000 	/System/Library/Frameworks/ImageIO.framework/Versions/A/Resources/libTIFF.dylib
0x000000000e18c000 	/System/Library/Frameworks/ImageIO.framework/Versions/A/Resources/libPng.dylib
0x000000000e18c000 	/System/Library/Frameworks/ImageIO.framework/Versions/A/Resources/libGIF.dylib
0x000000000e18c000 	/System/Library/Frameworks/ImageIO.framework/Versions/A/Resources/libJP2.dylib
0x000000000e18c000 	/System/Library/Frameworks/ImageIO.framework/Versions/A/Resources/libRadiance.dylib
0x000000000e18c000 	/usr/lib/libcompression.dylib
0x000000000e18c000 	/System/Library/PrivateFrameworks/AppleJPEG.framework/Versions/A/AppleJPEG
0x000000000e18c000 	/usr/lib/libcups.2.dylib
0x000000000e18c000 	/System/Library/Frameworks/Kerberos.framework/Versions/A/Kerberos
0x000000000e18c000 	/System/Library/Frameworks/GSS.framework/Versions/A/GSS
0x000000000e18c000 	/usr/lib/libresolv.9.dylib
0x000000000e18c000 	/usr/lib/libiconv.2.dylib
0x000000000e18c000 	/System/Library/PrivateFrameworks/Heimdal.framework/Versions/A/Heimdal
0x000000000e18c000 	/usr/lib/libheimdal-asn1.dylib
0x000000000e18c000 	/System/Library/Frameworks/OpenDirectory.framework/Versions/A/OpenDirectory
0x000000000e18c000 	/System/Library/PrivateFrameworks/CommonAuth.framework/Versions/A/CommonAuth
0x000000000e18c000 	/System/Library/Frameworks/OpenDirectory.framework/Versions/A/Frameworks/CFOpenDirectory.framework/Versions/A/CFOpenDirectory
0x000000000e18c000 	/System/Library/Frameworks/SecurityFoundation.framework/Versions/A/SecurityFoundation
0x000000000e18c000 	/System/Library/PrivateFrameworks/LanguageModeling.framework/Versions/A/LanguageModeling
0x000000000e18c000 	/usr/lib/libmarisa.dylib
0x000000000e18c000 	/usr/lib/libChineseTokenizer.dylib
0x000000000e18c000 	/usr/lib/libcmph.dylib
0x000000000e18c000 	/System/Library/PrivateFrameworks/CoreEmoji.framework/Versions/A/CoreEmoji
0x000000000e18c000 	/System/Library/Frameworks/ServiceManagement.framework/Versions/A/ServiceManagement
0x000000000e18c000 	/usr/lib/libxslt.1.dylib
0x000000000e18c000 	/System/Library/Frameworks/Carbon.framework/Versions/A/Frameworks/Ink.framework/Versions/A/Ink
0x000000000e18c000 	/System/Library/PrivateFrameworks/TextureIO.framework/Versions/A/TextureIO
0x000000000e18c000 	/System/Library/Frameworks/Metal.framework/Versions/A/Metal
0x000000000e18c000 	/usr/lib/libate.dylib
0x000000000e18c000 	/System/Library/PrivateFrameworks/GPUCompiler.framework/libmetal_timestamp.dylib
0x000000000e18c000 	/System/Library/Frameworks/OpenGL.framework/Versions/A/Libraries/libCoreFSCache.dylib
0x000000000e18c000 	/System/Library/PrivateFrameworks/IOAccelerator.framework/Versions/A/IOAccelerator
0x000000000e18c000 	/System/Library/Frameworks/CoreVideo.framework/Versions/A/CoreVideo
0x000000000e18c000 	/usr/lib/libFosl_dynamic.dylib
0x000000000e18c000 	/System/Library/PrivateFrameworks/MetalPerformanceShaders.framework/Versions/A/MetalPerformanceShaders
0x000000000e18c000 	/System/Library/PrivateFrameworks/FaceCore.framework/Versions/A/FaceCore
0x000000000e18c000 	/System/Library/Frameworks/OpenCL.framework/Versions/A/OpenCL
0x000000000e18c000 	/System/Library/Frameworks/OpenGL.framework/Versions/A/Libraries/libGLU.dylib
0x000000000e18c000 	/System/Library/Frameworks/OpenGL.framework/Versions/A/Libraries/libGFXShared.dylib
0x000000000e18c000 	/System/Library/Frameworks/OpenGL.framework/Versions/A/Libraries/libGL.dylib
0x000000000e18c000 	/System/Library/Frameworks/OpenGL.framework/Versions/A/Libraries/libGLImage.dylib
0x000000000e18c000 	/System/Library/Frameworks/OpenGL.framework/Versions/A/Libraries/libCVMSPluginSupport.dylib
0x000000000e18c000 	/System/Library/Frameworks/OpenGL.framework/Versions/A/Libraries/libCoreVMClient.dylib
0x000000000e18c000 	/System/Library/PrivateFrameworks/CrashReporterSupport.framework/Versions/A/CrashReporterSupport
0x000000000e18c000 	/System/Library/PrivateFrameworks/Sharing.framework/Versions/A/Sharing
0x000000000e18c000 	/System/Library/PrivateFrameworks/IconServices.framework/Versions/A/IconServices
0x000000000e18c000 	/System/Library/PrivateFrameworks/ProtocolBuffer.framework/Versions/A/ProtocolBuffer
0x000000000e18c000 	/System/Library/PrivateFrameworks/Apple80211.framework/Versions/A/Apple80211
0x000000000e18c000 	/System/Library/Frameworks/CoreWLAN.framework/Versions/A/CoreWLAN
0x000000000e18c000 	/System/Library/PrivateFrameworks/CoreUtils.framework/Versions/A/CoreUtils
0x000000000e18c000 	/System/Library/Frameworks/IOBluetooth.framework/Versions/A/IOBluetooth
0x000000000e18c000 	/System/Library/PrivateFrameworks/CoreWiFi.framework/Versions/A/CoreWiFi
0x000000000e18c000 	/System/Library/Frameworks/CoreBluetooth.framework/Versions/A/CoreBluetooth
0x000000000e18c000 	/System/Library/Frameworks/CoreDisplay.framework/Versions/A/CoreDisplay
0x000000000e18c000 	/System/Library/PrivateFrameworks/IOPresentment.framework/Versions/A/IOPresentment
0x000000000e18c000 	/System/Library/PrivateFrameworks/DSExternalDisplay.framework/Versions/A/DSExternalDisplay
0x000000000e18c000 	/System/Library/PrivateFrameworks/DebugSymbols.framework/Versions/A/DebugSymbols
0x000000000e18c000 	/System/Library/PrivateFrameworks/CoreSymbolication.framework/Versions/A/CoreSymbolication
0x000000000e18c000 	/System/Library/PrivateFrameworks/Symbolication.framework/Versions/A/Symbolication
0x000000000e18c000 	/System/Library/PrivateFrameworks/AppleFSCompression.framework/Versions/A/AppleFSCompression
0x000000000e18c000 	/System/Library/PrivateFrameworks/SpeechRecognitionCore.framework/Versions/A/SpeechRecognitionCore
0x000000000e18c000 	/System/Library/PrivateFrameworks/ChunkingLibrary.framework/Versions/A/ChunkingLibrary
0x000000004b2d0000 	/System/Library/CoreServices/Encodings/libKoreanConverter.dylib
0x0000000106800000 	/Library/Java/JavaVirtualMachines/jdk1.8.0_60.jdk/Contents/Home/jre/lib/server/libjvm.dylib
0x000000000e18c000 	/usr/lib/libstdc++.6.dylib
0x0000000105e28000 	/Library/Java/JavaVirtualMachines/jdk1.8.0_60.jdk/Contents/Home/jre/lib/libverify.dylib
0x0000000105e36000 	/Library/Java/JavaVirtualMachines/jdk1.8.0_60.jdk/Contents/Home/jre/lib/libjava.dylib
0x0000000105e6c000 	/Library/Java/JavaVirtualMachines/jdk1.8.0_60.jdk/Contents/Home/jre/lib/libjdwp.dylib
0x0000000105eb7000 	/Library/Java/JavaVirtualMachines/jdk1.8.0_60.jdk/Contents/Home/jre/lib/libnpt.dylib
0x0000000105ebb000 	/Library/Java/JavaVirtualMachines/jdk1.8.0_60.jdk/Contents/Home/jre/lib/libinstrument.dylib
0x0000000105f19000 	/Library/Java/JavaVirtualMachines/jdk1.8.0_60.jdk/Contents/Home/jre/lib/libzip.dylib
0x0000000112acb000 	/System/Library/Frameworks/JavaVM.framework/Frameworks/JavaRuntimeSupport.framework/JavaRuntimeSupport
0x0000000112ae5000 	/System/Library/Frameworks/JavaVM.framework/Versions/A/Frameworks/JavaNativeFoundation.framework/Versions/A/JavaNativeFoundation
0x0000000105fed000 	/System/Library/Frameworks/JavaVM.framework/Versions/A/JavaVM
0x000000000e18c000 	/System/Library/Frameworks/Carbon.framework/Versions/A/Carbon
0x0000000112afa000 	/System/Library/PrivateFrameworks/JavaLaunching.framework/Versions/A/JavaLaunching
0x000000000e18c000 	/System/Library/Frameworks/Carbon.framework/Versions/A/Frameworks/CommonPanels.framework/Versions/A/CommonPanels
0x000000000e18c000 	/System/Library/Frameworks/Carbon.framework/Versions/A/Frameworks/Help.framework/Versions/A/Help
0x000000000e18c000 	/System/Library/Frameworks/Carbon.framework/Versions/A/Frameworks/ImageCapture.framework/Versions/A/ImageCapture
0x000000000e18c000 	/System/Library/Frameworks/Carbon.framework/Versions/A/Frameworks/OpenScripting.framework/Versions/A/OpenScripting
0x000000000e18c000 	/System/Library/Frameworks/Carbon.framework/Versions/A/Frameworks/Print.framework/Versions/A/Print
0x000000000e18c000 	/System/Library/Frameworks/Carbon.framework/Versions/A/Frameworks/SecurityHI.framework/Versions/A/SecurityHI
0x0000000112b4a000 	/Library/Java/JavaVirtualMachines/jdk1.8.0_60.jdk/Contents/Home/jre/lib/libdt_socket.dylib
0x00000001131b5000 	/Library/Java/JavaVirtualMachines/jdk1.8.0_60.jdk/Contents/Home/jre/lib/libmanagement.dylib
0x00000001131c3000 	/Library/Java/JavaVirtualMachines/jdk1.8.0_60.jdk/Contents/Home/jre/lib/libnet.dylib
0x0000000113222000 	/Library/Java/JavaVirtualMachines/jdk1.8.0_60.jdk/Contents/Home/jre/lib/libnio.dylib
0x0000000113b44000 	/Library/Java/JavaVirtualMachines/jdk1.8.0_60.jdk/Contents/Home/jre/lib/libattach.dylib

VM Arguments:
jvm_args: -agentlib:jdwp=transport=dt_socket,address=127.0.0.1:52809,suspend=y,server=n -XX:TieredStopAtLevel=1 -Xverify:none -Dspring.output.ansi.enabled=always -Dcom.sun.management.jmxremote -Dcom.sun.management.jmxremote.port=52808 -Dcom.sun.management.jmxremote.authenticate=false -Dcom.sun.management.jmxremote.ssl=false -Dspring.liveBeansView.mbeanDomain -Dspring.application.admin.enabled=true -javaagent:/Users/jjong/Library/Caches/IntelliJIdea2017.2/groovyHotSwap/gragent.jar -Dfile.encoding=UTF-8 
java_command: net.ion.ice.Ice2Application
java_class_path (initial): /Library/Java/JavaVirtualMachines/jdk1.8.0_60.jdk/Contents/Home/jre/lib/charsets.jar:/Library/Java/JavaVirtualMachines/jdk1.8.0_60.jdk/Contents/Home/jre/lib/deploy.jar:/Library/Java/JavaVirtualMachines/jdk1.8.0_60.jdk/Contents/Home/jre/lib/ext/cldrdata.jar:/Library/Java/JavaVirtualMachines/jdk1.8.0_60.jdk/Contents/Home/jre/lib/ext/dnsns.jar:/Library/Java/JavaVirtualMachines/jdk1.8.0_60.jdk/Contents/Home/jre/lib/ext/jaccess.jar:/Library/Java/JavaVirtualMachines/jdk1.8.0_60.jdk/Contents/Home/jre/lib/ext/jfxrt.jar:/Library/Java/JavaVirtualMachines/jdk1.8.0_60.jdk/Contents/Home/jre/lib/ext/localedata.jar:/Library/Java/JavaVirtualMachines/jdk1.8.0_60.jdk/Contents/Home/jre/lib/ext/nashorn.jar:/Library/Java/JavaVirtualMachines/jdk1.8.0_60.jdk/Contents/Home/jre/lib/ext/sunec.jar:/Library/Java/JavaVirtualMachines/jdk1.8.0_60.jdk/Contents/Home/jre/lib/ext/sunjce_provider.jar:/Library/Java/JavaVirtualMachines/jdk1.8.0_60.jdk/Contents/Home/jre/lib/ext/sunpkcs11.jar:/Library/Java/JavaVirtualMachines/jdk1.8.0_60.jdk/Contents/Home/jre/lib/ext/zipfs.jar:/Library/Java/JavaVirtualMachines/jdk1.8.0_60.jdk/Contents/Home/jre/lib/javaws.jar:/Library/Java/JavaVirtualMachines/jdk1.8.0_60.jdk/Contents/Home/jre/lib/jce.jar:/Library/Java/JavaVirtualMachines/jdk1.8.0_60.jdk/Contents/Home/jre/lib/jfr.jar:/Library/Java/JavaVirtualMachines/jdk1.8.0_60.jdk/Contents/Home/jre/lib/jfxswt.jar:/Library/Java/JavaVirtualMachines/jdk1.8.0_60.jdk/Contents/Home/jre/lib/jsse.jar:/Library/Java/JavaVirtualMachines/jdk1.8.0_60.jdk/Contents/Home/jre/lib/management-agent.jar:/Library/Java/JavaVirtualMachines/jdk1.8.0_60.jdk/Contents/Home/jre/lib/plugin.jar:/Library/Java/JavaVirtualMachines/jdk1.8.0_60.jdk/Contents/Home/jre/lib/resources.jar:/Library/Java/JavaVirtualMachines/jdk1.8.0_60.jdk/Contents/Home/jre/lib/rt.jar:/Library/Java/JavaVirtualMachines/jdk1.8.0_60.jdk/Contents/Home/lib/ant-javafx.jar:/Library/Java/JavaVirtualMachines/jdk1.8.0_60.jdk/Contents/Home/lib/dt.jar:/Library/Ja
Launcher Type: SUN_STANDARD

Environment Variables:
PATH=/usr/local/bin:/usr/bin:/bin:/usr/sbin:/sbin:/Users/jjong/Library/Android/sdk/tools:/Users/jjong/Library/Android/sdk/platform-tools
SHELL=/bin/bash

Signal Handlers:
SIGSEGV: [libjvm.dylib+0x5a6d31], sa_mask[0]=11111111011111110111111111111111, sa_flags=SA_ONSTACK|SA_RESTART|SA_SIGINFO
SIGBUS: [libjvm.dylib+0x5a6d31], sa_mask[0]=11111111011111110111111111111111, sa_flags=SA_RESTART|SA_SIGINFO
SIGFPE: [libjvm.dylib+0x480a4c], sa_mask[0]=11111111011111110111111111111111, sa_flags=SA_RESTART|SA_SIGINFO
SIGPIPE: [libjvm.dylib+0x480a4c], sa_mask[0]=11111111011111110111111111111111, sa_flags=SA_RESTART|SA_SIGINFO
SIGXFSZ: [libjvm.dylib+0x480a4c], sa_mask[0]=11111111011111110111111111111111, sa_flags=SA_RESTART|SA_SIGINFO
SIGILL: [libjvm.dylib+0x480a4c], sa_mask[0]=11111111011111110111111111111111, sa_flags=SA_RESTART|SA_SIGINFO
SIGUSR1: SIG_DFL, sa_mask[0]=00000000000000000000000000000000, sa_flags=none
SIGUSR2: [libjvm.dylib+0x48056a], sa_mask[0]=00100000000000000000000000000000, sa_flags=SA_RESTART|SA_SIGINFO
SIGHUP: [libjvm.dylib+0x47eb41], sa_mask[0]=11111111011111110111111111111111, sa_flags=SA_RESTART|SA_SIGINFO
SIGINT: [libjvm.dylib+0x47eb41], sa_mask[0]=11111111011111110111111111111111, sa_flags=SA_RESTART|SA_SIGINFO
SIGTERM: [libjvm.dylib+0x47eb41], sa_mask[0]=11111111011111110111111111111111, sa_flags=SA_RESTART|SA_SIGINFO
SIGQUIT: [libjvm.dylib+0x47eb41], sa_mask[0]=11111111011111110111111111111111, sa_flags=SA_RESTART|SA_SIGINFO


---------------  S Y S T E M  ---------------

OS:Bsduname:Darwin 16.7.0 Darwin Kernel Version 16.7.0: Thu Jun 15 17:36:27 PDT 2017; root:xnu-3789.70.16~2/RELEASE_X86_64 x86_64
rlimit: STACK 8192k, CORE 0k, NPROC 709, NOFILE 10240, AS infinity
load average:3.82 3.38 3.36

CPU:total 4 (4 cores per cpu, 1 threads per core) family 6 model 60 stepping 3, cmov, cx8, fxsr, mmx, sse, sse2, sse3, ssse3, sse4.1, sse4.2, popcnt, avx, avx2, aes, clmul, erms, rtm, lzcnt, tsc, tscinvbit, bmi1, bmi2

Memory: 4k page, physical 16777216k(181856k free)

/proc/meminfo:


vm_info: Java HotSpot(TM) 64-Bit Server VM (25.60-b23) for bsd-amd64 JRE (1.8.0_60-b27), built on Aug  4 2015 10:47:24 by "java_re" with gcc 4.2.1 (Based on Apple Inc. build 5658) (LLVM build 2336.11.00)

time: Sun Oct  8 21:02:18 2017
elapsed time: 79 seconds (0d 0h 1m 19s)

