#
# A fatal error has been detected by the Java Runtime Environment:
#
#  SIGSEGV (0xb) at pc=0x00000001018ca626, pid=26323, tid=56579
#
# JRE version: Java(TM) SE Runtime Environment (8.0_60-b27) (build 1.8.0_60-b27)
# Java VM: Java HotSpot(TM) 64-Bit Server VM (25.60-b23 mixed mode bsd-amd64 compressed oops)
# Problematic frame:
# V  [libjvm.dylib+0x3c5626]  LinkResolver::lookup_method_in_klasses(methodHandle&, KlassHandle, Symbol*, Symbol*, bool, bool, Thread*)+0x36
#
# Failed to write core dump. Core dumps have been disabled. To enable core dumping, try "ulimit -c unlimited" before starting Java again
#
# If you would like to submit a bug report, please visit:
#   http://bugreport.java.com/bugreport/crash.jsp
#

---------------  T H R E A D  ---------------

Current thread (0x00007fc91a3bc000):  JavaThread "http-nio-8080-exec-3" daemon [_thread_in_vm, id=56579, stack(0x000070000871a000,0x000070000881a000)]

siginfo: si_signo: 11 (SIGSEGV), si_code: 0 (unknown), si_addr: 0x0000000000000000

Registers:
RAX=0x2a4f569900010014, RBX=0xb62c043a0020b800, RCX=0x0000000000000001, RDX=0xb62c043a0020b800
RSP=0x00007000088143c0, RBP=0x0000700008814410, RSI=0x0000000120a1a138, RDI=0x00007fc91c145eb0
R8 =0x0000000000000001, R9 =0x0000000000000000, R10=0x0000000101df2100, R11=0x00000001019e14db
R12=0x0000700008814740, R13=0x00000001209df5a3, R14=0x0000000120a1a138, R15=0x00007fc91c145eb0
RIP=0x00000001018ca626, EFLAGS=0x0000000000010206, ERR=0x0000000000000000
  TRAPNO=0x000000000000000d

Top of Stack: (sp=0x00007000088143c0)
0x00007000088143c0:   0000000100000000 000070001bb5a690
0x00007000088143d0:   00007000223487e8 000000011bb769c8
0x00007000088143e0:   000070001bb769c8 0000700008814740
0x00007000088143f0:   00007000088147d0 00000001209df5a3
0x0000700008814400:   00007fc91c145eb0 00007fc91a3bc000
0x0000700008814410:   00007000088145e0 00000001018cb08e
0x0000700008814420:   00007fc91a3bc000 0000700022324f98
0x0000700008814430:   0000700008814450 000000011bc66230
0x0000700008814440:   00000007c02af140 0000000120a1a138
0x0000700008814450:   b62c043a0020b800 00000001215e4f68
0x0000700008814460:   000070001bc126b8 000000011bb76a08
0x0000700008814470:   0000700008816180 0000700022348808
0x0000700008814480:   000070001bc9b898 000000011bb76a08
0x0000700008814490:   00007000215da0a0 00007000088145a0
0x00007000088144a0:   000070001bc66230 0000000120469148
0x00007000088144b0:   00007000215da0a0 00007000215da2a8
0x00007000088144c0:   000070001bcea5d8 00000001215e4f48
0x00007000088144d0:   000070001bc1e070 00007000088145a0
0x00007000088144e0:   00007000223487e8 000000011bcaee00
0x00007000088144f0:   00007000215ec688 00007fc91bc65f10
0x0000700008814500:   0000700008814530 000000010174faff
0x0000700008814510:   00007000215ec228 00000000215da0a0
0x0000700008814520:   000070001bcea5b8 00007fc91bc66230
0x0000700008814530:   0000700020469148 000000011be026d8
0x0000700008814540:   00007000215e7f18 000000011bc66230
0x0000700008814550:   000000011bc66230 00007fc920469148
0x0000700008814560:   00007000215da518 00007fc91f8c2000
0x0000700008814570:   0000000000000000 00007fc9215ec1e8
0x0000700008814580:   00007fc91bea3810 00007fc91d562510
0x0000700008814590:   0000700008814b90 0000000101aa3c99
0x00007000088145a0:   00007000215e5e30 00000001215ec1c8
0x00007000088145b0:   db622395a26200ad 00007fc91a3bc000 

Instructions: (pc=0x00000001018ca626)
0x00000001018ca606:   89 45 b4 48 89 cb 49 89 d6 49 89 f7 49 89 fc 49
0x00000001018ca616:   8b 07 b9 01 00 00 00 4c 89 ff 4c 89 f6 48 89 da
0x00000001018ca626:   ff 90 a0 00 00 00 41 83 7f 08 00 49 89 c5 0f 89
0x00000001018ca636:   e7 00 00 00 4d 85 ed 74 18 4c 89 6d d0 48 8b 5d 

Register to memory mapping:

RAX=0x2a4f569900010014 is an unknown value
RBX=0xb62c043a0020b800 is an unknown value
RCX=0x0000000000000001 is an unknown value
RDX=0xb62c043a0020b800 is an unknown value
RSP=0x00007000088143c0 is pointing into the stack for thread: 0x00007fc91a3bc000
RBP=0x0000700008814410 is pointing into the stack for thread: 0x00007fc91a3bc000
RSI=0x0000000120a1a138 is pointing into metadata
RDI=0x00007fc91c145eb0 is an unknown value
R8 =0x0000000000000001 is an unknown value
R9 =0x0000000000000000 is an unknown value
R10=0x0000000101df2100: _ZN19TemplateInterpreter13_active_tableE+0x3800 in /Library/Java/JavaVirtualMachines/jdk1.8.0_60.jdk/Contents/Home/jre/lib/server/libjvm.dylib at 0x0000000101505000
R11=0x00000001019e14db: throw_unsatisfied_link_error+0 in /Library/Java/JavaVirtualMachines/jdk1.8.0_60.jdk/Contents/Home/jre/lib/server/libjvm.dylib at 0x0000000101505000
R12=0x0000700008814740 is pointing into the stack for thread: 0x00007fc91a3bc000
R13=0x00000001209df5a3 is pointing into metadata
R14=0x0000000120a1a138 is pointing into metadata
R15=0x00007fc91c145eb0 is an unknown value


Stack: [0x000070000871a000,0x000070000881a000],  sp=0x00007000088143c0,  free space=1000k
Native frames: (J=compiled Java code, j=interpreted, Vv=VM code, C=native code)
V  [libjvm.dylib+0x3c5626]  LinkResolver::lookup_method_in_klasses(methodHandle&, KlassHandle, Symbol*, Symbol*, bool, bool, Thread*)+0x36
V  [libjvm.dylib+0x3c608e]  LinkResolver::resolve_method(methodHandle&, KlassHandle, Symbol*, Symbol*, KlassHandle, bool, bool, Thread*)+0x7e
V  [libjvm.dylib+0x3c6d05]  LinkResolver::linktime_resolve_static_method(methodHandle&, KlassHandle, Symbol*, Symbol*, KlassHandle, bool, Thread*)+0x4f
V  [libjvm.dylib+0x3ca2d9]  LinkResolver::resolve_static_call(CallInfo&, KlassHandle&, Symbol*, Symbol*, KlassHandle, bool, bool, Thread*)+0x53
V  [libjvm.dylib+0x3ca536]  LinkResolver::resolve_invokestatic(CallInfo&, constantPoolHandle, int, Thread*)+0x102
V  [libjvm.dylib+0x3ca5f7]  LinkResolver::resolve_invoke(CallInfo&, Handle, constantPoolHandle, int, Bytecodes::Code, Thread*)+0xb3
V  [libjvm.dylib+0x2e4efd]  InterpreterRuntime::resolve_invoke(JavaThread*, Bytecodes::Code)+0x371
j  net.ion.ice.service.CartService.cartRead(Lnet/ion/ice/core/context/ExecuteContext;)Lnet/ion/ice/core/context/ExecuteContext;+3
v  ~StubRoutines::call_stub
V  [libjvm.dylib+0x2eab0e]  JavaCalls::call_helper(JavaValue*, methodHandle*, JavaCallArguments*, Thread*)+0x6ae
V  [libjvm.dylib+0x4caf44]  Reflection::invoke(instanceKlassHandle, methodHandle, Handle, bool, objArrayHandle, BasicType, objArrayHandle, bool, Thread*)+0xe12
V  [libjvm.dylib+0x4cb478]  Reflection::invoke_method(oopDesc*, Handle, objArrayHandle, Thread*)+0x16c
V  [libjvm.dylib+0x342cc0]  JVM_InvokeMethod+0x166
j  sun.reflect.NativeMethodAccessorImpl.invoke0(Ljava/lang/reflect/Method;Ljava/lang/Object;[Ljava/lang/Object;)Ljava/lang/Object;+0
j  sun.reflect.NativeMethodAccessorImpl.invoke(Ljava/lang/Object;[Ljava/lang/Object;)Ljava/lang/Object;+100
j  sun.reflect.DelegatingMethodAccessorImpl.invoke(Ljava/lang/Object;[Ljava/lang/Object;)Ljava/lang/Object;+6
j  java.lang.reflect.Method.invoke(Ljava/lang/Object;[Ljava/lang/Object;)Ljava/lang/Object;+56
j  net.ion.ice.core.event.ActionService.execute(Lnet/ion/ice/core/context/ExecuteContext;)V+182
j  net.ion.ice.core.event.EventService.executeEventAction(Lnet/ion/ice/core/context/ExecuteContext;Lnet/ion/ice/core/event/Event;)V+75
j  net.ion.ice.core.event.EventService.execute(Lnet/ion/ice/core/context/ExecuteContext;)V+130
j  net.ion.ice.core.context.ApiExecuteContext.makeQueryResult()Lnet/ion/ice/core/query/QueryResult;+208
j  net.ion.ice.core.context.ApiContext.makeSubApiReuslt(Ljava/util/Map;)Ljava/util/Map;+30
j  net.ion.ice.core.context.ApiContext.makeApiResult()Ljava/lang/Object;+96
j  net.ion.ice.core.api.ApiService.execute(Lorg/springframework/web/context/request/NativeWebRequest;Ljava/lang/String;Ljava/lang/String;Ljava/lang/String;Ljava/lang/String;)Ljava/lang/Object;+380
j  net.ion.ice.core.api.ApiService.execute(Lorg/springframework/web/context/request/NativeWebRequest;Ljava/lang/String;Ljava/lang/String;Ljava/lang/String;)Ljava/lang/Object;+15
j  net.ion.ice.core.api.ApiController.api(Lorg/springframework/web/context/request/NativeWebRequest;Ljava/lang/String;Ljava/lang/String;Ljava/lang/String;)Ljava/lang/Object;+17
j  net.ion.ice.core.api.ApiController.testGet(Lorg/springframework/web/context/request/NativeWebRequest;Ljava/lang/String;Ljava/lang/String;)Ljava/lang/Object;+14
v  ~StubRoutines::call_stub
V  [libjvm.dylib+0x2eab0e]  JavaCalls::call_helper(JavaValue*, methodHandle*, JavaCallArguments*, Thread*)+0x6ae
V  [libjvm.dylib+0x4caf44]  Reflection::invoke(instanceKlassHandle, methodHandle, Handle, bool, objArrayHandle, BasicType, objArrayHandle, bool, Thread*)+0xe12
V  [libjvm.dylib+0x4cb478]  Reflection::invoke_method(oopDesc*, Handle, objArrayHandle, Thread*)+0x16c
V  [libjvm.dylib+0x342cc0]  JVM_InvokeMethod+0x166
J 1702  sun.reflect.NativeMethodAccessorImpl.invoke0(Ljava/lang/reflect/Method;Ljava/lang/Object;[Ljava/lang/Object;)Ljava/lang/Object; (0 bytes) @ 0x00000001046255ad [0x00000001046254c0+0xed]
j  sun.reflect.NativeMethodAccessorImpl.invoke(Ljava/lang/Object;[Ljava/lang/Object;)Ljava/lang/Object;+100
j  sun.reflect.DelegatingMethodAccessorImpl.invoke(Ljava/lang/Object;[Ljava/lang/Object;)Ljava/lang/Object;+6
j  java.lang.reflect.Method.invoke(Ljava/lang/Object;[Ljava/lang/Object;)Ljava/lang/Object;+56
j  org.springframework.web.method.support.InvocableHandlerMethod.doInvoke([Ljava/lang/Object;)Ljava/lang/Object;+16
j  org.springframework.web.method.support.InvocableHandlerMethod.invokeForRequest(Lorg/springframework/web/context/request/NativeWebRequest;Lorg/springframework/web/method/support/ModelAndViewContainer;[Ljava/lang/Object;)Ljava/lang/Object;+75
j  org.springframework.web.servlet.mvc.method.annotation.ServletInvocableHandlerMethod.invokeAndHandle(Lorg/springframework/web/context/request/ServletWebRequest;Lorg/springframework/web/method/support/ModelAndViewContainer;[Ljava/lang/Object;)V+4
j  org.springframework.web.servlet.mvc.method.annotation.RequestMappingHandlerAdapter.invokeHandlerMethod(Ljavax/servlet/http/HttpServletRequest;Ljavax/servlet/http/HttpServletResponse;Lorg/springframework/web/method/HandlerMethod;)Lorg/springframework/web/servlet/ModelAndView;+262
j  org.springframework.web.servlet.mvc.method.annotation.RequestMappingHandlerAdapter.handleInternal(Ljavax/servlet/http/HttpServletRequest;Ljavax/servlet/http/HttpServletResponse;Lorg/springframework/web/method/HandlerMethod;)Lorg/springframework/web/servlet/ModelAndView;+81
j  org.springframework.web.servlet.mvc.method.AbstractHandlerMethodAdapter.handle(Ljavax/servlet/http/HttpServletRequest;Ljavax/servlet/http/HttpServletResponse;Ljava/lang/Object;)Lorg/springframework/web/servlet/ModelAndView;+7
j  org.springframework.web.servlet.DispatcherServlet.doDispatch(Ljavax/servlet/http/HttpServletRequest;Ljavax/servlet/http/HttpServletResponse;)V+318
j  org.springframework.web.servlet.DispatcherServlet.doService(Ljavax/servlet/http/HttpServletRequest;Ljavax/servlet/http/HttpServletResponse;)V+301
j  org.springframework.web.servlet.FrameworkServlet.processRequest(Ljavax/servlet/http/HttpServletRequest;Ljavax/servlet/http/HttpServletResponse;)V+71
j  org.springframework.web.servlet.FrameworkServlet.doGet(Ljavax/servlet/http/HttpServletRequest;Ljavax/servlet/http/HttpServletResponse;)V+3
j  javax.servlet.http.HttpServlet.service(Ljavax/servlet/http/HttpServletRequest;Ljavax/servlet/http/HttpServletResponse;)V+35
j  org.springframework.web.servlet.FrameworkServlet.service(Ljavax/servlet/http/HttpServletRequest;Ljavax/servlet/http/HttpServletResponse;)V+42
j  javax.servlet.http.HttpServlet.service(Ljavax/servlet/ServletRequest;Ljavax/servlet/ServletResponse;)V+30
j  org.apache.catalina.core.ApplicationFilterChain.internalDoFilter(Ljavax/servlet/ServletRequest;Ljavax/servlet/ServletResponse;)V+304
j  org.apache.catalina.core.ApplicationFilterChain.doFilter(Ljavax/servlet/ServletRequest;Ljavax/servlet/ServletResponse;)V+101
j  org.apache.tomcat.websocket.server.WsFilter.doFilter(Ljavax/servlet/ServletRequest;Ljavax/servlet/ServletResponse;Ljavax/servlet/FilterChain;)V+21
j  org.apache.catalina.core.ApplicationFilterChain.internalDoFilter(Ljavax/servlet/ServletRequest;Ljavax/servlet/ServletResponse;)V+135
j  org.apache.catalina.core.ApplicationFilterChain.doFilter(Ljavax/servlet/ServletRequest;Ljavax/servlet/ServletResponse;)V+101
j  org.stagemonitor.web.servlet.MonitoredHttpRequest.execute()V+12
j  org.stagemonitor.tracing.RequestMonitor.monitor(Lorg/stagemonitor/tracing/MonitoredRequest;)Lorg/stagemonitor/tracing/SpanContextInformation;+6
j  org.stagemonitor.web.servlet.filter.HttpRequestMonitorFilter.monitorRequest(Ljavax/servlet/FilterChain;Ljavax/servlet/http/HttpServletRequest;Lorg/stagemonitor/web/servlet/filter/StatusExposingByteCountingServletResponse;)Lorg/stagemonitor/tracing/SpanContextInformation;+24
j  org.stagemonitor.web.servlet.filter.HttpRequestMonitorFilter.doMonitor(Ljavax/servlet/http/HttpServletRequest;Ljavax/servlet/http/HttpServletResponse;Ljavax/servlet/FilterChain;)V+50
j  org.stagemonitor.web.servlet.filter.HttpRequestMonitorFilter.doFilterInternal(Ljavax/servlet/http/HttpServletRequest;Ljavax/servlet/http/HttpServletResponse;Ljavax/servlet/FilterChain;)V+64
j  org.stagemonitor.web.servlet.filter.AbstractExclusionFilter.doFilter(Ljavax/servlet/ServletRequest;Ljavax/servlet/ServletResponse;Ljavax/servlet/FilterChain;)V+48
j  org.apache.catalina.core.ApplicationFilterChain.internalDoFilter(Ljavax/servlet/ServletRequest;Ljavax/servlet/ServletResponse;)V+135
j  org.apache.catalina.core.ApplicationFilterChain.doFilter(Ljavax/servlet/ServletRequest;Ljavax/servlet/ServletResponse;)V+101
j  org.springframework.security.web.authentication.logout.LogoutFilter.doFilter(Ljavax/servlet/ServletRequest;Ljavax/servlet/ServletResponse;Ljavax/servlet/FilterChain;)V+115
j  org.apache.catalina.core.ApplicationFilterChain.internalDoFilter(Ljavax/servlet/ServletRequest;Ljavax/servlet/ServletResponse;)V+135
j  org.apache.catalina.core.ApplicationFilterChain.doFilter(Ljavax/servlet/ServletRequest;Ljavax/servlet/ServletResponse;)V+101
j  net.ion.ice.security.cors.CORSFilter.doFilter(Ljavax/servlet/ServletRequest;Ljavax/servlet/ServletResponse;Ljavax/servlet/FilterChain;)V+96
j  org.apache.catalina.core.ApplicationFilterChain.internalDoFilter(Ljavax/servlet/ServletRequest;Ljavax/servlet/ServletResponse;)V+135
j  org.apache.catalina.core.ApplicationFilterChain.doFilter(Ljavax/servlet/ServletRequest;Ljavax/servlet/ServletResponse;)V+101
j  org.springframework.security.web.FilterChainProxy$VirtualFilterChain.doFilter(Ljavax/servlet/ServletRequest;Ljavax/servlet/ServletResponse;)V+68
j  org.springframework.security.web.access.intercept.FilterSecurityInterceptor.invoke(Lorg/springframework/security/web/FilterInvocation;)V+87
j  org.springframework.security.web.access.intercept.FilterSecurityInterceptor.doFilter(Ljavax/servlet/ServletRequest;Ljavax/servlet/ServletResponse;Ljavax/servlet/FilterChain;)V+15
j  org.springframework.security.web.FilterChainProxy$VirtualFilterChain.doFilter(Ljavax/servlet/ServletRequest;Ljavax/servlet/ServletResponse;)V+192
j  org.springframework.security.web.access.ExceptionTranslationFilter.doFilter(Ljavax/servlet/ServletRequest;Ljavax/servlet/ServletResponse;Ljavax/servlet/FilterChain;)V+17
j  org.springframework.security.web.FilterChainProxy$VirtualFilterChain.doFilter(Ljavax/servlet/ServletRequest;Ljavax/servlet/ServletResponse;)V+192
j  org.springframework.security.web.session.SessionManagementFilter.doFilter(Ljavax/servlet/ServletRequest;Ljavax/servlet/ServletResponse;Ljavax/servlet/FilterChain;)V+258
j  org.springframework.security.web.FilterChainProxy$VirtualFilterChain.doFilter(Ljavax/servlet/ServletRequest;Ljavax/servlet/ServletResponse;)V+192
j  org.springframework.security.web.authentication.AnonymousAuthenticationFilter.doFilter(Ljavax/servlet/ServletRequest;Ljavax/servlet/ServletResponse;Ljavax/servlet/FilterChain;)V+137
j  org.springframework.security.web.FilterChainProxy$VirtualFilterChain.doFilter(Ljavax/servlet/ServletRequest;Ljavax/servlet/ServletResponse;)V+192
j  org.springframework.security.web.servletapi.SecurityContextHolderAwareRequestFilter.doFilter(Ljavax/servlet/ServletRequest;Ljavax/servlet/ServletResponse;Ljavax/servlet/FilterChain;)V+19
j  org.springframework.security.web.FilterChainProxy$VirtualFilterChain.doFilter(Ljavax/servlet/ServletRequest;Ljavax/servlet/ServletResponse;)V+192
j  org.springframework.security.web.savedrequest.RequestCacheAwareFilter.doFilter(Ljavax/servlet/ServletRequest;Ljavax/servlet/ServletResponse;Ljavax/servlet/FilterChain;)V+32
j  org.springframework.security.web.FilterChainProxy$VirtualFilterChain.doFilter(Ljavax/servlet/ServletRequest;Ljavax/servlet/ServletResponse;)V+192
j  org.springframework.security.web.authentication.logout.LogoutFilter.doFilter(Ljavax/servlet/ServletRequest;Ljavax/servlet/ServletResponse;Ljavax/servlet/FilterChain;)V+115
j  org.springframework.security.web.FilterChainProxy$VirtualFilterChain.doFilter(Ljavax/servlet/ServletRequest;Ljavax/servlet/ServletResponse;)V+192
j  org.springframework.security.web.authentication.AbstractAuthenticationProcessingFilter.doFilter(Ljavax/servlet/ServletRequest;Ljavax/servlet/ServletResponse;Ljavax/servlet/FilterChain;)V+28
j  org.springframework.security.web.FilterChainProxy$VirtualFilterChain.doFilter(Ljavax/servlet/ServletRequest;Ljavax/servlet/ServletResponse;)V+192
j  org.springframework.security.web.authentication.logout.LogoutFilter.doFilter(Ljavax/servlet/ServletRequest;Ljavax/servlet/ServletResponse;Ljavax/servlet/FilterChain;)V+115
j  org.springframework.security.web.FilterChainProxy$VirtualFilterChain.doFilter(Ljavax/servlet/ServletRequest;Ljavax/servlet/ServletResponse;)V+192
j  org.springframework.security.web.authentication.AbstractAuthenticationProcessingFilter.doFilter(Ljavax/servlet/ServletRequest;Ljavax/servlet/ServletResponse;Ljavax/servlet/FilterChain;)V+28
j  org.springframework.security.web.FilterChainProxy$VirtualFilterChain.doFilter(Ljavax/servlet/ServletRequest;Ljavax/servlet/ServletResponse;)V+192
j  org.springframework.web.filter.CorsFilter.doFilterInternal(Ljavax/servlet/http/HttpServletRequest;Ljavax/servlet/http/HttpServletResponse;Ljavax/servlet/FilterChain;)V+55
j  org.springframework.web.filter.OncePerRequestFilter.doFilter(Ljavax/servlet/ServletRequest;Ljavax/servlet/ServletResponse;Ljavax/servlet/FilterChain;)V+111
j  org.springframework.security.web.FilterChainProxy$VirtualFilterChain.doFilter(Ljavax/servlet/ServletRequest;Ljavax/servlet/ServletResponse;)V+192
j  org.springframework.security.web.header.HeaderWriterFilter.doFilterInternal(Ljavax/servlet/http/HttpServletRequest;Ljavax/servlet/http/HttpServletResponse;Ljavax/servlet/FilterChain;)V+48
j  org.springframework.web.filter.OncePerRequestFilter.doFilter(Ljavax/servlet/ServletRequest;Ljavax/servlet/ServletResponse;Ljavax/servlet/FilterChain;)V+111
j  org.springframework.security.web.FilterChainProxy$VirtualFilterChain.doFilter(Ljavax/servlet/ServletRequest;Ljavax/servlet/ServletResponse;)V+192
j  org.springframework.security.web.context.SecurityContextPersistenceFilter.doFilter(Ljavax/servlet/ServletRequest;Ljavax/servlet/ServletResponse;Ljavax/servlet/FilterChain;)V+165
j  org.springframework.security.web.FilterChainProxy$VirtualFilterChain.doFilter(Ljavax/servlet/ServletRequest;Ljavax/servlet/ServletResponse;)V+192
j  org.springframework.security.web.context.request.async.WebAsyncManagerIntegrationFilter.doFilterInternal(Ljavax/servlet/http/HttpServletRequest;Ljavax/servlet/http/HttpServletResponse;Ljavax/servlet/FilterChain;)V+42
j  org.springframework.web.filter.OncePerRequestFilter.doFilter(Ljavax/servlet/ServletRequest;Ljavax/servlet/ServletResponse;Ljavax/servlet/FilterChain;)V+111
...<more frames>...

Java frames: (J=compiled Java code, j=interpreted, Vv=VM code)
j  net.ion.ice.service.CartService.cartRead(Lnet/ion/ice/core/context/ExecuteContext;)Lnet/ion/ice/core/context/ExecuteContext;+3
v  ~StubRoutines::call_stub
j  sun.reflect.NativeMethodAccessorImpl.invoke0(Ljava/lang/reflect/Method;Ljava/lang/Object;[Ljava/lang/Object;)Ljava/lang/Object;+0
j  sun.reflect.NativeMethodAccessorImpl.invoke(Ljava/lang/Object;[Ljava/lang/Object;)Ljava/lang/Object;+100
j  sun.reflect.DelegatingMethodAccessorImpl.invoke(Ljava/lang/Object;[Ljava/lang/Object;)Ljava/lang/Object;+6
j  java.lang.reflect.Method.invoke(Ljava/lang/Object;[Ljava/lang/Object;)Ljava/lang/Object;+56
j  net.ion.ice.core.event.ActionService.execute(Lnet/ion/ice/core/context/ExecuteContext;)V+182
j  net.ion.ice.core.event.EventService.executeEventAction(Lnet/ion/ice/core/context/ExecuteContext;Lnet/ion/ice/core/event/Event;)V+75
j  net.ion.ice.core.event.EventService.execute(Lnet/ion/ice/core/context/ExecuteContext;)V+130
j  net.ion.ice.core.context.ApiExecuteContext.makeQueryResult()Lnet/ion/ice/core/query/QueryResult;+208
j  net.ion.ice.core.context.ApiContext.makeSubApiReuslt(Ljava/util/Map;)Ljava/util/Map;+30
j  net.ion.ice.core.context.ApiContext.makeApiResult()Ljava/lang/Object;+96
j  net.ion.ice.core.api.ApiService.execute(Lorg/springframework/web/context/request/NativeWebRequest;Ljava/lang/String;Ljava/lang/String;Ljava/lang/String;Ljava/lang/String;)Ljava/lang/Object;+380
j  net.ion.ice.core.api.ApiService.execute(Lorg/springframework/web/context/request/NativeWebRequest;Ljava/lang/String;Ljava/lang/String;Ljava/lang/String;)Ljava/lang/Object;+15
j  net.ion.ice.core.api.ApiController.api(Lorg/springframework/web/context/request/NativeWebRequest;Ljava/lang/String;Ljava/lang/String;Ljava/lang/String;)Ljava/lang/Object;+17
j  net.ion.ice.core.api.ApiController.testGet(Lorg/springframework/web/context/request/NativeWebRequest;Ljava/lang/String;Ljava/lang/String;)Ljava/lang/Object;+14
v  ~StubRoutines::call_stub
J 1702  sun.reflect.NativeMethodAccessorImpl.invoke0(Ljava/lang/reflect/Method;Ljava/lang/Object;[Ljava/lang/Object;)Ljava/lang/Object; (0 bytes) @ 0x0000000104625537 [0x00000001046254c0+0x77]
j  sun.reflect.NativeMethodAccessorImpl.invoke(Ljava/lang/Object;[Ljava/lang/Object;)Ljava/lang/Object;+100
j  sun.reflect.DelegatingMethodAccessorImpl.invoke(Ljava/lang/Object;[Ljava/lang/Object;)Ljava/lang/Object;+6
j  java.lang.reflect.Method.invoke(Ljava/lang/Object;[Ljava/lang/Object;)Ljava/lang/Object;+56
j  org.springframework.web.method.support.InvocableHandlerMethod.doInvoke([Ljava/lang/Object;)Ljava/lang/Object;+16
j  org.springframework.web.method.support.InvocableHandlerMethod.invokeForRequest(Lorg/springframework/web/context/request/NativeWebRequest;Lorg/springframework/web/method/support/ModelAndViewContainer;[Ljava/lang/Object;)Ljava/lang/Object;+75
j  org.springframework.web.servlet.mvc.method.annotation.ServletInvocableHandlerMethod.invokeAndHandle(Lorg/springframework/web/context/request/ServletWebRequest;Lorg/springframework/web/method/support/ModelAndViewContainer;[Ljava/lang/Object;)V+4
j  org.springframework.web.servlet.mvc.method.annotation.RequestMappingHandlerAdapter.invokeHandlerMethod(Ljavax/servlet/http/HttpServletRequest;Ljavax/servlet/http/HttpServletResponse;Lorg/springframework/web/method/HandlerMethod;)Lorg/springframework/web/servlet/ModelAndView;+262
j  org.springframework.web.servlet.mvc.method.annotation.RequestMappingHandlerAdapter.handleInternal(Ljavax/servlet/http/HttpServletRequest;Ljavax/servlet/http/HttpServletResponse;Lorg/springframework/web/method/HandlerMethod;)Lorg/springframework/web/servlet/ModelAndView;+81
j  org.springframework.web.servlet.mvc.method.AbstractHandlerMethodAdapter.handle(Ljavax/servlet/http/HttpServletRequest;Ljavax/servlet/http/HttpServletResponse;Ljava/lang/Object;)Lorg/springframework/web/servlet/ModelAndView;+7
j  org.springframework.web.servlet.DispatcherServlet.doDispatch(Ljavax/servlet/http/HttpServletRequest;Ljavax/servlet/http/HttpServletResponse;)V+318
j  org.springframework.web.servlet.DispatcherServlet.doService(Ljavax/servlet/http/HttpServletRequest;Ljavax/servlet/http/HttpServletResponse;)V+301
j  org.springframework.web.servlet.FrameworkServlet.processRequest(Ljavax/servlet/http/HttpServletRequest;Ljavax/servlet/http/HttpServletResponse;)V+71
j  org.springframework.web.servlet.FrameworkServlet.doGet(Ljavax/servlet/http/HttpServletRequest;Ljavax/servlet/http/HttpServletResponse;)V+3
j  javax.servlet.http.HttpServlet.service(Ljavax/servlet/http/HttpServletRequest;Ljavax/servlet/http/HttpServletResponse;)V+35
j  org.springframework.web.servlet.FrameworkServlet.service(Ljavax/servlet/http/HttpServletRequest;Ljavax/servlet/http/HttpServletResponse;)V+42
j  javax.servlet.http.HttpServlet.service(Ljavax/servlet/ServletRequest;Ljavax/servlet/ServletResponse;)V+30
j  org.apache.catalina.core.ApplicationFilterChain.internalDoFilter(Ljavax/servlet/ServletRequest;Ljavax/servlet/ServletResponse;)V+304
j  org.apache.catalina.core.ApplicationFilterChain.doFilter(Ljavax/servlet/ServletRequest;Ljavax/servlet/ServletResponse;)V+101
j  org.apache.tomcat.websocket.server.WsFilter.doFilter(Ljavax/servlet/ServletRequest;Ljavax/servlet/ServletResponse;Ljavax/servlet/FilterChain;)V+21
j  org.apache.catalina.core.ApplicationFilterChain.internalDoFilter(Ljavax/servlet/ServletRequest;Ljavax/servlet/ServletResponse;)V+135
j  org.apache.catalina.core.ApplicationFilterChain.doFilter(Ljavax/servlet/ServletRequest;Ljavax/servlet/ServletResponse;)V+101
j  org.stagemonitor.web.servlet.MonitoredHttpRequest.execute()V+12
j  org.stagemonitor.tracing.RequestMonitor.monitor(Lorg/stagemonitor/tracing/MonitoredRequest;)Lorg/stagemonitor/tracing/SpanContextInformation;+6
j  org.stagemonitor.web.servlet.filter.HttpRequestMonitorFilter.monitorRequest(Ljavax/servlet/FilterChain;Ljavax/servlet/http/HttpServletRequest;Lorg/stagemonitor/web/servlet/filter/StatusExposingByteCountingServletResponse;)Lorg/stagemonitor/tracing/SpanContextInformation;+24
j  org.stagemonitor.web.servlet.filter.HttpRequestMonitorFilter.doMonitor(Ljavax/servlet/http/HttpServletRequest;Ljavax/servlet/http/HttpServletResponse;Ljavax/servlet/FilterChain;)V+50
j  org.stagemonitor.web.servlet.filter.HttpRequestMonitorFilter.doFilterInternal(Ljavax/servlet/http/HttpServletRequest;Ljavax/servlet/http/HttpServletResponse;Ljavax/servlet/FilterChain;)V+64
j  org.stagemonitor.web.servlet.filter.AbstractExclusionFilter.doFilter(Ljavax/servlet/ServletRequest;Ljavax/servlet/ServletResponse;Ljavax/servlet/FilterChain;)V+48
j  org.apache.catalina.core.ApplicationFilterChain.internalDoFilter(Ljavax/servlet/ServletRequest;Ljavax/servlet/ServletResponse;)V+135
j  org.apache.catalina.core.ApplicationFilterChain.doFilter(Ljavax/servlet/ServletRequest;Ljavax/servlet/ServletResponse;)V+101
j  org.springframework.security.web.authentication.logout.LogoutFilter.doFilter(Ljavax/servlet/ServletRequest;Ljavax/servlet/ServletResponse;Ljavax/servlet/FilterChain;)V+115
j  org.apache.catalina.core.ApplicationFilterChain.internalDoFilter(Ljavax/servlet/ServletRequest;Ljavax/servlet/ServletResponse;)V+135
j  org.apache.catalina.core.ApplicationFilterChain.doFilter(Ljavax/servlet/ServletRequest;Ljavax/servlet/ServletResponse;)V+101
j  net.ion.ice.security.cors.CORSFilter.doFilter(Ljavax/servlet/ServletRequest;Ljavax/servlet/ServletResponse;Ljavax/servlet/FilterChain;)V+96
j  org.apache.catalina.core.ApplicationFilterChain.internalDoFilter(Ljavax/servlet/ServletRequest;Ljavax/servlet/ServletResponse;)V+135
j  org.apache.catalina.core.ApplicationFilterChain.doFilter(Ljavax/servlet/ServletRequest;Ljavax/servlet/ServletResponse;)V+101
j  org.springframework.security.web.FilterChainProxy$VirtualFilterChain.doFilter(Ljavax/servlet/ServletRequest;Ljavax/servlet/ServletResponse;)V+68
j  org.springframework.security.web.access.intercept.FilterSecurityInterceptor.invoke(Lorg/springframework/security/web/FilterInvocation;)V+87
j  org.springframework.security.web.access.intercept.FilterSecurityInterceptor.doFilter(Ljavax/servlet/ServletRequest;Ljavax/servlet/ServletResponse;Ljavax/servlet/FilterChain;)V+15
j  org.springframework.security.web.FilterChainProxy$VirtualFilterChain.doFilter(Ljavax/servlet/ServletRequest;Ljavax/servlet/ServletResponse;)V+192
j  org.springframework.security.web.access.ExceptionTranslationFilter.doFilter(Ljavax/servlet/ServletRequest;Ljavax/servlet/ServletResponse;Ljavax/servlet/FilterChain;)V+17
j  org.springframework.security.web.FilterChainProxy$VirtualFilterChain.doFilter(Ljavax/servlet/ServletRequest;Ljavax/servlet/ServletResponse;)V+192
j  org.springframework.security.web.session.SessionManagementFilter.doFilter(Ljavax/servlet/ServletRequest;Ljavax/servlet/ServletResponse;Ljavax/servlet/FilterChain;)V+258
j  org.springframework.security.web.FilterChainProxy$VirtualFilterChain.doFilter(Ljavax/servlet/ServletRequest;Ljavax/servlet/ServletResponse;)V+192
j  org.springframework.security.web.authentication.AnonymousAuthenticationFilter.doFilter(Ljavax/servlet/ServletRequest;Ljavax/servlet/ServletResponse;Ljavax/servlet/FilterChain;)V+137
j  org.springframework.security.web.FilterChainProxy$VirtualFilterChain.doFilter(Ljavax/servlet/ServletRequest;Ljavax/servlet/ServletResponse;)V+192
j  org.springframework.security.web.servletapi.SecurityContextHolderAwareRequestFilter.doFilter(Ljavax/servlet/ServletRequest;Ljavax/servlet/ServletResponse;Ljavax/servlet/FilterChain;)V+19
j  org.springframework.security.web.FilterChainProxy$VirtualFilterChain.doFilter(Ljavax/servlet/ServletRequest;Ljavax/servlet/ServletResponse;)V+192
j  org.springframework.security.web.savedrequest.RequestCacheAwareFilter.doFilter(Ljavax/servlet/ServletRequest;Ljavax/servlet/ServletResponse;Ljavax/servlet/FilterChain;)V+32
j  org.springframework.security.web.FilterChainProxy$VirtualFilterChain.doFilter(Ljavax/servlet/ServletRequest;Ljavax/servlet/ServletResponse;)V+192
j  org.springframework.security.web.authentication.logout.LogoutFilter.doFilter(Ljavax/servlet/ServletRequest;Ljavax/servlet/ServletResponse;Ljavax/servlet/FilterChain;)V+115
j  org.springframework.security.web.FilterChainProxy$VirtualFilterChain.doFilter(Ljavax/servlet/ServletRequest;Ljavax/servlet/ServletResponse;)V+192
j  org.springframework.security.web.authentication.AbstractAuthenticationProcessingFilter.doFilter(Ljavax/servlet/ServletRequest;Ljavax/servlet/ServletResponse;Ljavax/servlet/FilterChain;)V+28
j  org.springframework.security.web.FilterChainProxy$VirtualFilterChain.doFilter(Ljavax/servlet/ServletRequest;Ljavax/servlet/ServletResponse;)V+192
j  org.springframework.security.web.authentication.logout.LogoutFilter.doFilter(Ljavax/servlet/ServletRequest;Ljavax/servlet/ServletResponse;Ljavax/servlet/FilterChain;)V+115
j  org.springframework.security.web.FilterChainProxy$VirtualFilterChain.doFilter(Ljavax/servlet/ServletRequest;Ljavax/servlet/ServletResponse;)V+192
j  org.springframework.security.web.authentication.AbstractAuthenticationProcessingFilter.doFilter(Ljavax/servlet/ServletRequest;Ljavax/servlet/ServletResponse;Ljavax/servlet/FilterChain;)V+28
j  org.springframework.security.web.FilterChainProxy$VirtualFilterChain.doFilter(Ljavax/servlet/ServletRequest;Ljavax/servlet/ServletResponse;)V+192
j  org.springframework.web.filter.CorsFilter.doFilterInternal(Ljavax/servlet/http/HttpServletRequest;Ljavax/servlet/http/HttpServletResponse;Ljavax/servlet/FilterChain;)V+55
j  org.springframework.web.filter.OncePerRequestFilter.doFilter(Ljavax/servlet/ServletRequest;Ljavax/servlet/ServletResponse;Ljavax/servlet/FilterChain;)V+111
j  org.springframework.security.web.FilterChainProxy$VirtualFilterChain.doFilter(Ljavax/servlet/ServletRequest;Ljavax/servlet/ServletResponse;)V+192
j  org.springframework.security.web.header.HeaderWriterFilter.doFilterInternal(Ljavax/servlet/http/HttpServletRequest;Ljavax/servlet/http/HttpServletResponse;Ljavax/servlet/FilterChain;)V+48
j  org.springframework.web.filter.OncePerRequestFilter.doFilter(Ljavax/servlet/ServletRequest;Ljavax/servlet/ServletResponse;Ljavax/servlet/FilterChain;)V+111
j  org.springframework.security.web.FilterChainProxy$VirtualFilterChain.doFilter(Ljavax/servlet/ServletRequest;Ljavax/servlet/ServletResponse;)V+192
j  org.springframework.security.web.context.SecurityContextPersistenceFilter.doFilter(Ljavax/servlet/ServletRequest;Ljavax/servlet/ServletResponse;Ljavax/servlet/FilterChain;)V+165
j  org.springframework.security.web.FilterChainProxy$VirtualFilterChain.doFilter(Ljavax/servlet/ServletRequest;Ljavax/servlet/ServletResponse;)V+192
j  org.springframework.security.web.context.request.async.WebAsyncManagerIntegrationFilter.doFilterInternal(Ljavax/servlet/http/HttpServletRequest;Ljavax/servlet/http/HttpServletResponse;Ljavax/servlet/FilterChain;)V+42
j  org.springframework.web.filter.OncePerRequestFilter.doFilter(Ljavax/servlet/ServletRequest;Ljavax/servlet/ServletResponse;Ljavax/servlet/FilterChain;)V+111
j  org.springframework.security.web.FilterChainProxy$VirtualFilterChain.doFilter(Ljavax/servlet/ServletRequest;Ljavax/servlet/ServletResponse;)V+192
j  org.springframework.security.web.FilterChainProxy.doFilterInternal(Ljavax/servlet/ServletRequest;Ljavax/servlet/ServletResponse;Ljavax/servlet/FilterChain;)V+142
j  org.springframework.security.web.FilterChainProxy.doFilter(Ljavax/servlet/ServletRequest;Ljavax/servlet/ServletResponse;Ljavax/servlet/FilterChain;)V+40
j  org.springframework.web.filter.DelegatingFilterProxy.invokeDelegate(Ljavax/servlet/Filter;Ljavax/servlet/ServletRequest;Ljavax/servlet/ServletResponse;Ljavax/servlet/FilterChain;)V+5
j  org.springframework.web.filter.DelegatingFilterProxy.doFilter(Ljavax/servlet/ServletRequest;Ljavax/servlet/ServletResponse;Ljavax/servlet/FilterChain;)V+83
j  org.apache.catalina.core.ApplicationFilterChain.internalDoFilter(Ljavax/servlet/ServletRequest;Ljavax/servlet/ServletResponse;)V+135
j  org.apache.catalina.core.ApplicationFilterChain.doFilter(Ljavax/servlet/ServletRequest;Ljavax/servlet/ServletResponse;)V+101
j  org.springframework.web.filter.RequestContextFilter.doFilterInternal(Ljavax/servlet/http/HttpServletRequest;Ljavax/servlet/http/HttpServletResponse;Ljavax/servlet/FilterChain;)V+21
j  org.springframework.web.filter.OncePerRequestFilter.doFilter(Ljavax/servlet/ServletRequest;Ljavax/servlet/ServletResponse;Ljavax/servlet/FilterChain;)V+111
j  org.apache.catalina.core.ApplicationFilterChain.internalDoFilter(Ljavax/servlet/ServletRequest;Ljavax/servlet/ServletResponse;)V+135
j  org.apache.catalina.core.ApplicationFilterChain.doFilter(Ljavax/servlet/ServletRequest;Ljavax/servlet/ServletResponse;)V+101
j  org.springframework.web.filter.HttpPutFormContentFilter.doFilterInternal(Ljavax/servlet/http/HttpServletRequest;Ljavax/servlet/http/HttpServletResponse;Ljavax/servlet/FilterChain;)V+95
j  org.springframework.web.filter.OncePerRequestFilter.doFilter(Ljavax/servlet/ServletRequest;Ljavax/servlet/ServletResponse;Ljavax/servlet/FilterChain;)V+111
j  org.apache.catalina.core.ApplicationFilterChain.internalDoFilter(Ljavax/servlet/ServletRequest;Ljavax/servlet/ServletResponse;)V+135
j  org.apache.catalina.core.ApplicationFilterChain.doFilter(Ljavax/servlet/ServletRequest;Ljavax/servlet/ServletResponse;)V+101
j  org.springframework.web.filter.HiddenHttpMethodFilter.doFilterInternal(Ljavax/servlet/http/HttpServletRequest;Ljavax/servlet/http/HttpServletResponse;Ljavax/servlet/FilterChain;)V+64
j  org.springframework.web.filter.OncePerRequestFilter.doFilter(Ljavax/servlet/ServletRequest;Ljavax/servlet/ServletResponse;Ljavax/servlet/FilterChain;)V+111
j  org.apache.catalina.core.ApplicationFilterChain.internalDoFilter(Ljavax/servlet/ServletRequest;Ljavax/servlet/ServletResponse;)V+135
j  org.apache.catalina.core.ApplicationFilterChain.doFilter(Ljavax/servlet/ServletRequest;Ljavax/servlet/ServletResponse;)V+101
j  org.springframework.web.filter.CharacterEncodingFilter.doFilterInternal(Ljavax/servlet/http/HttpServletRequest;Ljavax/servlet/http/HttpServletResponse;Ljavax/servlet/FilterChain;)V+53
j  org.springframework.web.filter.OncePerRequestFilter.doFilter(Ljavax/servlet/ServletRequest;Ljavax/servlet/ServletResponse;Ljavax/servlet/FilterChain;)V+111
j  org.apache.catalina.core.ApplicationFilterChain.internalDoFilter(Ljavax/servlet/ServletRequest;Ljavax/servlet/ServletResponse;)V+135
j  org.apache.catalina.core.ApplicationFilterChain.doFilter(Ljavax/servlet/ServletRequest;Ljavax/servlet/ServletResponse;)V+101
j  org.apache.catalina.core.StandardWrapperValve.invoke(Lorg/apache/catalina/connector/Request;Lorg/apache/catalina/connector/Response;)V+688
j  org.apache.catalina.core.StandardContextValve.invoke(Lorg/apache/catalina/connector/Request;Lorg/apache/catalina/connector/Response;)V+166
j  org.apache.catalina.authenticator.AuthenticatorBase.invoke(Lorg/apache/catalina/connector/Request;Lorg/apache/catalina/connector/Response;)V+272
j  org.apache.catalina.core.StandardHostValve.invoke(Lorg/apache/catalina/connector/Request;Lorg/apache/catalina/connector/Response;)V+138
j  org.apache.catalina.valves.ErrorReportValve.invoke(Lorg/apache/catalina/connector/Request;Lorg/apache/catalina/connector/Response;)V+6
j  org.apache.catalina.core.StandardEngineValve.invoke(Lorg/apache/catalina/connector/Request;Lorg/apache/catalina/connector/Response;)V+71
j  org.apache.catalina.connector.CoyoteAdapter.service(Lorg/apache/coyote/Request;Lorg/apache/coyote/Response;)V+199
j  org.apache.coyote.http11.Http11Processor.service(Lorg/apache/tomcat/util/net/SocketWrapperBase;)Lorg/apache/tomcat/util/net/AbstractEndpoint$Handler$SocketState;+806
j  org.apache.coyote.AbstractProcessorLight.process(Lorg/apache/tomcat/util/net/SocketWrapperBase;Lorg/apache/tomcat/util/net/SocketEvent;)Lorg/apache/tomcat/util/net/AbstractEndpoint$Handler$SocketState;+113
j  org.apache.coyote.AbstractProtocol$ConnectionHandler.process(Lorg/apache/tomcat/util/net/SocketWrapperBase;Lorg/apache/tomcat/util/net/SocketEvent;)Lorg/apache/tomcat/util/net/AbstractEndpoint$Handler$SocketState;+378
j  org.apache.tomcat.util.net.NioEndpoint$SocketProcessor.doRun()V+191
j  org.apache.tomcat.util.net.SocketProcessorBase.run()V+21
j  java.util.concurrent.ThreadPoolExecutor.runWorker(Ljava/util/concurrent/ThreadPoolExecutor$Worker;)V+95
j  java.util.concurrent.ThreadPoolExecutor$Worker.run()V+5
j  org.apache.tomcat.util.threads.TaskThread$WrappingRunnable.run()V+4
j  java.lang.Thread.run()V+11
v  ~StubRoutines::call_stub

---------------  P R O C E S S  ---------------

Java Threads: ( => current thread )
  0x00007fc91cc79800 JavaThread "hz.ice-cluster-hazelcast.cached.thread-11" [_thread_blocked, id=67843, stack(0x0000700009d5c000,0x0000700009e5c000)]
  0x00007fc91a2da800 JavaThread "hz.ice-cluster-hazelcast.cached.thread-10" [_thread_blocked, id=67331, stack(0x0000700009c59000,0x0000700009d59000)]
  0x00007fc91cc78800 JavaThread "hz.ice-cluster-hazelcast.cached.thread-9" [_thread_blocked, id=66819, stack(0x0000700009b56000,0x0000700009c56000)]
  0x00007fc91b3c8800 JavaThread "hz.ice-cluster-hazelcast.cached.thread-8" [_thread_blocked, id=66307, stack(0x0000700009a53000,0x0000700009b53000)]
  0x00007fc91b56d800 JavaThread "Keep-Alive-Timer" daemon [_thread_blocked, id=30991, stack(0x0000700004a66000,0x0000700004b66000)]
  0x00007fc91aed3000 JavaThread "hz.ice-cluster-hazelcast.cached.thread-7" [_thread_blocked, id=65795, stack(0x0000700009950000,0x0000700009a50000)]
  0x00007fc91a434800 JavaThread "hz.ice-cluster-hazelcast.cached.thread-6" [_thread_blocked, id=65283, stack(0x000070000984d000,0x000070000994d000)]
  0x00007fc91bdf6800 JavaThread "hz.ice-cluster-hazelcast.cached.thread-5" [_thread_blocked, id=64771, stack(0x000070000974a000,0x000070000984a000)]
  0x00007fc91b99f000 JavaThread "hz.ice-cluster-hazelcast.cached.thread-4" [_thread_blocked, id=64259, stack(0x0000700009647000,0x0000700009747000)]
  0x00007fc91ae76000 JavaThread "async-request-reporter" daemon [_thread_blocked, id=63747, stack(0x0000700009544000,0x0000700009644000)]
  0x00007fc91a3e4000 JavaThread "Hibernate Search sync consumer thread for index net.ion.ice.core.node.Node" daemon [_thread_blocked, id=63239, stack(0x0000700009441000,0x0000700009541000)]
  0x00007fc91ae3f800 JavaThread "Hibernate Search sync consumer thread for index net.ion.ice.core.node.Node" daemon [_thread_blocked, id=24343, stack(0x0000700005587000,0x0000700005687000)]
  0x00007fc91a3de000 JavaThread "commons-pool-EvictionTimer" daemon [_thread_blocked, id=31495, stack(0x0000700005484000,0x0000700005584000)]
  0x00007fc91a25f800 JavaThread "Abandoned connection cleanup thread" daemon [_thread_blocked, id=28423, stack(0x0000700004e72000,0x0000700004f72000)]
  0x00007fc91b313000 JavaThread "Hibernate Search sync consumer thread for index net.ion.ice.core.node.Node" daemon [_thread_blocked, id=25883, stack(0x0000700004963000,0x0000700004a63000)]
  0x00007fc91ccd5800 JavaThread "Hibernate Search sync consumer thread for index net.ion.ice.core.node.Node" daemon [_thread_blocked, id=26375, stack(0x000070000465a000,0x000070000475a000)]
  0x00007fc91d9bf000 JavaThread "RMI TCP Connection(idle)" daemon [_thread_blocked, id=62723, stack(0x000070000933e000,0x000070000943e000)]
  0x00007fc91a837000 JavaThread "RMI TCP Connection(idle)" daemon [_thread_blocked, id=24839, stack(0x000070000475d000,0x000070000485d000)]
  0x00007fc91a00f000 JavaThread "DestroyJavaVM" [_thread_blocked, id=7171, stack(0x0000700002f15000,0x0000700003015000)]
  0x00007fc91d9be800 JavaThread "http-nio-8080-AsyncTimeout" daemon [_thread_blocked, id=62211, stack(0x000070000923b000,0x000070000933b000)]
  0x00007fc91cc75800 JavaThread "http-nio-8080-Acceptor-0" daemon [_thread_in_native, id=61699, stack(0x0000700009138000,0x0000700009238000)]
  0x00007fc91bbd8000 JavaThread "http-nio-8080-ClientPoller-1" daemon [_thread_in_native, id=61187, stack(0x0000700009035000,0x0000700009135000)]
  0x00007fc91be26800 JavaThread "http-nio-8080-ClientPoller-0" daemon [_thread_in_native, id=60675, stack(0x0000700008f32000,0x0000700009032000)]
  0x00007fc91cc74000 JavaThread "http-nio-8080-exec-10" daemon [_thread_blocked, id=60163, stack(0x0000700008e2f000,0x0000700008f2f000)]
  0x00007fc91cc70000 JavaThread "http-nio-8080-exec-9" daemon [_thread_blocked, id=59651, stack(0x0000700008d2c000,0x0000700008e2c000)]
  0x00007fc91a3cd800 JavaThread "http-nio-8080-exec-8" daemon [_thread_blocked, id=59139, stack(0x0000700008c29000,0x0000700008d29000)]
  0x00007fc91b53c000 JavaThread "http-nio-8080-exec-7" daemon [_thread_blocked, id=58627, stack(0x0000700008b26000,0x0000700008c26000)]
  0x00007fc91b53b000 JavaThread "http-nio-8080-exec-6" daemon [_thread_blocked, id=58115, stack(0x0000700008a23000,0x0000700008b23000)]
  0x00007fc91be1e000 JavaThread "http-nio-8080-exec-5" daemon [_thread_blocked, id=57603, stack(0x0000700008920000,0x0000700008a20000)]
  0x00007fc91a3cf000 JavaThread "http-nio-8080-exec-4" daemon [_thread_blocked, id=57091, stack(0x000070000881d000,0x000070000891d000)]
=>0x00007fc91a3bc000 JavaThread "http-nio-8080-exec-3" daemon [_thread_in_vm, id=56579, stack(0x000070000871a000,0x000070000881a000)]
  0x00007fc91b53a800 JavaThread "http-nio-8080-exec-2" daemon [_thread_blocked, id=56067, stack(0x0000700008617000,0x0000700008717000)]
  0x00007fc91b6f8000 JavaThread "http-nio-8080-exec-1" daemon [_thread_blocked, id=55555, stack(0x0000700008514000,0x0000700008614000)]
  0x00007fc91cc73000 JavaThread "NioBlockingSelector.BlockPoller-1" daemon [_thread_in_native, id=55043, stack(0x0000700008411000,0x0000700008511000)]
  0x00007fc91d996800 JavaThread "Live Reload Server" daemon [_thread_in_native, id=54535, stack(0x000070000830e000,0x000070000840e000)]
  0x00007fc91d995000 JavaThread "File Watcher" daemon [_thread_blocked, id=54027, stack(0x000070000820b000,0x000070000830b000)]
  0x00007fc91d995800 JavaThread "Hibernate Search sync consumer thread for index net.ion.ice.core.node.Node" daemon [_thread_blocked, id=53507, stack(0x0000700008108000,0x0000700008208000)]
  0x00007fc91cc64000 JavaThread "Hibernate Search sync consumer thread for index net.ion.ice.core.node.Node" daemon [_thread_blocked, id=52995, stack(0x0000700008005000,0x0000700008105000)]
  0x00007fc91be0e800 JavaThread "Hibernate Search sync consumer thread for index net.ion.ice.core.node.Node" daemon [_thread_blocked, id=52483, stack(0x0000700007f02000,0x0000700008002000)]
  0x00007fc91d992000 JavaThread "Hibernate Search sync consumer thread for index net.ion.ice.core.node.Node" daemon [_thread_blocked, id=51971, stack(0x0000700007dff000,0x0000700007eff000)]
  0x00007fc91b647800 JavaThread "Hibernate Search sync consumer thread for index net.ion.ice.core.node.Node" daemon [_thread_blocked, id=51459, stack(0x0000700007cfc000,0x0000700007dfc000)]
  0x00007fc91b40a800 JavaThread "Hibernate Search sync consumer thread for index net.ion.ice.core.node.Node" daemon [_thread_blocked, id=50947, stack(0x0000700007bf9000,0x0000700007cf9000)]
  0x00007fc91ca35800 JavaThread "Thread-31" [_thread_blocked, id=50435, stack(0x0000700007af6000,0x0000700007bf6000)]
  0x00007fc91a30d800 JavaThread "Thread-30" [_thread_blocked, id=49923, stack(0x00007000079f3000,0x0000700007af3000)]
  0x00007fc91a2d9800 JavaThread "Thread-29" [_thread_blocked, id=49415, stack(0x00007000078f0000,0x00007000079f0000)]
  0x00007fc91c92f000 JavaThread "Hibernate Search sync consumer thread for index net.ion.ice.core.node.Node" daemon [_thread_blocked, id=48903, stack(0x00007000077ed000,0x00007000078ed000)]
  0x00007fc91a26f000 JavaThread "expiration-thread--p3-t1" daemon [_thread_blocked, id=48391, stack(0x00007000076ea000,0x00007000077ea000)]
  0x00007fc91bb58000 JavaThread "hz.ice-cluster-hazelcast.HealthMonitor" daemon [_thread_blocked, id=47883, stack(0x00007000075e7000,0x00007000076e7000)]
  0x00007fc91b65a800 JavaThread "hz.ice-cluster-hazelcast.cached.thread-3" [_thread_blocked, id=47363, stack(0x00007000074e4000,0x00007000075e4000)]
  0x00007fc91aebf000 JavaThread "hz.ice-cluster-hazelcast.IO.thread-Acceptor" [_thread_in_native, id=46851, stack(0x00007000073e1000,0x00007000074e1000)]
  0x00007fc91ab28800 JavaThread "hz.ice-cluster-hazelcast.IOBalancerThread" [_thread_blocked, id=46339, stack(0x00007000072de000,0x00007000073de000)]
  0x00007fc91aebe000 JavaThread "hz.ice-cluster-hazelcast.IO.thread-out-2" [_thread_in_native, id=45827, stack(0x00007000071db000,0x00007000072db000)]
  0x00007fc91b689000 JavaThread "hz.ice-cluster-hazelcast.IO.thread-out-1" [_thread_in_native, id=45315, stack(0x00007000070d8000,0x00007000071d8000)]
  0x00007fc91b686800 JavaThread "hz.ice-cluster-hazelcast.IO.thread-out-0" [_thread_in_native, id=44803, stack(0x0000700006fd5000,0x00007000070d5000)]
  0x00007fc91b376000 JavaThread "hz.ice-cluster-hazelcast.IO.thread-in-2" [_thread_in_native, id=44291, stack(0x0000700006ed2000,0x0000700006fd2000)]
  0x00007fc91b375800 JavaThread "hz.ice-cluster-hazelcast.IO.thread-in-1" [_thread_in_native, id=43779, stack(0x0000700006dcf000,0x0000700006ecf000)]
  0x00007fc91b261800 JavaThread "hz.ice-cluster-hazelcast.IO.thread-in-0" [_thread_in_native, id=43267, stack(0x0000700006ccc000,0x0000700006dcc000)]
  0x00007fc91a1e0000 JavaThread "hz.ice-cluster-hazelcast.cached.thread-2" [_thread_blocked, id=42755, stack(0x0000700006bc9000,0x0000700006cc9000)]
  0x00007fc91ae8f000 JavaThread "hz.ice-cluster-hazelcast.SlowOperationDetectorThread" [_thread_blocked, id=42243, stack(0x0000700006ac6000,0x0000700006bc6000)]
  0x00007fc91b94d800 JavaThread "hz.ice-cluster-hazelcast.response" [_thread_blocked, id=41731, stack(0x00007000069c3000,0x0000700006ac3000)]
  0x00007fc91a157800 JavaThread "hz.ice-cluster-hazelcast.generic-operation.thread-1" [_thread_blocked, id=41219, stack(0x00007000068c0000,0x00007000069c0000)]
  0x00007fc91a19f000 JavaThread "hz.ice-cluster-hazelcast.generic-operation.thread-0" [_thread_blocked, id=40707, stack(0x00007000067bd000,0x00007000068bd000)]
  0x00007fc91a176800 JavaThread "hz.ice-cluster-hazelcast.priority-generic-operation.thread-0" [_thread_blocked, id=40195, stack(0x00007000066ba000,0x00007000067ba000)]
  0x00007fc91b267800 JavaThread "hz.ice-cluster-hazelcast.partition-operation.thread-3" [_thread_blocked, id=39683, stack(0x00007000065b7000,0x00007000066b7000)]
  0x00007fc91ae8e000 JavaThread "hz.ice-cluster-hazelcast.partition-operation.thread-2" [_thread_blocked, id=39171, stack(0x00007000064b4000,0x00007000065b4000)]
  0x00007fc91ae5e000 JavaThread "hz.ice-cluster-hazelcast.partition-operation.thread-1" [_thread_blocked, id=38659, stack(0x00007000063b1000,0x00007000064b1000)]
  0x00007fc91a108000 JavaThread "hz.ice-cluster-hazelcast.partition-operation.thread-0" [_thread_blocked, id=38147, stack(0x00007000062ae000,0x00007000063ae000)]
  0x00007fc91bb66800 JavaThread "hz.ice-cluster-hazelcast.InvocationMonitorThread" [_thread_blocked, id=37635, stack(0x00007000061ab000,0x00007000062ab000)]
  0x00007fc91aeb8000 JavaThread "hz.ice-cluster-hazelcast.cached.thread-1" [_thread_blocked, id=37123, stack(0x00007000060a8000,0x00007000061a8000)]
  0x00007fc91bb66000 JavaThread "hz.ice-cluster-hazelcast.migration" [_thread_blocked, id=36611, stack(0x0000700005fa5000,0x00007000060a5000)]
  0x00007fc91b1ac800 JavaThread "MetricsRegistry-thread-2" [_thread_blocked, id=36099, stack(0x0000700005ea2000,0x0000700005fa2000)]
  0x00007fc91b1e5800 JavaThread "MetricsRegistry-thread-1" [_thread_blocked, id=35591, stack(0x0000700005d9f000,0x0000700005e9f000)]
  0x00007fc91b1d8000 JavaThread "hz.ice-cluster-hazelcast.operation-parker" [_thread_blocked, id=35075, stack(0x0000700005c9c000,0x0000700005d9c000)]
  0x00007fc91bd9e000 JavaThread "hz.ice-cluster-hazelcast.event-5" [_thread_blocked, id=34563, stack(0x0000700005b99000,0x0000700005c99000)]
  0x00007fc91b1d7800 JavaThread "hz.ice-cluster-hazelcast.event-4" [_thread_blocked, id=34051, stack(0x0000700005a96000,0x0000700005b96000)]
  0x00007fc91b181800 JavaThread "hz.ice-cluster-hazelcast.event-3" [_thread_blocked, id=33539, stack(0x0000700005993000,0x0000700005a93000)]
  0x00007fc91a1f6000 JavaThread "hz.ice-cluster-hazelcast.event-2" [_thread_blocked, id=33027, stack(0x0000700005890000,0x0000700005990000)]
  0x00007fc91ae5f000 JavaThread "hz.ice-cluster-hazelcast.event-1" [_thread_blocked, id=32515, stack(0x000070000578d000,0x000070000588d000)]
  0x00007fc91b184800 JavaThread "hz.ice-cluster-hazelcast.scheduled.thread-" [_thread_blocked, id=32007, stack(0x000070000568a000,0x000070000578a000)]
  0x00007fc91cc9a000 JavaThread "container-0" [_thread_blocked, id=4871, stack(0x0000700005381000,0x0000700005481000)]
  0x00007fc91b6ce000 JavaThread "ContainerBackgroundProcessor[StandardEngine[Tomcat]]" daemon [_thread_blocked, id=4107, stack(0x0000700002d8c000,0x0000700002e8c000)]
  0x00007fc91a2db000 JavaThread "RMI TCP Connection(idle)" daemon [_thread_blocked, id=30471, stack(0x000070000527e000,0x000070000537e000)]
  0x00007fc91ba3e800 JavaThread "Attach Listener" daemon [_thread_blocked, id=29955, stack(0x000070000517b000,0x000070000527b000)]
  0x00007fc91cc24000 JavaThread "type-pool-cache-evicter" daemon [_thread_blocked, id=29443, stack(0x0000700005078000,0x0000700005178000)]
  0x00007fc91a2f6000 JavaThread "stagemonitor-elasticsearch-reporter" daemon [_thread_blocked, id=28931, stack(0x0000700004f75000,0x0000700005075000)]
  0x00007fc91cc1f800 JavaThread "async-elasticsearch" daemon [_thread_blocked, id=27907, stack(0x0000700004d6f000,0x0000700004e6f000)]
  0x00007fc91a2d6000 JavaThread "elasticsearch-tasks" daemon [_thread_blocked, id=27395, stack(0x0000700004c6c000,0x0000700004d6c000)]
  0x00007fc91c80e000 JavaThread "configuration-reloader" daemon [_thread_blocked, id=26891, stack(0x0000700004b69000,0x0000700004c69000)]
  0x00007fc91b2c1800 JavaThread "logback-appender-STASH-125.131.88.156:5000-2" daemon [_thread_blocked, id=25351, stack(0x0000700004860000,0x0000700004960000)]
  0x00007fc91aca9000 JavaThread "RMI TCP Connection(idle)" daemon [_thread_blocked, id=23811, stack(0x0000700004557000,0x0000700004657000)]
  0x00007fc91b990800 JavaThread "RMI Scheduler(0)" daemon [_thread_blocked, id=23299, stack(0x0000700004454000,0x0000700004554000)]
  0x00007fc91acaf000 JavaThread "RMI TCP Connection(idle)" daemon [_thread_blocked, id=22787, stack(0x0000700004351000,0x0000700004451000)]
  0x00007fc91aca8800 JavaThread "RMI TCP Accept-0" daemon [_thread_in_native, id=21763, stack(0x000070000414b000,0x000070000424b000)]
  0x00007fc91a121800 JavaThread "RMI TCP Accept-55486" daemon [_thread_in_native, id=21251, stack(0x0000700004048000,0x0000700004148000)]
  0x00007fc91b247000 JavaThread "RMI TCP Accept-0" daemon [_thread_in_native, id=20739, stack(0x0000700003f45000,0x0000700004045000)]
  0x00007fc91ac6b800 JavaThread "Service Thread" daemon [_thread_blocked, id=20227, stack(0x0000700003e42000,0x0000700003f42000)]
  0x00007fc91a0f2800 JavaThread "C1 CompilerThread2" daemon [_thread_blocked, id=19715, stack(0x0000700003d3f000,0x0000700003e3f000)]
  0x00007fc91a0f2000 JavaThread "C2 CompilerThread1" daemon [_thread_blocked, id=19203, stack(0x0000700003c3c000,0x0000700003d3c000)]
  0x00007fc91a0f1000 JavaThread "C2 CompilerThread0" daemon [_thread_blocked, id=18691, stack(0x0000700003b39000,0x0000700003c39000)]
  0x00007fc91a035800 JavaThread "JDWP Command Reader" daemon [_thread_in_native, id=18179, stack(0x0000700003a36000,0x0000700003b36000)]
  0x00007fc91a036800 JavaThread "JDWP Event Helper Thread" daemon [_thread_blocked, id=17667, stack(0x0000700003933000,0x0000700003a33000)]
  0x00007fc91b052000 JavaThread "JDWP Transport Listener: dt_socket" daemon [_thread_blocked, id=17155, stack(0x0000700003830000,0x0000700003930000)]
  0x00007fc91b07d800 JavaThread "Signal Dispatcher" daemon [_thread_blocked, id=16643, stack(0x000070000372d000,0x000070000382d000)]
  0x00007fc91b801000 JavaThread "Finalizer" daemon [_thread_blocked, id=12547, stack(0x000070000362a000,0x000070000372a000)]
  0x00007fc91b800000 JavaThread "Reference Handler" daemon [_thread_blocked, id=12035, stack(0x0000700003527000,0x0000700003627000)]

Other Threads:
  0x00007fc91b07b000 VMThread [stack: 0x0000700003424000,0x0000700003524000] [id=11523]
  0x00007fc91a122800 WatcherThread [stack: 0x000070000424e000,0x000070000434e000] [id=22275]

VM state:synchronizing (normal execution)

VM Mutex/Monitor currently owned by a thread:  ([mutex/lock_event])
[0x00007fc919e02f50] Threads_lock - owner thread: 0x00007fc91b07b000

Heap:
 PSYoungGen      total 937472K, used 743477K [0x000000076ab00000, 0x00000007a6000000, 0x00000007c0000000)
  eden space 910848K, 81% used [0x000000076ab00000,0x000000079810d5c0,0x00000007a2480000)
  from space 26624K, 0% used [0x00000007a3f00000,0x00000007a3f00000,0x00000007a5900000)
  to   space 27136K, 0% used [0x00000007a2480000,0x00000007a2480000,0x00000007a3f00000)
 ParOldGen       total 160768K, used 31283K [0x00000006c0000000, 0x00000006c9d00000, 0x000000076ab00000)
  object space 160768K, 19% used [0x00000006c0000000,0x00000006c1e8cc60,0x00000006c9d00000)
 Metaspace       used 69678K, capacity 71176K, committed 71552K, reserved 1110016K
  class space    used 9709K, capacity 10020K, committed 10112K, reserved 1048576K

Card table byte_map: [0x00000001031c0000,0x00000001039c1000] byte_map_base: 0x00000000ffbc0000

Marking Bits: (ParMarkBitMap*) 0x0000000101de3e20
 Begin Bits: [0x0000000113249000, 0x0000000117249000)
 End Bits:   [0x0000000117249000, 0x000000011b249000)

Polling page: 0x00000001024d1000

CodeCache: size=245760Kb used=14192Kb max_used=14284Kb free=231567Kb
 bounds [0x0000000104249000, 0x0000000105049000, 0x0000000113249000]
 total_blobs=7754 nmethods=7098 adapters=575
 compilation: enabled

Compilation events (10 events):
Event: 65.962 Thread 0x00007fc91a0f2800 7261       1       org.apache.catalina.connector.Request::getRequestURI (11 bytes)
Event: 65.963 Thread 0x00007fc91a0f2800 nmethod 7261 0x0000000104944c10 code [0x0000000104944d80, 0x0000000104944ec8]
Event: 65.963 Thread 0x00007fc91a0f2800 7257       1       org.apache.coyote.Request::getCharacterEncoding (23 bytes)
Event: 65.963 Thread 0x00007fc91a0f2800 nmethod 7257 0x0000000104944650 code [0x00000001049447e0, 0x0000000104944a38]
Event: 65.982 Thread 0x00007fc91a0f2800 7262       1       org.apache.catalina.webresources.CachedResource::getNextCheck (5 bytes)
Event: 65.982 Thread 0x00007fc91a0f2800 nmethod 7262 0x0000000104944390 code [0x00000001049444e0, 0x00000001049445f0]
Event: 68.795 Thread 0x00007fc91a0f2800 7263       1       com.hazelcast.spi.impl.operationservice.impl.InvocationMonitor::access$700 (5 bytes)
Event: 68.796 Thread 0x00007fc91a0f2800 nmethod 7263 0x00000001049440d0 code [0x0000000104944220, 0x0000000104944310]
Event: 69.415 Thread 0x00007fc91a0f2800 7264       1       com.hazelcast.spi.impl.operationservice.impl.InvocationMonitor::access$400 (5 bytes)
Event: 69.415 Thread 0x00007fc91a0f2800 nmethod 7264 0x0000000104943e10 code [0x0000000104943f60, 0x0000000104944050]

GC Heap History (10 events):
Event: 4.649 GC heap before
{Heap before GC invocations=11 (full 1):
 PSYoungGen      total 463872K, used 40242K [0x000000076ab00000, 0x0000000793e80000, 0x00000007c0000000)
  eden space 448000K, 5% used [0x000000076ab00000,0x000000076c2ce750,0x0000000786080000)
  from space 15872K, 99% used [0x0000000786080000,0x0000000786ffe0c8,0x0000000787000000)
  to   space 21504K, 0% used [0x0000000792980000,0x0000000792980000,0x0000000793e80000)
 ParOldGen       total 90112K, used 17746K [0x00000006c0000000, 0x00000006c5800000, 0x000000076ab00000)
  object space 90112K, 19% used [0x00000006c0000000,0x00000006c1154858,0x00000006c5800000)
 Metaspace       used 34786K, capacity 35342K, committed 35416K, reserved 1079296K
  class space    used 4669K, capacity 4833K, committed 4864K, reserved 1048576K
Event: 4.663 GC heap after
Heap after GC invocations=11 (full 1):
 PSYoungGen      total 654336K, used 5797K [0x000000076ab00000, 0x0000000795900000, 0x00000007c0000000)
  eden space 632832K, 0% used [0x000000076ab00000,0x000000076ab00000,0x0000000791500000)
  from space 21504K, 26% used [0x0000000792980000,0x0000000792f295d8,0x0000000793e80000)
  to   space 20992K, 0% used [0x0000000791500000,0x0000000791500000,0x0000000792980000)
 ParOldGen       total 90112K, used 28280K [0x00000006c0000000, 0x00000006c5800000, 0x000000076ab00000)
  object space 90112K, 31% used [0x00000006c0000000,0x00000006c1b9e2d0,0x00000006c5800000)
 Metaspace       used 34786K, capacity 35342K, committed 35416K, reserved 1079296K
  class space    used 4669K, capacity 4833K, committed 4864K, reserved 1048576K
}
Event: 4.663 GC heap before
{Heap before GC invocations=12 (full 2):
 PSYoungGen      total 654336K, used 5797K [0x000000076ab00000, 0x0000000795900000, 0x00000007c0000000)
  eden space 632832K, 0% used [0x000000076ab00000,0x000000076ab00000,0x0000000791500000)
  from space 21504K, 26% used [0x0000000792980000,0x0000000792f295d8,0x0000000793e80000)
  to   space 20992K, 0% used [0x0000000791500000,0x0000000791500000,0x0000000792980000)
 ParOldGen       total 90112K, used 28280K [0x00000006c0000000, 0x00000006c5800000, 0x000000076ab00000)
  object space 90112K, 31% used [0x00000006c0000000,0x00000006c1b9e2d0,0x00000006c5800000)
 Metaspace       used 34786K, capacity 35342K, committed 35416K, reserved 1079296K
  class space    used 4669K, capacity 4833K, committed 4864K, reserved 1048576K
Event: 4.717 GC heap after
Heap after GC invocations=12 (full 2):
 PSYoungGen      total 654336K, used 0K [0x000000076ab00000, 0x0000000795900000, 0x00000007c0000000)
  eden space 632832K, 0% used [0x000000076ab00000,0x000000076ab00000,0x0000000791500000)
  from space 21504K, 0% used [0x0000000792980000,0x0000000792980000,0x0000000793e80000)
  to   space 20992K, 0% used [0x0000000791500000,0x0000000791500000,0x0000000792980000)
 ParOldGen       total 131072K, used 23397K [0x00000006c0000000, 0x00000006c8000000, 0x000000076ab00000)
  object space 131072K, 17% used [0x00000006c0000000,0x00000006c16d9798,0x00000006c8000000)
 Metaspace       used 34786K, capacity 35342K, committed 35416K, reserved 1079296K
  class space    used 4669K, capacity 4833K, committed 4864K, reserved 1048576K
}
Event: 8.866 GC heap before
{Heap before GC invocations=13 (full 2):
 PSYoungGen      total 654336K, used 632832K [0x000000076ab00000, 0x0000000795900000, 0x00000007c0000000)
  eden space 632832K, 100% used [0x000000076ab00000,0x0000000791500000,0x0000000791500000)
  from space 21504K, 0% used [0x0000000792980000,0x0000000792980000,0x0000000793e80000)
  to   space 20992K, 0% used [0x0000000791500000,0x0000000791500000,0x0000000792980000)
 ParOldGen       total 131072K, used 23397K [0x00000006c0000000, 0x00000006c8000000, 0x000000076ab00000)
  object space 131072K, 17% used [0x00000006c0000000,0x00000006c16d9798,0x00000006c8000000)
 Metaspace       used 56438K, capacity 57320K, committed 57472K, reserved 1097728K
  class space    used 7985K, capacity 8210K, committed 8320K, reserved 1048576K
Event: 8.890 GC heap after
Heap after GC invocations=13 (full 2):
 PSYoungGen      total 653824K, used 20985K [0x000000076ab00000, 0x00000007a5900000, 0x00000007c0000000)
  eden space 632832K, 0% used [0x000000076ab00000,0x000000076ab00000,0x0000000791500000)
  from space 20992K, 99% used [0x0000000791500000,0x000000079297e7a8,0x0000000792980000)
  to   space 26624K, 0% used [0x00000007a3f00000,0x00000007a3f00000,0x00000007a5900000)
 ParOldGen       total 131072K, used 30459K [0x00000006c0000000, 0x00000006c8000000, 0x000000076ab00000)
  object space 131072K, 23% used [0x00000006c0000000,0x00000006c1dbec18,0x00000006c8000000)
 Metaspace       used 56438K, capacity 57320K, committed 57472K, reserved 1097728K
  class space    used 7985K, capacity 8210K, committed 8320K, reserved 1048576K
}
Event: 9.016 GC heap before
{Heap before GC invocations=14 (full 2):
 PSYoungGen      total 653824K, used 54712K [0x000000076ab00000, 0x00000007a5900000, 0x00000007c0000000)
  eden space 632832K, 5% used [0x000000076ab00000,0x000000076cbefb20,0x0000000791500000)
  from space 20992K, 99% used [0x0000000791500000,0x000000079297e7a8,0x0000000792980000)
  to   space 26624K, 0% used [0x00000007a3f00000,0x00000007a3f00000,0x00000007a5900000)
 ParOldGen       total 131072K, used 30459K [0x00000006c0000000, 0x00000006c8000000, 0x000000076ab00000)
  object space 131072K, 23% used [0x00000006c0000000,0x00000006c1dbec18,0x00000006c8000000)
 Metaspace       used 57729K, capacity 58848K, committed 59008K, reserved 1099776K
  class space    used 8190K, capacity 8456K, committed 8576K, reserved 1048576K
Event: 9.026 GC heap after
Heap after GC invocations=14 (full 2):
 PSYoungGen      total 937472K, used 1334K [0x000000076ab00000, 0x00000007a6000000, 0x00000007c0000000)
  eden space 910848K, 0% used [0x000000076ab00000,0x000000076ab00000,0x00000007a2480000)
  from space 26624K, 5% used [0x00000007a3f00000,0x00000007a404dae8,0x00000007a5900000)
  to   space 27136K, 0% used [0x00000007a2480000,0x00000007a2480000,0x00000007a3f00000)
 ParOldGen       total 131072K, used 38244K [0x00000006c0000000, 0x00000006c8000000, 0x000000076ab00000)
  object space 131072K, 29% used [0x00000006c0000000,0x00000006c25590f8,0x00000006c8000000)
 Metaspace       used 57729K, capacity 58848K, committed 59008K, reserved 1099776K
  class space    used 8190K, capacity 8456K, committed 8576K, reserved 1048576K
}
Event: 9.026 GC heap before
{Heap before GC invocations=15 (full 3):
 PSYoungGen      total 937472K, used 1334K [0x000000076ab00000, 0x00000007a6000000, 0x00000007c0000000)
  eden space 910848K, 0% used [0x000000076ab00000,0x000000076ab00000,0x00000007a2480000)
  from space 26624K, 5% used [0x00000007a3f00000,0x00000007a404dae8,0x00000007a5900000)
  to   space 27136K, 0% used [0x00000007a2480000,0x00000007a2480000,0x00000007a3f00000)
 ParOldGen       total 131072K, used 38244K [0x00000006c0000000, 0x00000006c8000000, 0x000000076ab00000)
  object space 131072K, 29% used [0x00000006c0000000,0x00000006c25590f8,0x00000006c8000000)
 Metaspace       used 57729K, capacity 58848K, committed 59008K, reserved 1099776K
  class space    used 8190K, capacity 8456K, committed 8576K, reserved 1048576K
Event: 9.200 GC heap after
Heap after GC invocations=15 (full 3):
 PSYoungGen      total 937472K, used 0K [0x000000076ab00000, 0x00000007a6000000, 0x00000007c0000000)
  eden space 910848K, 0% used [0x000000076ab00000,0x000000076ab00000,0x00000007a2480000)
  from space 26624K, 0% used [0x00000007a3f00000,0x00000007a3f00000,0x00000007a5900000)
  to   space 27136K, 0% used [0x00000007a2480000,0x00000007a2480000,0x00000007a3f00000)
 ParOldGen       total 160768K, used 31283K [0x00000006c0000000, 0x00000006c9d00000, 0x000000076ab00000)
  object space 160768K, 19% used [0x00000006c0000000,0x00000006c1e8cc60,0x00000006c9d00000)
 Metaspace       used 57729K, capacity 58848K, committed 59008K, reserved 1099776K
  class space    used 8190K, capacity 8456K, committed 8576K, reserved 1048576K
}

Deoptimization events (0 events):
No events

Internal exceptions (10 events):
Event: 31.404 Thread 0x00007fc91b2c1800 Exception <a 'java/net/SocketTimeoutException': connect timed out> (0x00000007858f9040) thrown at [/Users/java_re/workspace/8-2-build-macosx-x86_64/jdk8u60/4407/hotspot/src/share/vm/prims/jni.cpp, line 735]
Event: 36.403 Thread 0x00007fc91b2c1800 Exception <a 'java/net/SocketTimeoutException': connect timed out> (0x00000007858f9d40) thrown at [/Users/java_re/workspace/8-2-build-macosx-x86_64/jdk8u60/4407/hotspot/src/share/vm/prims/jni.cpp, line 735]
Event: 41.408 Thread 0x00007fc91b2c1800 Exception <a 'java/net/SocketTimeoutException': connect timed out> (0x00000007858faa40) thrown at [/Users/java_re/workspace/8-2-build-macosx-x86_64/jdk8u60/4407/hotspot/src/share/vm/prims/jni.cpp, line 735]
Event: 46.830 Thread 0x00007fc91b2c1800 Exception <a 'java/net/SocketTimeoutException': connect timed out> (0x00000007858fb740) thrown at [/Users/java_re/workspace/8-2-build-macosx-x86_64/jdk8u60/4407/hotspot/src/share/vm/prims/jni.cpp, line 735]
Event: 47.334 Thread 0x00007fc91b2c1800 Exception <a 'java/net/ConnectException'> (0x00000007858fc4f8) thrown at [/Users/java_re/workspace/8-2-build-macosx-x86_64/jdk8u60/4407/hotspot/src/share/vm/prims/jni.cpp, line 709]
Event: 47.379 Thread 0x00007fc91b53a800 Exception <a 'java/lang/reflect/InvocationTargetException'> (0x00000007959c49d0) thrown at [/Users/java_re/workspace/8-2-build-macosx-x86_64/jdk8u60/4407/hotspot/src/share/vm/runtime/reflection.cpp, line 1092]
Event: 48.975 Thread 0x00007fc91b2c1800 Exception <a 'java/net/ConnectException'> (0x00000007858fd258) thrown at [/Users/java_re/workspace/8-2-build-macosx-x86_64/jdk8u60/4407/hotspot/src/share/vm/prims/jni.cpp, line 709]
Event: 61.127 Thread 0x00007fc91b2c1800 Exception <a 'java/net/SocketTimeoutException': connect timed out> (0x00000007858fdf50) thrown at [/Users/java_re/workspace/8-2-build-macosx-x86_64/jdk8u60/4407/hotspot/src/share/vm/prims/jni.cpp, line 735]
Event: 68.795 Thread 0x00007fc91b2c1800 Exception <a 'java/net/SocketTimeoutException': connect timed out> (0x00000007858fec50) thrown at [/Users/java_re/workspace/8-2-build-macosx-x86_64/jdk8u60/4407/hotspot/src/share/vm/prims/jni.cpp, line 735]
Event: 69.414 Thread 0x00007fc91b2c1800 Exception <a 'java/net/ConnectException'> (0x00000007858ff978) thrown at [/Users/java_re/workspace/8-2-build-macosx-x86_64/jdk8u60/4407/hotspot/src/share/vm/prims/jni.cpp, line 709]

Events (10 events):
Event: 69.414 Executing VM operation: ChangeSingleStep
Event: 69.414 Executing VM operation: ChangeSingleStep done
Event: 69.415 loading class com/github/benmanes/caffeine/cache/BoundedLocalCache$ValueIterator
Event: 69.415 loading class com/github/benmanes/caffeine/cache/BoundedLocalCache$ValueIterator done
Event: 69.415 Thread 0x00007fc91a26f000 DEOPT PACKING pc=0x0000000104443451 sp=0x00007000077e8220
Event: 69.415 Thread 0x00007fc91a26f000 DEOPT UNPACKING pc=0x0000000104290633 sp=0x00007000077e7f90 mode 1
Event: 69.415 Thread 0x00007fc91a26f000 DEOPT PACKING pc=0x00000001048b67fc sp=0x00007000077e82a0
Event: 69.415 Thread 0x00007fc91a26f000 DEOPT UNPACKING pc=0x0000000104290633 sp=0x00007000077e80d0 mode 1
Event: 69.415 Thread 0x00007fc91a26f000 DEOPT PACKING pc=0x00000001048b6744 sp=0x00007000077e8420
Event: 69.415 Thread 0x00007fc91a26f000 DEOPT UNPACKING pc=0x0000000104290633 sp=0x00007000077e8250 mode 1


Dynamic libraries:
0x000000000e18c000 	/System/Library/Frameworks/Cocoa.framework/Versions/A/Cocoa
0x000000000e18c000 	/System/Library/Frameworks/Security.framework/Versions/A/Security
0x000000000e18c000 	/System/Library/Frameworks/ApplicationServices.framework/Versions/A/ApplicationServices
0x000000000e18c000 	/usr/lib/libz.1.dylib
0x000000000e18c000 	/usr/lib/libSystem.B.dylib
0x000000000e18c000 	/usr/lib/libobjc.A.dylib
0x000000000e18c000 	/System/Library/Frameworks/CoreFoundation.framework/Versions/A/CoreFoundation
0x000000000e18c000 	/System/Library/Frameworks/Foundation.framework/Versions/C/Foundation
0x000000000e18c000 	/System/Library/Frameworks/AppKit.framework/Versions/C/AppKit
0x000000000e18c000 	/System/Library/Frameworks/CoreData.framework/Versions/A/CoreData
0x000000000e18c000 	/System/Library/PrivateFrameworks/RemoteViewServices.framework/Versions/A/RemoteViewServices
0x000000000e18c000 	/System/Library/PrivateFrameworks/UIFoundation.framework/Versions/A/UIFoundation
0x000000000e18c000 	/System/Library/PrivateFrameworks/DFRFoundation.framework/Versions/A/DFRFoundation
0x000000000e18c000 	/usr/lib/libenergytrace.dylib
0x000000000e18c000 	/System/Library/PrivateFrameworks/SkyLight.framework/Versions/A/SkyLight
0x000000000e18c000 	/System/Library/Frameworks/CoreGraphics.framework/Versions/A/CoreGraphics
0x000000000e18c000 	/usr/lib/libScreenReader.dylib
0x000000000e18c000 	/System/Library/Frameworks/Accelerate.framework/Versions/A/Accelerate
0x000000000e18c000 	/System/Library/Frameworks/IOSurface.framework/Versions/A/IOSurface
0x000000000e18c000 	/System/Library/Frameworks/AudioToolbox.framework/Versions/A/AudioToolbox
0x000000000e18c000 	/System/Library/Frameworks/AudioUnit.framework/Versions/A/AudioUnit
0x000000000e18c000 	/System/Library/PrivateFrameworks/DataDetectorsCore.framework/Versions/A/DataDetectorsCore
0x000000000e18c000 	/System/Library/PrivateFrameworks/DesktopServicesPriv.framework/Versions/A/DesktopServicesPriv
0x000000000e18c000 	/System/Library/Frameworks/Carbon.framework/Versions/A/Frameworks/HIToolbox.framework/Versions/A/HIToolbox
0x000000000e18c000 	/usr/lib/libicucore.A.dylib
0x000000000e18c000 	/System/Library/Frameworks/QuartzCore.framework/Versions/A/QuartzCore
0x000000000e18c000 	/System/Library/Frameworks/Carbon.framework/Versions/A/Frameworks/SpeechRecognition.framework/Versions/A/SpeechRecognition
0x000000000e18c000 	/usr/lib/libauto.dylib
0x000000000e18c000 	/usr/lib/libxml2.2.dylib
0x000000000e18c000 	/System/Library/PrivateFrameworks/CoreUI.framework/Versions/A/CoreUI
0x000000000e18c000 	/System/Library/Frameworks/CoreAudio.framework/Versions/A/CoreAudio
0x000000000e18c000 	/System/Library/Frameworks/DiskArbitration.framework/Versions/A/DiskArbitration
0x000000000e18c000 	/usr/lib/liblangid.dylib
0x000000000e18c000 	/System/Library/PrivateFrameworks/MultitouchSupport.framework/Versions/A/MultitouchSupport
0x000000000e18c000 	/System/Library/Frameworks/IOKit.framework/Versions/A/IOKit
0x000000000e18c000 	/usr/lib/libDiagnosticMessagesClient.dylib
0x000000000e18c000 	/System/Library/Frameworks/CoreServices.framework/Versions/A/CoreServices
0x000000000e18c000 	/System/Library/PrivateFrameworks/PerformanceAnalysis.framework/Versions/A/PerformanceAnalysis
0x000000000e18c000 	/System/Library/PrivateFrameworks/GenerationalStorage.framework/Versions/A/GenerationalStorage
0x000000000e18c000 	/System/Library/Frameworks/OpenGL.framework/Versions/A/OpenGL
0x000000000e18c000 	/System/Library/Frameworks/CoreImage.framework/Versions/A/CoreImage
0x000000000e18c000 	/System/Library/Frameworks/CoreText.framework/Versions/A/CoreText
0x000000000e18c000 	/System/Library/Frameworks/ImageIO.framework/Versions/A/ImageIO
0x000000000e18c000 	/System/Library/PrivateFrameworks/Backup.framework/Versions/A/Backup
0x000000000e18c000 	/usr/lib/libarchive.2.dylib
0x000000000e18c000 	/System/Library/Frameworks/CFNetwork.framework/Versions/A/CFNetwork
0x000000000e18c000 	/System/Library/Frameworks/SystemConfiguration.framework/Versions/A/SystemConfiguration
0x000000000e18c000 	/usr/lib/libCRFSuite.dylib
0x000000000e18c000 	/usr/lib/libc++.1.dylib
0x000000000e18c000 	/usr/lib/libc++abi.dylib
0x000000000e18c000 	/usr/lib/system/libcache.dylib
0x000000000e18c000 	/usr/lib/system/libcommonCrypto.dylib
0x000000000e18c000 	/usr/lib/system/libcompiler_rt.dylib
0x000000000e18c000 	/usr/lib/system/libcopyfile.dylib
0x000000000e18c000 	/usr/lib/system/libcorecrypto.dylib
0x000000000e18c000 	/usr/lib/system/libdispatch.dylib
0x000000000e18c000 	/usr/lib/system/libdyld.dylib
0x000000000e18c000 	/usr/lib/system/libkeymgr.dylib
0x000000000e18c000 	/usr/lib/system/liblaunch.dylib
0x000000000e18c000 	/usr/lib/system/libmacho.dylib
0x000000000e18c000 	/usr/lib/system/libquarantine.dylib
0x000000000e18c000 	/usr/lib/system/libremovefile.dylib
0x000000000e18c000 	/usr/lib/system/libsystem_asl.dylib
0x000000000e18c000 	/usr/lib/system/libsystem_blocks.dylib
0x000000000e18c000 	/usr/lib/system/libsystem_c.dylib
0x000000000e18c000 	/usr/lib/system/libsystem_configuration.dylib
0x000000000e18c000 	/usr/lib/system/libsystem_coreservices.dylib
0x000000000e18c000 	/usr/lib/system/libsystem_coretls.dylib
0x000000000e18c000 	/usr/lib/system/libsystem_dnssd.dylib
0x000000000e18c000 	/usr/lib/system/libsystem_info.dylib
0x000000000e18c000 	/usr/lib/system/libsystem_kernel.dylib
0x000000000e18c000 	/usr/lib/system/libsystem_m.dylib
0x000000000e18c000 	/usr/lib/system/libsystem_malloc.dylib
0x000000000e18c000 	/usr/lib/system/libsystem_network.dylib
0x000000000e18c000 	/usr/lib/system/libsystem_networkextension.dylib
0x000000000e18c000 	/usr/lib/system/libsystem_notify.dylib
0x000000000e18c000 	/usr/lib/system/libsystem_platform.dylib
0x000000000e18c000 	/usr/lib/system/libsystem_pthread.dylib
0x000000000e18c000 	/usr/lib/system/libsystem_sandbox.dylib
0x000000000e18c000 	/usr/lib/system/libsystem_secinit.dylib
0x000000000e18c000 	/usr/lib/system/libsystem_symptoms.dylib
0x000000000e18c000 	/usr/lib/system/libsystem_trace.dylib
0x000000000e18c000 	/usr/lib/system/libunwind.dylib
0x000000000e18c000 	/usr/lib/system/libxpc.dylib
0x000000000e18c000 	/usr/lib/libbsm.0.dylib
0x000000000e18c000 	/usr/lib/system/libkxld.dylib
0x000000000e18c000 	/usr/lib/libcoretls.dylib
0x000000000e18c000 	/usr/lib/libcoretls_cfhelpers.dylib
0x000000000e18c000 	/usr/lib/libOpenScriptingUtil.dylib
0x000000000e18c000 	/usr/lib/libpam.2.dylib
0x000000000e18c000 	/usr/lib/libsqlite3.dylib
0x000000000e18c000 	/usr/lib/libxar.1.dylib
0x000000000e18c000 	/usr/lib/libbz2.1.0.dylib
0x000000000e18c000 	/usr/lib/liblzma.5.dylib
0x000000000e18c000 	/usr/lib/libnetwork.dylib
0x000000000e18c000 	/usr/lib/libpcap.A.dylib
0x000000000e18c000 	/System/Library/Frameworks/CoreServices.framework/Versions/A/Frameworks/FSEvents.framework/Versions/A/FSEvents
0x000000000e18c000 	/System/Library/Frameworks/CoreServices.framework/Versions/A/Frameworks/CarbonCore.framework/Versions/A/CarbonCore
0x000000000e18c000 	/System/Library/Frameworks/CoreServices.framework/Versions/A/Frameworks/Metadata.framework/Versions/A/Metadata
0x000000000e18c000 	/System/Library/Frameworks/CoreServices.framework/Versions/A/Frameworks/OSServices.framework/Versions/A/OSServices
0x000000000e18c000 	/System/Library/Frameworks/CoreServices.framework/Versions/A/Frameworks/SearchKit.framework/Versions/A/SearchKit
0x000000000e18c000 	/System/Library/Frameworks/CoreServices.framework/Versions/A/Frameworks/AE.framework/Versions/A/AE
0x000000000e18c000 	/System/Library/Frameworks/CoreServices.framework/Versions/A/Frameworks/LaunchServices.framework/Versions/A/LaunchServices
0x000000000e18c000 	/System/Library/Frameworks/CoreServices.framework/Versions/A/Frameworks/DictionaryServices.framework/Versions/A/DictionaryServices
0x000000000e18c000 	/System/Library/Frameworks/CoreServices.framework/Versions/A/Frameworks/SharedFileList.framework/Versions/A/SharedFileList
0x000000000e18c000 	/System/Library/Frameworks/NetFS.framework/Versions/A/NetFS
0x000000000e18c000 	/System/Library/PrivateFrameworks/NetAuth.framework/Versions/A/NetAuth
0x000000000e18c000 	/System/Library/PrivateFrameworks/login.framework/Versions/A/Frameworks/loginsupport.framework/Versions/A/loginsupport
0x000000000e18c000 	/System/Library/PrivateFrameworks/TCC.framework/Versions/A/TCC
0x000000000e18c000 	/usr/lib/libmecabra.dylib
0x000000000e18c000 	/System/Library/Frameworks/ApplicationServices.framework/Versions/A/Frameworks/ATS.framework/Versions/A/ATS
0x000000000e18c000 	/System/Library/Frameworks/ApplicationServices.framework/Versions/A/Frameworks/ColorSync.framework/Versions/A/ColorSync
0x000000000e18c000 	/System/Library/Frameworks/ApplicationServices.framework/Versions/A/Frameworks/HIServices.framework/Versions/A/HIServices
0x000000000e18c000 	/System/Library/Frameworks/ApplicationServices.framework/Versions/A/Frameworks/LangAnalysis.framework/Versions/A/LangAnalysis
0x000000000e18c000 	/System/Library/Frameworks/ApplicationServices.framework/Versions/A/Frameworks/PrintCore.framework/Versions/A/PrintCore
0x000000000e18c000 	/System/Library/Frameworks/ApplicationServices.framework/Versions/A/Frameworks/QD.framework/Versions/A/QD
0x000000000e18c000 	/System/Library/Frameworks/ApplicationServices.framework/Versions/A/Frameworks/SpeechSynthesis.framework/Versions/A/SpeechSynthesis
0x000000000e18c000 	/System/Library/Frameworks/Accelerate.framework/Versions/A/Frameworks/vImage.framework/Versions/A/vImage
0x000000000e18c000 	/System/Library/Frameworks/Accelerate.framework/Versions/A/Frameworks/vecLib.framework/Versions/A/vecLib
0x000000000e18c000 	/System/Library/Frameworks/Accelerate.framework/Versions/A/Frameworks/vecLib.framework/Versions/A/libvDSP.dylib
0x000000000e18c000 	/System/Library/Frameworks/Accelerate.framework/Versions/A/Frameworks/vecLib.framework/Versions/A/libBNNS.dylib
0x000000000e18c000 	/System/Library/Frameworks/Accelerate.framework/Versions/A/Frameworks/vecLib.framework/Versions/A/libQuadrature.dylib
0x000000000e18c000 	/System/Library/Frameworks/Accelerate.framework/Versions/A/Frameworks/vecLib.framework/Versions/A/libvMisc.dylib
0x000000000e18c000 	/System/Library/Frameworks/Accelerate.framework/Versions/A/Frameworks/vecLib.framework/Versions/A/libLAPACK.dylib
0x000000000e18c000 	/System/Library/Frameworks/Accelerate.framework/Versions/A/Frameworks/vecLib.framework/Versions/A/libBLAS.dylib
0x000000000e18c000 	/System/Library/Frameworks/Accelerate.framework/Versions/A/Frameworks/vecLib.framework/Versions/A/libLinearAlgebra.dylib
0x000000000e18c000 	/System/Library/Frameworks/Accelerate.framework/Versions/A/Frameworks/vecLib.framework/Versions/A/libSparseBLAS.dylib
0x000000000e18c000 	/System/Library/Frameworks/ApplicationServices.framework/Versions/A/Frameworks/ATS.framework/Versions/A/Resources/libFontParser.dylib
0x000000000e18c000 	/System/Library/Frameworks/ApplicationServices.framework/Versions/A/Frameworks/ATS.framework/Versions/A/Resources/libFontRegistry.dylib
0x000000000e18c000 	/System/Library/Frameworks/ImageIO.framework/Versions/A/Resources/libJPEG.dylib
0x000000000e18c000 	/System/Library/Frameworks/ImageIO.framework/Versions/A/Resources/libTIFF.dylib
0x000000000e18c000 	/System/Library/Frameworks/ImageIO.framework/Versions/A/Resources/libPng.dylib
0x000000000e18c000 	/System/Library/Frameworks/ImageIO.framework/Versions/A/Resources/libGIF.dylib
0x000000000e18c000 	/System/Library/Frameworks/ImageIO.framework/Versions/A/Resources/libJP2.dylib
0x000000000e18c000 	/System/Library/Frameworks/ImageIO.framework/Versions/A/Resources/libRadiance.dylib
0x000000000e18c000 	/usr/lib/libcompression.dylib
0x000000000e18c000 	/System/Library/PrivateFrameworks/AppleJPEG.framework/Versions/A/AppleJPEG
0x000000000e18c000 	/usr/lib/libcups.2.dylib
0x000000000e18c000 	/System/Library/Frameworks/Kerberos.framework/Versions/A/Kerberos
0x000000000e18c000 	/System/Library/Frameworks/GSS.framework/Versions/A/GSS
0x000000000e18c000 	/usr/lib/libresolv.9.dylib
0x000000000e18c000 	/usr/lib/libiconv.2.dylib
0x000000000e18c000 	/System/Library/PrivateFrameworks/Heimdal.framework/Versions/A/Heimdal
0x000000000e18c000 	/usr/lib/libheimdal-asn1.dylib
0x000000000e18c000 	/System/Library/Frameworks/OpenDirectory.framework/Versions/A/OpenDirectory
0x000000000e18c000 	/System/Library/PrivateFrameworks/CommonAuth.framework/Versions/A/CommonAuth
0x000000000e18c000 	/System/Library/Frameworks/OpenDirectory.framework/Versions/A/Frameworks/CFOpenDirectory.framework/Versions/A/CFOpenDirectory
0x000000000e18c000 	/System/Library/Frameworks/SecurityFoundation.framework/Versions/A/SecurityFoundation
0x000000000e18c000 	/System/Library/PrivateFrameworks/LanguageModeling.framework/Versions/A/LanguageModeling
0x000000000e18c000 	/usr/lib/libmarisa.dylib
0x000000000e18c000 	/usr/lib/libChineseTokenizer.dylib
0x000000000e18c000 	/usr/lib/libcmph.dylib
0x000000000e18c000 	/System/Library/PrivateFrameworks/CoreEmoji.framework/Versions/A/CoreEmoji
0x000000000e18c000 	/System/Library/Frameworks/ServiceManagement.framework/Versions/A/ServiceManagement
0x000000000e18c000 	/usr/lib/libxslt.1.dylib
0x000000000e18c000 	/System/Library/Frameworks/Carbon.framework/Versions/A/Frameworks/Ink.framework/Versions/A/Ink
0x000000000e18c000 	/System/Library/PrivateFrameworks/TextureIO.framework/Versions/A/TextureIO
0x000000000e18c000 	/System/Library/Frameworks/Metal.framework/Versions/A/Metal
0x000000000e18c000 	/usr/lib/libate.dylib
0x000000000e18c000 	/System/Library/PrivateFrameworks/GPUCompiler.framework/libmetal_timestamp.dylib
0x000000000e18c000 	/System/Library/Frameworks/OpenGL.framework/Versions/A/Libraries/libCoreFSCache.dylib
0x000000000e18c000 	/System/Library/PrivateFrameworks/IOAccelerator.framework/Versions/A/IOAccelerator
0x000000000e18c000 	/System/Library/Frameworks/CoreVideo.framework/Versions/A/CoreVideo
0x000000000e18c000 	/usr/lib/libFosl_dynamic.dylib
0x000000000e18c000 	/System/Library/PrivateFrameworks/MetalPerformanceShaders.framework/Versions/A/MetalPerformanceShaders
0x000000000e18c000 	/System/Library/PrivateFrameworks/FaceCore.framework/Versions/A/FaceCore
0x000000000e18c000 	/System/Library/Frameworks/OpenCL.framework/Versions/A/OpenCL
0x000000000e18c000 	/System/Library/Frameworks/OpenGL.framework/Versions/A/Libraries/libGLU.dylib
0x000000000e18c000 	/System/Library/Frameworks/OpenGL.framework/Versions/A/Libraries/libGFXShared.dylib
0x000000000e18c000 	/System/Library/Frameworks/OpenGL.framework/Versions/A/Libraries/libGL.dylib
0x000000000e18c000 	/System/Library/Frameworks/OpenGL.framework/Versions/A/Libraries/libGLImage.dylib
0x000000000e18c000 	/System/Library/Frameworks/OpenGL.framework/Versions/A/Libraries/libCVMSPluginSupport.dylib
0x000000000e18c000 	/System/Library/Frameworks/OpenGL.framework/Versions/A/Libraries/libCoreVMClient.dylib
0x000000000e18c000 	/System/Library/PrivateFrameworks/CrashReporterSupport.framework/Versions/A/CrashReporterSupport
0x000000000e18c000 	/System/Library/PrivateFrameworks/Sharing.framework/Versions/A/Sharing
0x000000000e18c000 	/System/Library/PrivateFrameworks/IconServices.framework/Versions/A/IconServices
0x000000000e18c000 	/System/Library/PrivateFrameworks/ProtocolBuffer.framework/Versions/A/ProtocolBuffer
0x000000000e18c000 	/System/Library/PrivateFrameworks/Apple80211.framework/Versions/A/Apple80211
0x000000000e18c000 	/System/Library/Frameworks/CoreWLAN.framework/Versions/A/CoreWLAN
0x000000000e18c000 	/System/Library/PrivateFrameworks/CoreUtils.framework/Versions/A/CoreUtils
0x000000000e18c000 	/System/Library/Frameworks/IOBluetooth.framework/Versions/A/IOBluetooth
0x000000000e18c000 	/System/Library/PrivateFrameworks/CoreWiFi.framework/Versions/A/CoreWiFi
0x000000000e18c000 	/System/Library/Frameworks/CoreBluetooth.framework/Versions/A/CoreBluetooth
0x000000000e18c000 	/System/Library/Frameworks/CoreDisplay.framework/Versions/A/CoreDisplay
0x000000000e18c000 	/System/Library/PrivateFrameworks/IOPresentment.framework/Versions/A/IOPresentment
0x000000000e18c000 	/System/Library/PrivateFrameworks/DSExternalDisplay.framework/Versions/A/DSExternalDisplay
0x000000000e18c000 	/System/Library/PrivateFrameworks/DebugSymbols.framework/Versions/A/DebugSymbols
0x000000000e18c000 	/System/Library/PrivateFrameworks/CoreSymbolication.framework/Versions/A/CoreSymbolication
0x000000000e18c000 	/System/Library/PrivateFrameworks/Symbolication.framework/Versions/A/Symbolication
0x000000000e18c000 	/System/Library/PrivateFrameworks/AppleFSCompression.framework/Versions/A/AppleFSCompression
0x000000000e18c000 	/System/Library/PrivateFrameworks/SpeechRecognitionCore.framework/Versions/A/SpeechRecognitionCore
0x000000000e18c000 	/System/Library/PrivateFrameworks/ChunkingLibrary.framework/Versions/A/ChunkingLibrary
0x00000000469ad000 	/System/Library/CoreServices/Encodings/libKoreanConverter.dylib
0x0000000101505000 	/Library/Java/JavaVirtualMachines/jdk1.8.0_60.jdk/Contents/Home/jre/lib/server/libjvm.dylib
0x000000000e18c000 	/usr/lib/libstdc++.6.dylib
0x000000010248e000 	/Library/Java/JavaVirtualMachines/jdk1.8.0_60.jdk/Contents/Home/jre/lib/libverify.dylib
0x000000010249c000 	/Library/Java/JavaVirtualMachines/jdk1.8.0_60.jdk/Contents/Home/jre/lib/libjava.dylib
0x00000001024d2000 	/Library/Java/JavaVirtualMachines/jdk1.8.0_60.jdk/Contents/Home/jre/lib/libjdwp.dylib
0x000000010251d000 	/Library/Java/JavaVirtualMachines/jdk1.8.0_60.jdk/Contents/Home/jre/lib/libnpt.dylib
0x0000000102521000 	/Library/Java/JavaVirtualMachines/jdk1.8.0_60.jdk/Contents/Home/jre/lib/libinstrument.dylib
0x000000010257f000 	/Library/Java/JavaVirtualMachines/jdk1.8.0_60.jdk/Contents/Home/jre/lib/libzip.dylib
0x000000011d22d000 	/System/Library/Frameworks/JavaVM.framework/Frameworks/JavaRuntimeSupport.framework/JavaRuntimeSupport
0x000000011d247000 	/System/Library/Frameworks/JavaVM.framework/Versions/A/Frameworks/JavaNativeFoundation.framework/Versions/A/JavaNativeFoundation
0x000000011d25c000 	/System/Library/Frameworks/JavaVM.framework/Versions/A/JavaVM
0x000000000e18c000 	/System/Library/Frameworks/Carbon.framework/Versions/A/Carbon
0x000000011d269000 	/System/Library/PrivateFrameworks/JavaLaunching.framework/Versions/A/JavaLaunching
0x000000000e18c000 	/System/Library/Frameworks/Carbon.framework/Versions/A/Frameworks/CommonPanels.framework/Versions/A/CommonPanels
0x000000000e18c000 	/System/Library/Frameworks/Carbon.framework/Versions/A/Frameworks/Help.framework/Versions/A/Help
0x000000000e18c000 	/System/Library/Frameworks/Carbon.framework/Versions/A/Frameworks/ImageCapture.framework/Versions/A/ImageCapture
0x000000000e18c000 	/System/Library/Frameworks/Carbon.framework/Versions/A/Frameworks/OpenScripting.framework/Versions/A/OpenScripting
0x000000000e18c000 	/System/Library/Frameworks/Carbon.framework/Versions/A/Frameworks/Print.framework/Versions/A/Print
0x000000000e18c000 	/System/Library/Frameworks/Carbon.framework/Versions/A/Frameworks/SecurityHI.framework/Versions/A/SecurityHI
0x000000011eb6e000 	/Library/Java/JavaVirtualMachines/jdk1.8.0_60.jdk/Contents/Home/jre/lib/libdt_socket.dylib
0x000000011f1d6000 	/Library/Java/JavaVirtualMachines/jdk1.8.0_60.jdk/Contents/Home/jre/lib/libmanagement.dylib
0x000000011f1e4000 	/Library/Java/JavaVirtualMachines/jdk1.8.0_60.jdk/Contents/Home/jre/lib/libnet.dylib
0x000000011f243000 	/Library/Java/JavaVirtualMachines/jdk1.8.0_60.jdk/Contents/Home/jre/lib/libnio.dylib
0x0000000120765000 	/Library/Java/JavaVirtualMachines/jdk1.8.0_60.jdk/Contents/Home/jre/lib/libattach.dylib

VM Arguments:
jvm_args: -agentlib:jdwp=transport=dt_socket,address=127.0.0.1:55487,suspend=y,server=n -XX:TieredStopAtLevel=1 -Xverify:none -Dspring.output.ansi.enabled=always -Dcom.sun.management.jmxremote -Dcom.sun.management.jmxremote.port=55486 -Dcom.sun.management.jmxremote.authenticate=false -Dcom.sun.management.jmxremote.ssl=false -Dspring.liveBeansView.mbeanDomain -Dspring.application.admin.enabled=true -javaagent:/Users/jjong/Library/Caches/IntelliJIdea2017.2/groovyHotSwap/gragent.jar -Dfile.encoding=UTF-8 
java_command: net.ion.ice.Ice2Application
java_class_path (initial): /Library/Java/JavaVirtualMachines/jdk1.8.0_60.jdk/Contents/Home/jre/lib/charsets.jar:/Library/Java/JavaVirtualMachines/jdk1.8.0_60.jdk/Contents/Home/jre/lib/deploy.jar:/Library/Java/JavaVirtualMachines/jdk1.8.0_60.jdk/Contents/Home/jre/lib/ext/cldrdata.jar:/Library/Java/JavaVirtualMachines/jdk1.8.0_60.jdk/Contents/Home/jre/lib/ext/dnsns.jar:/Library/Java/JavaVirtualMachines/jdk1.8.0_60.jdk/Contents/Home/jre/lib/ext/jaccess.jar:/Library/Java/JavaVirtualMachines/jdk1.8.0_60.jdk/Contents/Home/jre/lib/ext/jfxrt.jar:/Library/Java/JavaVirtualMachines/jdk1.8.0_60.jdk/Contents/Home/jre/lib/ext/localedata.jar:/Library/Java/JavaVirtualMachines/jdk1.8.0_60.jdk/Contents/Home/jre/lib/ext/nashorn.jar:/Library/Java/JavaVirtualMachines/jdk1.8.0_60.jdk/Contents/Home/jre/lib/ext/sunec.jar:/Library/Java/JavaVirtualMachines/jdk1.8.0_60.jdk/Contents/Home/jre/lib/ext/sunjce_provider.jar:/Library/Java/JavaVirtualMachines/jdk1.8.0_60.jdk/Contents/Home/jre/lib/ext/sunpkcs11.jar:/Library/Java/JavaVirtualMachines/jdk1.8.0_60.jdk/Contents/Home/jre/lib/ext/zipfs.jar:/Library/Java/JavaVirtualMachines/jdk1.8.0_60.jdk/Contents/Home/jre/lib/javaws.jar:/Library/Java/JavaVirtualMachines/jdk1.8.0_60.jdk/Contents/Home/jre/lib/jce.jar:/Library/Java/JavaVirtualMachines/jdk1.8.0_60.jdk/Contents/Home/jre/lib/jfr.jar:/Library/Java/JavaVirtualMachines/jdk1.8.0_60.jdk/Contents/Home/jre/lib/jfxswt.jar:/Library/Java/JavaVirtualMachines/jdk1.8.0_60.jdk/Contents/Home/jre/lib/jsse.jar:/Library/Java/JavaVirtualMachines/jdk1.8.0_60.jdk/Contents/Home/jre/lib/management-agent.jar:/Library/Java/JavaVirtualMachines/jdk1.8.0_60.jdk/Contents/Home/jre/lib/plugin.jar:/Library/Java/JavaVirtualMachines/jdk1.8.0_60.jdk/Contents/Home/jre/lib/resources.jar:/Library/Java/JavaVirtualMachines/jdk1.8.0_60.jdk/Contents/Home/jre/lib/rt.jar:/Library/Java/JavaVirtualMachines/jdk1.8.0_60.jdk/Contents/Home/lib/ant-javafx.jar:/Library/Java/JavaVirtualMachines/jdk1.8.0_60.jdk/Contents/Home/lib/dt.jar:/Library/Ja
Launcher Type: SUN_STANDARD

Environment Variables:
PATH=/usr/local/bin:/usr/bin:/bin:/usr/sbin:/sbin:/Users/jjong/Library/Android/sdk/tools:/Users/jjong/Library/Android/sdk/platform-tools
SHELL=/bin/bash

Signal Handlers:
SIGSEGV: [libjvm.dylib+0x5a6d31], sa_mask[0]=11111111011111110111111111111111, sa_flags=SA_ONSTACK|SA_RESTART|SA_SIGINFO
SIGBUS: [libjvm.dylib+0x5a6d31], sa_mask[0]=11111111011111110111111111111111, sa_flags=SA_RESTART|SA_SIGINFO
SIGFPE: [libjvm.dylib+0x480a4c], sa_mask[0]=11111111011111110111111111111111, sa_flags=SA_RESTART|SA_SIGINFO
SIGPIPE: [libjvm.dylib+0x480a4c], sa_mask[0]=11111111011111110111111111111111, sa_flags=SA_RESTART|SA_SIGINFO
SIGXFSZ: [libjvm.dylib+0x480a4c], sa_mask[0]=11111111011111110111111111111111, sa_flags=SA_RESTART|SA_SIGINFO
SIGILL: [libjvm.dylib+0x480a4c], sa_mask[0]=11111111011111110111111111111111, sa_flags=SA_RESTART|SA_SIGINFO
SIGUSR1: SIG_DFL, sa_mask[0]=00000000000000000000000000000000, sa_flags=none
SIGUSR2: [libjvm.dylib+0x48056a], sa_mask[0]=00100000000000000000000000000000, sa_flags=SA_RESTART|SA_SIGINFO
SIGHUP: [libjvm.dylib+0x47eb41], sa_mask[0]=11111111011111110111111111111111, sa_flags=SA_RESTART|SA_SIGINFO
SIGINT: [libjvm.dylib+0x47eb41], sa_mask[0]=11111111011111110111111111111111, sa_flags=SA_RESTART|SA_SIGINFO
SIGTERM: [libjvm.dylib+0x47eb41], sa_mask[0]=11111111011111110111111111111111, sa_flags=SA_RESTART|SA_SIGINFO
SIGQUIT: [libjvm.dylib+0x47eb41], sa_mask[0]=11111111011111110111111111111111, sa_flags=SA_RESTART|SA_SIGINFO


---------------  S Y S T E M  ---------------

OS:Bsduname:Darwin 16.7.0 Darwin Kernel Version 16.7.0: Thu Jun 15 17:36:27 PDT 2017; root:xnu-3789.70.16~2/RELEASE_X86_64 x86_64
rlimit: STACK 8192k, CORE 0k, NPROC 709, NOFILE 10240, AS infinity
load average:3.15 3.15 3.01

CPU:total 4 (4 cores per cpu, 1 threads per core) family 6 model 60 stepping 3, cmov, cx8, fxsr, mmx, sse, sse2, sse3, ssse3, sse4.1, sse4.2, popcnt, avx, avx2, aes, clmul, erms, rtm, lzcnt, tsc, tscinvbit, bmi1, bmi2

Memory: 4k page, physical 16777216k(289024k free)

/proc/meminfo:


vm_info: Java HotSpot(TM) 64-Bit Server VM (25.60-b23) for bsd-amd64 JRE (1.8.0_60-b27), built on Aug  4 2015 10:47:24 by "java_re" with gcc 4.2.1 (Based on Apple Inc. build 5658) (LLVM build 2336.11.00)

time: Mon Oct  2 17:53:46 2017
elapsed time: 69 seconds (0d 0h 1m 9s)

