#
# A fatal error has been detected by the Java Runtime Environment:
#
#  SIGSEGV (0xb) at pc=0x0000000101294cd4, pid=26337, tid=58115
#
# JRE version: Java(TM) SE Runtime Environment (8.0_60-b27) (build 1.8.0_60-b27)
# Java VM: Java HotSpot(TM) 64-Bit Server VM (25.60-b23 mixed mode bsd-amd64 compressed oops)
# Problematic frame:
# V  [libjvm.dylib+0x3c6cd4]  LinkResolver::linktime_resolve_static_method(methodHandle&, KlassHandle, Symbol*, Symbol*, KlassHandle, bool, Thread*)+0x1e
#
# Failed to write core dump. Core dumps have been disabled. To enable core dumping, try "ulimit -c unlimited" before starting Java again
#
# If you would like to submit a bug report, please visit:
#   http://bugreport.java.com/bugreport/crash.jsp
#

---------------  T H R E A D  ---------------

Current thread (0x00007f9899f99000):  JavaThread "http-nio-8080-exec-7" daemon [_thread_in_vm, id=58115, stack(0x000070000aca2000,0x000070000ada2000)]

siginfo: si_signo: 11 (SIGSEGV), si_code: 1 (SEGV_MAPERR), si_addr: 0x000000000000009d

Registers:
RAX=0xa5c6424c220c00ed, RBX=0x00000007c02af140, RCX=0x00007f989a0480c0, RDX=0x00007f989a0480a0
RSP=0x000070000ad9c3f0, RBP=0x000070000ad9c510, RSI=0x0000000000000000, RDI=0x000070000ad9c540
R8 =0x00000007c02af140, R9 =0x0000000000000001, R10=0x00000001017bb100, R11=0x000000010215eb40
R12=0x000070000ad9c5d0, R13=0x000000011fd2957b, R14=0x00007f989a0480c0, R15=0x00007f989a0480a0
RIP=0x0000000101294cd4, EFLAGS=0x0000000000010206, ERR=0x0000000000000004
  TRAPNO=0x000000000000000e

Top of Stack: (sp=0x000070000ad9c3f0)
0x000070000ad9c3f0:   0001ffff209361a8 000000078bbc9e60
0x000070000ad9c400:   0000015e20936188 00000006c00a9fc8
0x000070000ad9c410:   0000015ec1681f20 01ee628001ee6280
0x000070000ad9c420:   0000000021a60618 0000000000000000
0x000070000ad9c430:   0000015e209360e8 03d9ca8701ee6280
0x000070000ad9c440:   0000000020926a18 00000000000b3d5c
0x000070000ad9c450:   000000078bbc9e00 0000000120936168
0x000070000ad9c460:   000070000000001b 0000000100000008
0x000070000ad9c470:   000000078bbc9e00 00000001000007e1
0x000070000ad9c480:   0001ffff2092fe30 000007e120936148
0x000070000ad9c490:   0000000000000000 0000062e1b3e3088
0x000070000ad9c4a0:   00007f98209269f8 0000000000000001
0x000070000ad9c4b0:   000000011b3e3088 00007f9899f99000
0x000070000ad9c4c0:   000070000ad9c4f0 00007f9899f99000
0x000070000ad9c4d0:   0000000000003ed0 000000011fd28180
0x000070000ad9c4e0:   000070000ad9c530 00000001010bfabb
0x000070000ad9c4f0:   a5c6424c220c00ed 00000007c02af140
0x000070000ad9c500:   00007f989a0480c0 00007f989a0480a0
0x000070000ad9c510:   000070000ad9c590 00000001012982d9
0x000070000ad9c520:   00007f9899f99000 000000011fd28180
0x000070000ad9c530:   000000010ad9c590 000070000ad9c758
0x000070000ad9c540:   0000000000000000 0000000000000000
0x000070000ad9c550:   000070000ad9c5c0 000070000ad9c5b8
0x000070000ad9c560:   000000011fd28180 000000011fd28180
0x000070000ad9c570:   000070000ad9c758 000000011fd2957b
0x000070000ad9c580:   00007f9899f99000 000000000000ca48
0x000070000ad9c590:   000070000ad9c610 0000000101298536
0x000070000ad9c5a0:   00007f9800000001 00007f9899f99000
0x000070000ad9c5b0:   000070000ad9c748 00000007c02af140
0x000070000ad9c5c0:   00007f989a0480c0 00007f989a0480a0
0x000070000ad9c5d0:   0000000000000000 000000011fd28180
0x000070000ad9c5e0:   00007f9899f99000 000000011fd28180 

Instructions: (pc=0x0000000101294cd4)
0x0000000101294cb4:   1f 00 55 48 89 e5 41 57 41 56 53 48 81 ec 08 01
0x0000000101294cc4:   00 00 48 8b 05 7b 95 43 00 48 8b 00 48 89 45 e0
0x0000000101294cd4:   f6 86 9d 00 00 00 02 48 8b 5d 10 49 89 f6 49 89
0x0000000101294ce4:   ff 75 20 48 89 5c 24 08 c7 04 24 00 00 00 00 41 

Register to memory mapping:

RAX=0xa5c6424c220c00ed is an unknown value
RBX=0x00000007c02af140 is pointing into metadata
RCX=0x00007f989a0480c0 is an unknown value
RDX=0x00007f989a0480a0 is an unknown value
RSP=0x000070000ad9c3f0 is pointing into the stack for thread: 0x00007f9899f99000
RBP=0x000070000ad9c510 is pointing into the stack for thread: 0x00007f9899f99000
RSI=0x0000000000000000 is an unknown value
RDI=0x000070000ad9c540 is pointing into the stack for thread: 0x00007f9899f99000
R8 =0x00000007c02af140 is pointing into metadata
R9 =0x0000000000000001 is an unknown value
R10=0x00000001017bb100: _ZN19TemplateInterpreter13_active_tableE+0x3800 in /Library/Java/JavaVirtualMachines/jdk1.8.0_60.jdk/Contents/Home/jre/lib/server/libjvm.dylib at 0x0000000100ece000
R11=0x000000010215eb40 is at entry_point+32 in (nmethod*)0x000000010215e990
R12=0x000070000ad9c5d0 is pointing into the stack for thread: 0x00007f9899f99000
R13=0x000000011fd2957b is pointing into metadata
R14=0x00007f989a0480c0 is an unknown value
R15=0x00007f989a0480a0 is an unknown value


Stack: [0x000070000aca2000,0x000070000ada2000],  sp=0x000070000ad9c3f0,  free space=1000k
Native frames: (J=compiled Java code, j=interpreted, Vv=VM code, C=native code)
V  [libjvm.dylib+0x3c6cd4]  LinkResolver::linktime_resolve_static_method(methodHandle&, KlassHandle, Symbol*, Symbol*, KlassHandle, bool, Thread*)+0x1e
V  [libjvm.dylib+0x3ca2d9]  LinkResolver::resolve_static_call(CallInfo&, KlassHandle&, Symbol*, Symbol*, KlassHandle, bool, bool, Thread*)+0x53
V  [libjvm.dylib+0x3ca536]  LinkResolver::resolve_invokestatic(CallInfo&, constantPoolHandle, int, Thread*)+0x102
V  [libjvm.dylib+0x3ca5f7]  LinkResolver::resolve_invoke(CallInfo&, Handle, constantPoolHandle, int, Bytecodes::Code, Thread*)+0xb3
V  [libjvm.dylib+0x2e4efd]  InterpreterRuntime::resolve_invoke(JavaThread*, Bytecodes::Code)+0x371
j  net.ion.ice.service.CartService.cartRead(Lnet/ion/ice/core/context/ExecuteContext;)Lnet/ion/ice/core/context/ExecuteContext;+3
v  ~StubRoutines::call_stub
V  [libjvm.dylib+0x2eab0e]  JavaCalls::call_helper(JavaValue*, methodHandle*, JavaCallArguments*, Thread*)+0x6ae
V  [libjvm.dylib+0x4caf44]  Reflection::invoke(instanceKlassHandle, methodHandle, Handle, bool, objArrayHandle, BasicType, objArrayHandle, bool, Thread*)+0xe12
V  [libjvm.dylib+0x4cb478]  Reflection::invoke_method(oopDesc*, Handle, objArrayHandle, Thread*)+0x16c
V  [libjvm.dylib+0x342cc0]  JVM_InvokeMethod+0x166
J 1846  sun.reflect.NativeMethodAccessorImpl.invoke0(Ljava/lang/reflect/Method;Ljava/lang/Object;[Ljava/lang/Object;)Ljava/lang/Object; (0 bytes) @ 0x00000001022a1c2d [0x00000001022a1b40+0xed]
J 1688 C1 sun.reflect.NativeMethodAccessorImpl.invoke(Ljava/lang/Object;[Ljava/lang/Object;)Ljava/lang/Object; (104 bytes) @ 0x000000010222fefc [0x000000010222fb20+0x3dc]
J 1429 C1 sun.reflect.DelegatingMethodAccessorImpl.invoke(Ljava/lang/Object;[Ljava/lang/Object;)Ljava/lang/Object; (10 bytes) @ 0x0000000102195de4 [0x0000000102195d80+0x64]
J 1305 C1 java.lang.reflect.Method.invoke(Ljava/lang/Object;[Ljava/lang/Object;)Ljava/lang/Object; (62 bytes) @ 0x000000010215ec44 [0x000000010215eb20+0x124]
j  net.ion.ice.core.event.ActionService.execute(Lnet/ion/ice/core/context/ExecuteContext;)V+182
j  net.ion.ice.core.event.EventService.executeEventAction(Lnet/ion/ice/core/context/ExecuteContext;Lnet/ion/ice/core/event/Event;)V+75
j  net.ion.ice.core.event.EventService.execute(Lnet/ion/ice/core/context/ExecuteContext;)V+130
j  net.ion.ice.core.context.ApiExecuteContext.makeQueryResult()Lnet/ion/ice/core/query/QueryResult;+208
j  net.ion.ice.core.context.ApiContext.makeSubApiReuslt(Ljava/util/Map;)Ljava/util/Map;+30
j  net.ion.ice.core.context.ApiContext.makeApiResult()Ljava/lang/Object;+96
j  net.ion.ice.core.api.ApiService.execute(Lorg/springframework/web/context/request/NativeWebRequest;Ljava/lang/String;Ljava/lang/String;Ljava/lang/String;Ljava/lang/String;)Ljava/lang/Object;+380
j  net.ion.ice.core.api.ApiService.execute(Lorg/springframework/web/context/request/NativeWebRequest;Ljava/lang/String;Ljava/lang/String;Ljava/lang/String;)Ljava/lang/Object;+15
j  net.ion.ice.core.api.ApiController.api(Lorg/springframework/web/context/request/NativeWebRequest;Ljava/lang/String;Ljava/lang/String;Ljava/lang/String;)Ljava/lang/Object;+17
j  net.ion.ice.core.api.ApiController.testGet(Lorg/springframework/web/context/request/NativeWebRequest;Ljava/lang/String;Ljava/lang/String;)Ljava/lang/Object;+14
v  ~StubRoutines::call_stub
V  [libjvm.dylib+0x2eab0e]  JavaCalls::call_helper(JavaValue*, methodHandle*, JavaCallArguments*, Thread*)+0x6ae
V  [libjvm.dylib+0x4caf44]  Reflection::invoke(instanceKlassHandle, methodHandle, Handle, bool, objArrayHandle, BasicType, objArrayHandle, bool, Thread*)+0xe12
V  [libjvm.dylib+0x4cb478]  Reflection::invoke_method(oopDesc*, Handle, objArrayHandle, Thread*)+0x16c
V  [libjvm.dylib+0x342cc0]  JVM_InvokeMethod+0x166
J 1846  sun.reflect.NativeMethodAccessorImpl.invoke0(Ljava/lang/reflect/Method;Ljava/lang/Object;[Ljava/lang/Object;)Ljava/lang/Object; (0 bytes) @ 0x00000001022a1c2d [0x00000001022a1b40+0xed]
J 1688 C1 sun.reflect.NativeMethodAccessorImpl.invoke(Ljava/lang/Object;[Ljava/lang/Object;)Ljava/lang/Object; (104 bytes) @ 0x000000010222fefc [0x000000010222fb20+0x3dc]
J 1429 C1 sun.reflect.DelegatingMethodAccessorImpl.invoke(Ljava/lang/Object;[Ljava/lang/Object;)Ljava/lang/Object; (10 bytes) @ 0x0000000102195de4 [0x0000000102195d80+0x64]
J 1305 C1 java.lang.reflect.Method.invoke(Ljava/lang/Object;[Ljava/lang/Object;)Ljava/lang/Object; (62 bytes) @ 0x000000010215ec44 [0x000000010215eb20+0x124]
j  org.springframework.web.method.support.InvocableHandlerMethod.doInvoke([Ljava/lang/Object;)Ljava/lang/Object;+16
j  org.springframework.web.method.support.InvocableHandlerMethod.invokeForRequest(Lorg/springframework/web/context/request/NativeWebRequest;Lorg/springframework/web/method/support/ModelAndViewContainer;[Ljava/lang/Object;)Ljava/lang/Object;+75
j  org.springframework.web.servlet.mvc.method.annotation.ServletInvocableHandlerMethod.invokeAndHandle(Lorg/springframework/web/context/request/ServletWebRequest;Lorg/springframework/web/method/support/ModelAndViewContainer;[Ljava/lang/Object;)V+4
j  org.springframework.web.servlet.mvc.method.annotation.RequestMappingHandlerAdapter.invokeHandlerMethod(Ljavax/servlet/http/HttpServletRequest;Ljavax/servlet/http/HttpServletResponse;Lorg/springframework/web/method/HandlerMethod;)Lorg/springframework/web/servlet/ModelAndView;+262
j  org.springframework.web.servlet.mvc.method.annotation.RequestMappingHandlerAdapter.handleInternal(Ljavax/servlet/http/HttpServletRequest;Ljavax/servlet/http/HttpServletResponse;Lorg/springframework/web/method/HandlerMethod;)Lorg/springframework/web/servlet/ModelAndView;+81
j  org.springframework.web.servlet.mvc.method.AbstractHandlerMethodAdapter.handle(Ljavax/servlet/http/HttpServletRequest;Ljavax/servlet/http/HttpServletResponse;Ljava/lang/Object;)Lorg/springframework/web/servlet/ModelAndView;+7
j  org.springframework.web.servlet.DispatcherServlet.doDispatch(Ljavax/servlet/http/HttpServletRequest;Ljavax/servlet/http/HttpServletResponse;)V+318
j  org.springframework.web.servlet.DispatcherServlet.doService(Ljavax/servlet/http/HttpServletRequest;Ljavax/servlet/http/HttpServletResponse;)V+301
j  org.springframework.web.servlet.FrameworkServlet.processRequest(Ljavax/servlet/http/HttpServletRequest;Ljavax/servlet/http/HttpServletResponse;)V+71
j  org.springframework.web.servlet.FrameworkServlet.doGet(Ljavax/servlet/http/HttpServletRequest;Ljavax/servlet/http/HttpServletResponse;)V+3
j  javax.servlet.http.HttpServlet.service(Ljavax/servlet/http/HttpServletRequest;Ljavax/servlet/http/HttpServletResponse;)V+35
j  org.springframework.web.servlet.FrameworkServlet.service(Ljavax/servlet/http/HttpServletRequest;Ljavax/servlet/http/HttpServletResponse;)V+42
j  javax.servlet.http.HttpServlet.service(Ljavax/servlet/ServletRequest;Ljavax/servlet/ServletResponse;)V+30
j  org.apache.catalina.core.ApplicationFilterChain.internalDoFilter(Ljavax/servlet/ServletRequest;Ljavax/servlet/ServletResponse;)V+304
j  org.apache.catalina.core.ApplicationFilterChain.doFilter(Ljavax/servlet/ServletRequest;Ljavax/servlet/ServletResponse;)V+101
j  org.apache.tomcat.websocket.server.WsFilter.doFilter(Ljavax/servlet/ServletRequest;Ljavax/servlet/ServletResponse;Ljavax/servlet/FilterChain;)V+21
j  org.apache.catalina.core.ApplicationFilterChain.internalDoFilter(Ljavax/servlet/ServletRequest;Ljavax/servlet/ServletResponse;)V+135
j  org.apache.catalina.core.ApplicationFilterChain.doFilter(Ljavax/servlet/ServletRequest;Ljavax/servlet/ServletResponse;)V+101
j  org.stagemonitor.web.servlet.MonitoredHttpRequest.execute()V+12
j  org.stagemonitor.tracing.RequestMonitor.monitor(Lorg/stagemonitor/tracing/MonitoredRequest;)Lorg/stagemonitor/tracing/SpanContextInformation;+6
j  org.stagemonitor.web.servlet.filter.HttpRequestMonitorFilter.monitorRequest(Ljavax/servlet/FilterChain;Ljavax/servlet/http/HttpServletRequest;Lorg/stagemonitor/web/servlet/filter/StatusExposingByteCountingServletResponse;)Lorg/stagemonitor/tracing/SpanContextInformation;+24
j  org.stagemonitor.web.servlet.filter.HttpRequestMonitorFilter.doMonitor(Ljavax/servlet/http/HttpServletRequest;Ljavax/servlet/http/HttpServletResponse;Ljavax/servlet/FilterChain;)V+50
j  org.stagemonitor.web.servlet.filter.HttpRequestMonitorFilter.doFilterInternal(Ljavax/servlet/http/HttpServletRequest;Ljavax/servlet/http/HttpServletResponse;Ljavax/servlet/FilterChain;)V+64
j  org.stagemonitor.web.servlet.filter.AbstractExclusionFilter.doFilter(Ljavax/servlet/ServletRequest;Ljavax/servlet/ServletResponse;Ljavax/servlet/FilterChain;)V+48
j  org.apache.catalina.core.ApplicationFilterChain.internalDoFilter(Ljavax/servlet/ServletRequest;Ljavax/servlet/ServletResponse;)V+135
j  org.apache.catalina.core.ApplicationFilterChain.doFilter(Ljavax/servlet/ServletRequest;Ljavax/servlet/ServletResponse;)V+101
j  org.springframework.security.web.authentication.logout.LogoutFilter.doFilter(Ljavax/servlet/ServletRequest;Ljavax/servlet/ServletResponse;Ljavax/servlet/FilterChain;)V+115
j  org.apache.catalina.core.ApplicationFilterChain.internalDoFilter(Ljavax/servlet/ServletRequest;Ljavax/servlet/ServletResponse;)V+135
j  org.apache.catalina.core.ApplicationFilterChain.doFilter(Ljavax/servlet/ServletRequest;Ljavax/servlet/ServletResponse;)V+101
j  net.ion.ice.security.cors.CORSFilter.doFilter(Ljavax/servlet/ServletRequest;Ljavax/servlet/ServletResponse;Ljavax/servlet/FilterChain;)V+96
j  org.apache.catalina.core.ApplicationFilterChain.internalDoFilter(Ljavax/servlet/ServletRequest;Ljavax/servlet/ServletResponse;)V+135
j  org.apache.catalina.core.ApplicationFilterChain.doFilter(Ljavax/servlet/ServletRequest;Ljavax/servlet/ServletResponse;)V+101
j  org.springframework.security.web.FilterChainProxy$VirtualFilterChain.doFilter(Ljavax/servlet/ServletRequest;Ljavax/servlet/ServletResponse;)V+68
j  org.springframework.security.web.access.intercept.FilterSecurityInterceptor.invoke(Lorg/springframework/security/web/FilterInvocation;)V+87
j  org.springframework.security.web.access.intercept.FilterSecurityInterceptor.doFilter(Ljavax/servlet/ServletRequest;Ljavax/servlet/ServletResponse;Ljavax/servlet/FilterChain;)V+15
j  org.springframework.security.web.FilterChainProxy$VirtualFilterChain.doFilter(Ljavax/servlet/ServletRequest;Ljavax/servlet/ServletResponse;)V+192
j  org.springframework.security.web.access.ExceptionTranslationFilter.doFilter(Ljavax/servlet/ServletRequest;Ljavax/servlet/ServletResponse;Ljavax/servlet/FilterChain;)V+17
j  org.springframework.security.web.FilterChainProxy$VirtualFilterChain.doFilter(Ljavax/servlet/ServletRequest;Ljavax/servlet/ServletResponse;)V+192
j  org.springframework.security.web.session.SessionManagementFilter.doFilter(Ljavax/servlet/ServletRequest;Ljavax/servlet/ServletResponse;Ljavax/servlet/FilterChain;)V+258
j  org.springframework.security.web.FilterChainProxy$VirtualFilterChain.doFilter(Ljavax/servlet/ServletRequest;Ljavax/servlet/ServletResponse;)V+192
j  org.springframework.security.web.authentication.AnonymousAuthenticationFilter.doFilter(Ljavax/servlet/ServletRequest;Ljavax/servlet/ServletResponse;Ljavax/servlet/FilterChain;)V+137
j  org.springframework.security.web.FilterChainProxy$VirtualFilterChain.doFilter(Ljavax/servlet/ServletRequest;Ljavax/servlet/ServletResponse;)V+192
j  org.springframework.security.web.servletapi.SecurityContextHolderAwareRequestFilter.doFilter(Ljavax/servlet/ServletRequest;Ljavax/servlet/ServletResponse;Ljavax/servlet/FilterChain;)V+19
j  org.springframework.security.web.FilterChainProxy$VirtualFilterChain.doFilter(Ljavax/servlet/ServletRequest;Ljavax/servlet/ServletResponse;)V+192
j  org.springframework.security.web.savedrequest.RequestCacheAwareFilter.doFilter(Ljavax/servlet/ServletRequest;Ljavax/servlet/ServletResponse;Ljavax/servlet/FilterChain;)V+32
j  org.springframework.security.web.FilterChainProxy$VirtualFilterChain.doFilter(Ljavax/servlet/ServletRequest;Ljavax/servlet/ServletResponse;)V+192
j  org.springframework.security.web.authentication.logout.LogoutFilter.doFilter(Ljavax/servlet/ServletRequest;Ljavax/servlet/ServletResponse;Ljavax/servlet/FilterChain;)V+115
j  org.springframework.security.web.FilterChainProxy$VirtualFilterChain.doFilter(Ljavax/servlet/ServletRequest;Ljavax/servlet/ServletResponse;)V+192
j  org.springframework.security.web.authentication.AbstractAuthenticationProcessingFilter.doFilter(Ljavax/servlet/ServletRequest;Ljavax/servlet/ServletResponse;Ljavax/servlet/FilterChain;)V+28
j  org.springframework.security.web.FilterChainProxy$VirtualFilterChain.doFilter(Ljavax/servlet/ServletRequest;Ljavax/servlet/ServletResponse;)V+192
j  org.springframework.security.web.authentication.logout.LogoutFilter.doFilter(Ljavax/servlet/ServletRequest;Ljavax/servlet/ServletResponse;Ljavax/servlet/FilterChain;)V+115
j  org.springframework.security.web.FilterChainProxy$VirtualFilterChain.doFilter(Ljavax/servlet/ServletRequest;Ljavax/servlet/ServletResponse;)V+192
j  org.springframework.security.web.authentication.AbstractAuthenticationProcessingFilter.doFilter(Ljavax/servlet/ServletRequest;Ljavax/servlet/ServletResponse;Ljavax/servlet/FilterChain;)V+28
j  org.springframework.security.web.FilterChainProxy$VirtualFilterChain.doFilter(Ljavax/servlet/ServletRequest;Ljavax/servlet/ServletResponse;)V+192
j  org.springframework.web.filter.CorsFilter.doFilterInternal(Ljavax/servlet/http/HttpServletRequest;Ljavax/servlet/http/HttpServletResponse;Ljavax/servlet/FilterChain;)V+55
j  org.springframework.web.filter.OncePerRequestFilter.doFilter(Ljavax/servlet/ServletRequest;Ljavax/servlet/ServletResponse;Ljavax/servlet/FilterChain;)V+111
j  org.springframework.security.web.FilterChainProxy$VirtualFilterChain.doFilter(Ljavax/servlet/ServletRequest;Ljavax/servlet/ServletResponse;)V+192
j  org.springframework.security.web.header.HeaderWriterFilter.doFilterInternal(Ljavax/servlet/http/HttpServletRequest;Ljavax/servlet/http/HttpServletResponse;Ljavax/servlet/FilterChain;)V+48
j  org.springframework.web.filter.OncePerRequestFilter.doFilter(Ljavax/servlet/ServletRequest;Ljavax/servlet/ServletResponse;Ljavax/servlet/FilterChain;)V+111
j  org.springframework.security.web.FilterChainProxy$VirtualFilterChain.doFilter(Ljavax/servlet/ServletRequest;Ljavax/servlet/ServletResponse;)V+192
j  org.springframework.security.web.context.SecurityContextPersistenceFilter.doFilter(Ljavax/servlet/ServletRequest;Ljavax/servlet/ServletResponse;Ljavax/servlet/FilterChain;)V+165
j  org.springframework.security.web.FilterChainProxy$VirtualFilterChain.doFilter(Ljavax/servlet/ServletRequest;Ljavax/servlet/ServletResponse;)V+192
j  org.springframework.security.web.context.request.async.WebAsyncManagerIntegrationFilter.doFilterInternal(Ljavax/servlet/http/HttpServletRequest;Ljavax/servlet/http/HttpServletResponse;Ljavax/servlet/FilterChain;)V+42
j  org.springframework.web.filter.OncePerRequestFilter.doFilter(Ljavax/servlet/ServletRequest;Ljavax/servlet/ServletResponse;Ljavax/servlet/FilterChain;)V+111
j  org.springframework.security.web.FilterChainProxy$VirtualFilterChain.doFilter(Ljavax/servlet/ServletRequest;Ljavax/servlet/ServletResponse;)V+192
j  org.springframework.security.web.FilterChainProxy.doFilterInternal(Ljavax/servlet/ServletRequest;Ljavax/servlet/ServletResponse;Ljavax/servlet/FilterChain;)V+142
...<more frames>...

Java frames: (J=compiled Java code, j=interpreted, Vv=VM code)
j  net.ion.ice.service.CartService.cartRead(Lnet/ion/ice/core/context/ExecuteContext;)Lnet/ion/ice/core/context/ExecuteContext;+3
v  ~StubRoutines::call_stub
J 1846  sun.reflect.NativeMethodAccessorImpl.invoke0(Ljava/lang/reflect/Method;Ljava/lang/Object;[Ljava/lang/Object;)Ljava/lang/Object; (0 bytes) @ 0x00000001022a1bb7 [0x00000001022a1b40+0x77]
J 1688 C1 sun.reflect.NativeMethodAccessorImpl.invoke(Ljava/lang/Object;[Ljava/lang/Object;)Ljava/lang/Object; (104 bytes) @ 0x000000010222fefc [0x000000010222fb20+0x3dc]
J 1429 C1 sun.reflect.DelegatingMethodAccessorImpl.invoke(Ljava/lang/Object;[Ljava/lang/Object;)Ljava/lang/Object; (10 bytes) @ 0x0000000102195de4 [0x0000000102195d80+0x64]
J 1305 C1 java.lang.reflect.Method.invoke(Ljava/lang/Object;[Ljava/lang/Object;)Ljava/lang/Object; (62 bytes) @ 0x000000010215ec44 [0x000000010215eb20+0x124]
j  net.ion.ice.core.event.ActionService.execute(Lnet/ion/ice/core/context/ExecuteContext;)V+182
j  net.ion.ice.core.event.EventService.executeEventAction(Lnet/ion/ice/core/context/ExecuteContext;Lnet/ion/ice/core/event/Event;)V+75
j  net.ion.ice.core.event.EventService.execute(Lnet/ion/ice/core/context/ExecuteContext;)V+130
j  net.ion.ice.core.context.ApiExecuteContext.makeQueryResult()Lnet/ion/ice/core/query/QueryResult;+208
j  net.ion.ice.core.context.ApiContext.makeSubApiReuslt(Ljava/util/Map;)Ljava/util/Map;+30
j  net.ion.ice.core.context.ApiContext.makeApiResult()Ljava/lang/Object;+96
j  net.ion.ice.core.api.ApiService.execute(Lorg/springframework/web/context/request/NativeWebRequest;Ljava/lang/String;Ljava/lang/String;Ljava/lang/String;Ljava/lang/String;)Ljava/lang/Object;+380
j  net.ion.ice.core.api.ApiService.execute(Lorg/springframework/web/context/request/NativeWebRequest;Ljava/lang/String;Ljava/lang/String;Ljava/lang/String;)Ljava/lang/Object;+15
j  net.ion.ice.core.api.ApiController.api(Lorg/springframework/web/context/request/NativeWebRequest;Ljava/lang/String;Ljava/lang/String;Ljava/lang/String;)Ljava/lang/Object;+17
j  net.ion.ice.core.api.ApiController.testGet(Lorg/springframework/web/context/request/NativeWebRequest;Ljava/lang/String;Ljava/lang/String;)Ljava/lang/Object;+14
v  ~StubRoutines::call_stub
J 1846  sun.reflect.NativeMethodAccessorImpl.invoke0(Ljava/lang/reflect/Method;Ljava/lang/Object;[Ljava/lang/Object;)Ljava/lang/Object; (0 bytes) @ 0x00000001022a1bb7 [0x00000001022a1b40+0x77]
J 1688 C1 sun.reflect.NativeMethodAccessorImpl.invoke(Ljava/lang/Object;[Ljava/lang/Object;)Ljava/lang/Object; (104 bytes) @ 0x000000010222fefc [0x000000010222fb20+0x3dc]
J 1429 C1 sun.reflect.DelegatingMethodAccessorImpl.invoke(Ljava/lang/Object;[Ljava/lang/Object;)Ljava/lang/Object; (10 bytes) @ 0x0000000102195de4 [0x0000000102195d80+0x64]
J 1305 C1 java.lang.reflect.Method.invoke(Ljava/lang/Object;[Ljava/lang/Object;)Ljava/lang/Object; (62 bytes) @ 0x000000010215ec44 [0x000000010215eb20+0x124]
j  org.springframework.web.method.support.InvocableHandlerMethod.doInvoke([Ljava/lang/Object;)Ljava/lang/Object;+16
j  org.springframework.web.method.support.InvocableHandlerMethod.invokeForRequest(Lorg/springframework/web/context/request/NativeWebRequest;Lorg/springframework/web/method/support/ModelAndViewContainer;[Ljava/lang/Object;)Ljava/lang/Object;+75
j  org.springframework.web.servlet.mvc.method.annotation.ServletInvocableHandlerMethod.invokeAndHandle(Lorg/springframework/web/context/request/ServletWebRequest;Lorg/springframework/web/method/support/ModelAndViewContainer;[Ljava/lang/Object;)V+4
j  org.springframework.web.servlet.mvc.method.annotation.RequestMappingHandlerAdapter.invokeHandlerMethod(Ljavax/servlet/http/HttpServletRequest;Ljavax/servlet/http/HttpServletResponse;Lorg/springframework/web/method/HandlerMethod;)Lorg/springframework/web/servlet/ModelAndView;+262
j  org.springframework.web.servlet.mvc.method.annotation.RequestMappingHandlerAdapter.handleInternal(Ljavax/servlet/http/HttpServletRequest;Ljavax/servlet/http/HttpServletResponse;Lorg/springframework/web/method/HandlerMethod;)Lorg/springframework/web/servlet/ModelAndView;+81
j  org.springframework.web.servlet.mvc.method.AbstractHandlerMethodAdapter.handle(Ljavax/servlet/http/HttpServletRequest;Ljavax/servlet/http/HttpServletResponse;Ljava/lang/Object;)Lorg/springframework/web/servlet/ModelAndView;+7
j  org.springframework.web.servlet.DispatcherServlet.doDispatch(Ljavax/servlet/http/HttpServletRequest;Ljavax/servlet/http/HttpServletResponse;)V+318
j  org.springframework.web.servlet.DispatcherServlet.doService(Ljavax/servlet/http/HttpServletRequest;Ljavax/servlet/http/HttpServletResponse;)V+301
j  org.springframework.web.servlet.FrameworkServlet.processRequest(Ljavax/servlet/http/HttpServletRequest;Ljavax/servlet/http/HttpServletResponse;)V+71
j  org.springframework.web.servlet.FrameworkServlet.doGet(Ljavax/servlet/http/HttpServletRequest;Ljavax/servlet/http/HttpServletResponse;)V+3
j  javax.servlet.http.HttpServlet.service(Ljavax/servlet/http/HttpServletRequest;Ljavax/servlet/http/HttpServletResponse;)V+35
j  org.springframework.web.servlet.FrameworkServlet.service(Ljavax/servlet/http/HttpServletRequest;Ljavax/servlet/http/HttpServletResponse;)V+42
j  javax.servlet.http.HttpServlet.service(Ljavax/servlet/ServletRequest;Ljavax/servlet/ServletResponse;)V+30
j  org.apache.catalina.core.ApplicationFilterChain.internalDoFilter(Ljavax/servlet/ServletRequest;Ljavax/servlet/ServletResponse;)V+304
j  org.apache.catalina.core.ApplicationFilterChain.doFilter(Ljavax/servlet/ServletRequest;Ljavax/servlet/ServletResponse;)V+101
j  org.apache.tomcat.websocket.server.WsFilter.doFilter(Ljavax/servlet/ServletRequest;Ljavax/servlet/ServletResponse;Ljavax/servlet/FilterChain;)V+21
j  org.apache.catalina.core.ApplicationFilterChain.internalDoFilter(Ljavax/servlet/ServletRequest;Ljavax/servlet/ServletResponse;)V+135
j  org.apache.catalina.core.ApplicationFilterChain.doFilter(Ljavax/servlet/ServletRequest;Ljavax/servlet/ServletResponse;)V+101
j  org.stagemonitor.web.servlet.MonitoredHttpRequest.execute()V+12
j  org.stagemonitor.tracing.RequestMonitor.monitor(Lorg/stagemonitor/tracing/MonitoredRequest;)Lorg/stagemonitor/tracing/SpanContextInformation;+6
j  org.stagemonitor.web.servlet.filter.HttpRequestMonitorFilter.monitorRequest(Ljavax/servlet/FilterChain;Ljavax/servlet/http/HttpServletRequest;Lorg/stagemonitor/web/servlet/filter/StatusExposingByteCountingServletResponse;)Lorg/stagemonitor/tracing/SpanContextInformation;+24
j  org.stagemonitor.web.servlet.filter.HttpRequestMonitorFilter.doMonitor(Ljavax/servlet/http/HttpServletRequest;Ljavax/servlet/http/HttpServletResponse;Ljavax/servlet/FilterChain;)V+50
j  org.stagemonitor.web.servlet.filter.HttpRequestMonitorFilter.doFilterInternal(Ljavax/servlet/http/HttpServletRequest;Ljavax/servlet/http/HttpServletResponse;Ljavax/servlet/FilterChain;)V+64
j  org.stagemonitor.web.servlet.filter.AbstractExclusionFilter.doFilter(Ljavax/servlet/ServletRequest;Ljavax/servlet/ServletResponse;Ljavax/servlet/FilterChain;)V+48
j  org.apache.catalina.core.ApplicationFilterChain.internalDoFilter(Ljavax/servlet/ServletRequest;Ljavax/servlet/ServletResponse;)V+135
j  org.apache.catalina.core.ApplicationFilterChain.doFilter(Ljavax/servlet/ServletRequest;Ljavax/servlet/ServletResponse;)V+101
j  org.springframework.security.web.authentication.logout.LogoutFilter.doFilter(Ljavax/servlet/ServletRequest;Ljavax/servlet/ServletResponse;Ljavax/servlet/FilterChain;)V+115
j  org.apache.catalina.core.ApplicationFilterChain.internalDoFilter(Ljavax/servlet/ServletRequest;Ljavax/servlet/ServletResponse;)V+135
j  org.apache.catalina.core.ApplicationFilterChain.doFilter(Ljavax/servlet/ServletRequest;Ljavax/servlet/ServletResponse;)V+101
j  net.ion.ice.security.cors.CORSFilter.doFilter(Ljavax/servlet/ServletRequest;Ljavax/servlet/ServletResponse;Ljavax/servlet/FilterChain;)V+96
j  org.apache.catalina.core.ApplicationFilterChain.internalDoFilter(Ljavax/servlet/ServletRequest;Ljavax/servlet/ServletResponse;)V+135
j  org.apache.catalina.core.ApplicationFilterChain.doFilter(Ljavax/servlet/ServletRequest;Ljavax/servlet/ServletResponse;)V+101
j  org.springframework.security.web.FilterChainProxy$VirtualFilterChain.doFilter(Ljavax/servlet/ServletRequest;Ljavax/servlet/ServletResponse;)V+68
j  org.springframework.security.web.access.intercept.FilterSecurityInterceptor.invoke(Lorg/springframework/security/web/FilterInvocation;)V+87
j  org.springframework.security.web.access.intercept.FilterSecurityInterceptor.doFilter(Ljavax/servlet/ServletRequest;Ljavax/servlet/ServletResponse;Ljavax/servlet/FilterChain;)V+15
j  org.springframework.security.web.FilterChainProxy$VirtualFilterChain.doFilter(Ljavax/servlet/ServletRequest;Ljavax/servlet/ServletResponse;)V+192
j  org.springframework.security.web.access.ExceptionTranslationFilter.doFilter(Ljavax/servlet/ServletRequest;Ljavax/servlet/ServletResponse;Ljavax/servlet/FilterChain;)V+17
j  org.springframework.security.web.FilterChainProxy$VirtualFilterChain.doFilter(Ljavax/servlet/ServletRequest;Ljavax/servlet/ServletResponse;)V+192
j  org.springframework.security.web.session.SessionManagementFilter.doFilter(Ljavax/servlet/ServletRequest;Ljavax/servlet/ServletResponse;Ljavax/servlet/FilterChain;)V+258
j  org.springframework.security.web.FilterChainProxy$VirtualFilterChain.doFilter(Ljavax/servlet/ServletRequest;Ljavax/servlet/ServletResponse;)V+192
j  org.springframework.security.web.authentication.AnonymousAuthenticationFilter.doFilter(Ljavax/servlet/ServletRequest;Ljavax/servlet/ServletResponse;Ljavax/servlet/FilterChain;)V+137
j  org.springframework.security.web.FilterChainProxy$VirtualFilterChain.doFilter(Ljavax/servlet/ServletRequest;Ljavax/servlet/ServletResponse;)V+192
j  org.springframework.security.web.servletapi.SecurityContextHolderAwareRequestFilter.doFilter(Ljavax/servlet/ServletRequest;Ljavax/servlet/ServletResponse;Ljavax/servlet/FilterChain;)V+19
j  org.springframework.security.web.FilterChainProxy$VirtualFilterChain.doFilter(Ljavax/servlet/ServletRequest;Ljavax/servlet/ServletResponse;)V+192
j  org.springframework.security.web.savedrequest.RequestCacheAwareFilter.doFilter(Ljavax/servlet/ServletRequest;Ljavax/servlet/ServletResponse;Ljavax/servlet/FilterChain;)V+32
j  org.springframework.security.web.FilterChainProxy$VirtualFilterChain.doFilter(Ljavax/servlet/ServletRequest;Ljavax/servlet/ServletResponse;)V+192
j  org.springframework.security.web.authentication.logout.LogoutFilter.doFilter(Ljavax/servlet/ServletRequest;Ljavax/servlet/ServletResponse;Ljavax/servlet/FilterChain;)V+115
j  org.springframework.security.web.FilterChainProxy$VirtualFilterChain.doFilter(Ljavax/servlet/ServletRequest;Ljavax/servlet/ServletResponse;)V+192
j  org.springframework.security.web.authentication.AbstractAuthenticationProcessingFilter.doFilter(Ljavax/servlet/ServletRequest;Ljavax/servlet/ServletResponse;Ljavax/servlet/FilterChain;)V+28
j  org.springframework.security.web.FilterChainProxy$VirtualFilterChain.doFilter(Ljavax/servlet/ServletRequest;Ljavax/servlet/ServletResponse;)V+192
j  org.springframework.security.web.authentication.logout.LogoutFilter.doFilter(Ljavax/servlet/ServletRequest;Ljavax/servlet/ServletResponse;Ljavax/servlet/FilterChain;)V+115
j  org.springframework.security.web.FilterChainProxy$VirtualFilterChain.doFilter(Ljavax/servlet/ServletRequest;Ljavax/servlet/ServletResponse;)V+192
j  org.springframework.security.web.authentication.AbstractAuthenticationProcessingFilter.doFilter(Ljavax/servlet/ServletRequest;Ljavax/servlet/ServletResponse;Ljavax/servlet/FilterChain;)V+28
j  org.springframework.security.web.FilterChainProxy$VirtualFilterChain.doFilter(Ljavax/servlet/ServletRequest;Ljavax/servlet/ServletResponse;)V+192
j  org.springframework.web.filter.CorsFilter.doFilterInternal(Ljavax/servlet/http/HttpServletRequest;Ljavax/servlet/http/HttpServletResponse;Ljavax/servlet/FilterChain;)V+55
j  org.springframework.web.filter.OncePerRequestFilter.doFilter(Ljavax/servlet/ServletRequest;Ljavax/servlet/ServletResponse;Ljavax/servlet/FilterChain;)V+111
j  org.springframework.security.web.FilterChainProxy$VirtualFilterChain.doFilter(Ljavax/servlet/ServletRequest;Ljavax/servlet/ServletResponse;)V+192
j  org.springframework.security.web.header.HeaderWriterFilter.doFilterInternal(Ljavax/servlet/http/HttpServletRequest;Ljavax/servlet/http/HttpServletResponse;Ljavax/servlet/FilterChain;)V+48
j  org.springframework.web.filter.OncePerRequestFilter.doFilter(Ljavax/servlet/ServletRequest;Ljavax/servlet/ServletResponse;Ljavax/servlet/FilterChain;)V+111
j  org.springframework.security.web.FilterChainProxy$VirtualFilterChain.doFilter(Ljavax/servlet/ServletRequest;Ljavax/servlet/ServletResponse;)V+192
j  org.springframework.security.web.context.SecurityContextPersistenceFilter.doFilter(Ljavax/servlet/ServletRequest;Ljavax/servlet/ServletResponse;Ljavax/servlet/FilterChain;)V+165
j  org.springframework.security.web.FilterChainProxy$VirtualFilterChain.doFilter(Ljavax/servlet/ServletRequest;Ljavax/servlet/ServletResponse;)V+192
j  org.springframework.security.web.context.request.async.WebAsyncManagerIntegrationFilter.doFilterInternal(Ljavax/servlet/http/HttpServletRequest;Ljavax/servlet/http/HttpServletResponse;Ljavax/servlet/FilterChain;)V+42
j  org.springframework.web.filter.OncePerRequestFilter.doFilter(Ljavax/servlet/ServletRequest;Ljavax/servlet/ServletResponse;Ljavax/servlet/FilterChain;)V+111
j  org.springframework.security.web.FilterChainProxy$VirtualFilterChain.doFilter(Ljavax/servlet/ServletRequest;Ljavax/servlet/ServletResponse;)V+192
j  org.springframework.security.web.FilterChainProxy.doFilterInternal(Ljavax/servlet/ServletRequest;Ljavax/servlet/ServletResponse;Ljavax/servlet/FilterChain;)V+142
j  org.springframework.security.web.FilterChainProxy.doFilter(Ljavax/servlet/ServletRequest;Ljavax/servlet/ServletResponse;Ljavax/servlet/FilterChain;)V+40
j  org.springframework.web.filter.DelegatingFilterProxy.invokeDelegate(Ljavax/servlet/Filter;Ljavax/servlet/ServletRequest;Ljavax/servlet/ServletResponse;Ljavax/servlet/FilterChain;)V+5
j  org.springframework.web.filter.DelegatingFilterProxy.doFilter(Ljavax/servlet/ServletRequest;Ljavax/servlet/ServletResponse;Ljavax/servlet/FilterChain;)V+83
j  org.apache.catalina.core.ApplicationFilterChain.internalDoFilter(Ljavax/servlet/ServletRequest;Ljavax/servlet/ServletResponse;)V+135
j  org.apache.catalina.core.ApplicationFilterChain.doFilter(Ljavax/servlet/ServletRequest;Ljavax/servlet/ServletResponse;)V+101
j  org.springframework.web.filter.RequestContextFilter.doFilterInternal(Ljavax/servlet/http/HttpServletRequest;Ljavax/servlet/http/HttpServletResponse;Ljavax/servlet/FilterChain;)V+21
j  org.springframework.web.filter.OncePerRequestFilter.doFilter(Ljavax/servlet/ServletRequest;Ljavax/servlet/ServletResponse;Ljavax/servlet/FilterChain;)V+111
j  org.apache.catalina.core.ApplicationFilterChain.internalDoFilter(Ljavax/servlet/ServletRequest;Ljavax/servlet/ServletResponse;)V+135
j  org.apache.catalina.core.ApplicationFilterChain.doFilter(Ljavax/servlet/ServletRequest;Ljavax/servlet/ServletResponse;)V+101
j  org.springframework.web.filter.HttpPutFormContentFilter.doFilterInternal(Ljavax/servlet/http/HttpServletRequest;Ljavax/servlet/http/HttpServletResponse;Ljavax/servlet/FilterChain;)V+95
j  org.springframework.web.filter.OncePerRequestFilter.doFilter(Ljavax/servlet/ServletRequest;Ljavax/servlet/ServletResponse;Ljavax/servlet/FilterChain;)V+111
j  org.apache.catalina.core.ApplicationFilterChain.internalDoFilter(Ljavax/servlet/ServletRequest;Ljavax/servlet/ServletResponse;)V+135
j  org.apache.catalina.core.ApplicationFilterChain.doFilter(Ljavax/servlet/ServletRequest;Ljavax/servlet/ServletResponse;)V+101
j  org.springframework.web.filter.HiddenHttpMethodFilter.doFilterInternal(Ljavax/servlet/http/HttpServletRequest;Ljavax/servlet/http/HttpServletResponse;Ljavax/servlet/FilterChain;)V+64
j  org.springframework.web.filter.OncePerRequestFilter.doFilter(Ljavax/servlet/ServletRequest;Ljavax/servlet/ServletResponse;Ljavax/servlet/FilterChain;)V+111
j  org.apache.catalina.core.ApplicationFilterChain.internalDoFilter(Ljavax/servlet/ServletRequest;Ljavax/servlet/ServletResponse;)V+135
j  org.apache.catalina.core.ApplicationFilterChain.doFilter(Ljavax/servlet/ServletRequest;Ljavax/servlet/ServletResponse;)V+101
j  org.springframework.web.filter.CharacterEncodingFilter.doFilterInternal(Ljavax/servlet/http/HttpServletRequest;Ljavax/servlet/http/HttpServletResponse;Ljavax/servlet/FilterChain;)V+53
j  org.springframework.web.filter.OncePerRequestFilter.doFilter(Ljavax/servlet/ServletRequest;Ljavax/servlet/ServletResponse;Ljavax/servlet/FilterChain;)V+111
j  org.apache.catalina.core.ApplicationFilterChain.internalDoFilter(Ljavax/servlet/ServletRequest;Ljavax/servlet/ServletResponse;)V+135
j  org.apache.catalina.core.ApplicationFilterChain.doFilter(Ljavax/servlet/ServletRequest;Ljavax/servlet/ServletResponse;)V+101
j  org.apache.catalina.core.StandardWrapperValve.invoke(Lorg/apache/catalina/connector/Request;Lorg/apache/catalina/connector/Response;)V+688
j  org.apache.catalina.core.StandardContextValve.invoke(Lorg/apache/catalina/connector/Request;Lorg/apache/catalina/connector/Response;)V+166
j  org.apache.catalina.authenticator.AuthenticatorBase.invoke(Lorg/apache/catalina/connector/Request;Lorg/apache/catalina/connector/Response;)V+272
j  org.apache.catalina.core.StandardHostValve.invoke(Lorg/apache/catalina/connector/Request;Lorg/apache/catalina/connector/Response;)V+138
j  org.apache.catalina.valves.ErrorReportValve.invoke(Lorg/apache/catalina/connector/Request;Lorg/apache/catalina/connector/Response;)V+6
j  org.apache.catalina.core.StandardEngineValve.invoke(Lorg/apache/catalina/connector/Request;Lorg/apache/catalina/connector/Response;)V+71
j  org.apache.catalina.connector.CoyoteAdapter.service(Lorg/apache/coyote/Request;Lorg/apache/coyote/Response;)V+199
j  org.apache.coyote.http11.Http11Processor.service(Lorg/apache/tomcat/util/net/SocketWrapperBase;)Lorg/apache/tomcat/util/net/AbstractEndpoint$Handler$SocketState;+806
j  org.apache.coyote.AbstractProcessorLight.process(Lorg/apache/tomcat/util/net/SocketWrapperBase;Lorg/apache/tomcat/util/net/SocketEvent;)Lorg/apache/tomcat/util/net/AbstractEndpoint$Handler$SocketState;+113
j  org.apache.coyote.AbstractProtocol$ConnectionHandler.process(Lorg/apache/tomcat/util/net/SocketWrapperBase;Lorg/apache/tomcat/util/net/SocketEvent;)Lorg/apache/tomcat/util/net/AbstractEndpoint$Handler$SocketState;+378
j  org.apache.tomcat.util.net.NioEndpoint$SocketProcessor.doRun()V+191
j  org.apache.tomcat.util.net.SocketProcessorBase.run()V+21
j  java.util.concurrent.ThreadPoolExecutor.runWorker(Ljava/util/concurrent/ThreadPoolExecutor$Worker;)V+95
j  java.util.concurrent.ThreadPoolExecutor$Worker.run()V+5
j  org.apache.tomcat.util.threads.TaskThread$WrappingRunnable.run()V+4
j  java.lang.Thread.run()V+11
v  ~StubRoutines::call_stub

---------------  P R O C E S S  ---------------

Java Threads: ( => current thread )
  0x00007f9899f78000 JavaThread "async-request-reporter" daemon [_thread_blocked, id=64771, stack(0x000070000b9c9000,0x000070000bac9000)]
  0x00007f989b0ee800 JavaThread "Hibernate Search sync consumer thread for index net.ion.ice.core.node.Node" daemon [_thread_blocked, id=64259, stack(0x000070000b8c6000,0x000070000b9c6000)]
  0x00007f9898e70800 JavaThread "Hibernate Search sync consumer thread for index net.ion.ice.core.node.Node" daemon [_thread_blocked, id=63747, stack(0x000070000b7c3000,0x000070000b8c3000)]
  0x00007f9899f82000 JavaThread "commons-pool-EvictionTimer" daemon [_thread_blocked, id=63235, stack(0x000070000b6c0000,0x000070000b7c0000)]
  0x00007f9898ddb800 JavaThread "Abandoned connection cleanup thread" daemon [_thread_blocked, id=24339, stack(0x000070000b5bd000,0x000070000b6bd000)]
  0x00007f9899b60800 JavaThread "Hibernate Search sync consumer thread for index net.ion.ice.core.node.Node" daemon [_thread_blocked, id=62731, stack(0x0000700007703000,0x0000700007803000)]
  0x00007f9898de9000 JavaThread "Hibernate Search sync consumer thread for index net.ion.ice.core.node.Node" daemon [_thread_blocked, id=30983, stack(0x00007000068d9000,0x00007000069d9000)]
  0x00007f9899001800 JavaThread "RMI TCP Connection(idle)" daemon [_thread_blocked, id=62211, stack(0x000070000b4ba000,0x000070000b5ba000)]
  0x00007f9899f93000 JavaThread "RMI TCP Connection(idle)" daemon [_thread_blocked, id=24839, stack(0x00007000069dc000,0x0000700006adc000)]
  0x00007f989b0be000 JavaThread "DestroyJavaVM" [_thread_blocked, id=3587, stack(0x000070000500b000,0x000070000510b000)]
  0x00007f989b045800 JavaThread "http-nio-8080-AsyncTimeout" daemon [_thread_blocked, id=61699, stack(0x000070000b3b7000,0x000070000b4b7000)]
  0x00007f989b045000 JavaThread "http-nio-8080-Acceptor-0" daemon [_thread_in_native, id=61187, stack(0x000070000b2b4000,0x000070000b3b4000)]
  0x00007f989b044000 JavaThread "http-nio-8080-ClientPoller-1" daemon [_thread_in_native, id=60675, stack(0x000070000b1b1000,0x000070000b2b1000)]
  0x00007f9898596800 JavaThread "http-nio-8080-ClientPoller-0" daemon [_thread_in_native, id=60163, stack(0x000070000b0ae000,0x000070000b1ae000)]
  0x00007f9898ac1000 JavaThread "http-nio-8080-exec-10" daemon [_thread_blocked, id=59651, stack(0x000070000afab000,0x000070000b0ab000)]
  0x00007f98987e7000 JavaThread "http-nio-8080-exec-9" daemon [_thread_blocked, id=59139, stack(0x000070000aea8000,0x000070000afa8000)]
  0x00007f9899f99800 JavaThread "http-nio-8080-exec-8" daemon [_thread_blocked, id=58627, stack(0x000070000ada5000,0x000070000aea5000)]
=>0x00007f9899f99000 JavaThread "http-nio-8080-exec-7" daemon [_thread_in_vm, id=58115, stack(0x000070000aca2000,0x000070000ada2000)]
  0x00007f989b0ac000 JavaThread "http-nio-8080-exec-6" daemon [_thread_blocked, id=57603, stack(0x000070000ab9f000,0x000070000ac9f000)]
  0x00007f989968e800 JavaThread "http-nio-8080-exec-5" daemon [_thread_blocked, id=57091, stack(0x000070000aa9c000,0x000070000ab9c000)]
  0x00007f989b0ab800 JavaThread "http-nio-8080-exec-4" daemon [_thread_blocked, id=56579, stack(0x000070000a999000,0x000070000aa99000)]
  0x00007f9898ac0000 JavaThread "http-nio-8080-exec-3" daemon [_thread_blocked, id=56067, stack(0x000070000a896000,0x000070000a996000)]
  0x00007f989968a800 JavaThread "http-nio-8080-exec-2" daemon [_thread_blocked, id=55555, stack(0x000070000a793000,0x000070000a893000)]
  0x00007f9899f94000 JavaThread "http-nio-8080-exec-1" daemon [_thread_blocked, id=55043, stack(0x000070000a690000,0x000070000a790000)]
  0x00007f989b2e0000 JavaThread "NioBlockingSelector.BlockPoller-1" daemon [_thread_in_native, id=54531, stack(0x000070000a58d000,0x000070000a68d000)]
  0x00007f9898ac5800 JavaThread "Live Reload Server" daemon [_thread_in_native, id=54023, stack(0x000070000a48a000,0x000070000a58a000)]
  0x00007f9898aae000 JavaThread "File Watcher" daemon [_thread_blocked, id=53515, stack(0x000070000a387000,0x000070000a487000)]
  0x00007f989996d800 JavaThread "Hibernate Search sync consumer thread for index net.ion.ice.core.node.Node" daemon [_thread_blocked, id=52995, stack(0x000070000a284000,0x000070000a384000)]
  0x00007f989992f800 JavaThread "Hibernate Search sync consumer thread for index net.ion.ice.core.node.Node" daemon [_thread_blocked, id=52483, stack(0x000070000a181000,0x000070000a281000)]
  0x00007f9899d3f000 JavaThread "Hibernate Search sync consumer thread for index net.ion.ice.core.node.Node" daemon [_thread_blocked, id=51971, stack(0x000070000a07e000,0x000070000a17e000)]
  0x00007f9898f17800 JavaThread "Hibernate Search sync consumer thread for index net.ion.ice.core.node.Node" daemon [_thread_blocked, id=51459, stack(0x0000700009f7b000,0x000070000a07b000)]
  0x00007f9899658000 JavaThread "Hibernate Search sync consumer thread for index net.ion.ice.core.node.Node" daemon [_thread_blocked, id=50947, stack(0x0000700009e78000,0x0000700009f78000)]
  0x00007f9899666000 JavaThread "Hibernate Search sync consumer thread for index net.ion.ice.core.node.Node" daemon [_thread_blocked, id=50435, stack(0x0000700009d75000,0x0000700009e75000)]
  0x00007f9898e9f000 JavaThread "Thread-31" [_thread_blocked, id=49923, stack(0x0000700009c72000,0x0000700009d72000)]
  0x00007f98983ef800 JavaThread "Thread-30" [_thread_blocked, id=49411, stack(0x0000700009b6f000,0x0000700009c6f000)]
  0x00007f9898402800 JavaThread "Thread-29" [_thread_blocked, id=48903, stack(0x0000700009a6c000,0x0000700009b6c000)]
  0x00007f9898a92000 JavaThread "Hibernate Search sync consumer thread for index net.ion.ice.core.node.Node" daemon [_thread_blocked, id=48391, stack(0x0000700009969000,0x0000700009a69000)]
  0x00007f9899377000 JavaThread "expiration-thread--p3-t1" daemon [_thread_blocked, id=47879, stack(0x0000700009866000,0x0000700009966000)]
  0x00007f98998be000 JavaThread "hz.ice-cluster-hazelcast.HealthMonitor" daemon [_thread_blocked, id=47371, stack(0x0000700009763000,0x0000700009863000)]
  0x00007f9898b34000 JavaThread "hz.ice-cluster-hazelcast.cached.thread-3" [_thread_blocked, id=46851, stack(0x0000700009660000,0x0000700009760000)]
  0x00007f9899331000 JavaThread "hz.ice-cluster-hazelcast.IO.thread-Acceptor" [_thread_in_native, id=46339, stack(0x000070000955d000,0x000070000965d000)]
  0x00007f9898a8f800 JavaThread "hz.ice-cluster-hazelcast.IOBalancerThread" [_thread_blocked, id=45827, stack(0x000070000945a000,0x000070000955a000)]
  0x00007f9898a8e800 JavaThread "hz.ice-cluster-hazelcast.IO.thread-out-2" [_thread_in_native, id=45315, stack(0x0000700009357000,0x0000700009457000)]
  0x00007f9898a8c000 JavaThread "hz.ice-cluster-hazelcast.IO.thread-out-1" [_thread_in_native, id=44803, stack(0x0000700009254000,0x0000700009354000)]
  0x00007f98989f3000 JavaThread "hz.ice-cluster-hazelcast.IO.thread-out-0" [_thread_in_native, id=44291, stack(0x0000700009151000,0x0000700009251000)]
  0x00007f98989f0800 JavaThread "hz.ice-cluster-hazelcast.IO.thread-in-2" [_thread_in_native, id=43779, stack(0x000070000904e000,0x000070000914e000)]
  0x00007f98982b8000 JavaThread "hz.ice-cluster-hazelcast.IO.thread-in-1" [_thread_in_native, id=43267, stack(0x0000700008f4b000,0x000070000904b000)]
  0x00007f9898262800 JavaThread "hz.ice-cluster-hazelcast.IO.thread-in-0" [_thread_in_native, id=42755, stack(0x0000700008e48000,0x0000700008f48000)]
  0x00007f989b087000 JavaThread "hz.ice-cluster-hazelcast.cached.thread-2" [_thread_blocked, id=42243, stack(0x0000700008d45000,0x0000700008e45000)]
  0x00007f989b050000 JavaThread "hz.ice-cluster-hazelcast.SlowOperationDetectorThread" [_thread_blocked, id=41731, stack(0x0000700008c42000,0x0000700008d42000)]
  0x00007f9898b32000 JavaThread "hz.ice-cluster-hazelcast.response" [_thread_blocked, id=41219, stack(0x0000700008b3f000,0x0000700008c3f000)]
  0x00007f9898b31000 JavaThread "hz.ice-cluster-hazelcast.generic-operation.thread-1" [_thread_blocked, id=40707, stack(0x0000700008a3c000,0x0000700008b3c000)]
  0x00007f9898b30800 JavaThread "hz.ice-cluster-hazelcast.generic-operation.thread-0" [_thread_blocked, id=40195, stack(0x0000700008939000,0x0000700008a39000)]
  0x00007f9898b2f800 JavaThread "hz.ice-cluster-hazelcast.priority-generic-operation.thread-0" [_thread_blocked, id=39683, stack(0x0000700008836000,0x0000700008936000)]
  0x00007f9898b2f000 JavaThread "hz.ice-cluster-hazelcast.partition-operation.thread-3" [_thread_blocked, id=39171, stack(0x0000700008733000,0x0000700008833000)]
  0x00007f9898be8800 JavaThread "hz.ice-cluster-hazelcast.partition-operation.thread-2" [_thread_blocked, id=38659, stack(0x0000700008630000,0x0000700008730000)]
  0x00007f989937c800 JavaThread "hz.ice-cluster-hazelcast.partition-operation.thread-1" [_thread_blocked, id=38147, stack(0x000070000852d000,0x000070000862d000)]
  0x00007f9899942000 JavaThread "hz.ice-cluster-hazelcast.partition-operation.thread-0" [_thread_blocked, id=37635, stack(0x000070000842a000,0x000070000852a000)]
  0x00007f98982a5800 JavaThread "hz.ice-cluster-hazelcast.InvocationMonitorThread" [_thread_blocked, id=37123, stack(0x0000700008327000,0x0000700008427000)]
  0x00007f98995fb800 JavaThread "hz.ice-cluster-hazelcast.cached.thread-1" [_thread_blocked, id=36611, stack(0x0000700008224000,0x0000700008324000)]
  0x00007f9899397800 JavaThread "hz.ice-cluster-hazelcast.migration" [_thread_blocked, id=36099, stack(0x0000700008121000,0x0000700008221000)]
  0x00007f9898beb800 JavaThread "MetricsRegistry-thread-2" [_thread_blocked, id=35587, stack(0x000070000801e000,0x000070000811e000)]
  0x00007f98998c1000 JavaThread "MetricsRegistry-thread-1" [_thread_blocked, id=35079, stack(0x0000700007f1b000,0x000070000801b000)]
  0x00007f989b081800 JavaThread "hz.ice-cluster-hazelcast.operation-parker" [_thread_blocked, id=34563, stack(0x0000700007e18000,0x0000700007f18000)]
  0x00007f98983c3800 JavaThread "hz.ice-cluster-hazelcast.event-5" [_thread_blocked, id=34051, stack(0x0000700007d15000,0x0000700007e15000)]
  0x00007f98999b5800 JavaThread "hz.ice-cluster-hazelcast.event-4" [_thread_blocked, id=33539, stack(0x0000700007c12000,0x0000700007d12000)]
  0x00007f98994ca000 JavaThread "hz.ice-cluster-hazelcast.event-3" [_thread_blocked, id=33027, stack(0x0000700007b0f000,0x0000700007c0f000)]
  0x00007f9898d01000 JavaThread "hz.ice-cluster-hazelcast.event-2" [_thread_blocked, id=32515, stack(0x0000700007a0c000,0x0000700007b0c000)]
  0x00007f9899f01000 JavaThread "hz.ice-cluster-hazelcast.event-1" [_thread_blocked, id=32003, stack(0x0000700007909000,0x0000700007a09000)]
  0x00007f9898cfc800 JavaThread "hz.ice-cluster-hazelcast.scheduled.thread-" [_thread_blocked, id=31495, stack(0x0000700007806000,0x0000700007906000)]
  0x00007f9899f17000 JavaThread "container-0" [_thread_blocked, id=7431, stack(0x00007000074fd000,0x00007000075fd000)]
  0x00007f98998bd000 JavaThread "ContainerBackgroundProcessor[StandardEngine[Tomcat]]" daemon [_thread_blocked, id=7947, stack(0x000070000510e000,0x000070000520e000)]
  0x00007f9899538000 JavaThread "Attach Listener" daemon [_thread_blocked, id=29955, stack(0x00007000073fa000,0x00007000074fa000)]
  0x00007f989877c800 JavaThread "type-pool-cache-evicter" daemon [_thread_blocked, id=29443, stack(0x00007000072f7000,0x00007000073f7000)]
  0x00007f9899560800 JavaThread "stagemonitor-elasticsearch-reporter" daemon [_thread_blocked, id=28931, stack(0x00007000071f4000,0x00007000072f4000)]
  0x00007f9898768800 JavaThread "Keep-Alive-Timer" daemon [_thread_blocked, id=28419, stack(0x00007000070f1000,0x00007000071f1000)]
  0x00007f9898764800 JavaThread "async-elasticsearch" daemon [_thread_blocked, id=27907, stack(0x0000700006fee000,0x00007000070ee000)]
  0x00007f9898768000 JavaThread "elasticsearch-tasks" daemon [_thread_blocked, id=27395, stack(0x0000700006eeb000,0x0000700006feb000)]
  0x00007f9898763800 JavaThread "configuration-reloader" daemon [_thread_blocked, id=26891, stack(0x0000700006de8000,0x0000700006ee8000)]
  0x00007f9899821000 JavaThread "logback-appender-STASH-125.131.88.156:5000-2" daemon [_thread_in_native, id=25351, stack(0x0000700006adf000,0x0000700006bdf000)]
  0x00007f9898a84000 JavaThread "RMI TCP Connection(5)-192.168.10.143" daemon [_thread_in_native, id=23811, stack(0x00007000067d6000,0x00007000068d6000)]
  0x00007f9898ad8000 JavaThread "RMI Scheduler(0)" daemon [_thread_blocked, id=23299, stack(0x00007000066d3000,0x00007000067d3000)]
  0x00007f98999d0000 JavaThread "RMI TCP Connection(idle)" daemon [_thread_blocked, id=22787, stack(0x00007000065d0000,0x00007000066d0000)]
  0x00007f9898a13800 JavaThread "RMI TCP Accept-0" daemon [_thread_in_native, id=21763, stack(0x00007000063ca000,0x00007000064ca000)]
  0x00007f989933d800 JavaThread "RMI TCP Accept-55665" daemon [_thread_in_native, id=21251, stack(0x00007000062c7000,0x00007000063c7000)]
  0x00007f989824b800 JavaThread "RMI TCP Accept-0" daemon [_thread_in_native, id=20739, stack(0x00007000061c4000,0x00007000062c4000)]
  0x00007f98998c5800 JavaThread "Service Thread" daemon [_thread_blocked, id=20227, stack(0x00007000060c1000,0x00007000061c1000)]
  0x00007f98989e3800 JavaThread "C1 CompilerThread2" daemon [_thread_blocked, id=19715, stack(0x0000700005fbe000,0x00007000060be000)]
  0x00007f98998b4000 JavaThread "C2 CompilerThread1" daemon [_thread_blocked, id=19203, stack(0x0000700005ebb000,0x0000700005fbb000)]
  0x00007f989930e000 JavaThread "C2 CompilerThread0" daemon [_thread_blocked, id=18691, stack(0x0000700005db8000,0x0000700005eb8000)]
  0x00007f9898829000 JavaThread "JDWP Command Reader" daemon [_thread_in_native, id=18179, stack(0x0000700005cb5000,0x0000700005db5000)]
  0x00007f9898828000 JavaThread "JDWP Event Helper Thread" daemon [_thread_blocked, id=17667, stack(0x0000700005bb2000,0x0000700005cb2000)]
  0x00007f9898818000 JavaThread "JDWP Transport Listener: dt_socket" daemon [_thread_blocked, id=17155, stack(0x0000700005aaf000,0x0000700005baf000)]
  0x00007f9898047000 JavaThread "Signal Dispatcher" daemon [_thread_blocked, id=16643, stack(0x00007000059ac000,0x0000700005aac000)]
  0x00007f989801d000 JavaThread "Finalizer" daemon [_thread_blocked, id=12291, stack(0x0000700005826000,0x0000700005926000)]
  0x00007f9899000000 JavaThread "Reference Handler" daemon [_thread_blocked, id=11779, stack(0x0000700005723000,0x0000700005823000)]

Other Threads:
  0x00007f989801c800 VMThread [stack: 0x0000700005620000,0x0000700005720000] [id=11267]
  0x00007f9898a94000 WatcherThread [stack: 0x00007000064cd000,0x00007000065cd000] [id=22275]

VM state:not at safepoint (normal execution)

VM Mutex/Monitor currently owned by a thread: None

Heap:
 PSYoungGen      total 921600K, used 670775K [0x000000076ab00000, 0x00000007a5580000, 0x00000007c0000000)
  eden space 894976K, 74% used [0x000000076ab00000,0x0000000793a0df80,0x00000007a1500000)
  from space 26624K, 0% used [0x00000007a2f80000,0x00000007a2f80000,0x00000007a4980000)
  to   space 27136K, 0% used [0x00000007a1500000,0x00000007a1500000,0x00000007a2f80000)
 ParOldGen       total 162816K, used 31149K [0x00000006c0000000, 0x00000006c9f00000, 0x000000076ab00000)
  object space 162816K, 19% used [0x00000006c0000000,0x00000006c1e6b588,0x00000006c9f00000)
 Metaspace       used 69681K, capacity 71176K, committed 71552K, reserved 1110016K
  class space    used 9705K, capacity 10020K, committed 10112K, reserved 1048576K

Card table byte_map: [0x0000000111800000,0x0000000112001000] byte_map_base: 0x000000010e200000

Marking Bits: (ParMarkBitMap*) 0x00000001017ace20
 Begin Bits: [0x0000000112557000, 0x0000000116557000)
 End Bits:   [0x0000000116557000, 0x000000011a557000)

Polling page: 0x00000001008a2000

CodeCache: size=245760Kb used=14472Kb max_used=14565Kb free=231287Kb
 bounds [0x0000000101e57000, 0x0000000102c97000, 0x0000000110e57000]
 total_blobs=7904 nmethods=7248 adapters=575
 compilation: enabled

Compilation events (10 events):
Event: 32.001 Thread 0x00007f98989e3800 7412       1       java.nio.HeapByteBuffer::get (54 bytes)
Event: 32.001 Thread 0x00007f98989e3800 nmethod 7412 0x0000000102324850 code [0x0000000102324a00, 0x0000000102324d58]
Event: 32.001 Thread 0x00007f98989e3800 7411       1       com.mysql.jdbc.StringUtils::getBytes (11 bytes)
Event: 32.001 Thread 0x00007f98989e3800 nmethod 7411 0x00000001025bb6d0 code [0x00000001025bb840, 0x00000001025bb988]
Event: 32.001 Thread 0x00007f98989e3800 7409       1       ch.qos.logback.classic.Level::fromLocationAwareLoggerInteger (116 bytes)
Event: 32.002 Thread 0x00007f98989e3800 nmethod 7409 0x0000000102a526d0 code [0x0000000102a528a0, 0x0000000102a52d08]
Event: 32.002 Thread 0x00007f98989e3800 7410       1       com.p6spy.engine.common.ConnectionInformation::getDataSource (5 bytes)
Event: 32.002 Thread 0x00007f98989e3800 nmethod 7410 0x00000001025bb410 code [0x00000001025bb560, 0x00000001025bb670]
Event: 32.003 Thread 0x00007f98989e3800 7413       1       com.mysql.jdbc.ConnectionPropertiesImpl::getUseOldUTF8Behavior (5 bytes)
Event: 32.003 Thread 0x00007f98989e3800 nmethod 7413 0x00000001025bb150 code [0x00000001025bb2a0, 0x00000001025bb3b0]

GC Heap History (10 events):
Event: 4.396 GC heap before
{Heap before GC invocations=11 (full 1):
 PSYoungGen      total 459264K, used 40068K [0x000000076ab00000, 0x0000000793700000, 0x00000007c0000000)
  eden space 443392K, 5% used [0x000000076ab00000,0x000000076c2a2078,0x0000000785c00000)
  from space 15872K, 99% used [0x0000000785c00000,0x0000000786b7f078,0x0000000786b80000)
  to   space 21504K, 0% used [0x0000000792200000,0x0000000792200000,0x0000000793700000)
 ParOldGen       total 91136K, used 17755K [0x00000006c0000000, 0x00000006c5900000, 0x000000076ab00000)
  object space 91136K, 19% used [0x00000006c0000000,0x00000006c1156ed8,0x00000006c5900000)
 Metaspace       used 34805K, capacity 35342K, committed 35416K, reserved 1079296K
  class space    used 4678K, capacity 4833K, committed 4864K, reserved 1048576K
Event: 4.408 GC heap after
Heap after GC invocations=11 (full 1):
 PSYoungGen      total 646656K, used 5913K [0x000000076ab00000, 0x0000000795100000, 0x00000007c0000000)
  eden space 625152K, 0% used [0x000000076ab00000,0x000000076ab00000,0x0000000790d80000)
  from space 21504K, 27% used [0x0000000792200000,0x00000007927c6718,0x0000000793700000)
  to   space 20992K, 0% used [0x0000000790d80000,0x0000000790d80000,0x0000000792200000)
 ParOldGen       total 91136K, used 28412K [0x00000006c0000000, 0x00000006c5900000, 0x000000076ab00000)
  object space 91136K, 31% used [0x00000006c0000000,0x00000006c1bbf3c8,0x00000006c5900000)
 Metaspace       used 34805K, capacity 35342K, committed 35416K, reserved 1079296K
  class space    used 4678K, capacity 4833K, committed 4864K, reserved 1048576K
}
Event: 4.408 GC heap before
{Heap before GC invocations=12 (full 2):
 PSYoungGen      total 646656K, used 5913K [0x000000076ab00000, 0x0000000795100000, 0x00000007c0000000)
  eden space 625152K, 0% used [0x000000076ab00000,0x000000076ab00000,0x0000000790d80000)
  from space 21504K, 27% used [0x0000000792200000,0x00000007927c6718,0x0000000793700000)
  to   space 20992K, 0% used [0x0000000790d80000,0x0000000790d80000,0x0000000792200000)
 ParOldGen       total 91136K, used 28412K [0x00000006c0000000, 0x00000006c5900000, 0x000000076ab00000)
  object space 91136K, 31% used [0x00000006c0000000,0x00000006c1bbf3c8,0x00000006c5900000)
 Metaspace       used 34805K, capacity 35342K, committed 35416K, reserved 1079296K
  class space    used 4678K, capacity 4833K, committed 4864K, reserved 1048576K
Event: 4.460 GC heap after
Heap after GC invocations=12 (full 2):
 PSYoungGen      total 646656K, used 0K [0x000000076ab00000, 0x0000000795100000, 0x00000007c0000000)
  eden space 625152K, 0% used [0x000000076ab00000,0x000000076ab00000,0x0000000790d80000)
  from space 21504K, 0% used [0x0000000792200000,0x0000000792200000,0x0000000793700000)
  to   space 20992K, 0% used [0x0000000790d80000,0x0000000790d80000,0x0000000792200000)
 ParOldGen       total 133120K, used 23462K [0x00000006c0000000, 0x00000006c8200000, 0x000000076ab00000)
  object space 133120K, 17% used [0x00000006c0000000,0x00000006c16e9908,0x00000006c8200000)
 Metaspace       used 34805K, capacity 35342K, committed 35416K, reserved 1079296K
  class space    used 4678K, capacity 4833K, committed 4864K, reserved 1048576K
}
Event: 8.687 GC heap before
{Heap before GC invocations=13 (full 2):
 PSYoungGen      total 646656K, used 625152K [0x000000076ab00000, 0x0000000795100000, 0x00000007c0000000)
  eden space 625152K, 100% used [0x000000076ab00000,0x0000000790d80000,0x0000000790d80000)
  from space 21504K, 0% used [0x0000000792200000,0x0000000792200000,0x0000000793700000)
  to   space 20992K, 0% used [0x0000000790d80000,0x0000000790d80000,0x0000000792200000)
 ParOldGen       total 133120K, used 23462K [0x00000006c0000000, 0x00000006c8200000, 0x000000076ab00000)
  object space 133120K, 17% used [0x00000006c0000000,0x00000006c16e9908,0x00000006c8200000)
 Metaspace       used 56583K, capacity 57472K, committed 57728K, reserved 1099776K
  class space    used 8016K, capacity 8258K, committed 8320K, reserved 1048576K
Event: 8.711 GC heap after
Heap after GC invocations=13 (full 2):
 PSYoungGen      total 646144K, used 20988K [0x000000076ab00000, 0x00000007a4980000, 0x00000007c0000000)
  eden space 625152K, 0% used [0x000000076ab00000,0x000000076ab00000,0x0000000790d80000)
  from space 20992K, 99% used [0x0000000790d80000,0x00000007921ff108,0x0000000792200000)
  to   space 26624K, 0% used [0x00000007a2f80000,0x00000007a2f80000,0x00000007a4980000)
 ParOldGen       total 133120K, used 30778K [0x00000006c0000000, 0x00000006c8200000, 0x000000076ab00000)
  object space 133120K, 23% used [0x00000006c0000000,0x00000006c1e0eab0,0x00000006c8200000)
 Metaspace       used 56583K, capacity 57472K, committed 57728K, reserved 1099776K
  class space    used 8016K, capacity 8258K, committed 8320K, reserved 1048576K
}
Event: 8.817 GC heap before
{Heap before GC invocations=14 (full 2):
 PSYoungGen      total 646144K, used 53970K [0x000000076ab00000, 0x00000007a4980000, 0x00000007c0000000)
  eden space 625152K, 5% used [0x000000076ab00000,0x000000076cb35840,0x0000000790d80000)
  from space 20992K, 99% used [0x0000000790d80000,0x00000007921ff108,0x0000000792200000)
  to   space 26624K, 0% used [0x00000007a2f80000,0x00000007a2f80000,0x00000007a4980000)
 ParOldGen       total 133120K, used 30778K [0x00000006c0000000, 0x00000006c8200000, 0x000000076ab00000)
  object space 133120K, 23% used [0x00000006c0000000,0x00000006c1e0eab0,0x00000006c8200000)
 Metaspace       used 57743K, capacity 58848K, committed 59008K, reserved 1099776K
  class space    used 8191K, capacity 8456K, committed 8576K, reserved 1048576K
Event: 8.826 GC heap after
Heap after GC invocations=14 (full 2):
 PSYoungGen      total 921600K, used 1081K [0x000000076ab00000, 0x00000007a5580000, 0x00000007c0000000)
  eden space 894976K, 0% used [0x000000076ab00000,0x000000076ab00000,0x00000007a1500000)
  from space 26624K, 4% used [0x00000007a2f80000,0x00000007a308e7d8,0x00000007a4980000)
  to   space 27136K, 0% used [0x00000007a1500000,0x00000007a1500000,0x00000007a2f80000)
 ParOldGen       total 133120K, used 38724K [0x00000006c0000000, 0x00000006c8200000, 0x000000076ab00000)
  object space 133120K, 29% used [0x00000006c0000000,0x00000006c25d1078,0x00000006c8200000)
 Metaspace       used 57743K, capacity 58848K, committed 59008K, reserved 1099776K
  class space    used 8191K, capacity 8456K, committed 8576K, reserved 1048576K
}
Event: 8.826 GC heap before
{Heap before GC invocations=15 (full 3):
 PSYoungGen      total 921600K, used 1081K [0x000000076ab00000, 0x00000007a5580000, 0x00000007c0000000)
  eden space 894976K, 0% used [0x000000076ab00000,0x000000076ab00000,0x00000007a1500000)
  from space 26624K, 4% used [0x00000007a2f80000,0x00000007a308e7d8,0x00000007a4980000)
  to   space 27136K, 0% used [0x00000007a1500000,0x00000007a1500000,0x00000007a2f80000)
 ParOldGen       total 133120K, used 38724K [0x00000006c0000000, 0x00000006c8200000, 0x000000076ab00000)
  object space 133120K, 29% used [0x00000006c0000000,0x00000006c25d1078,0x00000006c8200000)
 Metaspace       used 57743K, capacity 58848K, committed 59008K, reserved 1099776K
  class space    used 8191K, capacity 8456K, committed 8576K, reserved 1048576K
Event: 8.986 GC heap after
Heap after GC invocations=15 (full 3):
 PSYoungGen      total 921600K, used 0K [0x000000076ab00000, 0x00000007a5580000, 0x00000007c0000000)
  eden space 894976K, 0% used [0x000000076ab00000,0x000000076ab00000,0x00000007a1500000)
  from space 26624K, 0% used [0x00000007a2f80000,0x00000007a2f80000,0x00000007a4980000)
  to   space 27136K, 0% used [0x00000007a1500000,0x00000007a1500000,0x00000007a2f80000)
 ParOldGen       total 162816K, used 31149K [0x00000006c0000000, 0x00000006c9f00000, 0x000000076ab00000)
  object space 162816K, 19% used [0x00000006c0000000,0x00000006c1e6b588,0x00000006c9f00000)
 Metaspace       used 57743K, capacity 58848K, committed 59008K, reserved 1099776K
  class space    used 8191K, capacity 8456K, committed 8576K, reserved 1048576K
}

Deoptimization events (0 events):
No events

Internal exceptions (10 events):
Event: 13.701 Thread 0x00007f9899f94000 Exception <a 'java/lang/ArrayIndexOutOfBoundsException'> (0x000000078e592900) thrown at [/Users/java_re/workspace/8-2-build-macosx-x86_64/jdk8u60/4407/hotspot/src/share/vm/runtime/sharedRuntime.cpp, line 605]
Event: 15.115 Thread 0x00007f989968a800 Exception <a 'java/lang/reflect/InvocationTargetException'> (0x000000078f347990) thrown at [/Users/java_re/workspace/8-2-build-macosx-x86_64/jdk8u60/4407/hotspot/src/share/vm/runtime/reflection.cpp, line 1092]
Event: 15.959 Thread 0x00007f9898ac0000 Exception <a 'java/lang/reflect/InvocationTargetException'> (0x000000078fb21700) thrown at [/Users/java_re/workspace/8-2-build-macosx-x86_64/jdk8u60/4407/hotspot/src/share/vm/runtime/reflection.cpp, line 1092]
Event: 16.720 Thread 0x00007f9899821000 Exception <a 'java/net/SocketTimeoutException': connect timed out> (0x00000007859ef778) thrown at [/Users/java_re/workspace/8-2-build-macosx-x86_64/jdk8u60/4407/hotspot/src/share/vm/prims/jni.cpp, line 735]
Event: 16.936 Thread 0x00007f989b0ab800 Exception <a 'java/lang/reflect/InvocationTargetException'> (0x000000078ff84660) thrown at [/Users/java_re/workspace/8-2-build-macosx-x86_64/jdk8u60/4407/hotspot/src/share/vm/runtime/reflection.cpp, line 1092]
Event: 17.958 Thread 0x00007f989968e800 Exception <a 'java/lang/reflect/InvocationTargetException'> (0x00000007904171a8) thrown at [/Users/java_re/workspace/8-2-build-macosx-x86_64/jdk8u60/4407/hotspot/src/share/vm/runtime/reflection.cpp, line 1092]
Event: 21.723 Thread 0x00007f9899821000 Exception <a 'java/net/SocketTimeoutException': connect timed out> (0x00000007859f0478) thrown at [/Users/java_re/workspace/8-2-build-macosx-x86_64/jdk8u60/4407/hotspot/src/share/vm/prims/jni.cpp, line 735]
Event: 26.727 Thread 0x00007f9899821000 Exception <a 'java/net/SocketTimeoutException': connect timed out> (0x00000007859f1178) thrown at [/Users/java_re/workspace/8-2-build-macosx-x86_64/jdk8u60/4407/hotspot/src/share/vm/prims/jni.cpp, line 735]
Event: 27.307 Thread 0x00007f989b0ac000 Exception <a 'java/lang/reflect/InvocationTargetException'> (0x00000007922c41b0) thrown at [/Users/java_re/workspace/8-2-build-macosx-x86_64/jdk8u60/4407/hotspot/src/share/vm/runtime/reflection.cpp, line 1092]
Event: 31.728 Thread 0x00007f9899821000 Exception <a 'java/net/SocketTimeoutException': connect timed out> (0x00000007859f1e78) thrown at [/Users/java_re/workspace/8-2-build-macosx-x86_64/jdk8u60/4407/hotspot/src/share/vm/prims/jni.cpp, line 735]

Events (10 events):
Event: 30.837 Thread 0x00007f98989e3800 flushing nmethod 0x0000000102550d10
Event: 30.837 Thread 0x00007f98989e3800 flushing nmethod 0x00000001025bb010
Event: 30.838 Thread 0x00007f98989e3800 flushing nmethod 0x00000001025f9050
Event: 30.838 Thread 0x00007f98989e3800 flushing nmethod 0x000000010260b390
Event: 30.838 Thread 0x00007f98989e3800 flushing nmethod 0x000000010273a990
Event: 31.136 Thread 0x00007f98989e3800 flushing nmethod 0x0000000102a51b50
Event: 31.136 Thread 0x00007f98989e3800 flushing nmethod 0x0000000102a9ecd0
Event: 31.998 Thread 0x00007f98989e3800 flushing nmethod 0x0000000102b00f10
Event: 32.000 Executing VM operation: RevokeBias
Event: 32.000 Executing VM operation: RevokeBias done


Dynamic libraries:
0x000000000e18c000 	/System/Library/Frameworks/Cocoa.framework/Versions/A/Cocoa
0x000000000e18c000 	/System/Library/Frameworks/Security.framework/Versions/A/Security
0x000000000e18c000 	/System/Library/Frameworks/ApplicationServices.framework/Versions/A/ApplicationServices
0x000000000e18c000 	/usr/lib/libz.1.dylib
0x000000000e18c000 	/usr/lib/libSystem.B.dylib
0x000000000e18c000 	/usr/lib/libobjc.A.dylib
0x000000000e18c000 	/System/Library/Frameworks/CoreFoundation.framework/Versions/A/CoreFoundation
0x000000000e18c000 	/System/Library/Frameworks/Foundation.framework/Versions/C/Foundation
0x000000000e18c000 	/System/Library/Frameworks/AppKit.framework/Versions/C/AppKit
0x000000000e18c000 	/System/Library/Frameworks/CoreData.framework/Versions/A/CoreData
0x000000000e18c000 	/System/Library/PrivateFrameworks/RemoteViewServices.framework/Versions/A/RemoteViewServices
0x000000000e18c000 	/System/Library/PrivateFrameworks/UIFoundation.framework/Versions/A/UIFoundation
0x000000000e18c000 	/System/Library/PrivateFrameworks/DFRFoundation.framework/Versions/A/DFRFoundation
0x000000000e18c000 	/usr/lib/libenergytrace.dylib
0x000000000e18c000 	/System/Library/PrivateFrameworks/SkyLight.framework/Versions/A/SkyLight
0x000000000e18c000 	/System/Library/Frameworks/CoreGraphics.framework/Versions/A/CoreGraphics
0x000000000e18c000 	/usr/lib/libScreenReader.dylib
0x000000000e18c000 	/System/Library/Frameworks/Accelerate.framework/Versions/A/Accelerate
0x000000000e18c000 	/System/Library/Frameworks/IOSurface.framework/Versions/A/IOSurface
0x000000000e18c000 	/System/Library/Frameworks/AudioToolbox.framework/Versions/A/AudioToolbox
0x000000000e18c000 	/System/Library/Frameworks/AudioUnit.framework/Versions/A/AudioUnit
0x000000000e18c000 	/System/Library/PrivateFrameworks/DataDetectorsCore.framework/Versions/A/DataDetectorsCore
0x000000000e18c000 	/System/Library/PrivateFrameworks/DesktopServicesPriv.framework/Versions/A/DesktopServicesPriv
0x000000000e18c000 	/System/Library/Frameworks/Carbon.framework/Versions/A/Frameworks/HIToolbox.framework/Versions/A/HIToolbox
0x000000000e18c000 	/usr/lib/libicucore.A.dylib
0x000000000e18c000 	/System/Library/Frameworks/QuartzCore.framework/Versions/A/QuartzCore
0x000000000e18c000 	/System/Library/Frameworks/Carbon.framework/Versions/A/Frameworks/SpeechRecognition.framework/Versions/A/SpeechRecognition
0x000000000e18c000 	/usr/lib/libauto.dylib
0x000000000e18c000 	/usr/lib/libxml2.2.dylib
0x000000000e18c000 	/System/Library/PrivateFrameworks/CoreUI.framework/Versions/A/CoreUI
0x000000000e18c000 	/System/Library/Frameworks/CoreAudio.framework/Versions/A/CoreAudio
0x000000000e18c000 	/System/Library/Frameworks/DiskArbitration.framework/Versions/A/DiskArbitration
0x000000000e18c000 	/usr/lib/liblangid.dylib
0x000000000e18c000 	/System/Library/PrivateFrameworks/MultitouchSupport.framework/Versions/A/MultitouchSupport
0x000000000e18c000 	/System/Library/Frameworks/IOKit.framework/Versions/A/IOKit
0x000000000e18c000 	/usr/lib/libDiagnosticMessagesClient.dylib
0x000000000e18c000 	/System/Library/Frameworks/CoreServices.framework/Versions/A/CoreServices
0x000000000e18c000 	/System/Library/PrivateFrameworks/PerformanceAnalysis.framework/Versions/A/PerformanceAnalysis
0x000000000e18c000 	/System/Library/PrivateFrameworks/GenerationalStorage.framework/Versions/A/GenerationalStorage
0x000000000e18c000 	/System/Library/Frameworks/OpenGL.framework/Versions/A/OpenGL
0x000000000e18c000 	/System/Library/Frameworks/CoreImage.framework/Versions/A/CoreImage
0x000000000e18c000 	/System/Library/Frameworks/CoreText.framework/Versions/A/CoreText
0x000000000e18c000 	/System/Library/Frameworks/ImageIO.framework/Versions/A/ImageIO
0x000000000e18c000 	/System/Library/PrivateFrameworks/Backup.framework/Versions/A/Backup
0x000000000e18c000 	/usr/lib/libarchive.2.dylib
0x000000000e18c000 	/System/Library/Frameworks/CFNetwork.framework/Versions/A/CFNetwork
0x000000000e18c000 	/System/Library/Frameworks/SystemConfiguration.framework/Versions/A/SystemConfiguration
0x000000000e18c000 	/usr/lib/libCRFSuite.dylib
0x000000000e18c000 	/usr/lib/libc++.1.dylib
0x000000000e18c000 	/usr/lib/libc++abi.dylib
0x000000000e18c000 	/usr/lib/system/libcache.dylib
0x000000000e18c000 	/usr/lib/system/libcommonCrypto.dylib
0x000000000e18c000 	/usr/lib/system/libcompiler_rt.dylib
0x000000000e18c000 	/usr/lib/system/libcopyfile.dylib
0x000000000e18c000 	/usr/lib/system/libcorecrypto.dylib
0x000000000e18c000 	/usr/lib/system/libdispatch.dylib
0x000000000e18c000 	/usr/lib/system/libdyld.dylib
0x000000000e18c000 	/usr/lib/system/libkeymgr.dylib
0x000000000e18c000 	/usr/lib/system/liblaunch.dylib
0x000000000e18c000 	/usr/lib/system/libmacho.dylib
0x000000000e18c000 	/usr/lib/system/libquarantine.dylib
0x000000000e18c000 	/usr/lib/system/libremovefile.dylib
0x000000000e18c000 	/usr/lib/system/libsystem_asl.dylib
0x000000000e18c000 	/usr/lib/system/libsystem_blocks.dylib
0x000000000e18c000 	/usr/lib/system/libsystem_c.dylib
0x000000000e18c000 	/usr/lib/system/libsystem_configuration.dylib
0x000000000e18c000 	/usr/lib/system/libsystem_coreservices.dylib
0x000000000e18c000 	/usr/lib/system/libsystem_coretls.dylib
0x000000000e18c000 	/usr/lib/system/libsystem_dnssd.dylib
0x000000000e18c000 	/usr/lib/system/libsystem_info.dylib
0x000000000e18c000 	/usr/lib/system/libsystem_kernel.dylib
0x000000000e18c000 	/usr/lib/system/libsystem_m.dylib
0x000000000e18c000 	/usr/lib/system/libsystem_malloc.dylib
0x000000000e18c000 	/usr/lib/system/libsystem_network.dylib
0x000000000e18c000 	/usr/lib/system/libsystem_networkextension.dylib
0x000000000e18c000 	/usr/lib/system/libsystem_notify.dylib
0x000000000e18c000 	/usr/lib/system/libsystem_platform.dylib
0x000000000e18c000 	/usr/lib/system/libsystem_pthread.dylib
0x000000000e18c000 	/usr/lib/system/libsystem_sandbox.dylib
0x000000000e18c000 	/usr/lib/system/libsystem_secinit.dylib
0x000000000e18c000 	/usr/lib/system/libsystem_symptoms.dylib
0x000000000e18c000 	/usr/lib/system/libsystem_trace.dylib
0x000000000e18c000 	/usr/lib/system/libunwind.dylib
0x000000000e18c000 	/usr/lib/system/libxpc.dylib
0x000000000e18c000 	/usr/lib/libbsm.0.dylib
0x000000000e18c000 	/usr/lib/system/libkxld.dylib
0x000000000e18c000 	/usr/lib/libcoretls.dylib
0x000000000e18c000 	/usr/lib/libcoretls_cfhelpers.dylib
0x000000000e18c000 	/usr/lib/libOpenScriptingUtil.dylib
0x000000000e18c000 	/usr/lib/libpam.2.dylib
0x000000000e18c000 	/usr/lib/libsqlite3.dylib
0x000000000e18c000 	/usr/lib/libxar.1.dylib
0x000000000e18c000 	/usr/lib/libbz2.1.0.dylib
0x000000000e18c000 	/usr/lib/liblzma.5.dylib
0x000000000e18c000 	/usr/lib/libnetwork.dylib
0x000000000e18c000 	/usr/lib/libpcap.A.dylib
0x000000000e18c000 	/System/Library/Frameworks/CoreServices.framework/Versions/A/Frameworks/FSEvents.framework/Versions/A/FSEvents
0x000000000e18c000 	/System/Library/Frameworks/CoreServices.framework/Versions/A/Frameworks/CarbonCore.framework/Versions/A/CarbonCore
0x000000000e18c000 	/System/Library/Frameworks/CoreServices.framework/Versions/A/Frameworks/Metadata.framework/Versions/A/Metadata
0x000000000e18c000 	/System/Library/Frameworks/CoreServices.framework/Versions/A/Frameworks/OSServices.framework/Versions/A/OSServices
0x000000000e18c000 	/System/Library/Frameworks/CoreServices.framework/Versions/A/Frameworks/SearchKit.framework/Versions/A/SearchKit
0x000000000e18c000 	/System/Library/Frameworks/CoreServices.framework/Versions/A/Frameworks/AE.framework/Versions/A/AE
0x000000000e18c000 	/System/Library/Frameworks/CoreServices.framework/Versions/A/Frameworks/LaunchServices.framework/Versions/A/LaunchServices
0x000000000e18c000 	/System/Library/Frameworks/CoreServices.framework/Versions/A/Frameworks/DictionaryServices.framework/Versions/A/DictionaryServices
0x000000000e18c000 	/System/Library/Frameworks/CoreServices.framework/Versions/A/Frameworks/SharedFileList.framework/Versions/A/SharedFileList
0x000000000e18c000 	/System/Library/Frameworks/NetFS.framework/Versions/A/NetFS
0x000000000e18c000 	/System/Library/PrivateFrameworks/NetAuth.framework/Versions/A/NetAuth
0x000000000e18c000 	/System/Library/PrivateFrameworks/login.framework/Versions/A/Frameworks/loginsupport.framework/Versions/A/loginsupport
0x000000000e18c000 	/System/Library/PrivateFrameworks/TCC.framework/Versions/A/TCC
0x000000000e18c000 	/usr/lib/libmecabra.dylib
0x000000000e18c000 	/System/Library/Frameworks/ApplicationServices.framework/Versions/A/Frameworks/ATS.framework/Versions/A/ATS
0x000000000e18c000 	/System/Library/Frameworks/ApplicationServices.framework/Versions/A/Frameworks/ColorSync.framework/Versions/A/ColorSync
0x000000000e18c000 	/System/Library/Frameworks/ApplicationServices.framework/Versions/A/Frameworks/HIServices.framework/Versions/A/HIServices
0x000000000e18c000 	/System/Library/Frameworks/ApplicationServices.framework/Versions/A/Frameworks/LangAnalysis.framework/Versions/A/LangAnalysis
0x000000000e18c000 	/System/Library/Frameworks/ApplicationServices.framework/Versions/A/Frameworks/PrintCore.framework/Versions/A/PrintCore
0x000000000e18c000 	/System/Library/Frameworks/ApplicationServices.framework/Versions/A/Frameworks/QD.framework/Versions/A/QD
0x000000000e18c000 	/System/Library/Frameworks/ApplicationServices.framework/Versions/A/Frameworks/SpeechSynthesis.framework/Versions/A/SpeechSynthesis
0x000000000e18c000 	/System/Library/Frameworks/Accelerate.framework/Versions/A/Frameworks/vImage.framework/Versions/A/vImage
0x000000000e18c000 	/System/Library/Frameworks/Accelerate.framework/Versions/A/Frameworks/vecLib.framework/Versions/A/vecLib
0x000000000e18c000 	/System/Library/Frameworks/Accelerate.framework/Versions/A/Frameworks/vecLib.framework/Versions/A/libvDSP.dylib
0x000000000e18c000 	/System/Library/Frameworks/Accelerate.framework/Versions/A/Frameworks/vecLib.framework/Versions/A/libBNNS.dylib
0x000000000e18c000 	/System/Library/Frameworks/Accelerate.framework/Versions/A/Frameworks/vecLib.framework/Versions/A/libQuadrature.dylib
0x000000000e18c000 	/System/Library/Frameworks/Accelerate.framework/Versions/A/Frameworks/vecLib.framework/Versions/A/libvMisc.dylib
0x000000000e18c000 	/System/Library/Frameworks/Accelerate.framework/Versions/A/Frameworks/vecLib.framework/Versions/A/libLAPACK.dylib
0x000000000e18c000 	/System/Library/Frameworks/Accelerate.framework/Versions/A/Frameworks/vecLib.framework/Versions/A/libBLAS.dylib
0x000000000e18c000 	/System/Library/Frameworks/Accelerate.framework/Versions/A/Frameworks/vecLib.framework/Versions/A/libLinearAlgebra.dylib
0x000000000e18c000 	/System/Library/Frameworks/Accelerate.framework/Versions/A/Frameworks/vecLib.framework/Versions/A/libSparseBLAS.dylib
0x000000000e18c000 	/System/Library/Frameworks/ApplicationServices.framework/Versions/A/Frameworks/ATS.framework/Versions/A/Resources/libFontParser.dylib
0x000000000e18c000 	/System/Library/Frameworks/ApplicationServices.framework/Versions/A/Frameworks/ATS.framework/Versions/A/Resources/libFontRegistry.dylib
0x000000000e18c000 	/System/Library/Frameworks/ImageIO.framework/Versions/A/Resources/libJPEG.dylib
0x000000000e18c000 	/System/Library/Frameworks/ImageIO.framework/Versions/A/Resources/libTIFF.dylib
0x000000000e18c000 	/System/Library/Frameworks/ImageIO.framework/Versions/A/Resources/libPng.dylib
0x000000000e18c000 	/System/Library/Frameworks/ImageIO.framework/Versions/A/Resources/libGIF.dylib
0x000000000e18c000 	/System/Library/Frameworks/ImageIO.framework/Versions/A/Resources/libJP2.dylib
0x000000000e18c000 	/System/Library/Frameworks/ImageIO.framework/Versions/A/Resources/libRadiance.dylib
0x000000000e18c000 	/usr/lib/libcompression.dylib
0x000000000e18c000 	/System/Library/PrivateFrameworks/AppleJPEG.framework/Versions/A/AppleJPEG
0x000000000e18c000 	/usr/lib/libcups.2.dylib
0x000000000e18c000 	/System/Library/Frameworks/Kerberos.framework/Versions/A/Kerberos
0x000000000e18c000 	/System/Library/Frameworks/GSS.framework/Versions/A/GSS
0x000000000e18c000 	/usr/lib/libresolv.9.dylib
0x000000000e18c000 	/usr/lib/libiconv.2.dylib
0x000000000e18c000 	/System/Library/PrivateFrameworks/Heimdal.framework/Versions/A/Heimdal
0x000000000e18c000 	/usr/lib/libheimdal-asn1.dylib
0x000000000e18c000 	/System/Library/Frameworks/OpenDirectory.framework/Versions/A/OpenDirectory
0x000000000e18c000 	/System/Library/PrivateFrameworks/CommonAuth.framework/Versions/A/CommonAuth
0x000000000e18c000 	/System/Library/Frameworks/OpenDirectory.framework/Versions/A/Frameworks/CFOpenDirectory.framework/Versions/A/CFOpenDirectory
0x000000000e18c000 	/System/Library/Frameworks/SecurityFoundation.framework/Versions/A/SecurityFoundation
0x000000000e18c000 	/System/Library/PrivateFrameworks/LanguageModeling.framework/Versions/A/LanguageModeling
0x000000000e18c000 	/usr/lib/libmarisa.dylib
0x000000000e18c000 	/usr/lib/libChineseTokenizer.dylib
0x000000000e18c000 	/usr/lib/libcmph.dylib
0x000000000e18c000 	/System/Library/PrivateFrameworks/CoreEmoji.framework/Versions/A/CoreEmoji
0x000000000e18c000 	/System/Library/Frameworks/ServiceManagement.framework/Versions/A/ServiceManagement
0x000000000e18c000 	/usr/lib/libxslt.1.dylib
0x000000000e18c000 	/System/Library/Frameworks/Carbon.framework/Versions/A/Frameworks/Ink.framework/Versions/A/Ink
0x000000000e18c000 	/System/Library/PrivateFrameworks/TextureIO.framework/Versions/A/TextureIO
0x000000000e18c000 	/System/Library/Frameworks/Metal.framework/Versions/A/Metal
0x000000000e18c000 	/usr/lib/libate.dylib
0x000000000e18c000 	/System/Library/PrivateFrameworks/GPUCompiler.framework/libmetal_timestamp.dylib
0x000000000e18c000 	/System/Library/Frameworks/OpenGL.framework/Versions/A/Libraries/libCoreFSCache.dylib
0x000000000e18c000 	/System/Library/PrivateFrameworks/IOAccelerator.framework/Versions/A/IOAccelerator
0x000000000e18c000 	/System/Library/Frameworks/CoreVideo.framework/Versions/A/CoreVideo
0x000000000e18c000 	/usr/lib/libFosl_dynamic.dylib
0x000000000e18c000 	/System/Library/PrivateFrameworks/MetalPerformanceShaders.framework/Versions/A/MetalPerformanceShaders
0x000000000e18c000 	/System/Library/PrivateFrameworks/FaceCore.framework/Versions/A/FaceCore
0x000000000e18c000 	/System/Library/Frameworks/OpenCL.framework/Versions/A/OpenCL
0x000000000e18c000 	/System/Library/Frameworks/OpenGL.framework/Versions/A/Libraries/libGLU.dylib
0x000000000e18c000 	/System/Library/Frameworks/OpenGL.framework/Versions/A/Libraries/libGFXShared.dylib
0x000000000e18c000 	/System/Library/Frameworks/OpenGL.framework/Versions/A/Libraries/libGL.dylib
0x000000000e18c000 	/System/Library/Frameworks/OpenGL.framework/Versions/A/Libraries/libGLImage.dylib
0x000000000e18c000 	/System/Library/Frameworks/OpenGL.framework/Versions/A/Libraries/libCVMSPluginSupport.dylib
0x000000000e18c000 	/System/Library/Frameworks/OpenGL.framework/Versions/A/Libraries/libCoreVMClient.dylib
0x000000000e18c000 	/System/Library/PrivateFrameworks/CrashReporterSupport.framework/Versions/A/CrashReporterSupport
0x000000000e18c000 	/System/Library/PrivateFrameworks/Sharing.framework/Versions/A/Sharing
0x000000000e18c000 	/System/Library/PrivateFrameworks/IconServices.framework/Versions/A/IconServices
0x000000000e18c000 	/System/Library/PrivateFrameworks/ProtocolBuffer.framework/Versions/A/ProtocolBuffer
0x000000000e18c000 	/System/Library/PrivateFrameworks/Apple80211.framework/Versions/A/Apple80211
0x000000000e18c000 	/System/Library/Frameworks/CoreWLAN.framework/Versions/A/CoreWLAN
0x000000000e18c000 	/System/Library/PrivateFrameworks/CoreUtils.framework/Versions/A/CoreUtils
0x000000000e18c000 	/System/Library/Frameworks/IOBluetooth.framework/Versions/A/IOBluetooth
0x000000000e18c000 	/System/Library/PrivateFrameworks/CoreWiFi.framework/Versions/A/CoreWiFi
0x000000000e18c000 	/System/Library/Frameworks/CoreBluetooth.framework/Versions/A/CoreBluetooth
0x000000000e18c000 	/System/Library/Frameworks/CoreDisplay.framework/Versions/A/CoreDisplay
0x000000000e18c000 	/System/Library/PrivateFrameworks/IOPresentment.framework/Versions/A/IOPresentment
0x000000000e18c000 	/System/Library/PrivateFrameworks/DSExternalDisplay.framework/Versions/A/DSExternalDisplay
0x000000000e18c000 	/System/Library/PrivateFrameworks/DebugSymbols.framework/Versions/A/DebugSymbols
0x000000000e18c000 	/System/Library/PrivateFrameworks/CoreSymbolication.framework/Versions/A/CoreSymbolication
0x000000000e18c000 	/System/Library/PrivateFrameworks/Symbolication.framework/Versions/A/Symbolication
0x000000000e18c000 	/System/Library/PrivateFrameworks/AppleFSCompression.framework/Versions/A/AppleFSCompression
0x000000000e18c000 	/System/Library/PrivateFrameworks/SpeechRecognitionCore.framework/Versions/A/SpeechRecognitionCore
0x000000000e18c000 	/System/Library/PrivateFrameworks/ChunkingLibrary.framework/Versions/A/ChunkingLibrary
0x0000000045d07000 	/System/Library/CoreServices/Encodings/libKoreanConverter.dylib
0x0000000100ece000 	/Library/Java/JavaVirtualMachines/jdk1.8.0_60.jdk/Contents/Home/jre/lib/server/libjvm.dylib
0x000000000e18c000 	/usr/lib/libstdc++.6.dylib
0x000000010085f000 	/Library/Java/JavaVirtualMachines/jdk1.8.0_60.jdk/Contents/Home/jre/lib/libverify.dylib
0x000000010086d000 	/Library/Java/JavaVirtualMachines/jdk1.8.0_60.jdk/Contents/Home/jre/lib/libjava.dylib
0x00000001008a3000 	/Library/Java/JavaVirtualMachines/jdk1.8.0_60.jdk/Contents/Home/jre/lib/libjdwp.dylib
0x00000001008ee000 	/Library/Java/JavaVirtualMachines/jdk1.8.0_60.jdk/Contents/Home/jre/lib/libnpt.dylib
0x00000001008f2000 	/Library/Java/JavaVirtualMachines/jdk1.8.0_60.jdk/Contents/Home/jre/lib/libinstrument.dylib
0x0000000100950000 	/Library/Java/JavaVirtualMachines/jdk1.8.0_60.jdk/Contents/Home/jre/lib/libzip.dylib
0x000000011c59b000 	/System/Library/Frameworks/JavaVM.framework/Frameworks/JavaRuntimeSupport.framework/JavaRuntimeSupport
0x0000000110fe8000 	/System/Library/Frameworks/JavaVM.framework/Versions/A/Frameworks/JavaNativeFoundation.framework/Versions/A/JavaNativeFoundation
0x000000011c5b5000 	/System/Library/Frameworks/JavaVM.framework/Versions/A/JavaVM
0x000000000e18c000 	/System/Library/Frameworks/Carbon.framework/Versions/A/Carbon
0x000000011c5c2000 	/System/Library/PrivateFrameworks/JavaLaunching.framework/Versions/A/JavaLaunching
0x000000000e18c000 	/System/Library/Frameworks/Carbon.framework/Versions/A/Frameworks/CommonPanels.framework/Versions/A/CommonPanels
0x000000000e18c000 	/System/Library/Frameworks/Carbon.framework/Versions/A/Frameworks/Help.framework/Versions/A/Help
0x000000000e18c000 	/System/Library/Frameworks/Carbon.framework/Versions/A/Frameworks/ImageCapture.framework/Versions/A/ImageCapture
0x000000000e18c000 	/System/Library/Frameworks/Carbon.framework/Versions/A/Frameworks/OpenScripting.framework/Versions/A/OpenScripting
0x000000000e18c000 	/System/Library/Frameworks/Carbon.framework/Versions/A/Frameworks/Print.framework/Versions/A/Print
0x000000000e18c000 	/System/Library/Frameworks/Carbon.framework/Versions/A/Frameworks/SecurityHI.framework/Versions/A/SecurityHI
0x000000011dec7000 	/Library/Java/JavaVirtualMachines/jdk1.8.0_60.jdk/Contents/Home/jre/lib/libdt_socket.dylib
0x000000011e530000 	/Library/Java/JavaVirtualMachines/jdk1.8.0_60.jdk/Contents/Home/jre/lib/libmanagement.dylib
0x000000011e53e000 	/Library/Java/JavaVirtualMachines/jdk1.8.0_60.jdk/Contents/Home/jre/lib/libnet.dylib
0x000000011e59d000 	/Library/Java/JavaVirtualMachines/jdk1.8.0_60.jdk/Contents/Home/jre/lib/libnio.dylib
0x000000011fabf000 	/Library/Java/JavaVirtualMachines/jdk1.8.0_60.jdk/Contents/Home/jre/lib/libattach.dylib

VM Arguments:
jvm_args: -agentlib:jdwp=transport=dt_socket,address=127.0.0.1:55666,suspend=y,server=n -XX:TieredStopAtLevel=1 -Xverify:none -Dspring.output.ansi.enabled=always -Dcom.sun.management.jmxremote -Dcom.sun.management.jmxremote.port=55665 -Dcom.sun.management.jmxremote.authenticate=false -Dcom.sun.management.jmxremote.ssl=false -Dspring.liveBeansView.mbeanDomain -Dspring.application.admin.enabled=true -javaagent:/Users/jjong/Library/Caches/IntelliJIdea2017.2/groovyHotSwap/gragent.jar -Dfile.encoding=UTF-8 
java_command: net.ion.ice.Ice2Application
java_class_path (initial): /Library/Java/JavaVirtualMachines/jdk1.8.0_60.jdk/Contents/Home/jre/lib/charsets.jar:/Library/Java/JavaVirtualMachines/jdk1.8.0_60.jdk/Contents/Home/jre/lib/deploy.jar:/Library/Java/JavaVirtualMachines/jdk1.8.0_60.jdk/Contents/Home/jre/lib/ext/cldrdata.jar:/Library/Java/JavaVirtualMachines/jdk1.8.0_60.jdk/Contents/Home/jre/lib/ext/dnsns.jar:/Library/Java/JavaVirtualMachines/jdk1.8.0_60.jdk/Contents/Home/jre/lib/ext/jaccess.jar:/Library/Java/JavaVirtualMachines/jdk1.8.0_60.jdk/Contents/Home/jre/lib/ext/jfxrt.jar:/Library/Java/JavaVirtualMachines/jdk1.8.0_60.jdk/Contents/Home/jre/lib/ext/localedata.jar:/Library/Java/JavaVirtualMachines/jdk1.8.0_60.jdk/Contents/Home/jre/lib/ext/nashorn.jar:/Library/Java/JavaVirtualMachines/jdk1.8.0_60.jdk/Contents/Home/jre/lib/ext/sunec.jar:/Library/Java/JavaVirtualMachines/jdk1.8.0_60.jdk/Contents/Home/jre/lib/ext/sunjce_provider.jar:/Library/Java/JavaVirtualMachines/jdk1.8.0_60.jdk/Contents/Home/jre/lib/ext/sunpkcs11.jar:/Library/Java/JavaVirtualMachines/jdk1.8.0_60.jdk/Contents/Home/jre/lib/ext/zipfs.jar:/Library/Java/JavaVirtualMachines/jdk1.8.0_60.jdk/Contents/Home/jre/lib/javaws.jar:/Library/Java/JavaVirtualMachines/jdk1.8.0_60.jdk/Contents/Home/jre/lib/jce.jar:/Library/Java/JavaVirtualMachines/jdk1.8.0_60.jdk/Contents/Home/jre/lib/jfr.jar:/Library/Java/JavaVirtualMachines/jdk1.8.0_60.jdk/Contents/Home/jre/lib/jfxswt.jar:/Library/Java/JavaVirtualMachines/jdk1.8.0_60.jdk/Contents/Home/jre/lib/jsse.jar:/Library/Java/JavaVirtualMachines/jdk1.8.0_60.jdk/Contents/Home/jre/lib/management-agent.jar:/Library/Java/JavaVirtualMachines/jdk1.8.0_60.jdk/Contents/Home/jre/lib/plugin.jar:/Library/Java/JavaVirtualMachines/jdk1.8.0_60.jdk/Contents/Home/jre/lib/resources.jar:/Library/Java/JavaVirtualMachines/jdk1.8.0_60.jdk/Contents/Home/jre/lib/rt.jar:/Library/Java/JavaVirtualMachines/jdk1.8.0_60.jdk/Contents/Home/lib/ant-javafx.jar:/Library/Java/JavaVirtualMachines/jdk1.8.0_60.jdk/Contents/Home/lib/dt.jar:/Library/Ja
Launcher Type: SUN_STANDARD

Environment Variables:
PATH=/usr/local/bin:/usr/bin:/bin:/usr/sbin:/sbin:/Users/jjong/Library/Android/sdk/tools:/Users/jjong/Library/Android/sdk/platform-tools
SHELL=/bin/bash

Signal Handlers:
SIGSEGV: [libjvm.dylib+0x5a6d31], sa_mask[0]=11111111011111110111111111111111, sa_flags=SA_ONSTACK|SA_RESTART|SA_SIGINFO
SIGBUS: [libjvm.dylib+0x5a6d31], sa_mask[0]=11111111011111110111111111111111, sa_flags=SA_RESTART|SA_SIGINFO
SIGFPE: [libjvm.dylib+0x480a4c], sa_mask[0]=11111111011111110111111111111111, sa_flags=SA_RESTART|SA_SIGINFO
SIGPIPE: [libjvm.dylib+0x480a4c], sa_mask[0]=11111111011111110111111111111111, sa_flags=SA_RESTART|SA_SIGINFO
SIGXFSZ: [libjvm.dylib+0x480a4c], sa_mask[0]=11111111011111110111111111111111, sa_flags=SA_RESTART|SA_SIGINFO
SIGILL: [libjvm.dylib+0x480a4c], sa_mask[0]=11111111011111110111111111111111, sa_flags=SA_RESTART|SA_SIGINFO
SIGUSR1: SIG_DFL, sa_mask[0]=00000000000000000000000000000000, sa_flags=none
SIGUSR2: [libjvm.dylib+0x48056a], sa_mask[0]=00100000000000000000000000000000, sa_flags=SA_RESTART|SA_SIGINFO
SIGHUP: [libjvm.dylib+0x47eb41], sa_mask[0]=11111111011111110111111111111111, sa_flags=SA_RESTART|SA_SIGINFO
SIGINT: [libjvm.dylib+0x47eb41], sa_mask[0]=11111111011111110111111111111111, sa_flags=SA_RESTART|SA_SIGINFO
SIGTERM: [libjvm.dylib+0x47eb41], sa_mask[0]=11111111011111110111111111111111, sa_flags=SA_RESTART|SA_SIGINFO
SIGQUIT: [libjvm.dylib+0x47eb41], sa_mask[0]=11111111011111110111111111111111, sa_flags=SA_RESTART|SA_SIGINFO


---------------  S Y S T E M  ---------------

OS:Bsduname:Darwin 16.7.0 Darwin Kernel Version 16.7.0: Thu Jun 15 17:36:27 PDT 2017; root:xnu-3789.70.16~2/RELEASE_X86_64 x86_64
rlimit: STACK 8192k, CORE 0k, NPROC 709, NOFILE 10240, AS infinity
load average:3.22 3.17 3.04

CPU:total 4 (4 cores per cpu, 1 threads per core) family 6 model 60 stepping 3, cmov, cx8, fxsr, mmx, sse, sse2, sse3, ssse3, sse4.1, sse4.2, popcnt, avx, avx2, aes, clmul, erms, rtm, lzcnt, tsc, tscinvbit, bmi1, bmi2

Memory: 4k page, physical 16777216k(289272k free)

/proc/meminfo:


vm_info: Java HotSpot(TM) 64-Bit Server VM (25.60-b23) for bsd-amd64 JRE (1.8.0_60-b27), built on Aug  4 2015 10:47:24 by "java_re" with gcc 4.2.1 (Based on Apple Inc. build 5658) (LLVM build 2336.11.00)

time: Mon Oct  2 17:57:03 2017
elapsed time: 32 seconds (0d 0h 0m 32s)

