#
# A fatal error has been detected by the Java Runtime Environment:
#
#  SIGBUS (0xa) at pc=0x000000010a922171, pid=30709, tid=55043
#
# JRE version: Java(TM) SE Runtime Environment (8.0_60-b27) (build 1.8.0_60-b27)
# Java VM: Java HotSpot(TM) 64-Bit Server VM (25.60-b23 mixed mode bsd-amd64 compressed oops)
# Problematic frame:
# j  net.ion.ice.service.OrderChangeService.createOrderChange(Ljava/util/Map;)Ljava/lang/String;+3
#
# Failed to write core dump. Core dumps have been disabled. To enable core dumping, try "ulimit -c unlimited" before starting Java again
#
# If you would like to submit a bug report, please visit:
#   http://bugreport.java.com/bugreport/crash.jsp
#

---------------  T H R E A D  ---------------

Current thread (0x00007f870763b000):  JavaThread "http-nio-8080-exec-1" daemon [_thread_in_Java, id=55043, stack(0x0000700011e9d000,0x0000700011f9d000)]

siginfo: si_signo: 10 (SIGBUS), si_code: 2 (BUS_ADRERR), si_addr: 0x0000000113a06208

Registers:
RAX=0x00000007c02ff368, RBX=0x0000000113a061d8, RCX=0x0000000000000030, RDX=0x0000700011f97ae0
RSP=0x0000700011f97ae8, RBP=0x0000700011f97b20, RSI=0x0000000000000007, RDI=0x0000000000000000
R8 =0x00000000000001c0, R9 =0x00000000012d12ec, R10=0x0000000103ab2900, R11=0x0000700011f97a10
R12=0x0000000000000000, R13=0x0000000122740d09, R14=0x0000700011f97b68, R15=0x00007f870763b000
RIP=0x000000010a922171, EFLAGS=0x0000000000010283, ERR=0x0000000000000004
  TRAPNO=0x000000000000000e

Top of Stack: (sp=0x0000700011f97ae8)
0x0000700011f97ae8:   0000000122740c3b 0000700011f97b68
0x0000700011f97af8:   00000001227545a8 0000000000000000
0x0000700011f97b08:   0000000122740df8 0000000000000000
0x0000700011f97b18:   0000700011f97b60 0000700011f97bb0
0x0000700011f97b28:   000000010a8f9a50 0000000000000000
0x0000700011f97b38:   0000000000000000 0000000000000000
0x0000700011f97b48:   0000000000000000 0000000000000000
0x0000700011f97b58:   0000000000000000 00000007982133d0
0x0000700011f97b68:   000000077224d138 0000700011f97b70
0x0000700011f97b78:   00000001227405fd 0000700011f97bf8
0x0000700011f97b88:   00000001227545a8 0000000000000000
0x0000700011f97b98:   0000000122740688 0000700011f97b60
0x0000700011f97ba8:   0000700011f97bf0 0000700011f97c60
0x0000700011f97bb8:   000000010a8f27a7 0000000000000000
0x0000700011f97bc8:   0000000000000000 00000007982133d0
0x0000700011f97bd8:   0000000798213398 0000000795379758
0x0000700011f97be8:   0000000792dc1448 0000000792dc11a8
0x0000700011f97bf8:   000000077224d138 0000000100001fa0
0x0000700011f97c08:   000000000000000c 00007f870763b000
0x0000700011f97c18:   0000000000000002 000000010a8f271f
0x0000700011f97c28:   0000000122740688 0000700011f97cf8
0x0000700011f97c38:   0000700011f98050 000000060000000c
0x0000700011f97c48:   0000000122740688 000000010a907c40
0x0000700011f97c58:   0000700011f98060 0000700011f97e10
0x0000700011f97c68:   00000001034afb0e 0000700000000002
0x0000700011f97c78:   00007f870763b000 000001e111f98170
0x0000700011f97c88:   0000700011f98050 00007f8709d38068
0x0000700011f97c98:   000000010a907c40 01007f8705e00760
0x0000700011f97ca8:   0000700011f98058 0000700011f98048
0x0000700011f97cb8:   00007f870763b000 00007f870763b000
0x0000700011f97cc8:   00007f8709d37fd0 00007f8709d38010
0x0000700011f97cd8:   00007f8709d38088 00007f8709d380f8 

Instructions: (pc=0x000000010a922171)
0x000000010a922151:   89 59 10 bf 01 00 00 00 48 89 79 18 48 83 c1 30
0x000000010a922161:   48 89 4d e0 48 3b d8 0f 84 5b 00 00 00 8b 48 0c
0x000000010a922171:   48 3b 04 0b 0f 84 4e 00 00 00 83 f9 18 0f 85 22
0x000000010a922181:   00 00 00 50 48 8b c0 57 48 8b 7b 20 8b 0f 48 83 

Register to memory mapping:

RAX=0x00000007c02ff368 is pointing into metadata
RBX=0x0000000113a061d8 is an unknown value
RCX=0x0000000000000030 is an unknown value
RDX=0x0000700011f97ae0 is pointing into the stack for thread: 0x00007f870763b000
RSP=0x0000700011f97ae8 is pointing into the stack for thread: 0x00007f870763b000
RBP=0x0000700011f97b20 is pointing into the stack for thread: 0x00007f870763b000
RSI=0x0000000000000007 is an unknown value
RDI=0x0000000000000000 is an unknown value
R8 =0x00000000000001c0 is an unknown value
R9 =0x00000000012d12ec is an unknown value
R10=0x0000000103ab2900: _ZN19TemplateInterpreter13_active_tableE+0x4000 in /Library/Java/JavaVirtualMachines/jdk1.8.0_60.jdk/Contents/Home/jre/lib/server/libjvm.dylib at 0x00000001031c5000
R11=0x0000700011f97a10 is pointing into the stack for thread: 0x00007f870763b000
R12=0x0000000000000000 is an unknown value
R13=0x0000000122740d09 is pointing into metadata
R14=0x0000700011f97b68 is pointing into the stack for thread: 0x00007f870763b000
R15=0x00007f870763b000 is a thread


Stack: [0x0000700011e9d000,0x0000700011f9d000],  sp=0x0000700011f97ae8,  free space=1002k
Native frames: (J=compiled Java code, j=interpreted, Vv=VM code, C=native code)
j  net.ion.ice.service.OrderChangeService.createOrderChange(Ljava/util/Map;)Ljava/lang/String;+3
j  net.ion.ice.service.OrderChangeService.requestCancel(Lnet/ion/ice/core/context/ExecuteContext;)Lnet/ion/ice/core/context/ExecuteContext;+157
v  ~StubRoutines::call_stub
V  [libjvm.dylib+0x2eab0e]
V  [libjvm.dylib+0x4caf44]
V  [libjvm.dylib+0x4cb478]
V  [libjvm.dylib+0x342cc0]
J 1673  sun.reflect.NativeMethodAccessorImpl.invoke0(Ljava/lang/reflect/Method;Ljava/lang/Object;[Ljava/lang/Object;)Ljava/lang/Object; (0 bytes) @ 0x000000010acbe42d [0x000000010acbe340+0xed]
J 1672 C1 sun.reflect.NativeMethodAccessorImpl.invoke(Ljava/lang/Object;[Ljava/lang/Object;)Ljava/lang/Object; (104 bytes) @ 0x000000010acbf3fc [0x000000010acbf020+0x3dc]
J 1427 C1 sun.reflect.DelegatingMethodAccessorImpl.invoke(Ljava/lang/Object;[Ljava/lang/Object;)Ljava/lang/Object; (10 bytes) @ 0x000000010ac2c664 [0x000000010ac2c600+0x64]
J 1301 C1 java.lang.reflect.Method.invoke(Ljava/lang/Object;[Ljava/lang/Object;)Ljava/lang/Object; (62 bytes) @ 0x000000010abf7704 [0x000000010abf75e0+0x124]
j  net.ion.ice.core.event.ActionService.execute(Lnet/ion/ice/core/context/ExecuteContext;)V+182
j  net.ion.ice.core.event.EventService.executeEventAction(Lnet/ion/ice/core/context/ExecuteContext;Lnet/ion/ice/core/event/Event;)V+75
j  net.ion.ice.core.event.EventService.execute(Lnet/ion/ice/core/context/ExecuteContext;)V+130
j  net.ion.ice.core.context.ExecuteContext.execute()Z+32
j  net.ion.ice.core.node.NodeService.executeNode(Ljava/util/Map;Lorg/springframework/util/MultiValueMap;Ljava/lang/String;Ljava/lang/String;)Ljava/lang/Object;+51
j  net.ion.ice.core.node.NodeController.execute(Ljavax/servlet/http/HttpServletRequest;Ljava/lang/String;Ljava/lang/String;)Ljava/lang/Object;+36
j  net.ion.ice.core.node.NodeController.eventJson(Ljavax/servlet/http/HttpServletRequest;Ljava/lang/String;Ljava/lang/String;)Ljava/lang/Object;+13
v  ~StubRoutines::call_stub
V  [libjvm.dylib+0x2eab0e]
V  [libjvm.dylib+0x4caf44]
V  [libjvm.dylib+0x4cb478]
V  [libjvm.dylib+0x342cc0]
J 1673  sun.reflect.NativeMethodAccessorImpl.invoke0(Ljava/lang/reflect/Method;Ljava/lang/Object;[Ljava/lang/Object;)Ljava/lang/Object; (0 bytes) @ 0x000000010acbe42d [0x000000010acbe340+0xed]
J 1672 C1 sun.reflect.NativeMethodAccessorImpl.invoke(Ljava/lang/Object;[Ljava/lang/Object;)Ljava/lang/Object; (104 bytes) @ 0x000000010acbf3fc [0x000000010acbf020+0x3dc]
J 1427 C1 sun.reflect.DelegatingMethodAccessorImpl.invoke(Ljava/lang/Object;[Ljava/lang/Object;)Ljava/lang/Object; (10 bytes) @ 0x000000010ac2c664 [0x000000010ac2c600+0x64]
J 1301 C1 java.lang.reflect.Method.invoke(Ljava/lang/Object;[Ljava/lang/Object;)Ljava/lang/Object; (62 bytes) @ 0x000000010abf7704 [0x000000010abf75e0+0x124]
j  org.springframework.web.method.support.InvocableHandlerMethod.doInvoke([Ljava/lang/Object;)Ljava/lang/Object;+16
j  org.springframework.web.method.support.InvocableHandlerMethod.invokeForRequest(Lorg/springframework/web/context/request/NativeWebRequest;Lorg/springframework/web/method/support/ModelAndViewContainer;[Ljava/lang/Object;)Ljava/lang/Object;+75
j  org.springframework.web.servlet.mvc.method.annotation.ServletInvocableHandlerMethod.invokeAndHandle(Lorg/springframework/web/context/request/ServletWebRequest;Lorg/springframework/web/method/support/ModelAndViewContainer;[Ljava/lang/Object;)V+4
j  org.springframework.web.servlet.mvc.method.annotation.RequestMappingHandlerAdapter.invokeHandlerMethod(Ljavax/servlet/http/HttpServletRequest;Ljavax/servlet/http/HttpServletResponse;Lorg/springframework/web/method/HandlerMethod;)Lorg/springframework/web/servlet/ModelAndView;+262
j  org.springframework.web.servlet.mvc.method.annotation.RequestMappingHandlerAdapter.handleInternal(Ljavax/servlet/http/HttpServletRequest;Ljavax/servlet/http/HttpServletResponse;Lorg/springframework/web/method/HandlerMethod;)Lorg/springframework/web/servlet/ModelAndView;+81
j  org.springframework.web.servlet.mvc.method.AbstractHandlerMethodAdapter.handle(Ljavax/servlet/http/HttpServletRequest;Ljavax/servlet/http/HttpServletResponse;Ljava/lang/Object;)Lorg/springframework/web/servlet/ModelAndView;+7
j  org.springframework.web.servlet.DispatcherServlet.doDispatch(Ljavax/servlet/http/HttpServletRequest;Ljavax/servlet/http/HttpServletResponse;)V+318
j  org.springframework.web.servlet.DispatcherServlet.doService(Ljavax/servlet/http/HttpServletRequest;Ljavax/servlet/http/HttpServletResponse;)V+301
j  org.springframework.web.servlet.FrameworkServlet.processRequest(Ljavax/servlet/http/HttpServletRequest;Ljavax/servlet/http/HttpServletResponse;)V+71
j  org.springframework.web.servlet.FrameworkServlet.doPost(Ljavax/servlet/http/HttpServletRequest;Ljavax/servlet/http/HttpServletResponse;)V+3
j  javax.servlet.http.HttpServlet.service(Ljavax/servlet/http/HttpServletRequest;Ljavax/servlet/http/HttpServletResponse;)V+149
j  org.springframework.web.servlet.FrameworkServlet.service(Ljavax/servlet/http/HttpServletRequest;Ljavax/servlet/http/HttpServletResponse;)V+42
j  javax.servlet.http.HttpServlet.service(Ljavax/servlet/ServletRequest;Ljavax/servlet/ServletResponse;)V+30
j  org.apache.catalina.core.ApplicationFilterChain.internalDoFilter(Ljavax/servlet/ServletRequest;Ljavax/servlet/ServletResponse;)V+304
j  org.apache.catalina.core.ApplicationFilterChain.doFilter(Ljavax/servlet/ServletRequest;Ljavax/servlet/ServletResponse;)V+101
j  org.apache.tomcat.websocket.server.WsFilter.doFilter(Ljavax/servlet/ServletRequest;Ljavax/servlet/ServletResponse;Ljavax/servlet/FilterChain;)V+21
j  org.apache.catalina.core.ApplicationFilterChain.internalDoFilter(Ljavax/servlet/ServletRequest;Ljavax/servlet/ServletResponse;)V+135
j  org.apache.catalina.core.ApplicationFilterChain.doFilter(Ljavax/servlet/ServletRequest;Ljavax/servlet/ServletResponse;)V+101
j  org.stagemonitor.web.servlet.MonitoredHttpRequest.execute()V+12
j  org.stagemonitor.tracing.RequestMonitor.monitor(Lorg/stagemonitor/tracing/MonitoredRequest;)Lorg/stagemonitor/tracing/SpanContextInformation;+6
j  org.stagemonitor.web.servlet.filter.HttpRequestMonitorFilter.monitorRequest(Ljavax/servlet/FilterChain;Ljavax/servlet/http/HttpServletRequest;Lorg/stagemonitor/web/servlet/filter/StatusExposingByteCountingServletResponse;)Lorg/stagemonitor/tracing/SpanContextInformation;+24
j  org.stagemonitor.web.servlet.filter.HttpRequestMonitorFilter.doMonitor(Ljavax/servlet/http/HttpServletRequest;Ljavax/servlet/http/HttpServletResponse;Ljavax/servlet/FilterChain;)V+50
j  org.stagemonitor.web.servlet.filter.HttpRequestMonitorFilter.doFilterInternal(Ljavax/servlet/http/HttpServletRequest;Ljavax/servlet/http/HttpServletResponse;Ljavax/servlet/FilterChain;)V+64
j  org.stagemonitor.web.servlet.filter.AbstractExclusionFilter.doFilter(Ljavax/servlet/ServletRequest;Ljavax/servlet/ServletResponse;Ljavax/servlet/FilterChain;)V+48
j  org.apache.catalina.core.ApplicationFilterChain.internalDoFilter(Ljavax/servlet/ServletRequest;Ljavax/servlet/ServletResponse;)V+135
j  org.apache.catalina.core.ApplicationFilterChain.doFilter(Ljavax/servlet/ServletRequest;Ljavax/servlet/ServletResponse;)V+101
j  org.springframework.security.web.authentication.logout.LogoutFilter.doFilter(Ljavax/servlet/ServletRequest;Ljavax/servlet/ServletResponse;Ljavax/servlet/FilterChain;)V+115
j  org.apache.catalina.core.ApplicationFilterChain.internalDoFilter(Ljavax/servlet/ServletRequest;Ljavax/servlet/ServletResponse;)V+135
j  org.apache.catalina.core.ApplicationFilterChain.doFilter(Ljavax/servlet/ServletRequest;Ljavax/servlet/ServletResponse;)V+101
j  net.ion.ice.security.cors.CORSFilter.doFilter(Ljavax/servlet/ServletRequest;Ljavax/servlet/ServletResponse;Ljavax/servlet/FilterChain;)V+96
j  org.apache.catalina.core.ApplicationFilterChain.internalDoFilter(Ljavax/servlet/ServletRequest;Ljavax/servlet/ServletResponse;)V+135
j  org.apache.catalina.core.ApplicationFilterChain.doFilter(Ljavax/servlet/ServletRequest;Ljavax/servlet/ServletResponse;)V+101
j  org.springframework.security.web.FilterChainProxy$VirtualFilterChain.doFilter(Ljavax/servlet/ServletRequest;Ljavax/servlet/ServletResponse;)V+68
j  org.springframework.security.web.access.intercept.FilterSecurityInterceptor.invoke(Lorg/springframework/security/web/FilterInvocation;)V+87
j  org.springframework.security.web.access.intercept.FilterSecurityInterceptor.doFilter(Ljavax/servlet/ServletRequest;Ljavax/servlet/ServletResponse;Ljavax/servlet/FilterChain;)V+15
j  org.springframework.security.web.FilterChainProxy$VirtualFilterChain.doFilter(Ljavax/servlet/ServletRequest;Ljavax/servlet/ServletResponse;)V+192
j  org.springframework.security.web.access.ExceptionTranslationFilter.doFilter(Ljavax/servlet/ServletRequest;Ljavax/servlet/ServletResponse;Ljavax/servlet/FilterChain;)V+17
j  org.springframework.security.web.FilterChainProxy$VirtualFilterChain.doFilter(Ljavax/servlet/ServletRequest;Ljavax/servlet/ServletResponse;)V+192
j  org.springframework.security.web.session.SessionManagementFilter.doFilter(Ljavax/servlet/ServletRequest;Ljavax/servlet/ServletResponse;Ljavax/servlet/FilterChain;)V+258
j  org.springframework.security.web.FilterChainProxy$VirtualFilterChain.doFilter(Ljavax/servlet/ServletRequest;Ljavax/servlet/ServletResponse;)V+192
j  org.springframework.security.web.authentication.AnonymousAuthenticationFilter.doFilter(Ljavax/servlet/ServletRequest;Ljavax/servlet/ServletResponse;Ljavax/servlet/FilterChain;)V+137
j  org.springframework.security.web.FilterChainProxy$VirtualFilterChain.doFilter(Ljavax/servlet/ServletRequest;Ljavax/servlet/ServletResponse;)V+192
j  org.springframework.security.web.servletapi.SecurityContextHolderAwareRequestFilter.doFilter(Ljavax/servlet/ServletRequest;Ljavax/servlet/ServletResponse;Ljavax/servlet/FilterChain;)V+19
j  org.springframework.security.web.FilterChainProxy$VirtualFilterChain.doFilter(Ljavax/servlet/ServletRequest;Ljavax/servlet/ServletResponse;)V+192
j  org.springframework.security.web.savedrequest.RequestCacheAwareFilter.doFilter(Ljavax/servlet/ServletRequest;Ljavax/servlet/ServletResponse;Ljavax/servlet/FilterChain;)V+32
j  org.springframework.security.web.FilterChainProxy$VirtualFilterChain.doFilter(Ljavax/servlet/ServletRequest;Ljavax/servlet/ServletResponse;)V+192
j  org.springframework.security.web.authentication.logout.LogoutFilter.doFilter(Ljavax/servlet/ServletRequest;Ljavax/servlet/ServletResponse;Ljavax/servlet/FilterChain;)V+115
j  org.springframework.security.web.FilterChainProxy$VirtualFilterChain.doFilter(Ljavax/servlet/ServletRequest;Ljavax/servlet/ServletResponse;)V+192
j  org.springframework.security.web.authentication.AbstractAuthenticationProcessingFilter.doFilter(Ljavax/servlet/ServletRequest;Ljavax/servlet/ServletResponse;Ljavax/servlet/FilterChain;)V+28
j  org.springframework.security.web.FilterChainProxy$VirtualFilterChain.doFilter(Ljavax/servlet/ServletRequest;Ljavax/servlet/ServletResponse;)V+192
j  org.springframework.security.web.authentication.logout.LogoutFilter.doFilter(Ljavax/servlet/ServletRequest;Ljavax/servlet/ServletResponse;Ljavax/servlet/FilterChain;)V+115
j  org.springframework.security.web.FilterChainProxy$VirtualFilterChain.doFilter(Ljavax/servlet/ServletRequest;Ljavax/servlet/ServletResponse;)V+192
j  org.springframework.security.web.authentication.AbstractAuthenticationProcessingFilter.doFilter(Ljavax/servlet/ServletRequest;Ljavax/servlet/ServletResponse;Ljavax/servlet/FilterChain;)V+28
j  org.springframework.security.web.FilterChainProxy$VirtualFilterChain.doFilter(Ljavax/servlet/ServletRequest;Ljavax/servlet/ServletResponse;)V+192
j  org.springframework.web.filter.CorsFilter.doFilterInternal(Ljavax/servlet/http/HttpServletRequest;Ljavax/servlet/http/HttpServletResponse;Ljavax/servlet/FilterChain;)V+55
j  org.springframework.web.filter.OncePerRequestFilter.doFilter(Ljavax/servlet/ServletRequest;Ljavax/servlet/ServletResponse;Ljavax/servlet/FilterChain;)V+111
j  org.springframework.security.web.FilterChainProxy$VirtualFilterChain.doFilter(Ljavax/servlet/ServletRequest;Ljavax/servlet/ServletResponse;)V+192
j  org.springframework.security.web.header.HeaderWriterFilter.doFilterInternal(Ljavax/servlet/http/HttpServletRequest;Ljavax/servlet/http/HttpServletResponse;Ljavax/servlet/FilterChain;)V+48
j  org.springframework.web.filter.OncePerRequestFilter.doFilter(Ljavax/servlet/ServletRequest;Ljavax/servlet/ServletResponse;Ljavax/servlet/FilterChain;)V+111
j  org.springframework.security.web.FilterChainProxy$VirtualFilterChain.doFilter(Ljavax/servlet/ServletRequest;Ljavax/servlet/ServletResponse;)V+192
j  org.springframework.security.web.context.SecurityContextPersistenceFilter.doFilter(Ljavax/servlet/ServletRequest;Ljavax/servlet/ServletResponse;Ljavax/servlet/FilterChain;)V+165
j  org.springframework.security.web.FilterChainProxy$VirtualFilterChain.doFilter(Ljavax/servlet/ServletRequest;Ljavax/servlet/ServletResponse;)V+192
j  org.springframework.security.web.context.request.async.WebAsyncManagerIntegrationFilter.doFilterInternal(Ljavax/servlet/http/HttpServletRequest;Ljavax/servlet/http/HttpServletResponse;Ljavax/servlet/FilterChain;)V+42
j  org.springframework.web.filter.OncePerRequestFilter.doFilter(Ljavax/servlet/ServletRequest;Ljavax/servlet/ServletResponse;Ljavax/servlet/FilterChain;)V+111
j  org.springframework.security.web.FilterChainProxy$VirtualFilterChain.doFilter(Ljavax/servlet/ServletRequest;Ljavax/servlet/ServletResponse;)V+192
j  org.springframework.security.web.FilterChainProxy.doFilterInternal(Ljavax/servlet/ServletRequest;Ljavax/servlet/ServletResponse;Ljavax/servlet/FilterChain;)V+142
j  org.springframework.security.web.FilterChainProxy.doFilter(Ljavax/servlet/ServletRequest;Ljavax/servlet/ServletResponse;Ljavax/servlet/FilterChain;)V+40
j  org.springframework.web.filter.DelegatingFilterProxy.invokeDelegate(Ljavax/servlet/Filter;Ljavax/servlet/ServletRequest;Ljavax/servlet/ServletResponse;Ljavax/servlet/FilterChain;)V+5
j  org.springframework.web.filter.DelegatingFilterProxy.doFilter(Ljavax/servlet/ServletRequest;Ljavax/servlet/ServletResponse;Ljavax/servlet/FilterChain;)V+83
j  org.apache.catalina.core.ApplicationFilterChain.internalDoFilter(Ljavax/servlet/ServletRequest;Ljavax/servlet/ServletResponse;)V+135
j  org.apache.catalina.core.ApplicationFilterChain.doFilter(Ljavax/servlet/ServletRequest;Ljavax/servlet/ServletResponse;)V+101
j  org.springframework.web.filter.RequestContextFilter.doFilterInternal(Ljavax/servlet/http/HttpServletRequest;Ljavax/servlet/http/HttpServletResponse;Ljavax/servlet/FilterChain;)V+21
j  org.springframework.web.filter.OncePerRequestFilter.doFilter(Ljavax/servlet/ServletRequest;Ljavax/servlet/ServletResponse;Ljavax/servlet/FilterChain;)V+111
...<more frames>...


---------------  P R O C E S S  ---------------

Java Threads: ( => current thread )
  0x00007f8706c0c000 JavaThread "Hibernate Search sync consumer thread for index net.ion.ice.core.node.Node" daemon [_thread_blocked, id=65283, stack(0x00007000132d9000,0x00007000133d9000)]
  0x00007f8706c0b800 JavaThread "Hibernate Search sync consumer thread for index net.ion.ice.core.node.Node" daemon [_thread_blocked, id=64771, stack(0x00007000131d6000,0x00007000132d6000)]
  0x00007f8707d89800 JavaThread "hz.ice-cluster-hazelcast.cached.thread-10" [_thread_blocked, id=64259, stack(0x00007000130d3000,0x00007000131d3000)]
  0x00007f8707e7b000 JavaThread "hz.ice-cluster-hazelcast.cached.thread-9" [_thread_blocked, id=63747, stack(0x0000700012fd0000,0x00007000130d0000)]
  0x00007f8707d17800 JavaThread "hz.ice-cluster-hazelcast.cached.thread-8" [_thread_blocked, id=63235, stack(0x0000700012ecd000,0x0000700012fcd000)]
  0x00007f870635e000 JavaThread "Keep-Alive-Timer" daemon [_thread_blocked, id=28423, stack(0x000070000e7fb000,0x000070000e8fb000)]
  0x00007f8707d72800 JavaThread "commons-pool-EvictionTimer" daemon [_thread_blocked, id=62727, stack(0x0000700012dca000,0x0000700012eca000)]
  0x00007f870760f000 JavaThread "Abandoned connection cleanup thread" daemon [_thread_blocked, id=62219, stack(0x0000700012cc7000,0x0000700012dc7000)]
  0x00007f8706d20000 JavaThread "hz.ice-cluster-hazelcast.cached.thread-7" [_thread_blocked, id=30983, stack(0x000070000ef10000,0x000070000f010000)]
  0x00007f87068f8800 JavaThread "hz.ice-cluster-hazelcast.cached.thread-6" [_thread_blocked, id=26379, stack(0x000070000ee0d000,0x000070000ef0d000)]
  0x00007f8706e1e800 JavaThread "hz.ice-cluster-hazelcast.cached.thread-5" [_thread_blocked, id=25883, stack(0x000070000e3ef000,0x000070000e4ef000)]
  0x00007f8706cfe000 JavaThread "hz.ice-cluster-hazelcast.cached.thread-4" [_thread_blocked, id=30475, stack(0x000070000e2ec000,0x000070000e3ec000)]
  0x00007f8706e07800 JavaThread "RMI TCP Connection(5)-192.168.10.143" daemon [_thread_in_native, id=24839, stack(0x000070000e0e6000,0x000070000e1e6000)]
  0x00007f8707001800 JavaThread "RMI TCP Connection(idle)" daemon [_thread_blocked, id=24335, stack(0x000070000dfe3000,0x000070000e0e3000)]
  0x00007f8706a5c000 JavaThread "DestroyJavaVM" [_thread_blocked, id=3587, stack(0x000070000c715000,0x000070000c815000)]
  0x00007f8706e1d000 JavaThread "http-nio-8080-AsyncTimeout" daemon [_thread_blocked, id=61699, stack(0x0000700012bc4000,0x0000700012cc4000)]
  0x00007f8706e16800 JavaThread "http-nio-8080-Acceptor-0" daemon [_thread_in_native, id=61187, stack(0x0000700012ac1000,0x0000700012bc1000)]
  0x00007f8706e11800 JavaThread "http-nio-8080-ClientPoller-1" daemon [_thread_in_native, id=60675, stack(0x00007000129be000,0x0000700012abe000)]
  0x00007f8706e0b000 JavaThread "http-nio-8080-ClientPoller-0" daemon [_thread_in_native, id=60163, stack(0x00007000128bb000,0x00007000129bb000)]
  0x00007f87063d5000 JavaThread "http-nio-8080-exec-10" daemon [_thread_blocked, id=59651, stack(0x00007000127b8000,0x00007000128b8000)]
  0x00007f87063d4000 JavaThread "http-nio-8080-exec-9" daemon [_thread_blocked, id=59139, stack(0x00007000126b5000,0x00007000127b5000)]
  0x00007f8706e0a800 JavaThread "http-nio-8080-exec-8" daemon [_thread_blocked, id=58627, stack(0x00007000125b2000,0x00007000126b2000)]
  0x00007f87067f5800 JavaThread "http-nio-8080-exec-7" daemon [_thread_blocked, id=58115, stack(0x00007000124af000,0x00007000125af000)]
  0x00007f8707cf7800 JavaThread "http-nio-8080-exec-6" daemon [_thread_blocked, id=57603, stack(0x00007000123ac000,0x00007000124ac000)]
  0x00007f87067f4800 JavaThread "http-nio-8080-exec-5" daemon [_thread_blocked, id=57091, stack(0x00007000122a9000,0x00007000123a9000)]
  0x00007f8706ff7000 JavaThread "http-nio-8080-exec-4" daemon [_thread_blocked, id=56579, stack(0x00007000121a6000,0x00007000122a6000)]
  0x00007f8707c45800 JavaThread "http-nio-8080-exec-3" daemon [_thread_blocked, id=56067, stack(0x00007000120a3000,0x00007000121a3000)]
  0x00007f87063db000 JavaThread "http-nio-8080-exec-2" daemon [_thread_blocked, id=55555, stack(0x0000700011fa0000,0x00007000120a0000)]
=>0x00007f870763b000 JavaThread "http-nio-8080-exec-1" daemon [_thread_in_Java, id=55043, stack(0x0000700011e9d000,0x0000700011f9d000)]
  0x00007f8706e0e800 JavaThread "NioBlockingSelector.BlockPoller-1" daemon [_thread_in_native, id=54531, stack(0x0000700011d9a000,0x0000700011e9a000)]
  0x00007f87067e7000 JavaThread "Live Reload Server" daemon [_thread_in_native, id=54023, stack(0x0000700011c97000,0x0000700011d97000)]
  0x00007f8707610000 JavaThread "File Watcher" daemon [_thread_in_native, id=53515, stack(0x0000700011b94000,0x0000700011c94000)]
  0x00007f8706188000 JavaThread "Hibernate Search sync consumer thread for index net.ion.ice.core.node.Node" daemon [_thread_blocked, id=52995, stack(0x0000700011a91000,0x0000700011b91000)]
  0x00007f8707cd7800 JavaThread "Hibernate Search sync consumer thread for index net.ion.ice.core.node.Node" daemon [_thread_blocked, id=52483, stack(0x000070001198e000,0x0000700011a8e000)]
  0x00007f87077b9000 JavaThread "Hibernate Search sync consumer thread for index net.ion.ice.core.node.Node" daemon [_thread_blocked, id=51971, stack(0x000070001188b000,0x000070001198b000)]
  0x00007f87077b1800 JavaThread "Hibernate Search sync consumer thread for index net.ion.ice.core.node.Node" daemon [_thread_blocked, id=51459, stack(0x0000700011788000,0x0000700011888000)]
  0x00007f8706d29000 JavaThread "Hibernate Search sync consumer thread for index net.ion.ice.core.node.Node" daemon [_thread_blocked, id=50947, stack(0x0000700011685000,0x0000700011785000)]
  0x00007f8707c4f800 JavaThread "Hibernate Search sync consumer thread for index net.ion.ice.core.node.Node" daemon [_thread_blocked, id=50435, stack(0x0000700011582000,0x0000700011682000)]
  0x00007f870743c800 JavaThread "Thread-31" [_thread_blocked, id=49923, stack(0x000070001147f000,0x000070001157f000)]
  0x00007f8706258800 JavaThread "Thread-30" [_thread_blocked, id=49411, stack(0x000070001137c000,0x000070001147c000)]
  0x00007f87064c1000 JavaThread "Thread-29" [_thread_blocked, id=48903, stack(0x0000700011279000,0x0000700011379000)]
  0x00007f870743f800 JavaThread "expiration-thread--p3-t1" daemon [_thread_blocked, id=48391, stack(0x0000700011176000,0x0000700011276000)]
  0x00007f870902f000 JavaThread "Hibernate Search sync consumer thread for index net.ion.ice.core.node.Node" daemon [_thread_blocked, id=47879, stack(0x0000700011073000,0x0000700011173000)]
  0x00007f8706d95800 JavaThread "hz.ice-cluster-hazelcast.HealthMonitor" daemon [_thread_blocked, id=47371, stack(0x0000700010f70000,0x0000700011070000)]
  0x00007f870752e000 JavaThread "hz.ice-cluster-hazelcast.cached.thread-3" [_thread_blocked, id=46851, stack(0x0000700010e6d000,0x0000700010f6d000)]
  0x00007f8707374800 JavaThread "hz.ice-cluster-hazelcast.IO.thread-Acceptor" [_thread_in_native, id=46339, stack(0x0000700010d6a000,0x0000700010e6a000)]
  0x00007f8707c87000 JavaThread "hz.ice-cluster-hazelcast.IOBalancerThread" [_thread_blocked, id=45827, stack(0x0000700010c67000,0x0000700010d67000)]
  0x00007f870692e800 JavaThread "hz.ice-cluster-hazelcast.IO.thread-out-2" [_thread_in_native, id=45315, stack(0x0000700010b64000,0x0000700010c64000)]
  0x00007f87061cc000 JavaThread "hz.ice-cluster-hazelcast.IO.thread-out-1" [_thread_in_native, id=44803, stack(0x0000700010a61000,0x0000700010b61000)]
  0x00007f8707532000 JavaThread "hz.ice-cluster-hazelcast.IO.thread-out-0" [_thread_in_native, id=44291, stack(0x000070001095e000,0x0000700010a5e000)]
  0x00007f8707c7e000 JavaThread "hz.ice-cluster-hazelcast.IO.thread-in-2" [_thread_in_native, id=43779, stack(0x000070001085b000,0x000070001095b000)]
  0x00007f8707c7d800 JavaThread "hz.ice-cluster-hazelcast.IO.thread-in-1" [_thread_in_native, id=43267, stack(0x0000700010758000,0x0000700010858000)]
  0x00007f8707e35000 JavaThread "hz.ice-cluster-hazelcast.IO.thread-in-0" [_thread_in_native, id=42755, stack(0x0000700010655000,0x0000700010755000)]
  0x00007f8707c6e000 JavaThread "hz.ice-cluster-hazelcast.cached.thread-2" [_thread_blocked, id=42243, stack(0x0000700010552000,0x0000700010652000)]
  0x00007f87068ed800 JavaThread "hz.ice-cluster-hazelcast.SlowOperationDetectorThread" [_thread_blocked, id=41731, stack(0x000070001044f000,0x000070001054f000)]
  0x00007f8707c6d800 JavaThread "hz.ice-cluster-hazelcast.response" [_thread_blocked, id=41219, stack(0x000070001034c000,0x000070001044c000)]
  0x00007f870637b000 JavaThread "hz.ice-cluster-hazelcast.generic-operation.thread-1" [_thread_blocked, id=40707, stack(0x0000700010249000,0x0000700010349000)]
  0x00007f8707c9e000 JavaThread "hz.ice-cluster-hazelcast.generic-operation.thread-0" [_thread_blocked, id=40195, stack(0x0000700010146000,0x0000700010246000)]
  0x00007f8707eee000 JavaThread "hz.ice-cluster-hazelcast.priority-generic-operation.thread-0" [_thread_blocked, id=39683, stack(0x0000700010043000,0x0000700010143000)]
  0x00007f870637a800 JavaThread "hz.ice-cluster-hazelcast.partition-operation.thread-3" [_thread_blocked, id=39171, stack(0x000070000ff40000,0x0000700010040000)]
  0x00007f87064a4000 JavaThread "hz.ice-cluster-hazelcast.partition-operation.thread-2" [_thread_blocked, id=38659, stack(0x000070000fe3d000,0x000070000ff3d000)]
  0x00007f87064a3000 JavaThread "hz.ice-cluster-hazelcast.partition-operation.thread-1" [_thread_blocked, id=38147, stack(0x000070000fd3a000,0x000070000fe3a000)]
  0x00007f8707cea800 JavaThread "hz.ice-cluster-hazelcast.partition-operation.thread-0" [_thread_blocked, id=37635, stack(0x000070000fc37000,0x000070000fd37000)]
  0x00007f8706275000 JavaThread "hz.ice-cluster-hazelcast.InvocationMonitorThread" [_thread_blocked, id=37123, stack(0x000070000fb34000,0x000070000fc34000)]
  0x00007f8707237000 JavaThread "hz.ice-cluster-hazelcast.cached.thread-1" [_thread_blocked, id=36611, stack(0x000070000fa31000,0x000070000fb31000)]
  0x00007f8707351000 JavaThread "hz.ice-cluster-hazelcast.migration" [_thread_blocked, id=36099, stack(0x000070000f92e000,0x000070000fa2e000)]
  0x00007f8706a07800 JavaThread "MetricsRegistry-thread-2" [_thread_blocked, id=35587, stack(0x000070000f82b000,0x000070000f92b000)]
  0x00007f87062bc000 JavaThread "MetricsRegistry-thread-1" [_thread_blocked, id=35079, stack(0x000070000f728000,0x000070000f828000)]
  0x00007f870720a800 JavaThread "hz.ice-cluster-hazelcast.operation-parker" [_thread_blocked, id=34563, stack(0x000070000f625000,0x000070000f725000)]
  0x00007f870758a000 JavaThread "hz.ice-cluster-hazelcast.event-5" [_thread_blocked, id=34051, stack(0x000070000f522000,0x000070000f622000)]
  0x00007f870692a000 JavaThread "hz.ice-cluster-hazelcast.event-4" [_thread_blocked, id=33539, stack(0x000070000f41f000,0x000070000f51f000)]
  0x00007f8707e74800 JavaThread "hz.ice-cluster-hazelcast.event-3" [_thread_blocked, id=33027, stack(0x000070000f31c000,0x000070000f41c000)]
  0x00007f8706929000 JavaThread "hz.ice-cluster-hazelcast.event-2" [_thread_blocked, id=32515, stack(0x000070000f219000,0x000070000f319000)]
  0x00007f87068f8000 JavaThread "hz.ice-cluster-hazelcast.event-1" [_thread_blocked, id=32003, stack(0x000070000f116000,0x000070000f216000)]
  0x00007f8709080800 JavaThread "hz.ice-cluster-hazelcast.scheduled.thread-" [_thread_blocked, id=31495, stack(0x000070000f013000,0x000070000f113000)]
  0x00007f870758f000 JavaThread "container-0" [_thread_blocked, id=5895, stack(0x000070000ed0a000,0x000070000ee0a000)]
  0x00007f870909b000 JavaThread "ContainerBackgroundProcessor[StandardEngine[Tomcat]]" daemon [_thread_blocked, id=6667, stack(0x000070000ec07000,0x000070000ed07000)]
  0x00007f8706d1f000 JavaThread "Attach Listener" daemon [_thread_blocked, id=29955, stack(0x000070000eb04000,0x000070000ec04000)]
  0x00007f8706d2e000 JavaThread "type-pool-cache-evicter" daemon [_thread_blocked, id=29447, stack(0x000070000ea01000,0x000070000eb01000)]
  0x00007f87065bb000 JavaThread "stagemonitor-elasticsearch-reporter" daemon [_thread_blocked, id=28931, stack(0x000070000e8fe000,0x000070000e9fe000)]
  0x00007f8708936000 JavaThread "async-elasticsearch" daemon [_thread_blocked, id=27907, stack(0x000070000e6f8000,0x000070000e7f8000)]
  0x00007f87065bf000 JavaThread "elasticsearch-tasks" daemon [_thread_blocked, id=27395, stack(0x000070000e5f5000,0x000070000e6f5000)]
  0x00007f87065bd800 JavaThread "configuration-reloader" daemon [_thread_blocked, id=26887, stack(0x000070000e4f2000,0x000070000e5f2000)]
  0x00007f87062bb000 JavaThread "logback-appender-STASH-125.131.88.156:5000-2" daemon [_thread_in_native, id=25351, stack(0x000070000e1e9000,0x000070000e2e9000)]
  0x00007f8707c95000 JavaThread "RMI TCP Connection(idle)" daemon [_thread_blocked, id=23811, stack(0x000070000dee0000,0x000070000dfe0000)]
  0x00007f87072d5000 JavaThread "RMI Scheduler(0)" daemon [_thread_blocked, id=23299, stack(0x000070000dddd000,0x000070000dedd000)]
  0x00007f8707297000 JavaThread "RMI TCP Connection(idle)" daemon [_thread_blocked, id=22787, stack(0x000070000dcda000,0x000070000ddda000)]
  0x00007f8706921000 JavaThread "RMI TCP Accept-0" daemon [_thread_in_native, id=21763, stack(0x000070000dad4000,0x000070000dbd4000)]
  0x00007f87061d2800 JavaThread "RMI TCP Accept-52884" daemon [_thread_in_native, id=21251, stack(0x000070000d9d1000,0x000070000dad1000)]
  0x00007f87061d1800 JavaThread "RMI TCP Accept-0" daemon [_thread_in_native, id=20739, stack(0x000070000d8ce000,0x000070000d9ce000)]
  0x00007f8707b8d800 JavaThread "Service Thread" daemon [_thread_blocked, id=20227, stack(0x000070000d7cb000,0x000070000d8cb000)]
  0x00007f870723c000 JavaThread "C1 CompilerThread2" daemon [_thread_blocked, id=19715, stack(0x000070000d6c8000,0x000070000d7c8000)]
  0x00007f870723b000 JavaThread "C2 CompilerThread1" daemon [_thread_blocked, id=19203, stack(0x000070000d5c5000,0x000070000d6c5000)]
  0x00007f8706176000 JavaThread "C2 CompilerThread0" daemon [_thread_blocked, id=18691, stack(0x000070000d4c2000,0x000070000d5c2000)]
  0x00007f8706052800 JavaThread "JDWP Command Reader" daemon [_thread_in_native, id=18179, stack(0x000070000d3bf000,0x000070000d4bf000)]
  0x00007f8706826000 JavaThread "JDWP Event Helper Thread" daemon [_thread_blocked, id=17667, stack(0x000070000d2bc000,0x000070000d3bc000)]
  0x00007f8706825000 JavaThread "JDWP Transport Listener: dt_socket" daemon [_thread_blocked, id=17155, stack(0x000070000d1b9000,0x000070000d2b9000)]
  0x00007f870683d800 JavaThread "Signal Dispatcher" daemon [_thread_blocked, id=16643, stack(0x000070000d0b6000,0x000070000d1b6000)]
  0x00007f870601b800 JavaThread "Finalizer" daemon [_thread_blocked, id=12547, stack(0x000070000cfb3000,0x000070000d0b3000)]
  0x00007f870702b000 JavaThread "Reference Handler" daemon [_thread_blocked, id=12035, stack(0x000070000ceb0000,0x000070000cfb0000)]

Other Threads:
  0x00007f8707028800 VMThread [stack: 0x000070000cdad000,0x000070000cead000] [id=11523]
  0x00007f87061cb000 WatcherThread [stack: 0x000070000dbd7000,0x000070000dcd7000] [id=22275]

VM state:not at safepoint (normal execution)

VM Mutex/Monitor currently owned by a thread: None

Heap:
 PSYoungGen      total 977408K, used 749897K [0x000000076ab00000, 0x00000007a8080000, 0x00000007c0000000)
  eden space 950784K, 78% used [0x000000076ab00000,0x0000000798752520,0x00000007a4b80000)
  from space 26624K, 0% used [0x00000007a6680000,0x00000007a6680000,0x00000007a8080000)
  to   space 27136K, 0% used [0x00000007a4b80000,0x00000007a4b80000,0x00000007a6600000)
 ParOldGen       total 154112K, used 31683K [0x00000006c0000000, 0x00000006c9680000, 0x000000076ab00000)
  object space 154112K, 20% used [0x00000006c0000000,0x00000006c1ef0de8,0x00000006c9680000)
 Metaspace       used 69143K, capacity 70654K, committed 70912K, reserved 1110016K
  class space    used 9645K, capacity 9965K, committed 9984K, reserved 1048576K

Card table byte_map: [0x0000000104fc0000,0x00000001057c1000] byte_map_base: 0x00000001019c0000

Marking Bits: (ParMarkBitMap*) 0x0000000103aa3e20
 Begin Bits: [0x00000001198f2000, 0x000000011d8f2000)
 End Bits:   [0x000000011d8f2000, 0x00000001218f2000)

Polling page: 0x0000000104191000

CodeCache: size=245760Kb used=13453Kb max_used=13527Kb free=232306Kb
 bounds [0x000000010a8f2000, 0x000000010b632000, 0x00000001198f2000]
 total_blobs=7315 nmethods=6672 adapters=562
 compilation: enabled

Compilation events (10 events):
Event: 69.758 Thread 0x00007f870723c000 6810       1       com.github.benmanes.caffeine.cache.BoundedLocalCache$ValueIterator::next (18 bytes)
Event: 69.758 Thread 0x00007f870723c000 nmethod 6810 0x000000010b3b6850 code [0x000000010b3b69c0, 0x000000010b3b6b78]
Event: 69.758 Thread 0x00007f870723c000 6811       1       com.github.benmanes.caffeine.cache.BoundedLocalCache$EntryIterator::next (5 bytes)
Event: 69.758 Thread 0x00007f870723c000 nmethod 6811 0x000000010b3b6550 code [0x000000010b3b66c0, 0x000000010b3b67e8]
Event: 69.758 Thread 0x00007f870723c000 6808       1       java.util.AbstractMap$SimpleEntry::<init> (15 bytes)
Event: 69.758 Thread 0x00007f870723c000 nmethod 6808 0x000000010b3b6250 code [0x000000010b3b63a0, 0x000000010b3b64d0]
Event: 69.758 Thread 0x00007f870723c000 6813       1       com.github.benmanes.caffeine.cache.WriteThroughEntry::<init> (18 bytes)
Event: 69.758 Thread 0x00007f870723c000 nmethod 6813 0x000000010b3b5d50 code [0x000000010b3b5ec0, 0x000000010b3b60e8]
Event: 72.141 Thread 0x00007f870723c000 6814  s    1       org.apache.tomcat.util.collections.SynchronizedQueue::poll (61 bytes)
Event: 72.141 Thread 0x00007f870723c000 nmethod 6814 0x000000010b4c4390 code [0x000000010b4c4500, 0x000000010b4c4830]

GC Heap History (10 events):
Event: 4.823 GC heap before
{Heap before GC invocations=11 (full 1):
 PSYoungGen      total 466944K, used 30418K [0x000000076ab00000, 0x0000000794b80000, 0x00000007c0000000)
  eden space 451072K, 3% used [0x000000076ab00000,0x000000076b934e28,0x0000000786380000)
  from space 15872K, 99% used [0x0000000786380000,0x00000007872ffa88,0x0000000787300000)
  to   space 21504K, 0% used [0x0000000793680000,0x0000000793680000,0x0000000794b80000)
 ParOldGen       total 89600K, used 18110K [0x00000006c0000000, 0x00000006c5780000, 0x000000076ab00000)
  object space 89600K, 20% used [0x00000006c0000000,0x00000006c11af840,0x00000006c5780000)
 Metaspace       used 34824K, capacity 35342K, committed 35416K, reserved 1079296K
  class space    used 4676K, capacity 4833K, committed 4864K, reserved 1048576K
Event: 4.834 GC heap after
Heap after GC invocations=11 (full 1):
 PSYoungGen      total 667648K, used 5815K [0x000000076ab00000, 0x0000000796c80000, 0x00000007c0000000)
  eden space 646144K, 0% used [0x000000076ab00000,0x000000076ab00000,0x0000000792200000)
  from space 21504K, 27% used [0x0000000793680000,0x0000000793c2dd48,0x0000000794b80000)
  to   space 20992K, 0% used [0x0000000792200000,0x0000000792200000,0x0000000793680000)
 ParOldGen       total 89600K, used 28645K [0x00000006c0000000, 0x00000006c5780000, 0x000000076ab00000)
  object space 89600K, 31% used [0x00000006c0000000,0x00000006c1bf94d8,0x00000006c5780000)
 Metaspace       used 34824K, capacity 35342K, committed 35416K, reserved 1079296K
  class space    used 4676K, capacity 4833K, committed 4864K, reserved 1048576K
}
Event: 4.834 GC heap before
{Heap before GC invocations=12 (full 2):
 PSYoungGen      total 667648K, used 5815K [0x000000076ab00000, 0x0000000796c80000, 0x00000007c0000000)
  eden space 646144K, 0% used [0x000000076ab00000,0x000000076ab00000,0x0000000792200000)
  from space 21504K, 27% used [0x0000000793680000,0x0000000793c2dd48,0x0000000794b80000)
  to   space 20992K, 0% used [0x0000000792200000,0x0000000792200000,0x0000000793680000)
 ParOldGen       total 89600K, used 28645K [0x00000006c0000000, 0x00000006c5780000, 0x000000076ab00000)
  object space 89600K, 31% used [0x00000006c0000000,0x00000006c1bf94d8,0x00000006c5780000)
 Metaspace       used 34824K, capacity 35342K, committed 35416K, reserved 1079296K
  class space    used 4676K, capacity 4833K, committed 4864K, reserved 1048576K
Event: 4.887 GC heap after
Heap after GC invocations=12 (full 2):
 PSYoungGen      total 667648K, used 0K [0x000000076ab00000, 0x0000000796c80000, 0x00000007c0000000)
  eden space 646144K, 0% used [0x000000076ab00000,0x000000076ab00000,0x0000000792200000)
  from space 21504K, 0% used [0x0000000793680000,0x0000000793680000,0x0000000794b80000)
  to   space 20992K, 0% used [0x0000000792200000,0x0000000792200000,0x0000000793680000)
 ParOldGen       total 126976K, used 23441K [0x00000006c0000000, 0x00000006c7c00000, 0x000000076ab00000)
  object space 126976K, 18% used [0x00000006c0000000,0x00000006c16e4518,0x00000006c7c00000)
 Metaspace       used 34824K, capacity 35342K, committed 35416K, reserved 1079296K
  class space    used 4676K, capacity 4833K, committed 4864K, reserved 1048576K
}
Event: 9.078 GC heap before
{Heap before GC invocations=13 (full 2):
 PSYoungGen      total 667648K, used 646144K [0x000000076ab00000, 0x0000000796c80000, 0x00000007c0000000)
  eden space 646144K, 100% used [0x000000076ab00000,0x0000000792200000,0x0000000792200000)
  from space 21504K, 0% used [0x0000000793680000,0x0000000793680000,0x0000000794b80000)
  to   space 20992K, 0% used [0x0000000792200000,0x0000000792200000,0x0000000793680000)
 ParOldGen       total 126976K, used 23441K [0x00000006c0000000, 0x00000006c7c00000, 0x000000076ab00000)
  object space 126976K, 18% used [0x00000006c0000000,0x00000006c16e4518,0x00000006c7c00000)
 Metaspace       used 56729K, capacity 57496K, committed 57728K, reserved 1099776K
  class space    used 8016K, capacity 8234K, committed 8320K, reserved 1048576K
Event: 9.101 GC heap after
Heap after GC invocations=13 (full 2):
 PSYoungGen      total 667136K, used 20981K [0x000000076ab00000, 0x00000007a8080000, 0x00000007c0000000)
  eden space 646144K, 0% used [0x000000076ab00000,0x000000076ab00000,0x0000000792200000)
  from space 20992K, 99% used [0x0000000792200000,0x000000079367d648,0x0000000793680000)
  to   space 26624K, 0% used [0x00000007a6680000,0x00000007a6680000,0x00000007a8080000)
 ParOldGen       total 126976K, used 30484K [0x00000006c0000000, 0x00000006c7c00000, 0x000000076ab00000)
  object space 126976K, 24% used [0x00000006c0000000,0x00000006c1dc5070,0x00000006c7c00000)
 Metaspace       used 56729K, capacity 57496K, committed 57728K, reserved 1099776K
  class space    used 8016K, capacity 8234K, committed 8320K, reserved 1048576K
}
Event: 9.244 GC heap before
{Heap before GC invocations=14 (full 2):
 PSYoungGen      total 667136K, used 71671K [0x000000076ab00000, 0x00000007a8080000, 0x00000007c0000000)
  eden space 646144K, 7% used [0x000000076ab00000,0x000000076dc80828,0x0000000792200000)
  from space 20992K, 99% used [0x0000000792200000,0x000000079367d648,0x0000000793680000)
  to   space 26624K, 0% used [0x00000007a6680000,0x00000007a6680000,0x00000007a8080000)
 ParOldGen       total 126976K, used 30484K [0x00000006c0000000, 0x00000006c7c00000, 0x000000076ab00000)
  object space 126976K, 24% used [0x00000006c0000000,0x00000006c1dc5070,0x00000006c7c00000)
 Metaspace       used 58123K, capacity 58966K, committed 59028K, reserved 1099776K
  class space    used 8206K, capacity 8437K, committed 8448K, reserved 1048576K
Event: 9.254 GC heap after
Heap after GC invocations=14 (full 2):
 PSYoungGen      total 977408K, used 1811K [0x000000076ab00000, 0x00000007a8080000, 0x00000007c0000000)
  eden space 950784K, 0% used [0x000000076ab00000,0x000000076ab00000,0x00000007a4b80000)
  from space 26624K, 6% used [0x00000007a6680000,0x00000007a6844ec8,0x00000007a8080000)
  to   space 27136K, 0% used [0x00000007a4b80000,0x00000007a4b80000,0x00000007a6600000)
 ParOldGen       total 126976K, used 38248K [0x00000006c0000000, 0x00000006c7c00000, 0x000000076ab00000)
  object space 126976K, 30% used [0x00000006c0000000,0x00000006c255a140,0x00000006c7c00000)
 Metaspace       used 58123K, capacity 58966K, committed 59028K, reserved 1099776K
  class space    used 8206K, capacity 8437K, committed 8448K, reserved 1048576K
}
Event: 9.254 GC heap before
{Heap before GC invocations=15 (full 3):
 PSYoungGen      total 977408K, used 1811K [0x000000076ab00000, 0x00000007a8080000, 0x00000007c0000000)
  eden space 950784K, 0% used [0x000000076ab00000,0x000000076ab00000,0x00000007a4b80000)
  from space 26624K, 6% used [0x00000007a6680000,0x00000007a6844ec8,0x00000007a8080000)
  to   space 27136K, 0% used [0x00000007a4b80000,0x00000007a4b80000,0x00000007a6600000)
 ParOldGen       total 126976K, used 38248K [0x00000006c0000000, 0x00000006c7c00000, 0x000000076ab00000)
  object space 126976K, 30% used [0x00000006c0000000,0x00000006c255a140,0x00000006c7c00000)
 Metaspace       used 58123K, capacity 58966K, committed 59028K, reserved 1099776K
  class space    used 8206K, capacity 8437K, committed 8448K, reserved 1048576K
Event: 9.416 GC heap after
Heap after GC invocations=15 (full 3):
 PSYoungGen      total 977408K, used 0K [0x000000076ab00000, 0x00000007a8080000, 0x00000007c0000000)
  eden space 950784K, 0% used [0x000000076ab00000,0x000000076ab00000,0x00000007a4b80000)
  from space 26624K, 0% used [0x00000007a6680000,0x00000007a6680000,0x00000007a8080000)
  to   space 27136K, 0% used [0x00000007a4b80000,0x00000007a4b80000,0x00000007a6600000)
 ParOldGen       total 154112K, used 31683K [0x00000006c0000000, 0x00000006c9680000, 0x000000076ab00000)
  object space 154112K, 20% used [0x00000006c0000000,0x00000006c1ef0de8,0x00000006c9680000)
 Metaspace       used 58123K, capacity 58966K, committed 59028K, reserved 1099776K
  class space    used 8206K, capacity 8437K, committed 8448K, reserved 1048576K
}

Deoptimization events (0 events):
No events

Internal exceptions (10 events):
Event: 72.632 Thread 0x00007f870763b000 Exception <a 'java/lang/ArrayIndexOutOfBoundsException': 37> (0x0000000797e05198) thrown at [/Users/java_re/workspace/8-2-build-macosx-x86_64/jdk8u60/4407/hotspot/src/share/vm/interpreter/interpreterRuntime.cpp, line 366]
Event: 72.633 Thread 0x00007f870763b000 Exception <a 'java/lang/ArrayIndexOutOfBoundsException': 92> (0x0000000797e07028) thrown at [/Users/java_re/workspace/8-2-build-macosx-x86_64/jdk8u60/4407/hotspot/src/share/vm/interpreter/interpreterRuntime.cpp, line 366]
Event: 72.635 Thread 0x00007f870763b000 Exception <a 'java/lang/ArrayIndexOutOfBoundsException': 44> (0x0000000797e0c740) thrown at [/Users/java_re/workspace/8-2-build-macosx-x86_64/jdk8u60/4407/hotspot/src/share/vm/interpreter/interpreterRuntime.cpp, line 366]
Event: 72.636 Thread 0x00007f870763b000 Exception <a 'java/lang/ArrayIndexOutOfBoundsException': 78> (0x0000000797e0e2b8) thrown at [/Users/java_re/workspace/8-2-build-macosx-x86_64/jdk8u60/4407/hotspot/src/share/vm/interpreter/interpreterRuntime.cpp, line 366]
Event: 72.636 Thread 0x00007f870763b000 Exception <a 'java/lang/ArrayIndexOutOfBoundsException': 40> (0x0000000797e0fa30) thrown at [/Users/java_re/workspace/8-2-build-macosx-x86_64/jdk8u60/4407/hotspot/src/share/vm/interpreter/interpreterRuntime.cpp, line 366]
Event: 72.636 Thread 0x00007f870763b000 Exception <a 'java/lang/ArrayIndexOutOfBoundsException': 74> (0x0000000797e112b8) thrown at [/Users/java_re/workspace/8-2-build-macosx-x86_64/jdk8u60/4407/hotspot/src/share/vm/interpreter/interpreterRuntime.cpp, line 366]
Event: 72.637 Thread 0x00007f870763b000 Exception <a 'java/lang/ArrayIndexOutOfBoundsException': 37> (0x0000000797e125b8) thrown at [/Users/java_re/workspace/8-2-build-macosx-x86_64/jdk8u60/4407/hotspot/src/share/vm/interpreter/interpreterRuntime.cpp, line 366]
Event: 72.637 Thread 0x00007f870763b000 Exception <a 'java/lang/ArrayIndexOutOfBoundsException': 92> (0x0000000797e14378) thrown at [/Users/java_re/workspace/8-2-build-macosx-x86_64/jdk8u60/4407/hotspot/src/share/vm/interpreter/interpreterRuntime.cpp, line 366]
Event: 74.545 Thread 0x00007f87062bb000 Exception <a 'java/net/SocketTimeoutException': connect timed out> (0x0000000784a77588) thrown at [/Users/java_re/workspace/8-2-build-macosx-x86_64/jdk8u60/4407/hotspot/src/share/vm/prims/jni.cpp, line 735]
Event: 79.608 Thread 0x00007f87062bb000 Exception <a 'java/net/SocketTimeoutException': connect timed out> (0x0000000784a78288) thrown at [/Users/java_re/workspace/8-2-build-macosx-x86_64/jdk8u60/4407/hotspot/src/share/vm/prims/jni.cpp, line 735]

Events (10 events):
Event: 79.605 Executing VM operation: EnterInterpOnlyMode
Event: 79.606 Executing nested VM operation: Deoptimize
Event: 79.606 Executing nested VM operation: Deoptimize done
Event: 79.606 Executing VM operation: EnterInterpOnlyMode done
Event: 79.607 Executing VM operation: GetCurrentLocation
Event: 79.607 Executing VM operation: GetCurrentLocation done
Event: 79.607 Executing VM operation: ChangeSingleStep
Event: 79.607 Executing VM operation: ChangeSingleStep done
Event: 79.608 Executing VM operation: ChangeSingleStep
Event: 79.609 Executing VM operation: ChangeSingleStep done


Dynamic libraries:
0x000000000e18c000 	/System/Library/Frameworks/Cocoa.framework/Versions/A/Cocoa
0x000000000e18c000 	/System/Library/Frameworks/Security.framework/Versions/A/Security
0x000000000e18c000 	/System/Library/Frameworks/ApplicationServices.framework/Versions/A/ApplicationServices
0x000000000e18c000 	/usr/lib/libz.1.dylib
0x000000000e18c000 	/usr/lib/libSystem.B.dylib
0x000000000e18c000 	/usr/lib/libobjc.A.dylib
0x000000000e18c000 	/System/Library/Frameworks/CoreFoundation.framework/Versions/A/CoreFoundation
0x000000000e18c000 	/System/Library/Frameworks/Foundation.framework/Versions/C/Foundation
0x000000000e18c000 	/System/Library/Frameworks/AppKit.framework/Versions/C/AppKit
0x000000000e18c000 	/System/Library/Frameworks/CoreData.framework/Versions/A/CoreData
0x000000000e18c000 	/System/Library/PrivateFrameworks/RemoteViewServices.framework/Versions/A/RemoteViewServices
0x000000000e18c000 	/System/Library/PrivateFrameworks/UIFoundation.framework/Versions/A/UIFoundation
0x000000000e18c000 	/System/Library/PrivateFrameworks/DFRFoundation.framework/Versions/A/DFRFoundation
0x000000000e18c000 	/usr/lib/libenergytrace.dylib
0x000000000e18c000 	/System/Library/PrivateFrameworks/SkyLight.framework/Versions/A/SkyLight
0x000000000e18c000 	/System/Library/Frameworks/CoreGraphics.framework/Versions/A/CoreGraphics
0x000000000e18c000 	/usr/lib/libScreenReader.dylib
0x000000000e18c000 	/System/Library/Frameworks/Accelerate.framework/Versions/A/Accelerate
0x000000000e18c000 	/System/Library/Frameworks/IOSurface.framework/Versions/A/IOSurface
0x000000000e18c000 	/System/Library/Frameworks/AudioToolbox.framework/Versions/A/AudioToolbox
0x000000000e18c000 	/System/Library/Frameworks/AudioUnit.framework/Versions/A/AudioUnit
0x000000000e18c000 	/System/Library/PrivateFrameworks/DataDetectorsCore.framework/Versions/A/DataDetectorsCore
0x000000000e18c000 	/System/Library/PrivateFrameworks/DesktopServicesPriv.framework/Versions/A/DesktopServicesPriv
0x000000000e18c000 	/System/Library/Frameworks/Carbon.framework/Versions/A/Frameworks/HIToolbox.framework/Versions/A/HIToolbox
0x000000000e18c000 	/usr/lib/libicucore.A.dylib
0x000000000e18c000 	/System/Library/Frameworks/QuartzCore.framework/Versions/A/QuartzCore
0x000000000e18c000 	/System/Library/Frameworks/Carbon.framework/Versions/A/Frameworks/SpeechRecognition.framework/Versions/A/SpeechRecognition
0x000000000e18c000 	/usr/lib/libauto.dylib
0x000000000e18c000 	/usr/lib/libxml2.2.dylib
0x000000000e18c000 	/System/Library/PrivateFrameworks/CoreUI.framework/Versions/A/CoreUI
0x000000000e18c000 	/System/Library/Frameworks/CoreAudio.framework/Versions/A/CoreAudio
0x000000000e18c000 	/System/Library/Frameworks/DiskArbitration.framework/Versions/A/DiskArbitration
0x000000000e18c000 	/usr/lib/liblangid.dylib
0x000000000e18c000 	/System/Library/PrivateFrameworks/MultitouchSupport.framework/Versions/A/MultitouchSupport
0x000000000e18c000 	/System/Library/Frameworks/IOKit.framework/Versions/A/IOKit
0x000000000e18c000 	/usr/lib/libDiagnosticMessagesClient.dylib
0x000000000e18c000 	/System/Library/Frameworks/CoreServices.framework/Versions/A/CoreServices
0x000000000e18c000 	/System/Library/PrivateFrameworks/PerformanceAnalysis.framework/Versions/A/PerformanceAnalysis
0x000000000e18c000 	/System/Library/PrivateFrameworks/GenerationalStorage.framework/Versions/A/GenerationalStorage
0x000000000e18c000 	/System/Library/Frameworks/OpenGL.framework/Versions/A/OpenGL
0x000000000e18c000 	/System/Library/Frameworks/CoreImage.framework/Versions/A/CoreImage
0x000000000e18c000 	/System/Library/Frameworks/CoreText.framework/Versions/A/CoreText
0x000000000e18c000 	/System/Library/Frameworks/ImageIO.framework/Versions/A/ImageIO
0x000000000e18c000 	/System/Library/PrivateFrameworks/Backup.framework/Versions/A/Backup
0x000000000e18c000 	/usr/lib/libarchive.2.dylib
0x000000000e18c000 	/System/Library/Frameworks/CFNetwork.framework/Versions/A/CFNetwork
0x000000000e18c000 	/System/Library/Frameworks/SystemConfiguration.framework/Versions/A/SystemConfiguration
0x000000000e18c000 	/usr/lib/libCRFSuite.dylib
0x000000000e18c000 	/usr/lib/libc++.1.dylib
0x000000000e18c000 	/usr/lib/libc++abi.dylib
0x000000000e18c000 	/usr/lib/system/libcache.dylib
0x000000000e18c000 	/usr/lib/system/libcommonCrypto.dylib
0x000000000e18c000 	/usr/lib/system/libcompiler_rt.dylib
0x000000000e18c000 	/usr/lib/system/libcopyfile.dylib
0x000000000e18c000 	/usr/lib/system/libcorecrypto.dylib
0x000000000e18c000 	/usr/lib/system/libdispatch.dylib
0x000000000e18c000 	/usr/lib/system/libdyld.dylib
0x000000000e18c000 	/usr/lib/system/libkeymgr.dylib
0x000000000e18c000 	/usr/lib/system/liblaunch.dylib
0x000000000e18c000 	/usr/lib/system/libmacho.dylib
0x000000000e18c000 	/usr/lib/system/libquarantine.dylib
0x000000000e18c000 	/usr/lib/system/libremovefile.dylib
0x000000000e18c000 	/usr/lib/system/libsystem_asl.dylib
0x000000000e18c000 	/usr/lib/system/libsystem_blocks.dylib
0x000000000e18c000 	/usr/lib/system/libsystem_c.dylib
0x000000000e18c000 	/usr/lib/system/libsystem_configuration.dylib
0x000000000e18c000 	/usr/lib/system/libsystem_coreservices.dylib
0x000000000e18c000 	/usr/lib/system/libsystem_coretls.dylib
0x000000000e18c000 	/usr/lib/system/libsystem_dnssd.dylib
0x000000000e18c000 	/usr/lib/system/libsystem_info.dylib
0x000000000e18c000 	/usr/lib/system/libsystem_kernel.dylib
0x000000000e18c000 	/usr/lib/system/libsystem_m.dylib
0x000000000e18c000 	/usr/lib/system/libsystem_malloc.dylib
0x000000000e18c000 	/usr/lib/system/libsystem_network.dylib
0x000000000e18c000 	/usr/lib/system/libsystem_networkextension.dylib
0x000000000e18c000 	/usr/lib/system/libsystem_notify.dylib
0x000000000e18c000 	/usr/lib/system/libsystem_platform.dylib
0x000000000e18c000 	/usr/lib/system/libsystem_pthread.dylib
0x000000000e18c000 	/usr/lib/system/libsystem_sandbox.dylib
0x000000000e18c000 	/usr/lib/system/libsystem_secinit.dylib
0x000000000e18c000 	/usr/lib/system/libsystem_symptoms.dylib
0x000000000e18c000 	/usr/lib/system/libsystem_trace.dylib
0x000000000e18c000 	/usr/lib/system/libunwind.dylib
0x000000000e18c000 	/usr/lib/system/libxpc.dylib
0x000000000e18c000 	/usr/lib/libbsm.0.dylib
0x000000000e18c000 	/usr/lib/system/libkxld.dylib
0x000000000e18c000 	/usr/lib/libcoretls.dylib
0x000000000e18c000 	/usr/lib/libcoretls_cfhelpers.dylib
0x000000000e18c000 	/usr/lib/libOpenScriptingUtil.dylib
0x000000000e18c000 	/usr/lib/libpam.2.dylib
0x000000000e18c000 	/usr/lib/libsqlite3.dylib
0x000000000e18c000 	/usr/lib/libxar.1.dylib
0x000000000e18c000 	/usr/lib/libbz2.1.0.dylib
0x000000000e18c000 	/usr/lib/liblzma.5.dylib
0x000000000e18c000 	/usr/lib/libnetwork.dylib
0x000000000e18c000 	/usr/lib/libpcap.A.dylib
0x000000000e18c000 	/System/Library/Frameworks/CoreServices.framework/Versions/A/Frameworks/FSEvents.framework/Versions/A/FSEvents
0x000000000e18c000 	/System/Library/Frameworks/CoreServices.framework/Versions/A/Frameworks/CarbonCore.framework/Versions/A/CarbonCore
0x000000000e18c000 	/System/Library/Frameworks/CoreServices.framework/Versions/A/Frameworks/Metadata.framework/Versions/A/Metadata
0x000000000e18c000 	/System/Library/Frameworks/CoreServices.framework/Versions/A/Frameworks/OSServices.framework/Versions/A/OSServices
0x000000000e18c000 	/System/Library/Frameworks/CoreServices.framework/Versions/A/Frameworks/SearchKit.framework/Versions/A/SearchKit
0x000000000e18c000 	/System/Library/Frameworks/CoreServices.framework/Versions/A/Frameworks/AE.framework/Versions/A/AE
0x000000000e18c000 	/System/Library/Frameworks/CoreServices.framework/Versions/A/Frameworks/LaunchServices.framework/Versions/A/LaunchServices
0x000000000e18c000 	/System/Library/Frameworks/CoreServices.framework/Versions/A/Frameworks/DictionaryServices.framework/Versions/A/DictionaryServices
0x000000000e18c000 	/System/Library/Frameworks/CoreServices.framework/Versions/A/Frameworks/SharedFileList.framework/Versions/A/SharedFileList
0x000000000e18c000 	/System/Library/Frameworks/NetFS.framework/Versions/A/NetFS
0x000000000e18c000 	/System/Library/PrivateFrameworks/NetAuth.framework/Versions/A/NetAuth
0x000000000e18c000 	/System/Library/PrivateFrameworks/login.framework/Versions/A/Frameworks/loginsupport.framework/Versions/A/loginsupport
0x000000000e18c000 	/System/Library/PrivateFrameworks/TCC.framework/Versions/A/TCC
0x000000000e18c000 	/usr/lib/libmecabra.dylib
0x000000000e18c000 	/System/Library/Frameworks/ApplicationServices.framework/Versions/A/Frameworks/ATS.framework/Versions/A/ATS
0x000000000e18c000 	/System/Library/Frameworks/ApplicationServices.framework/Versions/A/Frameworks/ColorSync.framework/Versions/A/ColorSync
0x000000000e18c000 	/System/Library/Frameworks/ApplicationServices.framework/Versions/A/Frameworks/HIServices.framework/Versions/A/HIServices
0x000000000e18c000 	/System/Library/Frameworks/ApplicationServices.framework/Versions/A/Frameworks/LangAnalysis.framework/Versions/A/LangAnalysis
0x000000000e18c000 	/System/Library/Frameworks/ApplicationServices.framework/Versions/A/Frameworks/PrintCore.framework/Versions/A/PrintCore
0x000000000e18c000 	/System/Library/Frameworks/ApplicationServices.framework/Versions/A/Frameworks/QD.framework/Versions/A/QD
0x000000000e18c000 	/System/Library/Frameworks/ApplicationServices.framework/Versions/A/Frameworks/SpeechSynthesis.framework/Versions/A/SpeechSynthesis
0x000000000e18c000 	/System/Library/Frameworks/Accelerate.framework/Versions/A/Frameworks/vImage.framework/Versions/A/vImage
0x000000000e18c000 	/System/Library/Frameworks/Accelerate.framework/Versions/A/Frameworks/vecLib.framework/Versions/A/vecLib
0x000000000e18c000 	/System/Library/Frameworks/Accelerate.framework/Versions/A/Frameworks/vecLib.framework/Versions/A/libvDSP.dylib
0x000000000e18c000 	/System/Library/Frameworks/Accelerate.framework/Versions/A/Frameworks/vecLib.framework/Versions/A/libBNNS.dylib
0x000000000e18c000 	/System/Library/Frameworks/Accelerate.framework/Versions/A/Frameworks/vecLib.framework/Versions/A/libQuadrature.dylib
0x000000000e18c000 	/System/Library/Frameworks/Accelerate.framework/Versions/A/Frameworks/vecLib.framework/Versions/A/libvMisc.dylib
0x000000000e18c000 	/System/Library/Frameworks/Accelerate.framework/Versions/A/Frameworks/vecLib.framework/Versions/A/libLAPACK.dylib
0x000000000e18c000 	/System/Library/Frameworks/Accelerate.framework/Versions/A/Frameworks/vecLib.framework/Versions/A/libBLAS.dylib
0x000000000e18c000 	/System/Library/Frameworks/Accelerate.framework/Versions/A/Frameworks/vecLib.framework/Versions/A/libLinearAlgebra.dylib
0x000000000e18c000 	/System/Library/Frameworks/Accelerate.framework/Versions/A/Frameworks/vecLib.framework/Versions/A/libSparseBLAS.dylib
0x000000000e18c000 	/System/Library/Frameworks/ApplicationServices.framework/Versions/A/Frameworks/ATS.framework/Versions/A/Resources/libFontParser.dylib
0x000000000e18c000 	/System/Library/Frameworks/ApplicationServices.framework/Versions/A/Frameworks/ATS.framework/Versions/A/Resources/libFontRegistry.dylib
0x000000000e18c000 	/System/Library/Frameworks/ImageIO.framework/Versions/A/Resources/libJPEG.dylib
0x000000000e18c000 	/System/Library/Frameworks/ImageIO.framework/Versions/A/Resources/libTIFF.dylib
0x000000000e18c000 	/System/Library/Frameworks/ImageIO.framework/Versions/A/Resources/libPng.dylib
0x000000000e18c000 	/System/Library/Frameworks/ImageIO.framework/Versions/A/Resources/libGIF.dylib
0x000000000e18c000 	/System/Library/Frameworks/ImageIO.framework/Versions/A/Resources/libJP2.dylib
0x000000000e18c000 	/System/Library/Frameworks/ImageIO.framework/Versions/A/Resources/libRadiance.dylib
0x000000000e18c000 	/usr/lib/libcompression.dylib
0x000000000e18c000 	/System/Library/PrivateFrameworks/AppleJPEG.framework/Versions/A/AppleJPEG
0x000000000e18c000 	/usr/lib/libcups.2.dylib
0x000000000e18c000 	/System/Library/Frameworks/Kerberos.framework/Versions/A/Kerberos
0x000000000e18c000 	/System/Library/Frameworks/GSS.framework/Versions/A/GSS
0x000000000e18c000 	/usr/lib/libresolv.9.dylib
0x000000000e18c000 	/usr/lib/libiconv.2.dylib
0x000000000e18c000 	/System/Library/PrivateFrameworks/Heimdal.framework/Versions/A/Heimdal
0x000000000e18c000 	/usr/lib/libheimdal-asn1.dylib
0x000000000e18c000 	/System/Library/Frameworks/OpenDirectory.framework/Versions/A/OpenDirectory
0x000000000e18c000 	/System/Library/PrivateFrameworks/CommonAuth.framework/Versions/A/CommonAuth
0x000000000e18c000 	/System/Library/Frameworks/OpenDirectory.framework/Versions/A/Frameworks/CFOpenDirectory.framework/Versions/A/CFOpenDirectory
0x000000000e18c000 	/System/Library/Frameworks/SecurityFoundation.framework/Versions/A/SecurityFoundation
0x000000000e18c000 	/System/Library/PrivateFrameworks/LanguageModeling.framework/Versions/A/LanguageModeling
0x000000000e18c000 	/usr/lib/libmarisa.dylib
0x000000000e18c000 	/usr/lib/libChineseTokenizer.dylib
0x000000000e18c000 	/usr/lib/libcmph.dylib
0x000000000e18c000 	/System/Library/PrivateFrameworks/CoreEmoji.framework/Versions/A/CoreEmoji
0x000000000e18c000 	/System/Library/Frameworks/ServiceManagement.framework/Versions/A/ServiceManagement
0x000000000e18c000 	/usr/lib/libxslt.1.dylib
0x000000000e18c000 	/System/Library/Frameworks/Carbon.framework/Versions/A/Frameworks/Ink.framework/Versions/A/Ink
0x000000000e18c000 	/System/Library/PrivateFrameworks/TextureIO.framework/Versions/A/TextureIO
0x000000000e18c000 	/System/Library/Frameworks/Metal.framework/Versions/A/Metal
0x000000000e18c000 	/usr/lib/libate.dylib
0x000000000e18c000 	/System/Library/PrivateFrameworks/GPUCompiler.framework/libmetal_timestamp.dylib
0x000000000e18c000 	/System/Library/Frameworks/OpenGL.framework/Versions/A/Libraries/libCoreFSCache.dylib
0x000000000e18c000 	/System/Library/PrivateFrameworks/IOAccelerator.framework/Versions/A/IOAccelerator
0x000000000e18c000 	/System/Library/Frameworks/CoreVideo.framework/Versions/A/CoreVideo
0x000000000e18c000 	/usr/lib/libFosl_dynamic.dylib
0x000000000e18c000 	/System/Library/PrivateFrameworks/MetalPerformanceShaders.framework/Versions/A/MetalPerformanceShaders
0x000000000e18c000 	/System/Library/PrivateFrameworks/FaceCore.framework/Versions/A/FaceCore
0x000000000e18c000 	/System/Library/Frameworks/OpenCL.framework/Versions/A/OpenCL
0x000000000e18c000 	/System/Library/Frameworks/OpenGL.framework/Versions/A/Libraries/libGLU.dylib
0x000000000e18c000 	/System/Library/Frameworks/OpenGL.framework/Versions/A/Libraries/libGFXShared.dylib
0x000000000e18c000 	/System/Library/Frameworks/OpenGL.framework/Versions/A/Libraries/libGL.dylib
0x000000000e18c000 	/System/Library/Frameworks/OpenGL.framework/Versions/A/Libraries/libGLImage.dylib
0x000000000e18c000 	/System/Library/Frameworks/OpenGL.framework/Versions/A/Libraries/libCVMSPluginSupport.dylib
0x000000000e18c000 	/System/Library/Frameworks/OpenGL.framework/Versions/A/Libraries/libCoreVMClient.dylib
0x000000000e18c000 	/System/Library/PrivateFrameworks/CrashReporterSupport.framework/Versions/A/CrashReporterSupport
0x000000000e18c000 	/System/Library/PrivateFrameworks/Sharing.framework/Versions/A/Sharing
0x000000000e18c000 	/System/Library/PrivateFrameworks/IconServices.framework/Versions/A/IconServices
0x000000000e18c000 	/System/Library/PrivateFrameworks/ProtocolBuffer.framework/Versions/A/ProtocolBuffer
0x000000000e18c000 	/System/Library/PrivateFrameworks/Apple80211.framework/Versions/A/Apple80211
0x000000000e18c000 	/System/Library/Frameworks/CoreWLAN.framework/Versions/A/CoreWLAN
0x000000000e18c000 	/System/Library/PrivateFrameworks/CoreUtils.framework/Versions/A/CoreUtils
0x000000000e18c000 	/System/Library/Frameworks/IOBluetooth.framework/Versions/A/IOBluetooth
0x000000000e18c000 	/System/Library/PrivateFrameworks/CoreWiFi.framework/Versions/A/CoreWiFi
0x000000000e18c000 	/System/Library/Frameworks/CoreBluetooth.framework/Versions/A/CoreBluetooth
0x000000000e18c000 	/System/Library/Frameworks/CoreDisplay.framework/Versions/A/CoreDisplay
0x000000000e18c000 	/System/Library/PrivateFrameworks/IOPresentment.framework/Versions/A/IOPresentment
0x000000000e18c000 	/System/Library/PrivateFrameworks/DSExternalDisplay.framework/Versions/A/DSExternalDisplay
0x000000000e18c000 	/System/Library/PrivateFrameworks/DebugSymbols.framework/Versions/A/DebugSymbols
0x000000000e18c000 	/System/Library/PrivateFrameworks/CoreSymbolication.framework/Versions/A/CoreSymbolication
0x000000000e18c000 	/System/Library/PrivateFrameworks/Symbolication.framework/Versions/A/Symbolication
0x000000000e18c000 	/System/Library/PrivateFrameworks/AppleFSCompression.framework/Versions/A/AppleFSCompression
0x000000000e18c000 	/System/Library/PrivateFrameworks/SpeechRecognitionCore.framework/Versions/A/SpeechRecognitionCore
0x000000000e18c000 	/System/Library/PrivateFrameworks/ChunkingLibrary.framework/Versions/A/ChunkingLibrary
0x000000004866d000 	/System/Library/CoreServices/Encodings/libKoreanConverter.dylib
0x00000001031c5000 	/Library/Java/JavaVirtualMachines/jdk1.8.0_60.jdk/Contents/Home/jre/lib/server/libjvm.dylib
0x000000000e18c000 	/usr/lib/libstdc++.6.dylib
0x000000010414e000 	/Library/Java/JavaVirtualMachines/jdk1.8.0_60.jdk/Contents/Home/jre/lib/libverify.dylib
0x000000010415c000 	/Library/Java/JavaVirtualMachines/jdk1.8.0_60.jdk/Contents/Home/jre/lib/libjava.dylib
0x0000000104192000 	/Library/Java/JavaVirtualMachines/jdk1.8.0_60.jdk/Contents/Home/jre/lib/libjdwp.dylib
0x00000001041dd000 	/Library/Java/JavaVirtualMachines/jdk1.8.0_60.jdk/Contents/Home/jre/lib/libnpt.dylib
0x00000001041e1000 	/Library/Java/JavaVirtualMachines/jdk1.8.0_60.jdk/Contents/Home/jre/lib/libinstrument.dylib
0x000000010423f000 	/Library/Java/JavaVirtualMachines/jdk1.8.0_60.jdk/Contents/Home/jre/lib/libzip.dylib
0x0000000107e5b000 	/System/Library/Frameworks/JavaVM.framework/Frameworks/JavaRuntimeSupport.framework/JavaRuntimeSupport
0x0000000107e75000 	/System/Library/Frameworks/JavaVM.framework/Versions/A/Frameworks/JavaNativeFoundation.framework/Versions/A/JavaNativeFoundation
0x0000000107e8a000 	/System/Library/Frameworks/JavaVM.framework/Versions/A/JavaVM
0x000000000e18c000 	/System/Library/Frameworks/Carbon.framework/Versions/A/Carbon
0x0000000107e97000 	/System/Library/PrivateFrameworks/JavaLaunching.framework/Versions/A/JavaLaunching
0x000000000e18c000 	/System/Library/Frameworks/Carbon.framework/Versions/A/Frameworks/CommonPanels.framework/Versions/A/CommonPanels
0x000000000e18c000 	/System/Library/Frameworks/Carbon.framework/Versions/A/Frameworks/Help.framework/Versions/A/Help
0x000000000e18c000 	/System/Library/Frameworks/Carbon.framework/Versions/A/Frameworks/ImageCapture.framework/Versions/A/ImageCapture
0x000000000e18c000 	/System/Library/Frameworks/Carbon.framework/Versions/A/Frameworks/OpenScripting.framework/Versions/A/OpenScripting
0x000000000e18c000 	/System/Library/Frameworks/Carbon.framework/Versions/A/Frameworks/Print.framework/Versions/A/Print
0x000000000e18c000 	/System/Library/Frameworks/Carbon.framework/Versions/A/Frameworks/SecurityHI.framework/Versions/A/SecurityHI
0x00000001097a0000 	/Library/Java/JavaVirtualMachines/jdk1.8.0_60.jdk/Contents/Home/jre/lib/libdt_socket.dylib
0x0000000109e0b000 	/Library/Java/JavaVirtualMachines/jdk1.8.0_60.jdk/Contents/Home/jre/lib/libmanagement.dylib
0x0000000109e19000 	/Library/Java/JavaVirtualMachines/jdk1.8.0_60.jdk/Contents/Home/jre/lib/libnet.dylib
0x0000000109e78000 	/Library/Java/JavaVirtualMachines/jdk1.8.0_60.jdk/Contents/Home/jre/lib/libnio.dylib
0x000000010a79a000 	/Library/Java/JavaVirtualMachines/jdk1.8.0_60.jdk/Contents/Home/jre/lib/libattach.dylib

VM Arguments:
jvm_args: -agentlib:jdwp=transport=dt_socket,address=127.0.0.1:52885,suspend=y,server=n -XX:TieredStopAtLevel=1 -Xverify:none -Dspring.output.ansi.enabled=always -Dcom.sun.management.jmxremote -Dcom.sun.management.jmxremote.port=52884 -Dcom.sun.management.jmxremote.authenticate=false -Dcom.sun.management.jmxremote.ssl=false -Dspring.liveBeansView.mbeanDomain -Dspring.application.admin.enabled=true -javaagent:/Users/jjong/Library/Caches/IntelliJIdea2017.2/groovyHotSwap/gragent.jar -Dfile.encoding=UTF-8 
java_command: net.ion.ice.Ice2Application
java_class_path (initial): /Library/Java/JavaVirtualMachines/jdk1.8.0_60.jdk/Contents/Home/jre/lib/charsets.jar:/Library/Java/JavaVirtualMachines/jdk1.8.0_60.jdk/Contents/Home/jre/lib/deploy.jar:/Library/Java/JavaVirtualMachines/jdk1.8.0_60.jdk/Contents/Home/jre/lib/ext/cldrdata.jar:/Library/Java/JavaVirtualMachines/jdk1.8.0_60.jdk/Contents/Home/jre/lib/ext/dnsns.jar:/Library/Java/JavaVirtualMachines/jdk1.8.0_60.jdk/Contents/Home/jre/lib/ext/jaccess.jar:/Library/Java/JavaVirtualMachines/jdk1.8.0_60.jdk/Contents/Home/jre/lib/ext/jfxrt.jar:/Library/Java/JavaVirtualMachines/jdk1.8.0_60.jdk/Contents/Home/jre/lib/ext/localedata.jar:/Library/Java/JavaVirtualMachines/jdk1.8.0_60.jdk/Contents/Home/jre/lib/ext/nashorn.jar:/Library/Java/JavaVirtualMachines/jdk1.8.0_60.jdk/Contents/Home/jre/lib/ext/sunec.jar:/Library/Java/JavaVirtualMachines/jdk1.8.0_60.jdk/Contents/Home/jre/lib/ext/sunjce_provider.jar:/Library/Java/JavaVirtualMachines/jdk1.8.0_60.jdk/Contents/Home/jre/lib/ext/sunpkcs11.jar:/Library/Java/JavaVirtualMachines/jdk1.8.0_60.jdk/Contents/Home/jre/lib/ext/zipfs.jar:/Library/Java/JavaVirtualMachines/jdk1.8.0_60.jdk/Contents/Home/jre/lib/javaws.jar:/Library/Java/JavaVirtualMachines/jdk1.8.0_60.jdk/Contents/Home/jre/lib/jce.jar:/Library/Java/JavaVirtualMachines/jdk1.8.0_60.jdk/Contents/Home/jre/lib/jfr.jar:/Library/Java/JavaVirtualMachines/jdk1.8.0_60.jdk/Contents/Home/jre/lib/jfxswt.jar:/Library/Java/JavaVirtualMachines/jdk1.8.0_60.jdk/Contents/Home/jre/lib/jsse.jar:/Library/Java/JavaVirtualMachines/jdk1.8.0_60.jdk/Contents/Home/jre/lib/management-agent.jar:/Library/Java/JavaVirtualMachines/jdk1.8.0_60.jdk/Contents/Home/jre/lib/plugin.jar:/Library/Java/JavaVirtualMachines/jdk1.8.0_60.jdk/Contents/Home/jre/lib/resources.jar:/Library/Java/JavaVirtualMachines/jdk1.8.0_60.jdk/Contents/Home/jre/lib/rt.jar:/Library/Java/JavaVirtualMachines/jdk1.8.0_60.jdk/Contents/Home/lib/ant-javafx.jar:/Library/Java/JavaVirtualMachines/jdk1.8.0_60.jdk/Contents/Home/lib/dt.jar:/Library/Ja
Launcher Type: SUN_STANDARD

Environment Variables:
PATH=/usr/local/bin:/usr/bin:/bin:/usr/sbin:/sbin:/Users/jjong/Library/Android/sdk/tools:/Users/jjong/Library/Android/sdk/platform-tools
SHELL=/bin/bash

Signal Handlers:
SIGSEGV: [libjvm.dylib+0x5a6d31], sa_mask[0]=11111111011111110111111111111111, sa_flags=SA_ONSTACK|SA_RESTART|SA_SIGINFO
SIGBUS: [libjvm.dylib+0x5a6d31], sa_mask[0]=11111111011111110111111111111111, sa_flags=SA_RESTART|SA_SIGINFO
SIGFPE: [libjvm.dylib+0x480a4c], sa_mask[0]=11111111011111110111111111111111, sa_flags=SA_RESTART|SA_SIGINFO
SIGPIPE: [libjvm.dylib+0x480a4c], sa_mask[0]=11111111011111110111111111111111, sa_flags=SA_RESTART|SA_SIGINFO
SIGXFSZ: [libjvm.dylib+0x480a4c], sa_mask[0]=11111111011111110111111111111111, sa_flags=SA_RESTART|SA_SIGINFO
SIGILL: [libjvm.dylib+0x480a4c], sa_mask[0]=11111111011111110111111111111111, sa_flags=SA_RESTART|SA_SIGINFO
SIGUSR1: SIG_DFL, sa_mask[0]=00000000000000000000000000000000, sa_flags=none
SIGUSR2: [libjvm.dylib+0x48056a], sa_mask[0]=00100000000000000000000000000000, sa_flags=SA_RESTART|SA_SIGINFO
SIGHUP: [libjvm.dylib+0x47eb41], sa_mask[0]=11111111011111110111111111111111, sa_flags=SA_RESTART|SA_SIGINFO
SIGINT: [libjvm.dylib+0x47eb41], sa_mask[0]=11111111011111110111111111111111, sa_flags=SA_RESTART|SA_SIGINFO
SIGTERM: [libjvm.dylib+0x47eb41], sa_mask[0]=11111111011111110111111111111111, sa_flags=SA_RESTART|SA_SIGINFO
SIGQUIT: [libjvm.dylib+0x47eb41], sa_mask[0]=11111111011111110111111111111111, sa_flags=SA_RESTART|SA_SIGINFO


---------------  S Y S T E M  ---------------

OS:Bsduname:Darwin 16.7.0 Darwin Kernel Version 16.7.0: Thu Jun 15 17:36:27 PDT 2017; root:xnu-3789.70.16~2/RELEASE_X86_64 x86_64
rlimit: STACK 8192k, CORE 0k, NPROC 709, NOFILE 10240, AS infinity
load average:2.80 3.07 3.24

CPU:total 4 (4 cores per cpu, 1 threads per core) family 6 model 60 stepping 3, cmov, cx8, fxsr, mmx, sse, sse2, sse3, ssse3, sse4.1, sse4.2, popcnt, avx, avx2, aes, clmul, erms, rtm, lzcnt, tsc, tscinvbit, bmi1, bmi2

Memory: 4k page, physical 16777216k(120824k free)

/proc/meminfo:


vm_info: Java HotSpot(TM) 64-Bit Server VM (25.60-b23) for bsd-amd64 JRE (1.8.0_60-b27), built on Aug  4 2015 10:47:24 by "java_re" with gcc 4.2.1 (Based on Apple Inc. build 5658) (LLVM build 2336.11.00)

time: Sun Oct  8 21:04:16 2017
elapsed time: 79 seconds (0d 0h 1m 19s)

