#
# A fatal error has been detected by the Java Runtime Environment:
#
#  Internal Error (constantTag.cpp:59), pid=31430, tid=11523
#  Error: ShouldNotReachHere()
#
# JRE version: Java(TM) SE Runtime Environment (8.0_60-b27) (build 1.8.0_60-b27)
# Java VM: Java HotSpot(TM) 64-Bit Server VM (25.60-b23 mixed mode bsd-amd64 compressed oops)
# Failed to write core dump. Core dumps have been disabled. To enable core dumping, try "ulimit -c unlimited" before starting Java again
#
# If you would like to submit a bug report, please visit:
#   http://bugreport.java.com/bugreport/crash.jsp
#

---------------  T H R E A D  ---------------

Current thread (0x00007f981a011000):  VMThread [stack: 0x0000700004020000,0x0000700004120000] [id=11523]

Stack: [0x0000700004020000,0x0000700004120000],  sp=0x000070000411f220,  free space=1020k
Native frames: (J=compiled Java code, j=interpreted, Vv=VM code, C=native code)
V  [libjvm.dylib+0x5a6522]  VMError::report_and_die()+0x3f8
V  [libjvm.dylib+0x1e6843]  report_vm_error(char const*, int, char const*, char const*)+0x54
V  [libjvm.dylib+0x1e4baf]  constantTag::basic_type() const+0x4f
V  [libjvm.dylib+0xdcc7b]  Bytecode_loadconstant::result_type() const+0x37
V  [libjvm.dylib+0x284a88]  GenerateOopMap::do_ldc(int)+0xc0
V  [libjvm.dylib+0x286360]  GenerateOopMap::interp_bb(BasicBlock*)+0x104
V  [libjvm.dylib+0x2865af]  GenerateOopMap::interp_all()+0x31
V  [libjvm.dylib+0x286b46]  GenerateOopMap::do_interpretation()+0x44
V  [libjvm.dylib+0x286f5f]  GenerateOopMap::compute_map(Thread*)+0x1fb
V  [libjvm.dylib+0x47a48d]  OopMapForCacheEntry::compute_map(Thread*)+0x8f
V  [libjvm.dylib+0x47a696]  OopMapCacheEntry::fill(methodHandle, int)+0x19e
V  [libjvm.dylib+0x47abc9]  OopMapCache::lookup(methodHandle, int, InterpreterOopMap*) const+0x2f7
V  [libjvm.dylib+0x2bdb1c]  InstanceKlass::mask_for(methodHandle, int, InterpreterOopMap*)+0xd2
V  [libjvm.dylib+0x448be9]  Method::mask_for(int, InterpreterOopMap*)+0xb3
V  [libjvm.dylib+0x39536b]  VM_GetOrSetLocal::doit()+0x47
V  [libjvm.dylib+0x5ae00d]  VM_Operation::evaluate()+0x4f
V  [libjvm.dylib+0x5ac677]  VMThread::evaluate_operation(VM_Operation*)+0xdf
V  [libjvm.dylib+0x5acac4]  VMThread::loop()+0x328
V  [libjvm.dylib+0x5ac3e3]  VMThread::run()+0x79
V  [libjvm.dylib+0x48343a]  java_start(Thread*)+0xf6
C  [libsystem_pthread.dylib+0x393b]  _pthread_body+0xb4
C  [libsystem_pthread.dylib+0x3887]  _pthread_body+0x0
C  [libsystem_pthread.dylib+0x308d]  thread_start+0xd

VM_Operation (0x000070000452b958): GetOrSetLocal, mode: safepoint, requested by thread 0x00007f981a028800


---------------  P R O C E S S  ---------------

Java Threads: ( => current thread )
  0x00007f981a3af800 JavaThread "ThreadPoolTaskScheduler3" [_thread_blocked, id=69379, stack(0x000070000ac61000,0x000070000ad61000)]
  0x00007f981c1ef000 JavaThread "hz.ice-cluster-hazelcast.cached.thread-11" [_thread_blocked, id=28431, stack(0x0000700005a6e000,0x0000700005b6e000)]
  0x00007f981c91c800 JavaThread "hz.ice-cluster-hazelcast.cached.thread-10" [_thread_blocked, id=68355, stack(0x000070000aa5b000,0x000070000ab5b000)]
  0x00007f981c91c000 JavaThread "hz.ice-cluster-hazelcast.cached.thread-9" [_thread_blocked, id=67843, stack(0x000070000a958000,0x000070000aa58000)]
  0x00007f981b4d5800 JavaThread "hz.ice-cluster-hazelcast.cached.thread-8" [_thread_blocked, id=67331, stack(0x000070000a855000,0x000070000a955000)]
  0x00007f9819c3f000 JavaThread "hz.ice-cluster-hazelcast.cached.thread-7" [_thread_blocked, id=66819, stack(0x000070000a752000,0x000070000a852000)]
  0x00007f981986d800 JavaThread "hz.ice-cluster-hazelcast.cached.thread-6" [_thread_blocked, id=66307, stack(0x000070000a64f000,0x000070000a74f000)]
  0x00007f981b242800 JavaThread "hz.ice-cluster-hazelcast.cached.thread-5" [_thread_blocked, id=65795, stack(0x000070000a54c000,0x000070000a64c000)]
  0x00007f981a16b800 JavaThread "hz.ice-cluster-hazelcast.cached.thread-4" [_thread_blocked, id=65287, stack(0x000070000a449000,0x000070000a549000)]
  0x00007f9819d6a000 JavaThread "ThreadPoolTaskScheduler2" [_thread_blocked, id=4619, stack(0x0000700005f7d000,0x000070000607d000)]
  0x00007f981aefe800 JavaThread "async-request-reporter" daemon [_thread_blocked, id=24847, stack(0x0000700006080000,0x0000700006180000)]
  0x00007f981a479800 JavaThread "Hibernate Search sync consumer thread for index net.ion.ice.core.node.Node" daemon [_thread_blocked, id=26631, stack(0x0000700005662000,0x0000700005762000)]
  0x00007f981b4bb000 JavaThread "commons-pool-EvictionTimer" daemon [_thread_blocked, id=26375, stack(0x000070000555f000,0x000070000565f000)]
  0x00007f981abb2800 JavaThread "Abandoned connection cleanup thread" daemon [_thread_blocked, id=30983, stack(0x0000700005359000,0x0000700005459000)]
  0x00007f981c97a000 JavaThread "RMI TCP Connection(idle)" daemon [_thread_blocked, id=64771, stack(0x000070000a346000,0x000070000a446000)]
  0x00007f981c971800 JavaThread "RMI TCP Connection(idle)" daemon [_thread_blocked, id=24335, stack(0x0000700005256000,0x0000700005356000)]
  0x00007f981a1bc000 JavaThread "DestroyJavaVM" [_thread_blocked, id=7171, stack(0x0000700003b11000,0x0000700003c11000)]
  0x00007f981a47c000 JavaThread "http-nio-8080-AsyncTimeout" daemon [_thread_blocked, id=64259, stack(0x000070000a243000,0x000070000a343000)]
  0x00007f981a47b800 JavaThread "http-nio-8080-Acceptor-0" daemon [_thread_in_native, id=63747, stack(0x000070000a140000,0x000070000a240000)]
  0x00007f981c977000 JavaThread "http-nio-8080-ClientPoller-1" daemon [_thread_in_native, id=63235, stack(0x000070000a03d000,0x000070000a13d000)]
  0x00007f981c972800 JavaThread "http-nio-8080-ClientPoller-0" daemon [_thread_in_native, id=62723, stack(0x0000700009f3a000,0x000070000a03a000)]
  0x00007f981c970800 JavaThread "http-nio-8080-exec-10" daemon [_thread_blocked, id=62211, stack(0x0000700009e37000,0x0000700009f37000)]
  0x00007f981c970000 JavaThread "http-nio-8080-exec-9" daemon [_thread_blocked, id=61699, stack(0x0000700009d34000,0x0000700009e34000)]
  0x00007f981b682000 JavaThread "http-nio-8080-exec-8" daemon [_thread_blocked, id=61187, stack(0x0000700009c31000,0x0000700009d31000)]
  0x00007f981a96b000 JavaThread "http-nio-8080-exec-7" daemon [_thread_blocked, id=60675, stack(0x0000700009b2e000,0x0000700009c2e000)]
  0x00007f981c96f000 JavaThread "http-nio-8080-exec-6" daemon [_thread_blocked, id=60163, stack(0x0000700009a2b000,0x0000700009b2b000)]
  0x00007f9819c37800 JavaThread "http-nio-8080-exec-5" daemon [_thread_blocked, id=59651, stack(0x0000700009928000,0x0000700009a28000)]
  0x00007f981a47a800 JavaThread "http-nio-8080-exec-4" daemon [_thread_blocked, id=59139, stack(0x0000700009825000,0x0000700009925000)]
  0x00007f981b681800 JavaThread "http-nio-8080-exec-3" daemon [_thread_blocked, id=58627, stack(0x0000700009722000,0x0000700009822000)]
  0x00007f981b4fd000 JavaThread "http-nio-8080-exec-2" daemon [_thread_blocked, id=58115, stack(0x000070000961f000,0x000070000971f000)]
  0x00007f981a478800 JavaThread "http-nio-8080-exec-1" daemon [_thread_blocked, id=57603, stack(0x000070000951c000,0x000070000961c000)]
  0x00007f981c959800 JavaThread "NioBlockingSelector.BlockPoller-1" daemon [_thread_in_native, id=57091, stack(0x0000700009419000,0x0000700009519000)]
  0x00007f981abc6000 JavaThread "Live Reload Server" daemon [_thread_in_native, id=56583, stack(0x0000700009316000,0x0000700009416000)]
  0x00007f981a3f5000 JavaThread "File Watcher" daemon [_thread_blocked, id=56075, stack(0x0000700009213000,0x0000700009313000)]
  0x00007f981a3b6800 JavaThread "ThreadPoolTaskScheduler1" [_thread_blocked, id=55555, stack(0x0000700009110000,0x0000700009210000)]
  0x00007f981b680800 JavaThread "Hibernate Search sync consumer thread for index net.ion.ice.core.node.Node" daemon [_thread_blocked, id=55043, stack(0x000070000900d000,0x000070000910d000)]
  0x00007f981b67b800 JavaThread "Hibernate Search sync consumer thread for index net.ion.ice.core.node.Node" daemon [_thread_blocked, id=54531, stack(0x0000700008f0a000,0x000070000900a000)]
  0x00007f981a3a4000 JavaThread "Hibernate Search sync consumer thread for index net.ion.ice.core.node.Node" daemon [_thread_blocked, id=54019, stack(0x0000700008e07000,0x0000700008f07000)]
  0x00007f981c955800 JavaThread "Hibernate Search sync consumer thread for index net.ion.ice.core.node.Node" daemon [_thread_blocked, id=53507, stack(0x0000700008d04000,0x0000700008e04000)]
  0x00007f981c954800 JavaThread "Hibernate Search sync consumer thread for index net.ion.ice.core.node.Node" daemon [_thread_blocked, id=52999, stack(0x0000700008c01000,0x0000700008d01000)]
  0x00007f981a38c800 JavaThread "Hibernate Search sync consumer thread for index net.ion.ice.core.node.Node" daemon [_thread_blocked, id=52483, stack(0x0000700008afe000,0x0000700008bfe000)]
  0x00007f981b4a4800 JavaThread "Hibernate Search sync consumer thread for index net.ion.ice.core.node.Node" daemon [_thread_blocked, id=51971, stack(0x00007000089fb000,0x0000700008afb000)]
  0x00007f981a38b800 JavaThread "Hibernate Search sync consumer thread for index net.ion.ice.core.node.Node" daemon [_thread_blocked, id=51459, stack(0x00007000088f8000,0x00007000089f8000)]
  0x00007f981c943800 JavaThread "Hibernate Search sync consumer thread for index net.ion.ice.core.node.Node" daemon [_thread_blocked, id=50947, stack(0x00007000087f5000,0x00007000088f5000)]
  0x00007f981b416000 JavaThread "Hibernate Search sync consumer thread for index net.ion.ice.core.node.Node" daemon [_thread_blocked, id=50435, stack(0x00007000086f2000,0x00007000087f2000)]
  0x00007f981b2f1800 JavaThread "Thread-31" [_thread_blocked, id=49923, stack(0x00007000085ef000,0x00007000086ef000)]
  0x00007f981b483800 JavaThread "Thread-30" [_thread_blocked, id=49411, stack(0x00007000084ec000,0x00007000085ec000)]
  0x00007f9819e3f800 JavaThread "Thread-29" [_thread_blocked, id=48903, stack(0x00007000083e9000,0x00007000084e9000)]
  0x00007f9819e3e800 JavaThread "expiration-thread--p3-t1" daemon [_thread_in_native_trans, id=48391, stack(0x00007000082e6000,0x00007000083e6000)]
  0x00007f981a34c800 JavaThread "Hibernate Search sync consumer thread for index net.ion.ice.core.node.Node" daemon [_thread_blocked, id=47879, stack(0x00007000081e3000,0x00007000082e3000)]
  0x00007f981b453800 JavaThread "hz.ice-cluster-hazelcast.HealthMonitor" daemon [_thread_blocked, id=47371, stack(0x00007000080e0000,0x00007000081e0000)]
  0x00007f981c8a1000 JavaThread "hz.ice-cluster-hazelcast.cached.thread-3" [_thread_blocked, id=46851, stack(0x0000700007fdd000,0x00007000080dd000)]
  0x00007f981ac14800 JavaThread "hz.ice-cluster-hazelcast.IO.thread-Acceptor" [_thread_in_native, id=46339, stack(0x0000700007eda000,0x0000700007fda000)]
  0x00007f981a33d000 JavaThread "hz.ice-cluster-hazelcast.IOBalancerThread" [_thread_blocked, id=45827, stack(0x0000700007dd7000,0x0000700007ed7000)]
  0x00007f981a18c800 JavaThread "hz.ice-cluster-hazelcast.IO.thread-out-2" [_thread_in_native, id=45315, stack(0x0000700007cd4000,0x0000700007dd4000)]
  0x00007f9819c4a800 JavaThread "hz.ice-cluster-hazelcast.IO.thread-out-1" [_thread_in_native, id=44803, stack(0x0000700007bd1000,0x0000700007cd1000)]
  0x00007f981a18b800 JavaThread "hz.ice-cluster-hazelcast.IO.thread-out-0" [_thread_in_native, id=44291, stack(0x0000700007ace000,0x0000700007bce000)]
  0x00007f981b442000 JavaThread "hz.ice-cluster-hazelcast.IO.thread-in-2" [_thread_in_native, id=43779, stack(0x00007000079cb000,0x0000700007acb000)]
  0x00007f981b441800 JavaThread "hz.ice-cluster-hazelcast.IO.thread-in-1" [_thread_in_native, id=43267, stack(0x00007000078c8000,0x00007000079c8000)]
  0x00007f981b1f3800 JavaThread "hz.ice-cluster-hazelcast.IO.thread-in-0" [_thread_in_native, id=42755, stack(0x00007000077c5000,0x00007000078c5000)]
  0x00007f981a245000 JavaThread "hz.ice-cluster-hazelcast.cached.thread-2" [_thread_blocked, id=42243, stack(0x00007000076c2000,0x00007000077c2000)]
  0x00007f981ae3e800 JavaThread "hz.ice-cluster-hazelcast.SlowOperationDetectorThread" [_thread_blocked, id=41731, stack(0x00007000075bf000,0x00007000076bf000)]
  0x00007f981ae3e000 JavaThread "hz.ice-cluster-hazelcast.response" [_thread_blocked, id=41219, stack(0x00007000074bc000,0x00007000075bc000)]
  0x00007f981ae3d000 JavaThread "hz.ice-cluster-hazelcast.generic-operation.thread-1" [_thread_blocked, id=40707, stack(0x00007000073b9000,0x00007000074b9000)]
  0x00007f981ae8e800 JavaThread "hz.ice-cluster-hazelcast.generic-operation.thread-0" [_thread_blocked, id=40195, stack(0x00007000072b6000,0x00007000073b6000)]
  0x00007f981ae8d800 JavaThread "hz.ice-cluster-hazelcast.priority-generic-operation.thread-0" [_thread_blocked, id=39683, stack(0x00007000071b3000,0x00007000072b3000)]
  0x00007f981a1f4000 JavaThread "hz.ice-cluster-hazelcast.partition-operation.thread-3" [_thread_blocked, id=39171, stack(0x00007000070b0000,0x00007000071b0000)]
  0x00007f9819bec800 JavaThread "hz.ice-cluster-hazelcast.partition-operation.thread-2" [_thread_blocked, id=38659, stack(0x0000700006fad000,0x00007000070ad000)]
  0x00007f981a322800 JavaThread "hz.ice-cluster-hazelcast.partition-operation.thread-1" [_thread_blocked, id=38147, stack(0x0000700006eaa000,0x0000700006faa000)]
  0x00007f981a191800 JavaThread "hz.ice-cluster-hazelcast.partition-operation.thread-0" [_thread_blocked, id=37635, stack(0x0000700006da7000,0x0000700006ea7000)]
  0x00007f981ad8e800 JavaThread "hz.ice-cluster-hazelcast.InvocationMonitorThread" [_thread_in_native_trans, id=37123, stack(0x0000700006ca4000,0x0000700006da4000)]
  0x00007f981c8c2800 JavaThread "hz.ice-cluster-hazelcast.cached.thread-1" [_thread_blocked, id=36611, stack(0x0000700006ba1000,0x0000700006ca1000)]
  0x00007f9819c7e000 JavaThread "hz.ice-cluster-hazelcast.migration" [_thread_blocked, id=36099, stack(0x0000700006a9e000,0x0000700006b9e000)]
  0x00007f981a9b3800 JavaThread "MetricsRegistry-thread-2" [_thread_blocked, id=35587, stack(0x000070000699b000,0x0000700006a9b000)]
  0x00007f981a32f000 JavaThread "MetricsRegistry-thread-1" [_thread_blocked, id=35079, stack(0x0000700006898000,0x0000700006998000)]
  0x00007f981c8cd800 JavaThread "hz.ice-cluster-hazelcast.operation-parker" [_thread_blocked, id=34563, stack(0x0000700006795000,0x0000700006895000)]
  0x00007f981b300800 JavaThread "hz.ice-cluster-hazelcast.event-5" [_thread_blocked, id=34051, stack(0x0000700006692000,0x0000700006792000)]
  0x00007f981aaff000 JavaThread "hz.ice-cluster-hazelcast.event-4" [_thread_blocked, id=33539, stack(0x000070000658f000,0x000070000668f000)]
  0x00007f9819ccc800 JavaThread "hz.ice-cluster-hazelcast.event-3" [_thread_blocked, id=33027, stack(0x000070000648c000,0x000070000658c000)]
  0x00007f981b300000 JavaThread "hz.ice-cluster-hazelcast.event-2" [_thread_blocked, id=32515, stack(0x0000700006389000,0x0000700006489000)]
  0x00007f981b186800 JavaThread "hz.ice-cluster-hazelcast.event-1" [_thread_blocked, id=32003, stack(0x0000700006286000,0x0000700006386000)]
  0x00007f981a9b0800 JavaThread "hz.ice-cluster-hazelcast.scheduled.thread-" [_thread_blocked, id=31495, stack(0x0000700006183000,0x0000700006283000)]
  0x00007f981ac8c000 JavaThread "container-0" [_thread_blocked, id=4103, stack(0x0000700005e7a000,0x0000700005f7a000)]
  0x00007f981c8ce800 JavaThread "ContainerBackgroundProcessor[StandardEngine[Tomcat]]" daemon [_thread_blocked, id=30475, stack(0x0000700003988000,0x0000700003a88000)]
  0x00007f981c838000 JavaThread "Attach Listener" daemon [_thread_blocked, id=29955, stack(0x0000700005d77000,0x0000700005e77000)]
  0x00007f981c1fa800 JavaThread "type-pool-cache-evicter" daemon [_thread_blocked, id=29443, stack(0x0000700005c74000,0x0000700005d74000)]
  0x00007f981c837000 JavaThread "stagemonitor-elasticsearch-reporter" daemon [_thread_blocked, id=28931, stack(0x0000700005b71000,0x0000700005c71000)]
  0x00007f981c829800 JavaThread "async-elasticsearch" daemon [_thread_blocked, id=27907, stack(0x000070000596b000,0x0000700005a6b000)]
  0x00007f981c1e5000 JavaThread "elasticsearch-tasks" daemon [_thread_blocked, id=27395, stack(0x0000700005868000,0x0000700005968000)]
  0x00007f981b368800 JavaThread "configuration-reloader" daemon [_thread_in_Java, id=26887, stack(0x0000700005765000,0x0000700005865000)]
  0x00007f981aadc000 JavaThread "logback-appender-STASH-125.131.88.156:5000-2" daemon [_thread_in_native_trans, id=25351, stack(0x000070000545c000,0x000070000555c000)]
  0x00007f981aa9a000 JavaThread "RMI TCP Connection(idle)" daemon [_thread_blocked, id=23811, stack(0x0000700005153000,0x0000700005253000)]
  0x00007f981aa99000 JavaThread "RMI Scheduler(0)" daemon [_thread_blocked, id=23299, stack(0x0000700005050000,0x0000700005150000)]
  0x00007f981a94d000 JavaThread "RMI TCP Connection(idle)" daemon [_thread_blocked, id=22787, stack(0x0000700004f4d000,0x000070000504d000)]
  0x00007f981a970800 JavaThread "RMI TCP Accept-0" daemon [_thread_in_native, id=21763, stack(0x0000700004d47000,0x0000700004e47000)]
  0x00007f981a982000 JavaThread "RMI TCP Accept-64710" daemon [_thread_in_native, id=21251, stack(0x0000700004c44000,0x0000700004d44000)]
  0x00007f981a983000 JavaThread "RMI TCP Accept-0" daemon [_thread_in_native, id=20739, stack(0x0000700004b41000,0x0000700004c41000)]
  0x00007f981a147800 JavaThread "Service Thread" daemon [_thread_blocked, id=20227, stack(0x0000700004a3e000,0x0000700004b3e000)]
  0x00007f981a11e800 JavaThread "C1 CompilerThread2" daemon [_thread_blocked, id=19715, stack(0x000070000493b000,0x0000700004a3b000)]
  0x00007f981a947800 JavaThread "C2 CompilerThread1" daemon [_thread_blocked, id=19203, stack(0x0000700004838000,0x0000700004938000)]
  0x00007f981a946800 JavaThread "C2 CompilerThread0" daemon [_thread_blocked, id=18691, stack(0x0000700004735000,0x0000700004835000)]
  0x00007f981a040800 JavaThread "JDWP Command Reader" daemon [_thread_in_native, id=18179, stack(0x0000700004632000,0x0000700004732000)]
  0x00007f981a03f800 JavaThread "JDWP Event Helper Thread" daemon [_thread_blocked, id=17667, stack(0x000070000452f000,0x000070000462f000)]
  0x00007f981a028800 JavaThread "JDWP Transport Listener: dt_socket" daemon [_thread_blocked, id=17155, stack(0x000070000442c000,0x000070000452c000)]
  0x00007f981981f000 JavaThread "Signal Dispatcher" daemon [_thread_blocked, id=16643, stack(0x0000700004329000,0x0000700004429000)]
  0x00007f981a014000 JavaThread "Finalizer" daemon [_thread_blocked, id=12547, stack(0x0000700004226000,0x0000700004326000)]
  0x00007f981a013800 JavaThread "Reference Handler" daemon [_thread_blocked, id=12035, stack(0x0000700004123000,0x0000700004223000)]

Other Threads:
=>0x00007f981a011000 VMThread [stack: 0x0000700004020000,0x0000700004120000] [id=11523]
  0x00007f981b1cd000 WatcherThread [stack: 0x0000700004e4a000,0x0000700004f4a000] [id=22275]

VM state:at safepoint (normal execution)

VM Mutex/Monitor currently owned by a thread:  ([mutex/lock_event])
[0x00007f981940edd0] Threads_lock - owner thread: 0x00007f981a011000

Heap:
 PSYoungGen      total 784896K, used 697830K [0x000000076ab00000, 0x00000007abb80000, 0x00000007c0000000)
  eden space 761856K, 91% used [0x000000076ab00000,0x0000000795479918,0x0000000799300000)
  from space 23040K, 0% used [0x0000000799300000,0x0000000799300000,0x000000079a980000)
  to   space 29184K, 0% used [0x00000007a9f00000,0x00000007a9f00000,0x00000007abb80000)
 ParOldGen       total 204288K, used 50647K [0x00000006c0000000, 0x00000006cc780000, 0x000000076ab00000)
  object space 204288K, 24% used [0x00000006c0000000,0x00000006c3175e18,0x00000006cc780000)
 Metaspace       used 70292K, capacity 71760K, committed 71936K, reserved 1112064K
  class space    used 9786K, capacity 10122K, committed 10240K, reserved 1048576K

Card table byte_map: [0x000000010a549000,0x000000010ad4a000] byte_map_base: 0x0000000106f49000

Marking Bits: (ParMarkBitMap*) 0x0000000109adee20
 Begin Bits: [0x000000011eb5a000, 0x0000000122b5a000)
 End Bits:   [0x0000000122b5a000, 0x0000000126b5a000)

Polling page: 0x00000001088d1000

CodeCache: size=245760Kb used=14848Kb max_used=14864Kb free=230911Kb
 bounds [0x000000010fb5a000, 0x00000001109ea000, 0x000000011eb5a000]
 total_blobs=8134 nmethods=7483 adapters=571
 compilation: enabled

Compilation events (10 events):
Event: 58.869 Thread 0x00007f981a11e800 7649       1       com.codahale.metrics.EWMA::tick (59 bytes)
Event: 58.869 Thread 0x00007f981a11e800 nmethod 7649 0x000000010ff88b50 code [0x000000010ff88cc0, 0x000000010ff88ec8]
Event: 58.869 Thread 0x00007f981a11e800 7650       1       com.codahale.metrics.LongAdderProxy$JdkProvider$1::sumThenReset (8 bytes)
Event: 58.870 Thread 0x00007f981a11e800 nmethod 7650 0x000000010ff887d0 code [0x000000010ff88940, 0x000000010ff88a88]
Event: 60.817 Thread 0x00007f981a11e800 7651       1       java.io.PrintStream::print (13 bytes)
Event: 60.818 Thread 0x00007f981a11e800 nmethod 7651 0x000000010ff88490 code [0x000000010ff88600, 0x000000010ff88748]
Event: 60.818 Thread 0x00007f981a11e800 7652   !   1       java.io.PrintStream::write (83 bytes)
Event: 60.819 Thread 0x00007f981a11e800 nmethod 7652 0x000000010ff87750 code [0x000000010ff87940, 0x000000010ff87e88]
Event: 72.777 Thread 0x00007f981a11e800 7653       1       com.hazelcast.spi.impl.operationservice.impl.InvocationMonitor::access$700 (5 bytes)
Event: 72.777 Thread 0x00007f981a11e800 nmethod 7653 0x000000010ff87490 code [0x000000010ff875e0, 0x000000010ff876d0]

GC Heap History (10 events):
Event: 3.545 GC heap before
{Heap before GC invocations=8 (full 1):
 PSYoungGen      total 464896K, used 464622K [0x000000076ab00000, 0x000000078c600000, 0x00000007c0000000)
  eden space 451072K, 99% used [0x000000076ab00000,0x000000078637e568,0x0000000786380000)
  from space 13824K, 98% used [0x000000078b880000,0x000000078c5bd600,0x000000078c600000)
  to   space 15872K, 0% used [0x000000078a700000,0x000000078a700000,0x000000078b680000)
 ParOldGen       total 91136K, used 7917K [0x00000006c0000000, 0x00000006c5900000, 0x000000076ab00000)
  object space 91136K, 8% used [0x00000006c0000000,0x00000006c07bb480,0x00000006c5900000)
 Metaspace       used 28813K, capacity 29318K, committed 29440K, reserved 1075200K
  class space    used 3670K, capacity 3812K, committed 3840K, reserved 1048576K
Event: 3.556 GC heap after
Heap after GC invocations=8 (full 1):
 PSYoungGen      total 536064K, used 14220K [0x000000076ab00000, 0x000000079bb00000, 0x00000007c0000000)
  eden space 520192K, 0% used [0x000000076ab00000,0x000000076ab00000,0x000000078a700000)
  from space 15872K, 89% used [0x000000078a700000,0x000000078b4e33f0,0x000000078b680000)
  to   space 17920K, 0% used [0x000000079a980000,0x000000079a980000,0x000000079bb00000)
 ParOldGen       total 91136K, used 7925K [0x00000006c0000000, 0x00000006c5900000, 0x000000076ab00000)
  object space 91136K, 8% used [0x00000006c0000000,0x00000006c07bd480,0x00000006c5900000)
 Metaspace       used 28813K, capacity 29318K, committed 29440K, reserved 1075200K
  class space    used 3670K, capacity 3812K, committed 3840K, reserved 1048576K
}
Event: 4.796 GC heap before
{Heap before GC invocations=9 (full 1):
 PSYoungGen      total 536064K, used 291313K [0x000000076ab00000, 0x000000079bb00000, 0x00000007c0000000)
  eden space 520192K, 53% used [0x000000076ab00000,0x000000077b999028,0x000000078a700000)
  from space 15872K, 89% used [0x000000078a700000,0x000000078b4e33f0,0x000000078b680000)
  to   space 17920K, 0% used [0x000000079a980000,0x000000079a980000,0x000000079bb00000)
 ParOldGen       total 91136K, used 7925K [0x00000006c0000000, 0x00000006c5900000, 0x000000076ab00000)
  object space 91136K, 8% used [0x00000006c0000000,0x00000006c07bd480,0x00000006c5900000)
 Metaspace       used 34801K, capacity 35342K, committed 35416K, reserved 1079296K
  class space    used 4675K, capacity 4833K, committed 4864K, reserved 1048576K
Event: 4.816 GC heap after
Heap after GC invocations=9 (full 1):
 PSYoungGen      total 779776K, used 17891K [0x000000076ab00000, 0x00000007a2580000, 0x00000007c0000000)
  eden space 761856K, 0% used [0x000000076ab00000,0x000000076ab00000,0x0000000799300000)
  from space 17920K, 99% used [0x000000079a980000,0x000000079baf8e68,0x000000079bb00000)
  to   space 23040K, 0% used [0x0000000799300000,0x0000000799300000,0x000000079a980000)
 ParOldGen       total 91136K, used 13626K [0x00000006c0000000, 0x00000006c5900000, 0x000000076ab00000)
  object space 91136K, 14% used [0x00000006c0000000,0x00000006c0d4e920,0x00000006c5900000)
 Metaspace       used 34801K, capacity 35342K, committed 35416K, reserved 1079296K
  class space    used 4675K, capacity 4833K, committed 4864K, reserved 1048576K
}
Event: 4.816 GC heap before
{Heap before GC invocations=10 (full 2):
 PSYoungGen      total 779776K, used 17891K [0x000000076ab00000, 0x00000007a2580000, 0x00000007c0000000)
  eden space 761856K, 0% used [0x000000076ab00000,0x000000076ab00000,0x0000000799300000)
  from space 17920K, 99% used [0x000000079a980000,0x000000079baf8e68,0x000000079bb00000)
  to   space 23040K, 0% used [0x0000000799300000,0x0000000799300000,0x000000079a980000)
 ParOldGen       total 91136K, used 13626K [0x00000006c0000000, 0x00000006c5900000, 0x000000076ab00000)
  object space 91136K, 14% used [0x00000006c0000000,0x00000006c0d4e920,0x00000006c5900000)
 Metaspace       used 34801K, capacity 35342K, committed 35416K, reserved 1079296K
  class space    used 4675K, capacity 4833K, committed 4864K, reserved 1048576K
Event: 4.900 GC heap after
Heap after GC invocations=10 (full 2):
 PSYoungGen      total 779776K, used 0K [0x000000076ab00000, 0x00000007a2580000, 0x00000007c0000000)
  eden space 761856K, 0% used [0x000000076ab00000,0x000000076ab00000,0x0000000799300000)
  from space 17920K, 0% used [0x000000079a980000,0x000000079a980000,0x000000079bb00000)
  to   space 23040K, 0% used [0x0000000799300000,0x0000000799300000,0x000000079a980000)
 ParOldGen       total 148992K, used 30050K [0x00000006c0000000, 0x00000006c9180000, 0x000000076ab00000)
  object space 148992K, 20% used [0x00000006c0000000,0x00000006c1d58ba0,0x00000006c9180000)
 Metaspace       used 34801K, capacity 35342K, committed 35416K, reserved 1079296K
  class space    used 4675K, capacity 4833K, committed 4864K, reserved 1048576K
}
Event: 9.250 GC heap before
{Heap before GC invocations=11 (full 2):
 PSYoungGen      total 779776K, used 676885K [0x000000076ab00000, 0x00000007a2580000, 0x00000007c0000000)
  eden space 761856K, 88% used [0x000000076ab00000,0x00000007940055c0,0x0000000799300000)
  from space 17920K, 0% used [0x000000079a980000,0x000000079a980000,0x000000079bb00000)
  to   space 23040K, 0% used [0x0000000799300000,0x0000000799300000,0x000000079a980000)
 ParOldGen       total 148992K, used 30050K [0x00000006c0000000, 0x00000006c9180000, 0x000000076ab00000)
  object space 148992K, 20% used [0x00000006c0000000,0x00000006c1d58ba0,0x00000006c9180000)
 Metaspace       used 58171K, capacity 58966K, committed 59028K, reserved 1099776K
  class space    used 8215K, capacity 8437K, committed 8448K, reserved 1048576K
Event: 9.281 GC heap after
Heap after GC invocations=11 (full 2):
 PSYoungGen      total 784896K, used 23030K [0x000000076ab00000, 0x00000007abb80000, 0x00000007c0000000)
  eden space 761856K, 0% used [0x000000076ab00000,0x000000076ab00000,0x0000000799300000)
  from space 23040K, 99% used [0x0000000799300000,0x000000079a97d818,0x000000079a980000)
  to   space 29184K, 0% used [0x00000007a9f00000,0x00000007a9f00000,0x00000007abb80000)
 ParOldGen       total 148992K, used 36589K [0x00000006c0000000, 0x00000006c9180000, 0x000000076ab00000)
  object space 148992K, 24% used [0x00000006c0000000,0x00000006c23bb6d0,0x00000006c9180000)
 Metaspace       used 58171K, capacity 58966K, committed 59028K, reserved 1099776K
  class space    used 8215K, capacity 8437K, committed 8448K, reserved 1048576K
}
Event: 9.281 GC heap before
{Heap before GC invocations=12 (full 3):
 PSYoungGen      total 784896K, used 23030K [0x000000076ab00000, 0x00000007abb80000, 0x00000007c0000000)
  eden space 761856K, 0% used [0x000000076ab00000,0x000000076ab00000,0x0000000799300000)
  from space 23040K, 99% used [0x0000000799300000,0x000000079a97d818,0x000000079a980000)
  to   space 29184K, 0% used [0x00000007a9f00000,0x00000007a9f00000,0x00000007abb80000)
 ParOldGen       total 148992K, used 36589K [0x00000006c0000000, 0x00000006c9180000, 0x000000076ab00000)
  object space 148992K, 24% used [0x00000006c0000000,0x00000006c23bb6d0,0x00000006c9180000)
 Metaspace       used 58171K, capacity 58966K, committed 59028K, reserved 1099776K
  class space    used 8215K, capacity 8437K, committed 8448K, reserved 1048576K
Event: 9.395 GC heap after
Heap after GC invocations=12 (full 3):
 PSYoungGen      total 784896K, used 0K [0x000000076ab00000, 0x00000007abb80000, 0x00000007c0000000)
  eden space 761856K, 0% used [0x000000076ab00000,0x000000076ab00000,0x0000000799300000)
  from space 23040K, 0% used [0x0000000799300000,0x0000000799300000,0x000000079a980000)
  to   space 29184K, 0% used [0x00000007a9f00000,0x00000007a9f00000,0x00000007abb80000)
 ParOldGen       total 204288K, used 50647K [0x00000006c0000000, 0x00000006cc780000, 0x000000076ab00000)
  object space 204288K, 24% used [0x00000006c0000000,0x00000006c3175e18,0x00000006cc780000)
 Metaspace       used 58171K, capacity 58966K, committed 59028K, reserved 1099776K
  class space    used 8215K, capacity 8437K, committed 8448K, reserved 1048576K
}

Deoptimization events (0 events):
No events

Internal exceptions (10 events):
Event: 46.326 Thread 0x00007f981aadc000 Exception <a 'java/net/ConnectException'> (0x000000078203cd20) thrown at [/Users/java_re/workspace/8-2-build-macosx-x86_64/jdk8u60/4407/hotspot/src/share/vm/prims/jni.cpp, line 709]
Event: 51.932 Thread 0x00007f981aadc000 Exception <a 'java/net/SocketTimeoutException': connect timed out> (0x000000078203da38) thrown at [/Users/java_re/workspace/8-2-build-macosx-x86_64/jdk8u60/4407/hotspot/src/share/vm/prims/jni.cpp, line 735]
Event: 52.270 Thread 0x00007f981aadc000 Exception <a 'java/net/ConnectException'> (0x000000078203e760) thrown at [/Users/java_re/workspace/8-2-build-macosx-x86_64/jdk8u60/4407/hotspot/src/share/vm/prims/jni.cpp, line 709]
Event: 53.275 Thread 0x00007f981aadc000 Exception <a 'java/net/ConnectException'> (0x000000078203f4a0) thrown at [/Users/java_re/workspace/8-2-build-macosx-x86_64/jdk8u60/4407/hotspot/src/share/vm/prims/jni.cpp, line 709]
Event: 54.281 Thread 0x00007f981aadc000 Exception <a 'java/net/ConnectException'> (0x00000007820401e0) thrown at [/Users/java_re/workspace/8-2-build-macosx-x86_64/jdk8u60/4407/hotspot/src/share/vm/prims/jni.cpp, line 709]
Event: 55.295 Thread 0x00007f981aadc000 Exception <a 'java/net/ConnectException'> (0x0000000782040f20) thrown at [/Users/java_re/workspace/8-2-build-macosx-x86_64/jdk8u60/4407/hotspot/src/share/vm/prims/jni.cpp, line 709]
Event: 56.345 Thread 0x00007f981aadc000 Exception <a 'java/net/ConnectException'> (0x0000000782041c60) thrown at [/Users/java_re/workspace/8-2-build-macosx-x86_64/jdk8u60/4407/hotspot/src/share/vm/prims/jni.cpp, line 709]
Event: 57.295 Thread 0x00007f981aadc000 Exception <a 'java/net/ConnectException'> (0x00000007820429a0) thrown at [/Users/java_re/workspace/8-2-build-macosx-x86_64/jdk8u60/4407/hotspot/src/share/vm/prims/jni.cpp, line 709]
Event: 63.321 Thread 0x00007f981aadc000 Exception <a 'java/net/SocketTimeoutException': connect timed out> (0x00000007820436b8) thrown at [/Users/java_re/workspace/8-2-build-macosx-x86_64/jdk8u60/4407/hotspot/src/share/vm/prims/jni.cpp, line 735]
Event: 72.776 Thread 0x00007f981aadc000 Exception <a 'java/net/ConnectException'> (0x00000007820443e0) thrown at [/Users/java_re/workspace/8-2-build-macosx-x86_64/jdk8u60/4407/hotspot/src/share/vm/prims/jni.cpp, line 709]

Events (10 events):
Event: 72.775 Executing VM operation: RevokeBias
Event: 72.776 Executing VM operation: RevokeBias done
Event: 72.776 Executing VM operation: RevokeBias
Event: 72.776 Executing VM operation: RevokeBias done
Event: 72.776 Executing VM operation: RevokeBias
Event: 72.776 Executing VM operation: RevokeBias done
Event: 72.776 Thread 0x00007f981a3b4800 Thread exited: 0x00007f981a3b4800
Event: 72.776 Executing VM operation: ForceSafepoint
Event: 72.777 Executing VM operation: ForceSafepoint done
Event: 72.787 Executing VM operation: GetOrSetLocal


Dynamic libraries:
0x000000000e18c000 	/System/Library/Frameworks/Cocoa.framework/Versions/A/Cocoa
0x000000000e18c000 	/System/Library/Frameworks/Security.framework/Versions/A/Security
0x000000000e18c000 	/System/Library/Frameworks/ApplicationServices.framework/Versions/A/ApplicationServices
0x000000000e18c000 	/usr/lib/libz.1.dylib
0x000000000e18c000 	/usr/lib/libSystem.B.dylib
0x000000000e18c000 	/usr/lib/libobjc.A.dylib
0x000000000e18c000 	/System/Library/Frameworks/CoreFoundation.framework/Versions/A/CoreFoundation
0x000000000e18c000 	/System/Library/Frameworks/Foundation.framework/Versions/C/Foundation
0x000000000e18c000 	/System/Library/Frameworks/AppKit.framework/Versions/C/AppKit
0x000000000e18c000 	/System/Library/Frameworks/CoreData.framework/Versions/A/CoreData
0x000000000e18c000 	/System/Library/PrivateFrameworks/RemoteViewServices.framework/Versions/A/RemoteViewServices
0x000000000e18c000 	/System/Library/PrivateFrameworks/UIFoundation.framework/Versions/A/UIFoundation
0x000000000e18c000 	/System/Library/PrivateFrameworks/DFRFoundation.framework/Versions/A/DFRFoundation
0x000000000e18c000 	/usr/lib/libenergytrace.dylib
0x000000000e18c000 	/System/Library/PrivateFrameworks/SkyLight.framework/Versions/A/SkyLight
0x000000000e18c000 	/System/Library/Frameworks/CoreGraphics.framework/Versions/A/CoreGraphics
0x000000000e18c000 	/usr/lib/libScreenReader.dylib
0x000000000e18c000 	/System/Library/Frameworks/Accelerate.framework/Versions/A/Accelerate
0x000000000e18c000 	/System/Library/Frameworks/IOSurface.framework/Versions/A/IOSurface
0x000000000e18c000 	/System/Library/Frameworks/AudioToolbox.framework/Versions/A/AudioToolbox
0x000000000e18c000 	/System/Library/Frameworks/AudioUnit.framework/Versions/A/AudioUnit
0x000000000e18c000 	/System/Library/PrivateFrameworks/DataDetectorsCore.framework/Versions/A/DataDetectorsCore
0x000000000e18c000 	/System/Library/PrivateFrameworks/DesktopServicesPriv.framework/Versions/A/DesktopServicesPriv
0x000000000e18c000 	/System/Library/Frameworks/Carbon.framework/Versions/A/Frameworks/HIToolbox.framework/Versions/A/HIToolbox
0x000000000e18c000 	/usr/lib/libicucore.A.dylib
0x000000000e18c000 	/System/Library/Frameworks/QuartzCore.framework/Versions/A/QuartzCore
0x000000000e18c000 	/System/Library/Frameworks/Carbon.framework/Versions/A/Frameworks/SpeechRecognition.framework/Versions/A/SpeechRecognition
0x000000000e18c000 	/usr/lib/libauto.dylib
0x000000000e18c000 	/usr/lib/libxml2.2.dylib
0x000000000e18c000 	/System/Library/PrivateFrameworks/CoreUI.framework/Versions/A/CoreUI
0x000000000e18c000 	/System/Library/Frameworks/CoreAudio.framework/Versions/A/CoreAudio
0x000000000e18c000 	/System/Library/Frameworks/DiskArbitration.framework/Versions/A/DiskArbitration
0x000000000e18c000 	/usr/lib/liblangid.dylib
0x000000000e18c000 	/System/Library/PrivateFrameworks/MultitouchSupport.framework/Versions/A/MultitouchSupport
0x000000000e18c000 	/System/Library/Frameworks/IOKit.framework/Versions/A/IOKit
0x000000000e18c000 	/usr/lib/libDiagnosticMessagesClient.dylib
0x000000000e18c000 	/System/Library/Frameworks/CoreServices.framework/Versions/A/CoreServices
0x000000000e18c000 	/System/Library/PrivateFrameworks/PerformanceAnalysis.framework/Versions/A/PerformanceAnalysis
0x000000000e18c000 	/System/Library/PrivateFrameworks/GenerationalStorage.framework/Versions/A/GenerationalStorage
0x000000000e18c000 	/System/Library/Frameworks/OpenGL.framework/Versions/A/OpenGL
0x000000000e18c000 	/System/Library/Frameworks/CoreImage.framework/Versions/A/CoreImage
0x000000000e18c000 	/System/Library/Frameworks/CoreText.framework/Versions/A/CoreText
0x000000000e18c000 	/System/Library/Frameworks/ImageIO.framework/Versions/A/ImageIO
0x000000000e18c000 	/System/Library/PrivateFrameworks/Backup.framework/Versions/A/Backup
0x000000000e18c000 	/usr/lib/libarchive.2.dylib
0x000000000e18c000 	/System/Library/Frameworks/CFNetwork.framework/Versions/A/CFNetwork
0x000000000e18c000 	/System/Library/Frameworks/SystemConfiguration.framework/Versions/A/SystemConfiguration
0x000000000e18c000 	/usr/lib/libCRFSuite.dylib
0x000000000e18c000 	/usr/lib/libc++.1.dylib
0x000000000e18c000 	/usr/lib/libc++abi.dylib
0x000000000e18c000 	/usr/lib/system/libcache.dylib
0x000000000e18c000 	/usr/lib/system/libcommonCrypto.dylib
0x000000000e18c000 	/usr/lib/system/libcompiler_rt.dylib
0x000000000e18c000 	/usr/lib/system/libcopyfile.dylib
0x000000000e18c000 	/usr/lib/system/libcorecrypto.dylib
0x000000000e18c000 	/usr/lib/system/libdispatch.dylib
0x000000000e18c000 	/usr/lib/system/libdyld.dylib
0x000000000e18c000 	/usr/lib/system/libkeymgr.dylib
0x000000000e18c000 	/usr/lib/system/liblaunch.dylib
0x000000000e18c000 	/usr/lib/system/libmacho.dylib
0x000000000e18c000 	/usr/lib/system/libquarantine.dylib
0x000000000e18c000 	/usr/lib/system/libremovefile.dylib
0x000000000e18c000 	/usr/lib/system/libsystem_asl.dylib
0x000000000e18c000 	/usr/lib/system/libsystem_blocks.dylib
0x000000000e18c000 	/usr/lib/system/libsystem_c.dylib
0x000000000e18c000 	/usr/lib/system/libsystem_configuration.dylib
0x000000000e18c000 	/usr/lib/system/libsystem_coreservices.dylib
0x000000000e18c000 	/usr/lib/system/libsystem_coretls.dylib
0x000000000e18c000 	/usr/lib/system/libsystem_dnssd.dylib
0x000000000e18c000 	/usr/lib/system/libsystem_info.dylib
0x000000000e18c000 	/usr/lib/system/libsystem_kernel.dylib
0x000000000e18c000 	/usr/lib/system/libsystem_m.dylib
0x000000000e18c000 	/usr/lib/system/libsystem_malloc.dylib
0x000000000e18c000 	/usr/lib/system/libsystem_network.dylib
0x000000000e18c000 	/usr/lib/system/libsystem_networkextension.dylib
0x000000000e18c000 	/usr/lib/system/libsystem_notify.dylib
0x000000000e18c000 	/usr/lib/system/libsystem_platform.dylib
0x000000000e18c000 	/usr/lib/system/libsystem_pthread.dylib
0x000000000e18c000 	/usr/lib/system/libsystem_sandbox.dylib
0x000000000e18c000 	/usr/lib/system/libsystem_secinit.dylib
0x000000000e18c000 	/usr/lib/system/libsystem_symptoms.dylib
0x000000000e18c000 	/usr/lib/system/libsystem_trace.dylib
0x000000000e18c000 	/usr/lib/system/libunwind.dylib
0x000000000e18c000 	/usr/lib/system/libxpc.dylib
0x000000000e18c000 	/usr/lib/libbsm.0.dylib
0x000000000e18c000 	/usr/lib/system/libkxld.dylib
0x000000000e18c000 	/usr/lib/libcoretls.dylib
0x000000000e18c000 	/usr/lib/libcoretls_cfhelpers.dylib
0x000000000e18c000 	/usr/lib/libOpenScriptingUtil.dylib
0x000000000e18c000 	/usr/lib/libpam.2.dylib
0x000000000e18c000 	/usr/lib/libsqlite3.dylib
0x000000000e18c000 	/usr/lib/libxar.1.dylib
0x000000000e18c000 	/usr/lib/libbz2.1.0.dylib
0x000000000e18c000 	/usr/lib/liblzma.5.dylib
0x000000000e18c000 	/usr/lib/libnetwork.dylib
0x000000000e18c000 	/usr/lib/libpcap.A.dylib
0x000000000e18c000 	/System/Library/Frameworks/CoreServices.framework/Versions/A/Frameworks/FSEvents.framework/Versions/A/FSEvents
0x000000000e18c000 	/System/Library/Frameworks/CoreServices.framework/Versions/A/Frameworks/CarbonCore.framework/Versions/A/CarbonCore
0x000000000e18c000 	/System/Library/Frameworks/CoreServices.framework/Versions/A/Frameworks/Metadata.framework/Versions/A/Metadata
0x000000000e18c000 	/System/Library/Frameworks/CoreServices.framework/Versions/A/Frameworks/OSServices.framework/Versions/A/OSServices
0x000000000e18c000 	/System/Library/Frameworks/CoreServices.framework/Versions/A/Frameworks/SearchKit.framework/Versions/A/SearchKit
0x000000000e18c000 	/System/Library/Frameworks/CoreServices.framework/Versions/A/Frameworks/AE.framework/Versions/A/AE
0x000000000e18c000 	/System/Library/Frameworks/CoreServices.framework/Versions/A/Frameworks/LaunchServices.framework/Versions/A/LaunchServices
0x000000000e18c000 	/System/Library/Frameworks/CoreServices.framework/Versions/A/Frameworks/DictionaryServices.framework/Versions/A/DictionaryServices
0x000000000e18c000 	/System/Library/Frameworks/CoreServices.framework/Versions/A/Frameworks/SharedFileList.framework/Versions/A/SharedFileList
0x000000000e18c000 	/System/Library/Frameworks/NetFS.framework/Versions/A/NetFS
0x000000000e18c000 	/System/Library/PrivateFrameworks/NetAuth.framework/Versions/A/NetAuth
0x000000000e18c000 	/System/Library/PrivateFrameworks/login.framework/Versions/A/Frameworks/loginsupport.framework/Versions/A/loginsupport
0x000000000e18c000 	/System/Library/PrivateFrameworks/TCC.framework/Versions/A/TCC
0x000000000e18c000 	/usr/lib/libmecabra.dylib
0x000000000e18c000 	/System/Library/Frameworks/ApplicationServices.framework/Versions/A/Frameworks/ATS.framework/Versions/A/ATS
0x000000000e18c000 	/System/Library/Frameworks/ApplicationServices.framework/Versions/A/Frameworks/ColorSync.framework/Versions/A/ColorSync
0x000000000e18c000 	/System/Library/Frameworks/ApplicationServices.framework/Versions/A/Frameworks/HIServices.framework/Versions/A/HIServices
0x000000000e18c000 	/System/Library/Frameworks/ApplicationServices.framework/Versions/A/Frameworks/LangAnalysis.framework/Versions/A/LangAnalysis
0x000000000e18c000 	/System/Library/Frameworks/ApplicationServices.framework/Versions/A/Frameworks/PrintCore.framework/Versions/A/PrintCore
0x000000000e18c000 	/System/Library/Frameworks/ApplicationServices.framework/Versions/A/Frameworks/QD.framework/Versions/A/QD
0x000000000e18c000 	/System/Library/Frameworks/ApplicationServices.framework/Versions/A/Frameworks/SpeechSynthesis.framework/Versions/A/SpeechSynthesis
0x000000000e18c000 	/System/Library/Frameworks/Accelerate.framework/Versions/A/Frameworks/vImage.framework/Versions/A/vImage
0x000000000e18c000 	/System/Library/Frameworks/Accelerate.framework/Versions/A/Frameworks/vecLib.framework/Versions/A/vecLib
0x000000000e18c000 	/System/Library/Frameworks/Accelerate.framework/Versions/A/Frameworks/vecLib.framework/Versions/A/libvDSP.dylib
0x000000000e18c000 	/System/Library/Frameworks/Accelerate.framework/Versions/A/Frameworks/vecLib.framework/Versions/A/libBNNS.dylib
0x000000000e18c000 	/System/Library/Frameworks/Accelerate.framework/Versions/A/Frameworks/vecLib.framework/Versions/A/libQuadrature.dylib
0x000000000e18c000 	/System/Library/Frameworks/Accelerate.framework/Versions/A/Frameworks/vecLib.framework/Versions/A/libvMisc.dylib
0x000000000e18c000 	/System/Library/Frameworks/Accelerate.framework/Versions/A/Frameworks/vecLib.framework/Versions/A/libLAPACK.dylib
0x000000000e18c000 	/System/Library/Frameworks/Accelerate.framework/Versions/A/Frameworks/vecLib.framework/Versions/A/libBLAS.dylib
0x000000000e18c000 	/System/Library/Frameworks/Accelerate.framework/Versions/A/Frameworks/vecLib.framework/Versions/A/libLinearAlgebra.dylib
0x000000000e18c000 	/System/Library/Frameworks/Accelerate.framework/Versions/A/Frameworks/vecLib.framework/Versions/A/libSparseBLAS.dylib
0x000000000e18c000 	/System/Library/Frameworks/ApplicationServices.framework/Versions/A/Frameworks/ATS.framework/Versions/A/Resources/libFontParser.dylib
0x000000000e18c000 	/System/Library/Frameworks/ApplicationServices.framework/Versions/A/Frameworks/ATS.framework/Versions/A/Resources/libFontRegistry.dylib
0x000000000e18c000 	/System/Library/Frameworks/ImageIO.framework/Versions/A/Resources/libJPEG.dylib
0x000000000e18c000 	/System/Library/Frameworks/ImageIO.framework/Versions/A/Resources/libTIFF.dylib
0x000000000e18c000 	/System/Library/Frameworks/ImageIO.framework/Versions/A/Resources/libPng.dylib
0x000000000e18c000 	/System/Library/Frameworks/ImageIO.framework/Versions/A/Resources/libGIF.dylib
0x000000000e18c000 	/System/Library/Frameworks/ImageIO.framework/Versions/A/Resources/libJP2.dylib
0x000000000e18c000 	/System/Library/Frameworks/ImageIO.framework/Versions/A/Resources/libRadiance.dylib
0x000000000e18c000 	/usr/lib/libcompression.dylib
0x000000000e18c000 	/System/Library/PrivateFrameworks/AppleJPEG.framework/Versions/A/AppleJPEG
0x000000000e18c000 	/usr/lib/libcups.2.dylib
0x000000000e18c000 	/System/Library/Frameworks/Kerberos.framework/Versions/A/Kerberos
0x000000000e18c000 	/System/Library/Frameworks/GSS.framework/Versions/A/GSS
0x000000000e18c000 	/usr/lib/libresolv.9.dylib
0x000000000e18c000 	/usr/lib/libiconv.2.dylib
0x000000000e18c000 	/System/Library/PrivateFrameworks/Heimdal.framework/Versions/A/Heimdal
0x000000000e18c000 	/usr/lib/libheimdal-asn1.dylib
0x000000000e18c000 	/System/Library/Frameworks/OpenDirectory.framework/Versions/A/OpenDirectory
0x000000000e18c000 	/System/Library/PrivateFrameworks/CommonAuth.framework/Versions/A/CommonAuth
0x000000000e18c000 	/System/Library/Frameworks/OpenDirectory.framework/Versions/A/Frameworks/CFOpenDirectory.framework/Versions/A/CFOpenDirectory
0x000000000e18c000 	/System/Library/Frameworks/SecurityFoundation.framework/Versions/A/SecurityFoundation
0x000000000e18c000 	/System/Library/PrivateFrameworks/LanguageModeling.framework/Versions/A/LanguageModeling
0x000000000e18c000 	/usr/lib/libmarisa.dylib
0x000000000e18c000 	/usr/lib/libChineseTokenizer.dylib
0x000000000e18c000 	/usr/lib/libcmph.dylib
0x000000000e18c000 	/System/Library/PrivateFrameworks/CoreEmoji.framework/Versions/A/CoreEmoji
0x000000000e18c000 	/System/Library/Frameworks/ServiceManagement.framework/Versions/A/ServiceManagement
0x000000000e18c000 	/usr/lib/libxslt.1.dylib
0x000000000e18c000 	/System/Library/Frameworks/Carbon.framework/Versions/A/Frameworks/Ink.framework/Versions/A/Ink
0x000000000e18c000 	/System/Library/PrivateFrameworks/TextureIO.framework/Versions/A/TextureIO
0x000000000e18c000 	/System/Library/Frameworks/Metal.framework/Versions/A/Metal
0x000000000e18c000 	/usr/lib/libate.dylib
0x000000000e18c000 	/System/Library/PrivateFrameworks/GPUCompiler.framework/libmetal_timestamp.dylib
0x000000000e18c000 	/System/Library/Frameworks/OpenGL.framework/Versions/A/Libraries/libCoreFSCache.dylib
0x000000000e18c000 	/System/Library/PrivateFrameworks/IOAccelerator.framework/Versions/A/IOAccelerator
0x000000000e18c000 	/System/Library/Frameworks/CoreVideo.framework/Versions/A/CoreVideo
0x000000000e18c000 	/usr/lib/libFosl_dynamic.dylib
0x000000000e18c000 	/System/Library/PrivateFrameworks/MetalPerformanceShaders.framework/Versions/A/MetalPerformanceShaders
0x000000000e18c000 	/System/Library/PrivateFrameworks/FaceCore.framework/Versions/A/FaceCore
0x000000000e18c000 	/System/Library/Frameworks/OpenCL.framework/Versions/A/OpenCL
0x000000000e18c000 	/System/Library/Frameworks/OpenGL.framework/Versions/A/Libraries/libGLU.dylib
0x000000000e18c000 	/System/Library/Frameworks/OpenGL.framework/Versions/A/Libraries/libGFXShared.dylib
0x000000000e18c000 	/System/Library/Frameworks/OpenGL.framework/Versions/A/Libraries/libGL.dylib
0x000000000e18c000 	/System/Library/Frameworks/OpenGL.framework/Versions/A/Libraries/libGLImage.dylib
0x000000000e18c000 	/System/Library/Frameworks/OpenGL.framework/Versions/A/Libraries/libCVMSPluginSupport.dylib
0x000000000e18c000 	/System/Library/Frameworks/OpenGL.framework/Versions/A/Libraries/libCoreVMClient.dylib
0x000000000e18c000 	/System/Library/PrivateFrameworks/CrashReporterSupport.framework/Versions/A/CrashReporterSupport
0x000000000e18c000 	/System/Library/PrivateFrameworks/Sharing.framework/Versions/A/Sharing
0x000000000e18c000 	/System/Library/PrivateFrameworks/IconServices.framework/Versions/A/IconServices
0x000000000e18c000 	/System/Library/PrivateFrameworks/ProtocolBuffer.framework/Versions/A/ProtocolBuffer
0x000000000e18c000 	/System/Library/PrivateFrameworks/Apple80211.framework/Versions/A/Apple80211
0x000000000e18c000 	/System/Library/Frameworks/CoreWLAN.framework/Versions/A/CoreWLAN
0x000000000e18c000 	/System/Library/PrivateFrameworks/CoreUtils.framework/Versions/A/CoreUtils
0x000000000e18c000 	/System/Library/Frameworks/IOBluetooth.framework/Versions/A/IOBluetooth
0x000000000e18c000 	/System/Library/PrivateFrameworks/CoreWiFi.framework/Versions/A/CoreWiFi
0x000000000e18c000 	/System/Library/Frameworks/CoreBluetooth.framework/Versions/A/CoreBluetooth
0x000000000e18c000 	/System/Library/Frameworks/CoreDisplay.framework/Versions/A/CoreDisplay
0x000000000e18c000 	/System/Library/PrivateFrameworks/IOPresentment.framework/Versions/A/IOPresentment
0x000000000e18c000 	/System/Library/PrivateFrameworks/DSExternalDisplay.framework/Versions/A/DSExternalDisplay
0x000000000e18c000 	/System/Library/PrivateFrameworks/DebugSymbols.framework/Versions/A/DebugSymbols
0x000000000e18c000 	/System/Library/PrivateFrameworks/CoreSymbolication.framework/Versions/A/CoreSymbolication
0x000000000e18c000 	/System/Library/PrivateFrameworks/Symbolication.framework/Versions/A/Symbolication
0x000000000e18c000 	/System/Library/PrivateFrameworks/AppleFSCompression.framework/Versions/A/AppleFSCompression
0x000000000e18c000 	/System/Library/PrivateFrameworks/SpeechRecognitionCore.framework/Versions/A/SpeechRecognitionCore
0x000000000e18c000 	/System/Library/PrivateFrameworks/ChunkingLibrary.framework/Versions/A/ChunkingLibrary
0x000000004dd36000 	/System/Library/CoreServices/Encodings/libKoreanConverter.dylib
0x0000000109200000 	/Library/Java/JavaVirtualMachines/jdk1.8.0_60.jdk/Contents/Home/jre/lib/server/libjvm.dylib
0x000000000e18c000 	/usr/lib/libstdc++.6.dylib
0x000000010888e000 	/Library/Java/JavaVirtualMachines/jdk1.8.0_60.jdk/Contents/Home/jre/lib/libverify.dylib
0x000000010889c000 	/Library/Java/JavaVirtualMachines/jdk1.8.0_60.jdk/Contents/Home/jre/lib/libjava.dylib
0x00000001088d2000 	/Library/Java/JavaVirtualMachines/jdk1.8.0_60.jdk/Contents/Home/jre/lib/libjdwp.dylib
0x000000010891d000 	/Library/Java/JavaVirtualMachines/jdk1.8.0_60.jdk/Contents/Home/jre/lib/libnpt.dylib
0x0000000108921000 	/Library/Java/JavaVirtualMachines/jdk1.8.0_60.jdk/Contents/Home/jre/lib/libinstrument.dylib
0x000000010897f000 	/Library/Java/JavaVirtualMachines/jdk1.8.0_60.jdk/Contents/Home/jre/lib/libzip.dylib
0x000000010d526000 	/System/Library/Frameworks/JavaVM.framework/Frameworks/JavaRuntimeSupport.framework/JavaRuntimeSupport
0x000000010d540000 	/System/Library/Frameworks/JavaVM.framework/Versions/A/Frameworks/JavaNativeFoundation.framework/Versions/A/JavaNativeFoundation
0x000000010d555000 	/System/Library/Frameworks/JavaVM.framework/Versions/A/JavaVM
0x000000000e18c000 	/System/Library/Frameworks/Carbon.framework/Versions/A/Carbon
0x000000010d562000 	/System/Library/PrivateFrameworks/JavaLaunching.framework/Versions/A/JavaLaunching
0x000000000e18c000 	/System/Library/Frameworks/Carbon.framework/Versions/A/Frameworks/CommonPanels.framework/Versions/A/CommonPanels
0x000000000e18c000 	/System/Library/Frameworks/Carbon.framework/Versions/A/Frameworks/Help.framework/Versions/A/Help
0x000000000e18c000 	/System/Library/Frameworks/Carbon.framework/Versions/A/Frameworks/ImageCapture.framework/Versions/A/ImageCapture
0x000000000e18c000 	/System/Library/Frameworks/Carbon.framework/Versions/A/Frameworks/OpenScripting.framework/Versions/A/OpenScripting
0x000000000e18c000 	/System/Library/Frameworks/Carbon.framework/Versions/A/Frameworks/Print.framework/Versions/A/Print
0x000000000e18c000 	/System/Library/Frameworks/Carbon.framework/Versions/A/Frameworks/SecurityHI.framework/Versions/A/SecurityHI
0x000000010ee67000 	/Library/Java/JavaVirtualMachines/jdk1.8.0_60.jdk/Contents/Home/jre/lib/libdt_socket.dylib
0x000000010f4d4000 	/Library/Java/JavaVirtualMachines/jdk1.8.0_60.jdk/Contents/Home/jre/lib/libmanagement.dylib
0x000000010f4e2000 	/Library/Java/JavaVirtualMachines/jdk1.8.0_60.jdk/Contents/Home/jre/lib/libnet.dylib
0x000000010f541000 	/Library/Java/JavaVirtualMachines/jdk1.8.0_60.jdk/Contents/Home/jre/lib/libnio.dylib
0x000000010fa63000 	/Library/Java/JavaVirtualMachines/jdk1.8.0_60.jdk/Contents/Home/jre/lib/libattach.dylib

VM Arguments:
jvm_args: -agentlib:jdwp=transport=dt_socket,address=127.0.0.1:64711,suspend=y,server=n -XX:TieredStopAtLevel=1 -Xverify:none -Dspring.output.ansi.enabled=always -Dcom.sun.management.jmxremote -Dcom.sun.management.jmxremote.port=64710 -Dcom.sun.management.jmxremote.authenticate=false -Dcom.sun.management.jmxremote.ssl=false -Dspring.liveBeansView.mbeanDomain -Dspring.application.admin.enabled=true -javaagent:/Users/jjong/Library/Caches/IntelliJIdea2017.2/groovyHotSwap/gragent.jar -Dfile.encoding=UTF-8 
java_command: net.ion.ice.Ice2Application
java_class_path (initial): /Library/Java/JavaVirtualMachines/jdk1.8.0_60.jdk/Contents/Home/jre/lib/charsets.jar:/Library/Java/JavaVirtualMachines/jdk1.8.0_60.jdk/Contents/Home/jre/lib/deploy.jar:/Library/Java/JavaVirtualMachines/jdk1.8.0_60.jdk/Contents/Home/jre/lib/ext/cldrdata.jar:/Library/Java/JavaVirtualMachines/jdk1.8.0_60.jdk/Contents/Home/jre/lib/ext/dnsns.jar:/Library/Java/JavaVirtualMachines/jdk1.8.0_60.jdk/Contents/Home/jre/lib/ext/jaccess.jar:/Library/Java/JavaVirtualMachines/jdk1.8.0_60.jdk/Contents/Home/jre/lib/ext/jfxrt.jar:/Library/Java/JavaVirtualMachines/jdk1.8.0_60.jdk/Contents/Home/jre/lib/ext/localedata.jar:/Library/Java/JavaVirtualMachines/jdk1.8.0_60.jdk/Contents/Home/jre/lib/ext/nashorn.jar:/Library/Java/JavaVirtualMachines/jdk1.8.0_60.jdk/Contents/Home/jre/lib/ext/sunec.jar:/Library/Java/JavaVirtualMachines/jdk1.8.0_60.jdk/Contents/Home/jre/lib/ext/sunjce_provider.jar:/Library/Java/JavaVirtualMachines/jdk1.8.0_60.jdk/Contents/Home/jre/lib/ext/sunpkcs11.jar:/Library/Java/JavaVirtualMachines/jdk1.8.0_60.jdk/Contents/Home/jre/lib/ext/zipfs.jar:/Library/Java/JavaVirtualMachines/jdk1.8.0_60.jdk/Contents/Home/jre/lib/javaws.jar:/Library/Java/JavaVirtualMachines/jdk1.8.0_60.jdk/Contents/Home/jre/lib/jce.jar:/Library/Java/JavaVirtualMachines/jdk1.8.0_60.jdk/Contents/Home/jre/lib/jfr.jar:/Library/Java/JavaVirtualMachines/jdk1.8.0_60.jdk/Contents/Home/jre/lib/jfxswt.jar:/Library/Java/JavaVirtualMachines/jdk1.8.0_60.jdk/Contents/Home/jre/lib/jsse.jar:/Library/Java/JavaVirtualMachines/jdk1.8.0_60.jdk/Contents/Home/jre/lib/management-agent.jar:/Library/Java/JavaVirtualMachines/jdk1.8.0_60.jdk/Contents/Home/jre/lib/plugin.jar:/Library/Java/JavaVirtualMachines/jdk1.8.0_60.jdk/Contents/Home/jre/lib/resources.jar:/Library/Java/JavaVirtualMachines/jdk1.8.0_60.jdk/Contents/Home/jre/lib/rt.jar:/Library/Java/JavaVirtualMachines/jdk1.8.0_60.jdk/Contents/Home/lib/ant-javafx.jar:/Library/Java/JavaVirtualMachines/jdk1.8.0_60.jdk/Contents/Home/lib/dt.jar:/Library/Ja
Launcher Type: SUN_STANDARD

Environment Variables:
PATH=/usr/local/bin:/usr/bin:/bin:/usr/sbin:/sbin:/Users/jjong/Library/Android/sdk/tools:/Users/jjong/Library/Android/sdk/platform-tools
SHELL=/bin/bash

Signal Handlers:
SIGSEGV: [libjvm.dylib+0x5a6d31], sa_mask[0]=11111111011111110111111111111111, sa_flags=SA_ONSTACK|SA_RESTART|SA_SIGINFO
SIGBUS: [libjvm.dylib+0x5a6d31], sa_mask[0]=11111111011111110111111111111111, sa_flags=SA_RESTART|SA_SIGINFO
SIGFPE: [libjvm.dylib+0x480a4c], sa_mask[0]=11111111011111110111111111111111, sa_flags=SA_RESTART|SA_SIGINFO
SIGPIPE: [libjvm.dylib+0x480a4c], sa_mask[0]=11111111011111110111111111111111, sa_flags=SA_RESTART|SA_SIGINFO
SIGXFSZ: [libjvm.dylib+0x480a4c], sa_mask[0]=11111111011111110111111111111111, sa_flags=SA_RESTART|SA_SIGINFO
SIGILL: [libjvm.dylib+0x480a4c], sa_mask[0]=11111111011111110111111111111111, sa_flags=SA_RESTART|SA_SIGINFO
SIGUSR1: SIG_DFL, sa_mask[0]=00000000000000000000000000000000, sa_flags=none
SIGUSR2: [libjvm.dylib+0x48056a], sa_mask[0]=00100000000000000000000000000000, sa_flags=SA_RESTART|SA_SIGINFO
SIGHUP: [libjvm.dylib+0x47eb41], sa_mask[0]=11111111011111110111111111111111, sa_flags=SA_RESTART|SA_SIGINFO
SIGINT: [libjvm.dylib+0x47eb41], sa_mask[0]=11111111011111110111111111111111, sa_flags=SA_RESTART|SA_SIGINFO
SIGTERM: [libjvm.dylib+0x47eb41], sa_mask[0]=11111111011111110111111111111111, sa_flags=SA_RESTART|SA_SIGINFO
SIGQUIT: [libjvm.dylib+0x47eb41], sa_mask[0]=11111111011111110111111111111111, sa_flags=SA_RESTART|SA_SIGINFO


---------------  S Y S T E M  ---------------

OS:Bsduname:Darwin 16.7.0 Darwin Kernel Version 16.7.0: Thu Jun 15 17:36:27 PDT 2017; root:xnu-3789.70.16~2/RELEASE_X86_64 x86_64
rlimit: STACK 8192k, CORE 0k, NPROC 709, NOFILE 10240, AS infinity
load average:3.39 3.26 3.18

CPU:total 4 (4 cores per cpu, 1 threads per core) family 6 model 60 stepping 3, cmov, cx8, fxsr, mmx, sse, sse2, sse3, ssse3, sse4.1, sse4.2, popcnt, avx, avx2, aes, clmul, erms, rtm, lzcnt, tsc, tscinvbit, bmi1, bmi2

Memory: 4k page, physical 16777216k(184548k free)

/proc/meminfo:


vm_info: Java HotSpot(TM) 64-Bit Server VM (25.60-b23) for bsd-amd64 JRE (1.8.0_60-b27), built on Aug  4 2015 10:47:24 by "java_re" with gcc 4.2.1 (Based on Apple Inc. build 5658) (LLVM build 2336.11.00)

time: Mon Oct  9 03:42:48 2017
elapsed time: 72 seconds (0d 0h 1m 12s)

