#
# A fatal error has been detected by the Java Runtime Environment:
#
#  SIGSEGV (0xb) at pc=0x000000010fec71fa, pid=24075, tid=11523
#
# JRE version: Java(TM) SE Runtime Environment (8.0_60-b27) (build 1.8.0_60-b27)
# Java VM: Java HotSpot(TM) 64-Bit Server VM (25.60-b23 mixed mode bsd-amd64 compressed oops)
# Problematic frame:
# V  [libjvm.dylib+0x4f81fa]
#
# Failed to write core dump. Core dumps have been disabled. To enable core dumping, try "ulimit -c unlimited" before starting Java again
#
# If you would like to submit a bug report, please visit:
#   http://bugreport.java.com/bugreport/crash.jsp
#

---------------  T H R E A D  ---------------

Current thread (0x00007ff16200e800):  VMThread [stack: 0x000070000eeaa000,0x000070000efaa000] [id=11523]

siginfo: si_signo: 11 (SIGSEGV), si_code: 1 (SEGV_MAPERR), si_addr: 0x0000000000000008

Registers:
RAX=0x0000000000000000, RBX=0x000070000efa9128, RCX=0x0000000000000000, RDX=0x0000000000000000
RSP=0x000070000efa8fe0, RBP=0x000070000efa90f0, RSI=0x0000000000000028, RDI=0x000070000efa9128
R8 =0x0000000000000032, R9 =0x0000000000000006, R10=0x000000000000001e, R11=0x0000000000000054
R12=0x000070000efa9128, R13=0x00007ff16200e800, R14=0x0000000000000000, R15=0x000070000efa9758
RIP=0x000000010fec71fa, EFLAGS=0x0000000000010202, ERR=0x0000000000000004
  TRAPNO=0x000000000000000e

Top of Stack: (sp=0x000070000efa8fe0)
0x000070000efa8fe0:   00007ff100020000 0000000000000000
0x000070000efa8ff0:   0000000000000000 0000000000000000
0x000070000efa9000:   00007ff1652ff120 00007ff165388440
0x000070000efa9010:   0000000000000000 0000000000000000
0x000070000efa9020:   0000000000000000 0000000000000001
0x000070000efa9030:   00007ff165388430 0000000500000001
0x000070000efa9040:   0000000000000000 00007ff1652fe5e0
0x000070000efa9050:   00007ff165388440 00007ff165382ff0
0x000070000efa9060:   0000000000000000 00000003000000a3
0x000070000efa9070:   0000700000000001 00007ff1653884a0
0x000070000efa9080:   0000000000000001 0000700000000003
0x000070000efa9090:   00007ff1653884b0 0000000100000003
0x000070000efa90a0:   00007ff100000000 00007ff1653884a0
0x000070000efa90b0:   0000000000000000 00007ff1653862f0
0x000070000efa90c0:   000070000efa90f0 000000010fec7008
0x000070000efa90d0:   00007ff1652fe090 000070000efa9128
0x000070000efa90e0:   0000000000000000 000070000efa9128
0x000070000efa90f0:   000070000efa9110 000000010fec72f2
0x000070000efa9100:   0000000000000000 0000000000000032
0x000070000efa9110:   000070000efa9590 000000010fc536dd
0x000070000efa9120:   00007ff165388540 00000001101e3ef0
0x000070000efa9130:   0000000000000000 0000000000000000
0x000070000efa9140:   00007ff10000000a 000070000efa9560
0x000070000efa9150:   0000000000000000 4fffffff4fffffff
0x000070000efa9160:   00007ff1652fe090 00007ff165388240
0x000070000efa9170:   0000000000000000 0000000000000001
0x000070000efa9180:   00007ff165388790 00007ff165382ff0
0x000070000efa9190:   0000000000000000 00000000ffffff9d
0x000070000efa91a0:   0000700000000001 00007ff1653885d0
0x000070000efa91b0:   00007ff100000001 0000000100000003
0x000070000efa91c0:   00007ff1653885e0 0000000000000004
0x000070000efa91d0:   00007ff100000000 00007ff1653885d0 

Instructions: (pc=0x000000010fec71fa)
0x000000010fec71da:   df 48 83 c4 08 5b 5d e9 7c ff ff ff 55 48 89 e5
0x000000010fec71ea:   53 48 81 ec 08 01 00 00 48 63 47 10 48 8b 4f 08
0x000000010fec71fa:   40 38 74 01 08 48 89 fb 74 39 40 0f be d6 48 8d
0x000000010fec720a:   bd f0 fe ff ff 48 8d 35 97 3b 11 00 30 c0 e8 57 

Register to memory mapping:

RAX=0x0000000000000000 is an unknown value
RBX=0x000070000efa9128 is an unknown value
RCX=0x0000000000000000 is an unknown value
RDX=0x0000000000000000 is an unknown value
RSP=0x000070000efa8fe0 is an unknown value
RBP=0x000070000efa90f0 is an unknown value
RSI=0x0000000000000028 is an unknown value
RDI=0x000070000efa9128 is an unknown value
R8 =0x0000000000000032 is an unknown value
R9 =0x0000000000000006 is an unknown value
R10=0x000000000000001e is an unknown value
R11=0x0000000000000054 is an unknown value
R12=0x000070000efa9128 is an unknown value
R13=0x00007ff16200e800 is an unknown value
R14=0x0000000000000000 is an unknown value
R15=0x000070000efa9758 is an unknown value


Stack: [0x000070000eeaa000,0x000070000efaa000],  sp=0x000070000efa8fe0,  free space=1019k
Native frames: (J=compiled Java code, j=interpreted, Vv=VM code, C=native code)
V  [libjvm.dylib+0x4f81fa]
V  [libjvm.dylib+0x4f82f2]
V  [libjvm.dylib+0x2846dd]
V  [libjvm.dylib+0x286360]
V  [libjvm.dylib+0x2865af]
V  [libjvm.dylib+0x286b46]
V  [libjvm.dylib+0x286f5f]
V  [libjvm.dylib+0x47a48d]
V  [libjvm.dylib+0x47a696]
V  [libjvm.dylib+0x47abc9]
V  [libjvm.dylib+0x2bdb1c]
V  [libjvm.dylib+0x448be9]
V  [libjvm.dylib+0x39536b]
V  [libjvm.dylib+0x5ae00d]
V  [libjvm.dylib+0x5ac677]
V  [libjvm.dylib+0x5acac4]
V  [libjvm.dylib+0x5ac3e3]
V  [libjvm.dylib+0x48343a]
C  [libsystem_pthread.dylib+0x393b]  _pthread_body+0xb4
C  [libsystem_pthread.dylib+0x3887]  _pthread_body+0x0
C  [libsystem_pthread.dylib+0x308d]  thread_start+0xd

VM_Operation (0x000070000f3b5958): GetOrSetLocal, mode: safepoint, requested by thread 0x00007ff16201b000


---------------  P R O C E S S  ---------------

Java Threads: ( => current thread )
  0x00007ff162e48800 JavaThread "hz.ice-cluster-hazelcast.cached.thread-11" [_thread_blocked, id=65283, stack(0x00007000152d3000,0x00007000153d3000)]
  0x00007ff1634cb000 JavaThread "hz.ice-cluster-hazelcast.cached.thread-10" [_thread_blocked, id=64771, stack(0x00007000151d0000,0x00007000152d0000)]
  0x00007ff163d42800 JavaThread "hz.ice-cluster-hazelcast.cached.thread-9" [_thread_blocked, id=64259, stack(0x00007000150cd000,0x00007000151cd000)]
  0x00007ff165164800 JavaThread "hz.ice-cluster-hazelcast.cached.thread-8" [_thread_blocked, id=63751, stack(0x0000700014fca000,0x00007000150ca000)]
  0x00007ff165164000 JavaThread "hz.ice-cluster-hazelcast.cached.thread-7" [_thread_blocked, id=24343, stack(0x0000700011110000,0x0000700011210000)]
  0x00007ff163d42000 JavaThread "hz.ice-cluster-hazelcast.cached.thread-6" [_thread_blocked, id=32007, stack(0x000070001100d000,0x000070001110d000)]
  0x00007ff163d41000 JavaThread "hz.ice-cluster-hazelcast.cached.thread-5" [_thread_blocked, id=26139, stack(0x00007000108f8000,0x00007000109f8000)]
  0x00007ff163d40800 JavaThread "hz.ice-cluster-hazelcast.cached.thread-4" [_thread_blocked, id=28431, stack(0x00007000103e9000,0x00007000104e9000)]
  0x00007ff163c4b000 JavaThread "Hibernate Search sync consumer thread for index net.ion.ice.core.node.Node" daemon [_thread_blocked, id=25883, stack(0x00007000104ec000,0x00007000105ec000)]
  0x00007ff1653df000 JavaThread "commons-pool-EvictionTimer" daemon [_thread_blocked, id=31495, stack(0x00007000100e0000,0x00007000101e0000)]
  0x00007ff163808000 JavaThread "RMI TCP Connection(idle)" daemon [_thread_blocked, id=24839, stack(0x00007000101e3000,0x00007000102e3000)]
  0x00007ff1651e2000 JavaThread "DestroyJavaVM" [_thread_blocked, id=7171, stack(0x000070000e99b000,0x000070000ea9b000)]
  0x00007ff162cd8000 JavaThread "http-nio-8080-AsyncTimeout" daemon [_thread_blocked, id=63235, stack(0x0000700014ec7000,0x0000700014fc7000)]
  0x00007ff163583800 JavaThread "http-nio-8080-Acceptor-0" daemon [_thread_in_native, id=62723, stack(0x0000700014dc4000,0x0000700014ec4000)]
  0x00007ff1653d2000 JavaThread "http-nio-8080-ClientPoller-1" daemon [_thread_in_native, id=62211, stack(0x0000700014cc1000,0x0000700014dc1000)]
  0x00007ff1634cf800 JavaThread "http-nio-8080-ClientPoller-0" daemon [_thread_in_native, id=61699, stack(0x0000700014bbe000,0x0000700014cbe000)]
  0x00007ff1634cc800 JavaThread "http-nio-8080-exec-10" daemon [_thread_blocked, id=61187, stack(0x0000700014abb000,0x0000700014bbb000)]
  0x00007ff1634b6000 JavaThread "http-nio-8080-exec-9" daemon [_thread_blocked, id=60675, stack(0x00007000149b8000,0x0000700014ab8000)]
  0x00007ff1634b5000 JavaThread "http-nio-8080-exec-8" daemon [_thread_blocked, id=60163, stack(0x00007000148b5000,0x00007000149b5000)]
  0x00007ff1634b4800 JavaThread "http-nio-8080-exec-7" daemon [_thread_blocked, id=59651, stack(0x00007000147b2000,0x00007000148b2000)]
  0x00007ff1634b3800 JavaThread "http-nio-8080-exec-6" daemon [_thread_blocked, id=59139, stack(0x00007000146af000,0x00007000147af000)]
  0x00007ff1653d1800 JavaThread "http-nio-8080-exec-5" daemon [_thread_blocked, id=58627, stack(0x00007000145ac000,0x00007000146ac000)]
  0x00007ff163cdb000 JavaThread "http-nio-8080-exec-4" daemon [_thread_blocked, id=58115, stack(0x00007000144a9000,0x00007000145a9000)]
  0x00007ff162cc6800 JavaThread "http-nio-8080-exec-3" daemon [_thread_blocked, id=57603, stack(0x00007000143a6000,0x00007000144a6000)]
  0x00007ff1634b3000 JavaThread "http-nio-8080-exec-2" daemon [_thread_blocked, id=57091, stack(0x00007000142a3000,0x00007000143a3000)]
  0x00007ff163586000 JavaThread "http-nio-8080-exec-1" daemon [_thread_blocked, id=56579, stack(0x00007000141a0000,0x00007000142a0000)]
  0x00007ff1634b8800 JavaThread "NioBlockingSelector.BlockPoller-1" daemon [_thread_in_native, id=56067, stack(0x000070001409d000,0x000070001419d000)]
  0x00007ff163d27800 JavaThread "Live Reload Server" daemon [_thread_in_native, id=55559, stack(0x0000700013f9a000,0x000070001409a000)]
  0x00007ff163508800 JavaThread "File Watcher" daemon [_thread_blocked, id=55051, stack(0x0000700013e97000,0x0000700013f97000)]
  0x00007ff163cd8000 JavaThread "Abandoned connection cleanup thread" daemon [_thread_blocked, id=54531, stack(0x0000700013d94000,0x0000700013e94000)]
  0x00007ff1653c3800 JavaThread "Hibernate Search sync consumer thread for index net.ion.ice.core.node.Node" daemon [_thread_blocked, id=54019, stack(0x0000700013c91000,0x0000700013d91000)]
  0x00007ff162f6d800 JavaThread "Hibernate Search sync consumer thread for index net.ion.ice.core.node.Node" daemon [_thread_blocked, id=53507, stack(0x0000700013b8e000,0x0000700013c8e000)]
  0x00007ff1653f1000 JavaThread "Hibernate Search sync consumer thread for index net.ion.ice.core.node.Node" daemon [_thread_blocked, id=52995, stack(0x0000700013a8b000,0x0000700013b8b000)]
  0x00007ff163cd1800 JavaThread "Hibernate Search sync consumer thread for index net.ion.ice.core.node.Node" daemon [_thread_blocked, id=52483, stack(0x0000700013988000,0x0000700013a88000)]
  0x00007ff1653c3000 JavaThread "Hibernate Search sync consumer thread for index net.ion.ice.core.node.Node" daemon [_thread_blocked, id=51971, stack(0x0000700013885000,0x0000700013985000)]
  0x00007ff16399f000 JavaThread "Hibernate Search sync consumer thread for index net.ion.ice.core.node.Node" daemon [_thread_blocked, id=51459, stack(0x0000700013782000,0x0000700013882000)]
  0x00007ff163381800 JavaThread "Thread-31" [_thread_blocked, id=50947, stack(0x000070001367f000,0x000070001377f000)]
  0x00007ff1634b0800 JavaThread "Thread-30" [_thread_blocked, id=50435, stack(0x000070001357c000,0x000070001367c000)]
  0x00007ff163373000 JavaThread "Thread-29" [_thread_blocked, id=49927, stack(0x0000700013479000,0x0000700013579000)]
  0x00007ff164a71000 JavaThread "Hibernate Search sync consumer thread for index net.ion.ice.core.node.Node" daemon [_thread_blocked, id=49415, stack(0x0000700013376000,0x0000700013476000)]
  0x00007ff16346e000 JavaThread "expiration-thread--p3-t1" daemon [_thread_in_Java, id=48903, stack(0x0000700013273000,0x0000700013373000)]
  0x00007ff163b9d800 JavaThread "hz.ice-cluster-hazelcast.HealthMonitor" daemon [_thread_blocked, id=48395, stack(0x0000700013170000,0x0000700013270000)]
  0x00007ff163277000 JavaThread "hz.ice-cluster-hazelcast.cached.thread-3" [_thread_blocked, id=47875, stack(0x000070001306d000,0x000070001316d000)]
  0x00007ff162e50800 JavaThread "hz.ice-cluster-hazelcast.IO.thread-Acceptor" [_thread_in_native, id=47363, stack(0x0000700012f6a000,0x000070001306a000)]
  0x00007ff163a3d800 JavaThread "hz.ice-cluster-hazelcast.IOBalancerThread" [_thread_blocked, id=46851, stack(0x0000700012e67000,0x0000700012f67000)]
  0x00007ff163453800 JavaThread "hz.ice-cluster-hazelcast.IO.thread-out-2" [_thread_in_native, id=46339, stack(0x0000700012d64000,0x0000700012e64000)]
  0x00007ff1622ad800 JavaThread "hz.ice-cluster-hazelcast.IO.thread-out-1" [_thread_in_native, id=45827, stack(0x0000700012c61000,0x0000700012d61000)]
  0x00007ff163bc2800 JavaThread "hz.ice-cluster-hazelcast.IO.thread-out-0" [_thread_in_native, id=45315, stack(0x0000700012b5e000,0x0000700012c5e000)]
  0x00007ff16343c000 JavaThread "hz.ice-cluster-hazelcast.IO.thread-in-2" [_thread_in_native, id=44803, stack(0x0000700012a5b000,0x0000700012b5b000)]
  0x00007ff16343b800 JavaThread "hz.ice-cluster-hazelcast.IO.thread-in-1" [_thread_in_native, id=44291, stack(0x0000700012958000,0x0000700012a58000)]
  0x00007ff1651dc000 JavaThread "hz.ice-cluster-hazelcast.IO.thread-in-0" [_thread_in_native, id=43779, stack(0x0000700012855000,0x0000700012955000)]
  0x00007ff163aa3800 JavaThread "hz.ice-cluster-hazelcast.cached.thread-2" [_thread_blocked, id=43267, stack(0x0000700012752000,0x0000700012852000)]
  0x00007ff163438800 JavaThread "hz.ice-cluster-hazelcast.SlowOperationDetectorThread" [_thread_blocked, id=42755, stack(0x000070001264f000,0x000070001274f000)]
  0x00007ff163ad7000 JavaThread "hz.ice-cluster-hazelcast.response" [_thread_blocked, id=42243, stack(0x000070001254c000,0x000070001264c000)]
  0x00007ff162b31800 JavaThread "hz.ice-cluster-hazelcast.generic-operation.thread-1" [_thread_blocked, id=41731, stack(0x0000700012449000,0x0000700012549000)]
  0x00007ff16313e800 JavaThread "hz.ice-cluster-hazelcast.generic-operation.thread-0" [_thread_blocked, id=41219, stack(0x0000700012346000,0x0000700012446000)]
  0x00007ff165247000 JavaThread "hz.ice-cluster-hazelcast.priority-generic-operation.thread-0" [_thread_blocked, id=40707, stack(0x0000700012243000,0x0000700012343000)]
  0x00007ff1639cb000 JavaThread "hz.ice-cluster-hazelcast.partition-operation.thread-3" [_thread_blocked, id=40195, stack(0x0000700012140000,0x0000700012240000)]
  0x00007ff16313b800 JavaThread "hz.ice-cluster-hazelcast.partition-operation.thread-2" [_thread_blocked, id=39683, stack(0x000070001203d000,0x000070001213d000)]
  0x00007ff16314a800 JavaThread "hz.ice-cluster-hazelcast.partition-operation.thread-1" [_thread_blocked, id=39171, stack(0x0000700011f3a000,0x000070001203a000)]
  0x00007ff1631b2000 JavaThread "hz.ice-cluster-hazelcast.partition-operation.thread-0" [_thread_blocked, id=38659, stack(0x0000700011e37000,0x0000700011f37000)]
  0x00007ff162f1d800 JavaThread "hz.ice-cluster-hazelcast.InvocationMonitorThread" [_thread_in_Java, id=38147, stack(0x0000700011d34000,0x0000700011e34000)]
  0x00007ff1651df000 JavaThread "hz.ice-cluster-hazelcast.cached.thread-1" [_thread_blocked, id=37635, stack(0x0000700011c31000,0x0000700011d31000)]
  0x00007ff16327a800 JavaThread "hz.ice-cluster-hazelcast.migration" [_thread_blocked, id=37123, stack(0x0000700011b2e000,0x0000700011c2e000)]
  0x00007ff1622c8800 JavaThread "MetricsRegistry-thread-2" [_thread_blocked, id=36611, stack(0x0000700011a2b000,0x0000700011b2b000)]
  0x00007ff165273800 JavaThread "MetricsRegistry-thread-1" [_thread_blocked, id=36103, stack(0x0000700011928000,0x0000700011a28000)]
  0x00007ff1622c8000 JavaThread "hz.ice-cluster-hazelcast.operation-parker" [_thread_blocked, id=35587, stack(0x0000700011825000,0x0000700011925000)]
  0x00007ff1622e3000 JavaThread "hz.ice-cluster-hazelcast.event-5" [_thread_blocked, id=35075, stack(0x0000700011722000,0x0000700011822000)]
  0x00007ff165243800 JavaThread "hz.ice-cluster-hazelcast.event-4" [_thread_blocked, id=34563, stack(0x000070001161f000,0x000070001171f000)]
  0x00007ff165272800 JavaThread "hz.ice-cluster-hazelcast.event-3" [_thread_blocked, id=34051, stack(0x000070001151c000,0x000070001161c000)]
  0x00007ff162dbb000 JavaThread "hz.ice-cluster-hazelcast.event-2" [_thread_blocked, id=33539, stack(0x0000700011419000,0x0000700011519000)]
  0x00007ff162aa2000 JavaThread "hz.ice-cluster-hazelcast.event-1" [_thread_blocked, id=33027, stack(0x0000700011316000,0x0000700011416000)]
  0x00007ff163a66800 JavaThread "hz.ice-cluster-hazelcast.scheduled.thread-" [_thread_blocked, id=32519, stack(0x0000700011213000,0x0000700011313000)]
  0x00007ff163ab5000 JavaThread "container-0" [_thread_blocked, id=30979, stack(0x0000700010f0a000,0x000070001100a000)]
  0x00007ff165267800 JavaThread "ContainerBackgroundProcessor[StandardEngine[Tomcat]]" daemon [_thread_blocked, id=30479, stack(0x0000700010e07000,0x0000700010f07000)]
  0x00007ff1633d2000 JavaThread "RMI TCP Connection(idle)" daemon [_thread_blocked, id=4359, stack(0x0000700010d04000,0x0000700010e04000)]
  0x00007ff163c9b800 JavaThread "RMI TCP Connection(idle)" daemon [_thread_blocked, id=4871, stack(0x000070000e812000,0x000070000e912000)]
  0x00007ff163c65000 JavaThread "Attach Listener" daemon [_thread_blocked, id=29955, stack(0x0000700010c01000,0x0000700010d01000)]
  0x00007ff163376800 JavaThread "type-pool-cache-evicter" daemon [_thread_blocked, id=29443, stack(0x0000700010afe000,0x0000700010bfe000)]
  0x00007ff163c54000 JavaThread "stagemonitor-elasticsearch-reporter" daemon [_thread_blocked, id=28931, stack(0x00007000109fb000,0x0000700010afb000)]
  0x00007ff163361800 JavaThread "async-elasticsearch" daemon [_thread_blocked, id=27907, stack(0x00007000107f5000,0x00007000108f5000)]
  0x00007ff164a20000 JavaThread "elasticsearch-tasks" daemon [_thread_blocked, id=27395, stack(0x00007000106f2000,0x00007000107f2000)]
  0x00007ff163356800 JavaThread "configuration-reloader" daemon [_thread_blocked, id=26891, stack(0x00007000105ef000,0x00007000106ef000)]
  0x00007ff1631a7000 JavaThread "logback-appender-STASH-125.131.88.156:5000-2" daemon [_thread_in_native, id=25351, stack(0x00007000102e6000,0x00007000103e6000)]
  0x00007ff162be7000 JavaThread "RMI Scheduler(0)" daemon [_thread_blocked, id=23811, stack(0x000070000ffdd000,0x00007000100dd000)]
  0x00007ff163a3c000 JavaThread "RMI TCP Connection(idle)" daemon [_thread_blocked, id=23299, stack(0x000070000feda000,0x000070000ffda000)]
  0x00007ff1622dc800 JavaThread "RMI TCP Connection(idle)" daemon [_thread_blocked, id=22787, stack(0x000070000fdd7000,0x000070000fed7000)]
  0x00007ff1622cc800 JavaThread "RMI TCP Accept-0" daemon [_thread_in_native, id=21763, stack(0x000070000fbd1000,0x000070000fcd1000)]
  0x00007ff163a2c000 JavaThread "RMI TCP Accept-54353" daemon [_thread_in_native, id=21251, stack(0x000070000face000,0x000070000fbce000)]
  0x00007ff163a28000 JavaThread "RMI TCP Accept-0" daemon [_thread_in_native, id=20739, stack(0x000070000f9cb000,0x000070000facb000)]
  0x00007ff162ad9000 JavaThread "Service Thread" daemon [_thread_blocked, id=20227, stack(0x000070000f8c8000,0x000070000f9c8000)]
  0x00007ff1622a9000 JavaThread "C1 CompilerThread2" daemon [_thread_blocked, id=19715, stack(0x000070000f7c5000,0x000070000f8c5000)]
  0x00007ff163036800 JavaThread "C2 CompilerThread1" daemon [_thread_blocked, id=19203, stack(0x000070000f6c2000,0x000070000f7c2000)]
  0x00007ff162a96000 JavaThread "C2 CompilerThread0" daemon [_thread_blocked, id=18691, stack(0x000070000f5bf000,0x000070000f6bf000)]
  0x00007ff16201c800 JavaThread "JDWP Command Reader" daemon [_thread_in_native, id=18179, stack(0x000070000f4bc000,0x000070000f5bc000)]
  0x00007ff16201b800 JavaThread "JDWP Event Helper Thread" daemon [_thread_blocked, id=17667, stack(0x000070000f3b9000,0x000070000f4b9000)]
  0x00007ff16201b000 JavaThread "JDWP Transport Listener: dt_socket" daemon [_thread_blocked, id=17155, stack(0x000070000f2b6000,0x000070000f3b6000)]
  0x00007ff162866800 JavaThread "Signal Dispatcher" daemon [_thread_blocked, id=16643, stack(0x000070000f1b3000,0x000070000f2b3000)]
  0x00007ff16285c800 JavaThread "Finalizer" daemon [_thread_blocked, id=12547, stack(0x000070000f0b0000,0x000070000f1b0000)]
  0x00007ff16285c000 JavaThread "Reference Handler" daemon [_thread_blocked, id=12035, stack(0x000070000efad000,0x000070000f0ad000)]

Other Threads:
=>0x00007ff16200e800 VMThread [stack: 0x000070000eeaa000,0x000070000efaa000] [id=11523]
  0x00007ff163162000 WatcherThread [stack: 0x000070000fcd4000,0x000070000fdd4000] [id=22275]

VM state:at safepoint (normal execution)

VM Mutex/Monitor currently owned by a thread:  ([mutex/lock_event])
[0x00007ff161c072c0] Threads_lock - owner thread: 0x00007ff16200e800

Heap:
 PSYoungGen      total 990208K, used 665592K [0x000000076ab00000, 0x00000007a9c00000, 0x00000007c0000000)
  eden space 963072K, 69% used [0x000000076ab00000,0x00000007934fe150,0x00000007a5780000)
  from space 27136K, 0% used [0x00000007a7280000,0x00000007a7280000,0x00000007a8d00000)
  to   space 27648K, 0% used [0x00000007a5780000,0x00000007a5780000,0x00000007a7280000)
 ParOldGen       total 146432K, used 30957K [0x00000006c0000000, 0x00000006c8f00000, 0x000000076ab00000)
  object space 146432K, 21% used [0x00000006c0000000,0x00000006c1e3b738,0x00000006c8f00000)
 Metaspace       used 69014K, capacity 70486K, committed 70784K, reserved 1110016K
  class space    used 9647K, capacity 9985K, committed 10112K, reserved 1048576K

Card table byte_map: [0x00000001205c0000,0x0000000120dc1000] byte_map_base: 0x000000011cfc0000

Marking Bits: (ParMarkBitMap*) 0x00000001102ade20
 Begin Bits: [0x0000000121317000, 0x0000000125317000)
 End Bits:   [0x0000000125317000, 0x0000000129317000)

Polling page: 0x000000010f7bd000

CodeCache: size=245760Kb used=13439Kb max_used=13490Kb free=232320Kb
 bounds [0x0000000111200000, 0x0000000111f30000, 0x0000000120200000]
 total_blobs=7256 nmethods=6608 adapters=567
 compilation: enabled

Compilation events (10 events):
Event: 79.765 Thread 0x00007ff1622a9000 6755       1       com.hazelcast.util.executor.LoggingScheduledExecutor$LoggingDelegatingFuture::isDone (10 bytes)
Event: 79.765 Thread 0x00007ff1622a9000 nmethod 6755 0x0000000111b9de90 code [0x0000000111b9e000, 0x0000000111b9e148]
Event: 79.765 Thread 0x00007ff1622a9000 6757       1       java.util.concurrent.ConcurrentHashMap$MapEntry::getValue (5 bytes)
Event: 79.765 Thread 0x00007ff1622a9000 nmethod 6757 0x0000000111b9dbd0 code [0x0000000111b9dd20, 0x0000000111b9de30]
Event: 79.765 Thread 0x00007ff1622a9000 6758       1       org.stagemonitor.configuration.ConfigurationOption$ConfigValueInfo::getNewConfigurationSourceName (5 bytes)
Event: 79.765 Thread 0x00007ff1622a9000 nmethod 6758 0x00000001113de150 code [0x00000001113de2a0, 0x00000001113de3b0]
Event: 79.765 Thread 0x00007ff1622a9000 6759       1       org.stagemonitor.configuration.ConfigurationOption$ConfigValueInfo::getNewValueAsString (5 bytes)
Event: 79.765 Thread 0x00007ff1622a9000 nmethod 6759 0x00000001113dde90 code [0x00000001113ddfe0, 0x00000001113de0f0]
Event: 79.766 Thread 0x00007ff1622a9000 6756       1       sun.management.MemoryManagerImpl::getName (5 bytes)
Event: 79.766 Thread 0x00007ff1622a9000 nmethod 6756 0x00000001113ddbd0 code [0x00000001113ddd20, 0x00000001113dde30]

GC Heap History (10 events):
Event: 4.671 GC heap before
{Heap before GC invocations=11 (full 1):
 PSYoungGen      total 471552K, used 30477K [0x000000076ab00000, 0x0000000795080000, 0x00000007c0000000)
  eden space 455680K, 3% used [0x000000076ab00000,0x000000076b947ce8,0x0000000786800000)
  from space 15872K, 99% used [0x0000000786800000,0x000000078777bae8,0x0000000787780000)
  to   space 21504K, 0% used [0x0000000793b80000,0x0000000793b80000,0x0000000795080000)
 ParOldGen       total 89088K, used 18682K [0x00000006c0000000, 0x00000006c5700000, 0x000000076ab00000)
  object space 89088K, 20% used [0x00000006c0000000,0x00000006c123e9f0,0x00000006c5700000)
 Metaspace       used 34848K, capacity 35342K, committed 35416K, reserved 1079296K
  class space    used 4697K, capacity 4833K, committed 4864K, reserved 1048576K
Event: 4.683 GC heap after
Heap after GC invocations=11 (full 1):
 PSYoungGen      total 672256K, used 5773K [0x000000076ab00000, 0x0000000797600000, 0x00000007c0000000)
  eden space 650752K, 0% used [0x000000076ab00000,0x000000076ab00000,0x0000000792680000)
  from space 21504K, 26% used [0x0000000793b80000,0x00000007941235f8,0x0000000795080000)
  to   space 21504K, 0% used [0x0000000792680000,0x0000000792680000,0x0000000793b80000)
 ParOldGen       total 89088K, used 29201K [0x00000006c0000000, 0x00000006c5700000, 0x000000076ab00000)
  object space 89088K, 32% used [0x00000006c0000000,0x00000006c1c846b0,0x00000006c5700000)
 Metaspace       used 34848K, capacity 35342K, committed 35416K, reserved 1079296K
  class space    used 4697K, capacity 4833K, committed 4864K, reserved 1048576K
}
Event: 4.683 GC heap before
{Heap before GC invocations=12 (full 2):
 PSYoungGen      total 672256K, used 5773K [0x000000076ab00000, 0x0000000797600000, 0x00000007c0000000)
  eden space 650752K, 0% used [0x000000076ab00000,0x000000076ab00000,0x0000000792680000)
  from space 21504K, 26% used [0x0000000793b80000,0x00000007941235f8,0x0000000795080000)
  to   space 21504K, 0% used [0x0000000792680000,0x0000000792680000,0x0000000793b80000)
 ParOldGen       total 89088K, used 29201K [0x00000006c0000000, 0x00000006c5700000, 0x000000076ab00000)
  object space 89088K, 32% used [0x00000006c0000000,0x00000006c1c846b0,0x00000006c5700000)
 Metaspace       used 34848K, capacity 35342K, committed 35416K, reserved 1079296K
  class space    used 4697K, capacity 4833K, committed 4864K, reserved 1048576K
Event: 4.734 GC heap after
Heap after GC invocations=12 (full 2):
 PSYoungGen      total 672256K, used 0K [0x000000076ab00000, 0x0000000797600000, 0x00000007c0000000)
  eden space 650752K, 0% used [0x000000076ab00000,0x000000076ab00000,0x0000000792680000)
  from space 21504K, 0% used [0x0000000793b80000,0x0000000793b80000,0x0000000795080000)
  to   space 21504K, 0% used [0x0000000792680000,0x0000000792680000,0x0000000793b80000)
 ParOldGen       total 124928K, used 23823K [0x00000006c0000000, 0x00000006c7a00000, 0x000000076ab00000)
  object space 124928K, 19% used [0x00000006c0000000,0x00000006c1743f00,0x00000006c7a00000)
 Metaspace       used 34848K, capacity 35342K, committed 35416K, reserved 1079296K
  class space    used 4697K, capacity 4833K, committed 4864K, reserved 1048576K
}
Event: 8.996 GC heap before
{Heap before GC invocations=13 (full 2):
 PSYoungGen      total 672256K, used 650752K [0x000000076ab00000, 0x0000000797600000, 0x00000007c0000000)
  eden space 650752K, 100% used [0x000000076ab00000,0x0000000792680000,0x0000000792680000)
  from space 21504K, 0% used [0x0000000793b80000,0x0000000793b80000,0x0000000795080000)
  to   space 21504K, 0% used [0x0000000792680000,0x0000000792680000,0x0000000793b80000)
 ParOldGen       total 124928K, used 23823K [0x00000006c0000000, 0x00000006c7a00000, 0x000000076ab00000)
  object space 124928K, 19% used [0x00000006c0000000,0x00000006c1743f00,0x00000006c7a00000)
 Metaspace       used 57308K, capacity 58488K, committed 58624K, reserved 1099776K
  class space    used 8147K, capacity 8412K, committed 8448K, reserved 1048576K
Event: 9.021 GC heap after
Heap after GC invocations=13 (full 2):
 PSYoungGen      total 672256K, used 21484K [0x000000076ab00000, 0x00000007a8d00000, 0x00000007c0000000)
  eden space 650752K, 0% used [0x000000076ab00000,0x000000076ab00000,0x0000000792680000)
  from space 21504K, 99% used [0x0000000792680000,0x0000000793b7b018,0x0000000793b80000)
  to   space 27136K, 0% used [0x00000007a7280000,0x00000007a7280000,0x00000007a8d00000)
 ParOldGen       total 124928K, used 31298K [0x00000006c0000000, 0x00000006c7a00000, 0x000000076ab00000)
  object space 124928K, 25% used [0x00000006c0000000,0x00000006c1e90af0,0x00000006c7a00000)
 Metaspace       used 57308K, capacity 58488K, committed 58624K, reserved 1099776K
  class space    used 8147K, capacity 8412K, committed 8448K, reserved 1048576K
}
Event: 9.074 GC heap before
{Heap before GC invocations=14 (full 2):
 PSYoungGen      total 672256K, used 39840K [0x000000076ab00000, 0x00000007a8d00000, 0x00000007c0000000)
  eden space 650752K, 2% used [0x000000076ab00000,0x000000076bced190,0x0000000792680000)
  from space 21504K, 99% used [0x0000000792680000,0x0000000793b7b018,0x0000000793b80000)
  to   space 27136K, 0% used [0x00000007a7280000,0x00000007a7280000,0x00000007a8d00000)
 ParOldGen       total 124928K, used 31298K [0x00000006c0000000, 0x00000006c7a00000, 0x000000076ab00000)
  object space 124928K, 25% used [0x00000006c0000000,0x00000006c1e90af0,0x00000006c7a00000)
 Metaspace       used 57729K, capacity 58880K, committed 59008K, reserved 1099776K
  class space    used 8211K, capacity 8488K, committed 8576K, reserved 1048576K
Event: 9.083 GC heap after
Heap after GC invocations=14 (full 2):
 PSYoungGen      total 990208K, used 384K [0x000000076ab00000, 0x00000007a9c00000, 0x00000007c0000000)
  eden space 963072K, 0% used [0x000000076ab00000,0x000000076ab00000,0x00000007a5780000)
  from space 27136K, 1% used [0x00000007a7280000,0x00000007a72e0000,0x00000007a8d00000)
  to   space 27648K, 0% used [0x00000007a5780000,0x00000007a5780000,0x00000007a7280000)
 ParOldGen       total 124928K, used 39742K [0x00000006c0000000, 0x00000006c7a00000, 0x000000076ab00000)
  object space 124928K, 31% used [0x00000006c0000000,0x00000006c26cfae0,0x00000006c7a00000)
 Metaspace       used 57729K, capacity 58880K, committed 59008K, reserved 1099776K
  class space    used 8211K, capacity 8488K, committed 8576K, reserved 1048576K
}
Event: 9.083 GC heap before
{Heap before GC invocations=15 (full 3):
 PSYoungGen      total 990208K, used 384K [0x000000076ab00000, 0x00000007a9c00000, 0x00000007c0000000)
  eden space 963072K, 0% used [0x000000076ab00000,0x000000076ab00000,0x00000007a5780000)
  from space 27136K, 1% used [0x00000007a7280000,0x00000007a72e0000,0x00000007a8d00000)
  to   space 27648K, 0% used [0x00000007a5780000,0x00000007a5780000,0x00000007a7280000)
 ParOldGen       total 124928K, used 39742K [0x00000006c0000000, 0x00000006c7a00000, 0x000000076ab00000)
  object space 124928K, 31% used [0x00000006c0000000,0x00000006c26cfae0,0x00000006c7a00000)
 Metaspace       used 57729K, capacity 58880K, committed 59008K, reserved 1099776K
  class space    used 8211K, capacity 8488K, committed 8576K, reserved 1048576K
Event: 9.213 GC heap after
Heap after GC invocations=15 (full 3):
 PSYoungGen      total 990208K, used 0K [0x000000076ab00000, 0x00000007a9c00000, 0x00000007c0000000)
  eden space 963072K, 0% used [0x000000076ab00000,0x000000076ab00000,0x00000007a5780000)
  from space 27136K, 0% used [0x00000007a7280000,0x00000007a7280000,0x00000007a8d00000)
  to   space 27648K, 0% used [0x00000007a5780000,0x00000007a5780000,0x00000007a7280000)
 ParOldGen       total 146432K, used 30957K [0x00000006c0000000, 0x00000006c8f00000, 0x000000076ab00000)
  object space 146432K, 21% used [0x00000006c0000000,0x00000006c1e3b738,0x00000006c8f00000)
 Metaspace       used 57729K, capacity 58880K, committed 59008K, reserved 1099776K
  class space    used 8211K, capacity 8488K, committed 8576K, reserved 1048576K
}

Deoptimization events (0 events):
No events

Internal exceptions (10 events):
Event: 40.817 Thread 0x00007ff163586000 Exception <a 'java/lang/ArrayIndexOutOfBoundsException': 37> (0x00000007915f3418) thrown at [/Users/java_re/workspace/8-2-build-macosx-x86_64/jdk8u60/4407/hotspot/src/share/vm/interpreter/interpreterRuntime.cpp, line 366]
Event: 40.817 Thread 0x00007ff163586000 Exception <a 'java/lang/ArrayIndexOutOfBoundsException': 92> (0x00000007915f5490) thrown at [/Users/java_re/workspace/8-2-build-macosx-x86_64/jdk8u60/4407/hotspot/src/share/vm/interpreter/interpreterRuntime.cpp, line 366]
Event: 40.819 Thread 0x00007ff163586000 Exception <a 'java/lang/ArrayIndexOutOfBoundsException': 44> (0x00000007915f9250) thrown at [/Users/java_re/workspace/8-2-build-macosx-x86_64/jdk8u60/4407/hotspot/src/share/vm/interpreter/interpreterRuntime.cpp, line 366]
Event: 40.820 Thread 0x00007ff163586000 Exception <a 'java/lang/ArrayIndexOutOfBoundsException': 78> (0x00000007915fafb0) thrown at [/Users/java_re/workspace/8-2-build-macosx-x86_64/jdk8u60/4407/hotspot/src/share/vm/interpreter/interpreterRuntime.cpp, line 366]
Event: 40.820 Thread 0x00007ff163586000 Exception <a 'java/lang/ArrayIndexOutOfBoundsException': 40> (0x00000007915fc910) thrown at [/Users/java_re/workspace/8-2-build-macosx-x86_64/jdk8u60/4407/hotspot/src/share/vm/interpreter/interpreterRuntime.cpp, line 366]
Event: 40.820 Thread 0x00007ff163586000 Exception <a 'java/lang/ArrayIndexOutOfBoundsException': 74> (0x00000007915fe380) thrown at [/Users/java_re/workspace/8-2-build-macosx-x86_64/jdk8u60/4407/hotspot/src/share/vm/interpreter/interpreterRuntime.cpp, line 366]
Event: 40.821 Thread 0x00007ff163586000 Exception <a 'java/lang/ArrayIndexOutOfBoundsException': 37> (0x00000007915ff868) thrown at [/Users/java_re/workspace/8-2-build-macosx-x86_64/jdk8u60/4407/hotspot/src/share/vm/interpreter/interpreterRuntime.cpp, line 366]
Event: 40.821 Thread 0x00007ff163586000 Exception <a 'java/lang/ArrayIndexOutOfBoundsException': 92> (0x0000000791601810) thrown at [/Users/java_re/workspace/8-2-build-macosx-x86_64/jdk8u60/4407/hotspot/src/share/vm/interpreter/interpreterRuntime.cpp, line 366]
Event: 41.826 Thread 0x00007ff1631a7000 Exception <a 'java/net/ConnectException'> (0x000000077b0ebdc8) thrown at [/Users/java_re/workspace/8-2-build-macosx-x86_64/jdk8u60/4407/hotspot/src/share/vm/prims/jni.cpp, line 709]
Event: 79.762 Thread 0x00007ff1631a7000 Exception <a 'java/net/SocketTimeoutException': connect timed out> (0x000000077b0ecac0) thrown at [/Users/java_re/workspace/8-2-build-macosx-x86_64/jdk8u60/4407/hotspot/src/share/vm/prims/jni.cpp, line 735]

Events (10 events):
Event: 79.763 loading class org/stagemonitor/core/metrics/metrics2/ElasticsearchReporter$MetricsOutputStreamHandler done
Event: 79.763 Thread 0x00007ff163c54000 DEOPT PACKING pc=0x00000001113d0bd1 sp=0x0000700010af9270
Event: 79.763 Thread 0x00007ff163c54000 DEOPT UNPACKING pc=0x0000000111247633 sp=0x0000700010af8fe0 mode 1
Event: 79.763 Thread 0x00007ff163c54000 DEOPT PACKING pc=0x0000000111875bbc sp=0x0000700010af92f0
Event: 79.763 Thread 0x00007ff163c54000 DEOPT UNPACKING pc=0x0000000111247633 sp=0x0000700010af9120 mode 1
Event: 79.763 Thread 0x00007ff163c54000 DEOPT PACKING pc=0x0000000111875b04 sp=0x0000700010af9470
Event: 79.763 Thread 0x00007ff163c54000 DEOPT UNPACKING pc=0x0000000111247633 sp=0x0000700010af92a0 mode 1
Event: 79.763 Executing VM operation: ForceSafepoint
Event: 79.763 Executing VM operation: ForceSafepoint done
Event: 79.770 Executing VM operation: GetOrSetLocal


Dynamic libraries:
0x000000000e18c000 	/System/Library/Frameworks/Cocoa.framework/Versions/A/Cocoa
0x000000000e18c000 	/System/Library/Frameworks/Security.framework/Versions/A/Security
0x000000000e18c000 	/System/Library/Frameworks/ApplicationServices.framework/Versions/A/ApplicationServices
0x000000000e18c000 	/usr/lib/libz.1.dylib
0x000000000e18c000 	/usr/lib/libSystem.B.dylib
0x000000000e18c000 	/usr/lib/libobjc.A.dylib
0x000000000e18c000 	/System/Library/Frameworks/CoreFoundation.framework/Versions/A/CoreFoundation
0x000000000e18c000 	/System/Library/Frameworks/Foundation.framework/Versions/C/Foundation
0x000000000e18c000 	/System/Library/Frameworks/AppKit.framework/Versions/C/AppKit
0x000000000e18c000 	/System/Library/Frameworks/CoreData.framework/Versions/A/CoreData
0x000000000e18c000 	/System/Library/PrivateFrameworks/RemoteViewServices.framework/Versions/A/RemoteViewServices
0x000000000e18c000 	/System/Library/PrivateFrameworks/UIFoundation.framework/Versions/A/UIFoundation
0x000000000e18c000 	/System/Library/PrivateFrameworks/DFRFoundation.framework/Versions/A/DFRFoundation
0x000000000e18c000 	/usr/lib/libenergytrace.dylib
0x000000000e18c000 	/System/Library/PrivateFrameworks/SkyLight.framework/Versions/A/SkyLight
0x000000000e18c000 	/System/Library/Frameworks/CoreGraphics.framework/Versions/A/CoreGraphics
0x000000000e18c000 	/usr/lib/libScreenReader.dylib
0x000000000e18c000 	/System/Library/Frameworks/Accelerate.framework/Versions/A/Accelerate
0x000000000e18c000 	/System/Library/Frameworks/IOSurface.framework/Versions/A/IOSurface
0x000000000e18c000 	/System/Library/Frameworks/AudioToolbox.framework/Versions/A/AudioToolbox
0x000000000e18c000 	/System/Library/Frameworks/AudioUnit.framework/Versions/A/AudioUnit
0x000000000e18c000 	/System/Library/PrivateFrameworks/DataDetectorsCore.framework/Versions/A/DataDetectorsCore
0x000000000e18c000 	/System/Library/PrivateFrameworks/DesktopServicesPriv.framework/Versions/A/DesktopServicesPriv
0x000000000e18c000 	/System/Library/Frameworks/Carbon.framework/Versions/A/Frameworks/HIToolbox.framework/Versions/A/HIToolbox
0x000000000e18c000 	/usr/lib/libicucore.A.dylib
0x000000000e18c000 	/System/Library/Frameworks/QuartzCore.framework/Versions/A/QuartzCore
0x000000000e18c000 	/System/Library/Frameworks/Carbon.framework/Versions/A/Frameworks/SpeechRecognition.framework/Versions/A/SpeechRecognition
0x000000000e18c000 	/usr/lib/libauto.dylib
0x000000000e18c000 	/usr/lib/libxml2.2.dylib
0x000000000e18c000 	/System/Library/PrivateFrameworks/CoreUI.framework/Versions/A/CoreUI
0x000000000e18c000 	/System/Library/Frameworks/CoreAudio.framework/Versions/A/CoreAudio
0x000000000e18c000 	/System/Library/Frameworks/DiskArbitration.framework/Versions/A/DiskArbitration
0x000000000e18c000 	/usr/lib/liblangid.dylib
0x000000000e18c000 	/System/Library/PrivateFrameworks/MultitouchSupport.framework/Versions/A/MultitouchSupport
0x000000000e18c000 	/System/Library/Frameworks/IOKit.framework/Versions/A/IOKit
0x000000000e18c000 	/usr/lib/libDiagnosticMessagesClient.dylib
0x000000000e18c000 	/System/Library/Frameworks/CoreServices.framework/Versions/A/CoreServices
0x000000000e18c000 	/System/Library/PrivateFrameworks/PerformanceAnalysis.framework/Versions/A/PerformanceAnalysis
0x000000000e18c000 	/System/Library/PrivateFrameworks/GenerationalStorage.framework/Versions/A/GenerationalStorage
0x000000000e18c000 	/System/Library/Frameworks/OpenGL.framework/Versions/A/OpenGL
0x000000000e18c000 	/System/Library/Frameworks/CoreImage.framework/Versions/A/CoreImage
0x000000000e18c000 	/System/Library/Frameworks/CoreText.framework/Versions/A/CoreText
0x000000000e18c000 	/System/Library/Frameworks/ImageIO.framework/Versions/A/ImageIO
0x000000000e18c000 	/System/Library/PrivateFrameworks/Backup.framework/Versions/A/Backup
0x000000000e18c000 	/usr/lib/libarchive.2.dylib
0x000000000e18c000 	/System/Library/Frameworks/CFNetwork.framework/Versions/A/CFNetwork
0x000000000e18c000 	/System/Library/Frameworks/SystemConfiguration.framework/Versions/A/SystemConfiguration
0x000000000e18c000 	/usr/lib/libCRFSuite.dylib
0x000000000e18c000 	/usr/lib/libc++.1.dylib
0x000000000e18c000 	/usr/lib/libc++abi.dylib
0x000000000e18c000 	/usr/lib/system/libcache.dylib
0x000000000e18c000 	/usr/lib/system/libcommonCrypto.dylib
0x000000000e18c000 	/usr/lib/system/libcompiler_rt.dylib
0x000000000e18c000 	/usr/lib/system/libcopyfile.dylib
0x000000000e18c000 	/usr/lib/system/libcorecrypto.dylib
0x000000000e18c000 	/usr/lib/system/libdispatch.dylib
0x000000000e18c000 	/usr/lib/system/libdyld.dylib
0x000000000e18c000 	/usr/lib/system/libkeymgr.dylib
0x000000000e18c000 	/usr/lib/system/liblaunch.dylib
0x000000000e18c000 	/usr/lib/system/libmacho.dylib
0x000000000e18c000 	/usr/lib/system/libquarantine.dylib
0x000000000e18c000 	/usr/lib/system/libremovefile.dylib
0x000000000e18c000 	/usr/lib/system/libsystem_asl.dylib
0x000000000e18c000 	/usr/lib/system/libsystem_blocks.dylib
0x000000000e18c000 	/usr/lib/system/libsystem_c.dylib
0x000000000e18c000 	/usr/lib/system/libsystem_configuration.dylib
0x000000000e18c000 	/usr/lib/system/libsystem_coreservices.dylib
0x000000000e18c000 	/usr/lib/system/libsystem_coretls.dylib
0x000000000e18c000 	/usr/lib/system/libsystem_dnssd.dylib
0x000000000e18c000 	/usr/lib/system/libsystem_info.dylib
0x000000000e18c000 	/usr/lib/system/libsystem_kernel.dylib
0x000000000e18c000 	/usr/lib/system/libsystem_m.dylib
0x000000000e18c000 	/usr/lib/system/libsystem_malloc.dylib
0x000000000e18c000 	/usr/lib/system/libsystem_network.dylib
0x000000000e18c000 	/usr/lib/system/libsystem_networkextension.dylib
0x000000000e18c000 	/usr/lib/system/libsystem_notify.dylib
0x000000000e18c000 	/usr/lib/system/libsystem_platform.dylib
0x000000000e18c000 	/usr/lib/system/libsystem_pthread.dylib
0x000000000e18c000 	/usr/lib/system/libsystem_sandbox.dylib
0x000000000e18c000 	/usr/lib/system/libsystem_secinit.dylib
0x000000000e18c000 	/usr/lib/system/libsystem_symptoms.dylib
0x000000000e18c000 	/usr/lib/system/libsystem_trace.dylib
0x000000000e18c000 	/usr/lib/system/libunwind.dylib
0x000000000e18c000 	/usr/lib/system/libxpc.dylib
0x000000000e18c000 	/usr/lib/libbsm.0.dylib
0x000000000e18c000 	/usr/lib/system/libkxld.dylib
0x000000000e18c000 	/usr/lib/libcoretls.dylib
0x000000000e18c000 	/usr/lib/libcoretls_cfhelpers.dylib
0x000000000e18c000 	/usr/lib/libOpenScriptingUtil.dylib
0x000000000e18c000 	/usr/lib/libpam.2.dylib
0x000000000e18c000 	/usr/lib/libsqlite3.dylib
0x000000000e18c000 	/usr/lib/libxar.1.dylib
0x000000000e18c000 	/usr/lib/libbz2.1.0.dylib
0x000000000e18c000 	/usr/lib/liblzma.5.dylib
0x000000000e18c000 	/usr/lib/libnetwork.dylib
0x000000000e18c000 	/usr/lib/libpcap.A.dylib
0x000000000e18c000 	/System/Library/Frameworks/CoreServices.framework/Versions/A/Frameworks/FSEvents.framework/Versions/A/FSEvents
0x000000000e18c000 	/System/Library/Frameworks/CoreServices.framework/Versions/A/Frameworks/CarbonCore.framework/Versions/A/CarbonCore
0x000000000e18c000 	/System/Library/Frameworks/CoreServices.framework/Versions/A/Frameworks/Metadata.framework/Versions/A/Metadata
0x000000000e18c000 	/System/Library/Frameworks/CoreServices.framework/Versions/A/Frameworks/OSServices.framework/Versions/A/OSServices
0x000000000e18c000 	/System/Library/Frameworks/CoreServices.framework/Versions/A/Frameworks/SearchKit.framework/Versions/A/SearchKit
0x000000000e18c000 	/System/Library/Frameworks/CoreServices.framework/Versions/A/Frameworks/AE.framework/Versions/A/AE
0x000000000e18c000 	/System/Library/Frameworks/CoreServices.framework/Versions/A/Frameworks/LaunchServices.framework/Versions/A/LaunchServices
0x000000000e18c000 	/System/Library/Frameworks/CoreServices.framework/Versions/A/Frameworks/DictionaryServices.framework/Versions/A/DictionaryServices
0x000000000e18c000 	/System/Library/Frameworks/CoreServices.framework/Versions/A/Frameworks/SharedFileList.framework/Versions/A/SharedFileList
0x000000000e18c000 	/System/Library/Frameworks/NetFS.framework/Versions/A/NetFS
0x000000000e18c000 	/System/Library/PrivateFrameworks/NetAuth.framework/Versions/A/NetAuth
0x000000000e18c000 	/System/Library/PrivateFrameworks/login.framework/Versions/A/Frameworks/loginsupport.framework/Versions/A/loginsupport
0x000000000e18c000 	/System/Library/PrivateFrameworks/TCC.framework/Versions/A/TCC
0x000000000e18c000 	/usr/lib/libmecabra.dylib
0x000000000e18c000 	/System/Library/Frameworks/ApplicationServices.framework/Versions/A/Frameworks/ATS.framework/Versions/A/ATS
0x000000000e18c000 	/System/Library/Frameworks/ApplicationServices.framework/Versions/A/Frameworks/ColorSync.framework/Versions/A/ColorSync
0x000000000e18c000 	/System/Library/Frameworks/ApplicationServices.framework/Versions/A/Frameworks/HIServices.framework/Versions/A/HIServices
0x000000000e18c000 	/System/Library/Frameworks/ApplicationServices.framework/Versions/A/Frameworks/LangAnalysis.framework/Versions/A/LangAnalysis
0x000000000e18c000 	/System/Library/Frameworks/ApplicationServices.framework/Versions/A/Frameworks/PrintCore.framework/Versions/A/PrintCore
0x000000000e18c000 	/System/Library/Frameworks/ApplicationServices.framework/Versions/A/Frameworks/QD.framework/Versions/A/QD
0x000000000e18c000 	/System/Library/Frameworks/ApplicationServices.framework/Versions/A/Frameworks/SpeechSynthesis.framework/Versions/A/SpeechSynthesis
0x000000000e18c000 	/System/Library/Frameworks/Accelerate.framework/Versions/A/Frameworks/vImage.framework/Versions/A/vImage
0x000000000e18c000 	/System/Library/Frameworks/Accelerate.framework/Versions/A/Frameworks/vecLib.framework/Versions/A/vecLib
0x000000000e18c000 	/System/Library/Frameworks/Accelerate.framework/Versions/A/Frameworks/vecLib.framework/Versions/A/libvDSP.dylib
0x000000000e18c000 	/System/Library/Frameworks/Accelerate.framework/Versions/A/Frameworks/vecLib.framework/Versions/A/libBNNS.dylib
0x000000000e18c000 	/System/Library/Frameworks/Accelerate.framework/Versions/A/Frameworks/vecLib.framework/Versions/A/libQuadrature.dylib
0x000000000e18c000 	/System/Library/Frameworks/Accelerate.framework/Versions/A/Frameworks/vecLib.framework/Versions/A/libvMisc.dylib
0x000000000e18c000 	/System/Library/Frameworks/Accelerate.framework/Versions/A/Frameworks/vecLib.framework/Versions/A/libLAPACK.dylib
0x000000000e18c000 	/System/Library/Frameworks/Accelerate.framework/Versions/A/Frameworks/vecLib.framework/Versions/A/libBLAS.dylib
0x000000000e18c000 	/System/Library/Frameworks/Accelerate.framework/Versions/A/Frameworks/vecLib.framework/Versions/A/libLinearAlgebra.dylib
0x000000000e18c000 	/System/Library/Frameworks/Accelerate.framework/Versions/A/Frameworks/vecLib.framework/Versions/A/libSparseBLAS.dylib
0x000000000e18c000 	/System/Library/Frameworks/ApplicationServices.framework/Versions/A/Frameworks/ATS.framework/Versions/A/Resources/libFontParser.dylib
0x000000000e18c000 	/System/Library/Frameworks/ApplicationServices.framework/Versions/A/Frameworks/ATS.framework/Versions/A/Resources/libFontRegistry.dylib
0x000000000e18c000 	/System/Library/Frameworks/ImageIO.framework/Versions/A/Resources/libJPEG.dylib
0x000000000e18c000 	/System/Library/Frameworks/ImageIO.framework/Versions/A/Resources/libTIFF.dylib
0x000000000e18c000 	/System/Library/Frameworks/ImageIO.framework/Versions/A/Resources/libPng.dylib
0x000000000e18c000 	/System/Library/Frameworks/ImageIO.framework/Versions/A/Resources/libGIF.dylib
0x000000000e18c000 	/System/Library/Frameworks/ImageIO.framework/Versions/A/Resources/libJP2.dylib
0x000000000e18c000 	/System/Library/Frameworks/ImageIO.framework/Versions/A/Resources/libRadiance.dylib
0x000000000e18c000 	/usr/lib/libcompression.dylib
0x000000000e18c000 	/System/Library/PrivateFrameworks/AppleJPEG.framework/Versions/A/AppleJPEG
0x000000000e18c000 	/usr/lib/libcups.2.dylib
0x000000000e18c000 	/System/Library/Frameworks/Kerberos.framework/Versions/A/Kerberos
0x000000000e18c000 	/System/Library/Frameworks/GSS.framework/Versions/A/GSS
0x000000000e18c000 	/usr/lib/libresolv.9.dylib
0x000000000e18c000 	/usr/lib/libiconv.2.dylib
0x000000000e18c000 	/System/Library/PrivateFrameworks/Heimdal.framework/Versions/A/Heimdal
0x000000000e18c000 	/usr/lib/libheimdal-asn1.dylib
0x000000000e18c000 	/System/Library/Frameworks/OpenDirectory.framework/Versions/A/OpenDirectory
0x000000000e18c000 	/System/Library/PrivateFrameworks/CommonAuth.framework/Versions/A/CommonAuth
0x000000000e18c000 	/System/Library/Frameworks/OpenDirectory.framework/Versions/A/Frameworks/CFOpenDirectory.framework/Versions/A/CFOpenDirectory
0x000000000e18c000 	/System/Library/Frameworks/SecurityFoundation.framework/Versions/A/SecurityFoundation
0x000000000e18c000 	/System/Library/PrivateFrameworks/LanguageModeling.framework/Versions/A/LanguageModeling
0x000000000e18c000 	/usr/lib/libmarisa.dylib
0x000000000e18c000 	/usr/lib/libChineseTokenizer.dylib
0x000000000e18c000 	/usr/lib/libcmph.dylib
0x000000000e18c000 	/System/Library/PrivateFrameworks/CoreEmoji.framework/Versions/A/CoreEmoji
0x000000000e18c000 	/System/Library/Frameworks/ServiceManagement.framework/Versions/A/ServiceManagement
0x000000000e18c000 	/usr/lib/libxslt.1.dylib
0x000000000e18c000 	/System/Library/Frameworks/Carbon.framework/Versions/A/Frameworks/Ink.framework/Versions/A/Ink
0x000000000e18c000 	/System/Library/PrivateFrameworks/TextureIO.framework/Versions/A/TextureIO
0x000000000e18c000 	/System/Library/Frameworks/Metal.framework/Versions/A/Metal
0x000000000e18c000 	/usr/lib/libate.dylib
0x000000000e18c000 	/System/Library/PrivateFrameworks/GPUCompiler.framework/libmetal_timestamp.dylib
0x000000000e18c000 	/System/Library/Frameworks/OpenGL.framework/Versions/A/Libraries/libCoreFSCache.dylib
0x000000000e18c000 	/System/Library/PrivateFrameworks/IOAccelerator.framework/Versions/A/IOAccelerator
0x000000000e18c000 	/System/Library/Frameworks/CoreVideo.framework/Versions/A/CoreVideo
0x000000000e18c000 	/usr/lib/libFosl_dynamic.dylib
0x000000000e18c000 	/System/Library/PrivateFrameworks/MetalPerformanceShaders.framework/Versions/A/MetalPerformanceShaders
0x000000000e18c000 	/System/Library/PrivateFrameworks/FaceCore.framework/Versions/A/FaceCore
0x000000000e18c000 	/System/Library/Frameworks/OpenCL.framework/Versions/A/OpenCL
0x000000000e18c000 	/System/Library/Frameworks/OpenGL.framework/Versions/A/Libraries/libGLU.dylib
0x000000000e18c000 	/System/Library/Frameworks/OpenGL.framework/Versions/A/Libraries/libGFXShared.dylib
0x000000000e18c000 	/System/Library/Frameworks/OpenGL.framework/Versions/A/Libraries/libGL.dylib
0x000000000e18c000 	/System/Library/Frameworks/OpenGL.framework/Versions/A/Libraries/libGLImage.dylib
0x000000000e18c000 	/System/Library/Frameworks/OpenGL.framework/Versions/A/Libraries/libCVMSPluginSupport.dylib
0x000000000e18c000 	/System/Library/Frameworks/OpenGL.framework/Versions/A/Libraries/libCoreVMClient.dylib
0x000000000e18c000 	/System/Library/PrivateFrameworks/CrashReporterSupport.framework/Versions/A/CrashReporterSupport
0x000000000e18c000 	/System/Library/PrivateFrameworks/Sharing.framework/Versions/A/Sharing
0x000000000e18c000 	/System/Library/PrivateFrameworks/IconServices.framework/Versions/A/IconServices
0x000000000e18c000 	/System/Library/PrivateFrameworks/ProtocolBuffer.framework/Versions/A/ProtocolBuffer
0x000000000e18c000 	/System/Library/PrivateFrameworks/Apple80211.framework/Versions/A/Apple80211
0x000000000e18c000 	/System/Library/Frameworks/CoreWLAN.framework/Versions/A/CoreWLAN
0x000000000e18c000 	/System/Library/PrivateFrameworks/CoreUtils.framework/Versions/A/CoreUtils
0x000000000e18c000 	/System/Library/Frameworks/IOBluetooth.framework/Versions/A/IOBluetooth
0x000000000e18c000 	/System/Library/PrivateFrameworks/CoreWiFi.framework/Versions/A/CoreWiFi
0x000000000e18c000 	/System/Library/Frameworks/CoreBluetooth.framework/Versions/A/CoreBluetooth
0x000000000e18c000 	/System/Library/Frameworks/CoreDisplay.framework/Versions/A/CoreDisplay
0x000000000e18c000 	/System/Library/PrivateFrameworks/IOPresentment.framework/Versions/A/IOPresentment
0x000000000e18c000 	/System/Library/PrivateFrameworks/DSExternalDisplay.framework/Versions/A/DSExternalDisplay
0x000000000e18c000 	/System/Library/PrivateFrameworks/DebugSymbols.framework/Versions/A/DebugSymbols
0x000000000e18c000 	/System/Library/PrivateFrameworks/CoreSymbolication.framework/Versions/A/CoreSymbolication
0x000000000e18c000 	/System/Library/PrivateFrameworks/Symbolication.framework/Versions/A/Symbolication
0x000000000e18c000 	/System/Library/PrivateFrameworks/AppleFSCompression.framework/Versions/A/AppleFSCompression
0x000000000e18c000 	/System/Library/PrivateFrameworks/SpeechRecognitionCore.framework/Versions/A/SpeechRecognitionCore
0x000000000e18c000 	/System/Library/PrivateFrameworks/ChunkingLibrary.framework/Versions/A/ChunkingLibrary
0x0000000054c22000 	/System/Library/CoreServices/Encodings/libKoreanConverter.dylib
0x000000010f9cf000 	/Library/Java/JavaVirtualMachines/jdk1.8.0_60.jdk/Contents/Home/jre/lib/server/libjvm.dylib
0x000000000e18c000 	/usr/lib/libstdc++.6.dylib
0x000000010f77a000 	/Library/Java/JavaVirtualMachines/jdk1.8.0_60.jdk/Contents/Home/jre/lib/libverify.dylib
0x000000010f788000 	/Library/Java/JavaVirtualMachines/jdk1.8.0_60.jdk/Contents/Home/jre/lib/libjava.dylib
0x000000010f7be000 	/Library/Java/JavaVirtualMachines/jdk1.8.0_60.jdk/Contents/Home/jre/lib/libjdwp.dylib
0x000000010f809000 	/Library/Java/JavaVirtualMachines/jdk1.8.0_60.jdk/Contents/Home/jre/lib/libnpt.dylib
0x000000010f80d000 	/Library/Java/JavaVirtualMachines/jdk1.8.0_60.jdk/Contents/Home/jre/lib/libinstrument.dylib
0x000000010f86b000 	/Library/Java/JavaVirtualMachines/jdk1.8.0_60.jdk/Contents/Home/jre/lib/libzip.dylib
0x000000012b4ac000 	/System/Library/Frameworks/JavaVM.framework/Frameworks/JavaRuntimeSupport.framework/JavaRuntimeSupport
0x000000012b4c6000 	/System/Library/Frameworks/JavaVM.framework/Versions/A/Frameworks/JavaNativeFoundation.framework/Versions/A/JavaNativeFoundation
0x00000001109ee000 	/System/Library/Frameworks/JavaVM.framework/Versions/A/JavaVM
0x000000000e18c000 	/System/Library/Frameworks/Carbon.framework/Versions/A/Carbon
0x000000012b4db000 	/System/Library/PrivateFrameworks/JavaLaunching.framework/Versions/A/JavaLaunching
0x000000000e18c000 	/System/Library/Frameworks/Carbon.framework/Versions/A/Frameworks/CommonPanels.framework/Versions/A/CommonPanels
0x000000000e18c000 	/System/Library/Frameworks/Carbon.framework/Versions/A/Frameworks/Help.framework/Versions/A/Help
0x000000000e18c000 	/System/Library/Frameworks/Carbon.framework/Versions/A/Frameworks/ImageCapture.framework/Versions/A/ImageCapture
0x000000000e18c000 	/System/Library/Frameworks/Carbon.framework/Versions/A/Frameworks/OpenScripting.framework/Versions/A/OpenScripting
0x000000000e18c000 	/System/Library/Frameworks/Carbon.framework/Versions/A/Frameworks/Print.framework/Versions/A/Print
0x000000000e18c000 	/System/Library/Frameworks/Carbon.framework/Versions/A/Frameworks/SecurityHI.framework/Versions/A/SecurityHI
0x000000012cde0000 	/Library/Java/JavaVirtualMachines/jdk1.8.0_60.jdk/Contents/Home/jre/lib/libdt_socket.dylib
0x000000012d44b000 	/Library/Java/JavaVirtualMachines/jdk1.8.0_60.jdk/Contents/Home/jre/lib/libmanagement.dylib
0x000000012d459000 	/Library/Java/JavaVirtualMachines/jdk1.8.0_60.jdk/Contents/Home/jre/lib/libnet.dylib
0x000000012d4b8000 	/Library/Java/JavaVirtualMachines/jdk1.8.0_60.jdk/Contents/Home/jre/lib/libnio.dylib
0x000000012e9da000 	/Library/Java/JavaVirtualMachines/jdk1.8.0_60.jdk/Contents/Home/jre/lib/libattach.dylib

VM Arguments:
jvm_args: -agentlib:jdwp=transport=dt_socket,address=127.0.0.1:54354,suspend=y,server=n -XX:TieredStopAtLevel=1 -Xverify:none -Dspring.output.ansi.enabled=always -Dcom.sun.management.jmxremote -Dcom.sun.management.jmxremote.port=54353 -Dcom.sun.management.jmxremote.authenticate=false -Dcom.sun.management.jmxremote.ssl=false -Dspring.liveBeansView.mbeanDomain -Dspring.application.admin.enabled=true -javaagent:/Users/jjong/Library/Caches/IntelliJIdea2017.2/groovyHotSwap/gragent.jar -Dfile.encoding=UTF-8 
java_command: net.ion.ice.Ice2Application
java_class_path (initial): /Library/Java/JavaVirtualMachines/jdk1.8.0_60.jdk/Contents/Home/jre/lib/charsets.jar:/Library/Java/JavaVirtualMachines/jdk1.8.0_60.jdk/Contents/Home/jre/lib/deploy.jar:/Library/Java/JavaVirtualMachines/jdk1.8.0_60.jdk/Contents/Home/jre/lib/ext/cldrdata.jar:/Library/Java/JavaVirtualMachines/jdk1.8.0_60.jdk/Contents/Home/jre/lib/ext/dnsns.jar:/Library/Java/JavaVirtualMachines/jdk1.8.0_60.jdk/Contents/Home/jre/lib/ext/jaccess.jar:/Library/Java/JavaVirtualMachines/jdk1.8.0_60.jdk/Contents/Home/jre/lib/ext/jfxrt.jar:/Library/Java/JavaVirtualMachines/jdk1.8.0_60.jdk/Contents/Home/jre/lib/ext/localedata.jar:/Library/Java/JavaVirtualMachines/jdk1.8.0_60.jdk/Contents/Home/jre/lib/ext/nashorn.jar:/Library/Java/JavaVirtualMachines/jdk1.8.0_60.jdk/Contents/Home/jre/lib/ext/sunec.jar:/Library/Java/JavaVirtualMachines/jdk1.8.0_60.jdk/Contents/Home/jre/lib/ext/sunjce_provider.jar:/Library/Java/JavaVirtualMachines/jdk1.8.0_60.jdk/Contents/Home/jre/lib/ext/sunpkcs11.jar:/Library/Java/JavaVirtualMachines/jdk1.8.0_60.jdk/Contents/Home/jre/lib/ext/zipfs.jar:/Library/Java/JavaVirtualMachines/jdk1.8.0_60.jdk/Contents/Home/jre/lib/javaws.jar:/Library/Java/JavaVirtualMachines/jdk1.8.0_60.jdk/Contents/Home/jre/lib/jce.jar:/Library/Java/JavaVirtualMachines/jdk1.8.0_60.jdk/Contents/Home/jre/lib/jfr.jar:/Library/Java/JavaVirtualMachines/jdk1.8.0_60.jdk/Contents/Home/jre/lib/jfxswt.jar:/Library/Java/JavaVirtualMachines/jdk1.8.0_60.jdk/Contents/Home/jre/lib/jsse.jar:/Library/Java/JavaVirtualMachines/jdk1.8.0_60.jdk/Contents/Home/jre/lib/management-agent.jar:/Library/Java/JavaVirtualMachines/jdk1.8.0_60.jdk/Contents/Home/jre/lib/plugin.jar:/Library/Java/JavaVirtualMachines/jdk1.8.0_60.jdk/Contents/Home/jre/lib/resources.jar:/Library/Java/JavaVirtualMachines/jdk1.8.0_60.jdk/Contents/Home/jre/lib/rt.jar:/Library/Java/JavaVirtualMachines/jdk1.8.0_60.jdk/Contents/Home/lib/ant-javafx.jar:/Library/Java/JavaVirtualMachines/jdk1.8.0_60.jdk/Contents/Home/lib/dt.jar:/Library/Ja
Launcher Type: SUN_STANDARD

Environment Variables:
PATH=/usr/local/bin:/usr/bin:/bin:/usr/sbin:/sbin:/Users/jjong/Library/Android/sdk/tools:/Users/jjong/Library/Android/sdk/platform-tools
SHELL=/bin/bash

Signal Handlers:
SIGSEGV: [libjvm.dylib+0x5a6d31], sa_mask[0]=11111111011111110111111111111111, sa_flags=SA_ONSTACK|SA_RESTART|SA_SIGINFO
SIGBUS: [libjvm.dylib+0x5a6d31], sa_mask[0]=11111111011111110111111111111111, sa_flags=SA_RESTART|SA_SIGINFO
SIGFPE: [libjvm.dylib+0x480a4c], sa_mask[0]=11111111011111110111111111111111, sa_flags=SA_RESTART|SA_SIGINFO
SIGPIPE: [libjvm.dylib+0x480a4c], sa_mask[0]=11111111011111110111111111111111, sa_flags=SA_RESTART|SA_SIGINFO
SIGXFSZ: [libjvm.dylib+0x480a4c], sa_mask[0]=11111111011111110111111111111111, sa_flags=SA_RESTART|SA_SIGINFO
SIGILL: [libjvm.dylib+0x480a4c], sa_mask[0]=11111111011111110111111111111111, sa_flags=SA_RESTART|SA_SIGINFO
SIGUSR1: SIG_DFL, sa_mask[0]=00000000000000000000000000000000, sa_flags=none
SIGUSR2: [libjvm.dylib+0x48056a], sa_mask[0]=00100000000000000000000000000000, sa_flags=SA_RESTART|SA_SIGINFO
SIGHUP: [libjvm.dylib+0x47eb41], sa_mask[0]=11111111011111110111111111111111, sa_flags=SA_RESTART|SA_SIGINFO
SIGINT: [libjvm.dylib+0x47eb41], sa_mask[0]=11111111011111110111111111111111, sa_flags=SA_RESTART|SA_SIGINFO
SIGTERM: [libjvm.dylib+0x47eb41], sa_mask[0]=11111111011111110111111111111111, sa_flags=SA_RESTART|SA_SIGINFO
SIGQUIT: [libjvm.dylib+0x47eb41], sa_mask[0]=11111111011111110111111111111111, sa_flags=SA_RESTART|SA_SIGINFO


---------------  S Y S T E M  ---------------

OS:Bsduname:Darwin 16.7.0 Darwin Kernel Version 16.7.0: Thu Jun 15 17:36:27 PDT 2017; root:xnu-3789.70.16~2/RELEASE_X86_64 x86_64
rlimit: STACK 8192k, CORE 0k, NPROC 709, NOFILE 10240, AS infinity
load average:3.72 3.53 3.79

CPU:total 4 (4 cores per cpu, 1 threads per core) family 6 model 60 stepping 3, cmov, cx8, fxsr, mmx, sse, sse2, sse3, ssse3, sse4.1, sse4.2, popcnt, avx, avx2, aes, clmul, erms, rtm, lzcnt, tsc, tscinvbit, bmi1, bmi2

Memory: 4k page, physical 16777216k(104476k free)

/proc/meminfo:


vm_info: Java HotSpot(TM) 64-Bit Server VM (25.60-b23) for bsd-amd64 JRE (1.8.0_60-b27), built on Aug  4 2015 10:47:24 by "java_re" with gcc 4.2.1 (Based on Apple Inc. build 5658) (LLVM build 2336.11.00)

time: Sat Sep 30 15:55:25 2017
elapsed time: 79 seconds (0d 0h 1m 19s)

