#
# A fatal error has been detected by the Java Runtime Environment:
#
#  SIGSEGV (0xb) at pc=0x000000010b8c1171, pid=30695, tid=55043
#
# JRE version: Java(TM) SE Runtime Environment (8.0_60-b27) (build 1.8.0_60-b27)
# Java VM: Java HotSpot(TM) 64-Bit Server VM (25.60-b23 mixed mode bsd-amd64 compressed oops)
# Problematic frame:
# j  net.ion.ice.service.OrderChangeService.createOrderChange(Ljava/util/Map;)Ljava/lang/String;+3
#
# Failed to write core dump. Core dumps have been disabled. To enable core dumping, try "ulimit -c unlimited" before starting Java again
#
# If you would like to submit a bug report, please visit:
#   http://bugreport.java.com/bugreport/crash.jsp
#

---------------  T H R E A D  ---------------

Current thread (0x00007fab8d781000):  JavaThread "http-nio-8080-exec-1" daemon [_thread_in_Java, id=55043, stack(0x0000700007b94000,0x0000700007c94000)]

siginfo: si_signo: 11 (SIGSEGV), si_code: 1 (SEGV_MAPERR), si_addr: 0x0000000142e6e248

Registers:
RAX=0x00000007c02ff368, RBX=0x0000000142e6e218, RCX=0x0000000000000030, RDX=0x0000700007c8eae0
RSP=0x0000700007c8eae8, RBP=0x0000700007c8eb20, RSI=0x00000001077c0000, RDI=0x0000000000000043
R8 =0x0000000000000080, R9 =0x00000006c16cd7b8, R10=0x0000000109a05900, R11=0x00000007952dee10
R12=0x0000000000000000, R13=0x00000001285cdd11, R14=0x0000700007c8eb68, R15=0x00007fab8d781000
RIP=0x000000010b8c1171, EFLAGS=0x0000000000010283, ERR=0x0000000000000004
  TRAPNO=0x000000000000000e

Top of Stack: (sp=0x0000700007c8eae8)
0x0000700007c8eae8:   00000001285cdc43 0000700007c8eb68
0x0000700007c8eaf8:   00000001285d15a8 0000000000000000
0x0000700007c8eb08:   00000001285cde00 0000000000000000
0x0000700007c8eb18:   0000700007c8eb60 0000700007c8ebb0
0x0000700007c8eb28:   000000010b898a50 0000000000000000
0x0000700007c8eb38:   0000000000000000 0000000000000000
0x0000700007c8eb48:   0000000000000000 0000000000000000
0x0000700007c8eb58:   0000000000000000 00000007952c3548
0x0000700007c8eb68:   000000077221ca90 0000700007c8eb70
0x0000700007c8eb78:   00000001285cd602 0000700007c8ebf8
0x0000700007c8eb88:   00000001285d15a8 0000000000000000
0x0000700007c8eb98:   00000001285cd690 0000700007c8eb60
0x0000700007c8eba8:   0000700007c8ebf0 0000700007c8ec60
0x0000700007c8ebb8:   000000010b8917a7 0000000000000000
0x0000700007c8ebc8:   0000000000000000 00000007952c3548
0x0000700007c8ebd8:   00000007952c3510 0000000793c9a488
0x0000700007c8ebe8:   00000007919fbab8 00000007919fb818
0x0000700007c8ebf8:   000000077221ca90 0000000100001fa0
0x0000700007c8ec08:   000000000000000c 00007fab8d781000
0x0000700007c8ec18:   0000000000000002 000000010b89171f
0x0000700007c8ec28:   00000001285cd690 0000700007c8ecf8
0x0000700007c8ec38:   0000700007c8f050 000000060000000c
0x0000700007c8ec48:   00000001285cd690 000000010b8a6c40
0x0000700007c8ec58:   0000700007c8f060 0000700007c8ee10
0x0000700007c8ec68:   0000000109402b0e 0000700000000002
0x0000700007c8ec78:   00007fab8d781000 000003c007c8f170
0x0000700007c8ec88:   0000700007c8f050 00007fab90600ab8
0x0000700007c8ec98:   000000010b8a6c40 01007fab8cf088a0
0x0000700007c8eca8:   0000700007c8f058 0000700007c8f048
0x0000700007c8ecb8:   00007fab8d781000 00007fab8d781000
0x0000700007c8ecc8:   00007fab90600a20 00007fab90600a60
0x0000700007c8ecd8:   00007fab90600ad8 00007fab90600b48 

Instructions: (pc=0x000000010b8c1171)
0x000000010b8c1151:   89 59 10 bf 01 00 00 00 48 89 79 18 48 83 c1 30
0x000000010b8c1161:   48 89 4d e0 48 3b d8 0f 84 5b 00 00 00 8b 48 0c
0x000000010b8c1171:   48 3b 04 0b 0f 84 4e 00 00 00 83 f9 18 0f 85 22
0x000000010b8c1181:   00 00 00 50 48 8b c0 57 48 8b 7b 20 8b 0f 48 83 

Register to memory mapping:

RAX=0x00000007c02ff368 is pointing into metadata
RBX=0x0000000142e6e218 is an unknown value
RCX=0x0000000000000030 is an unknown value
RDX=0x0000700007c8eae0 is pointing into the stack for thread: 0x00007fab8d781000
RSP=0x0000700007c8eae8 is pointing into the stack for thread: 0x00007fab8d781000
RBP=0x0000700007c8eb20 is pointing into the stack for thread: 0x00007fab8d781000
RSI=0x00000001077c0000 is an unknown value
RDI=0x0000000000000043 is an unknown value
R8 =0x0000000000000080 is an unknown value
R9 =0x00000006c16cd7b8 is an oop
java.lang.ThreadLocal 
 - klass: 'java/lang/ThreadLocal'
R10=0x0000000109a05900: _ZN19TemplateInterpreter13_active_tableE+0x4000 in /Library/Java/JavaVirtualMachines/jdk1.8.0_60.jdk/Contents/Home/jre/lib/server/libjvm.dylib at 0x0000000109118000
R11=0x00000007952dee10 is an oop
org.stagemonitor.tracing.profiler.CallStackElement 
 - klass: 'org/stagemonitor/tracing/profiler/CallStackElement'
R12=0x0000000000000000 is an unknown value
R13=0x00000001285cdd11 is pointing into metadata
R14=0x0000700007c8eb68 is pointing into the stack for thread: 0x00007fab8d781000
R15=0x00007fab8d781000 is a thread


Stack: [0x0000700007b94000,0x0000700007c94000],  sp=0x0000700007c8eae8,  free space=1002k
Native frames: (J=compiled Java code, j=interpreted, Vv=VM code, C=native code)
j  net.ion.ice.service.OrderChangeService.createOrderChange(Ljava/util/Map;)Ljava/lang/String;+3
j  net.ion.ice.service.OrderChangeService.requestCancel(Lnet/ion/ice/core/context/ExecuteContext;)Lnet/ion/ice/core/context/ExecuteContext;+162
v  ~StubRoutines::call_stub
V  [libjvm.dylib+0x2eab0e]  JavaCalls::call_helper(JavaValue*, methodHandle*, JavaCallArguments*, Thread*)+0x6ae
V  [libjvm.dylib+0x4caf44]  Reflection::invoke(instanceKlassHandle, methodHandle, Handle, bool, objArrayHandle, BasicType, objArrayHandle, bool, Thread*)+0xe12
V  [libjvm.dylib+0x4cb478]  Reflection::invoke_method(oopDesc*, Handle, objArrayHandle, Thread*)+0x16c
V  [libjvm.dylib+0x342cc0]  JVM_InvokeMethod+0x166
J 1766  sun.reflect.NativeMethodAccessorImpl.invoke0(Ljava/lang/reflect/Method;Ljava/lang/Object;[Ljava/lang/Object;)Ljava/lang/Object; (0 bytes) @ 0x000000010bc8fa2d [0x000000010bc8f940+0xed]
J 1765 C1 sun.reflect.NativeMethodAccessorImpl.invoke(Ljava/lang/Object;[Ljava/lang/Object;)Ljava/lang/Object; (104 bytes) @ 0x000000010bc90abc [0x000000010bc906e0+0x3dc]
J 1406 C1 sun.reflect.DelegatingMethodAccessorImpl.invoke(Ljava/lang/Object;[Ljava/lang/Object;)Ljava/lang/Object; (10 bytes) @ 0x000000010bbcede4 [0x000000010bbced80+0x64]
J 1309 C1 java.lang.reflect.Method.invoke(Ljava/lang/Object;[Ljava/lang/Object;)Ljava/lang/Object; (62 bytes) @ 0x000000010bba2a84 [0x000000010bba2960+0x124]
j  net.ion.ice.core.event.ActionService.execute(Lnet/ion/ice/core/context/ExecuteContext;)V+182
j  net.ion.ice.core.event.EventService.executeEventAction(Lnet/ion/ice/core/context/ExecuteContext;Lnet/ion/ice/core/event/Event;)V+75
j  net.ion.ice.core.event.EventService.execute(Lnet/ion/ice/core/context/ExecuteContext;)V+130
j  net.ion.ice.core.context.ExecuteContext.execute()Z+32
j  net.ion.ice.core.node.NodeService.executeNode(Ljava/util/Map;Lorg/springframework/util/MultiValueMap;Ljava/lang/String;Ljava/lang/String;)Ljava/lang/Object;+51
j  net.ion.ice.core.node.NodeController.execute(Ljavax/servlet/http/HttpServletRequest;Ljava/lang/String;Ljava/lang/String;)Ljava/lang/Object;+36
j  net.ion.ice.core.node.NodeController.eventJson(Ljavax/servlet/http/HttpServletRequest;Ljava/lang/String;Ljava/lang/String;)Ljava/lang/Object;+13
v  ~StubRoutines::call_stub
V  [libjvm.dylib+0x2eab0e]  JavaCalls::call_helper(JavaValue*, methodHandle*, JavaCallArguments*, Thread*)+0x6ae
V  [libjvm.dylib+0x4caf44]  Reflection::invoke(instanceKlassHandle, methodHandle, Handle, bool, objArrayHandle, BasicType, objArrayHandle, bool, Thread*)+0xe12
V  [libjvm.dylib+0x4cb478]  Reflection::invoke_method(oopDesc*, Handle, objArrayHandle, Thread*)+0x16c
V  [libjvm.dylib+0x342cc0]  JVM_InvokeMethod+0x166
J 1766  sun.reflect.NativeMethodAccessorImpl.invoke0(Ljava/lang/reflect/Method;Ljava/lang/Object;[Ljava/lang/Object;)Ljava/lang/Object; (0 bytes) @ 0x000000010bc8fa2d [0x000000010bc8f940+0xed]
J 1765 C1 sun.reflect.NativeMethodAccessorImpl.invoke(Ljava/lang/Object;[Ljava/lang/Object;)Ljava/lang/Object; (104 bytes) @ 0x000000010bc90abc [0x000000010bc906e0+0x3dc]
J 1406 C1 sun.reflect.DelegatingMethodAccessorImpl.invoke(Ljava/lang/Object;[Ljava/lang/Object;)Ljava/lang/Object; (10 bytes) @ 0x000000010bbcede4 [0x000000010bbced80+0x64]
J 1309 C1 java.lang.reflect.Method.invoke(Ljava/lang/Object;[Ljava/lang/Object;)Ljava/lang/Object; (62 bytes) @ 0x000000010bba2a84 [0x000000010bba2960+0x124]
j  org.springframework.web.method.support.InvocableHandlerMethod.doInvoke([Ljava/lang/Object;)Ljava/lang/Object;+16
j  org.springframework.web.method.support.InvocableHandlerMethod.invokeForRequest(Lorg/springframework/web/context/request/NativeWebRequest;Lorg/springframework/web/method/support/ModelAndViewContainer;[Ljava/lang/Object;)Ljava/lang/Object;+75
j  org.springframework.web.servlet.mvc.method.annotation.ServletInvocableHandlerMethod.invokeAndHandle(Lorg/springframework/web/context/request/ServletWebRequest;Lorg/springframework/web/method/support/ModelAndViewContainer;[Ljava/lang/Object;)V+4
j  org.springframework.web.servlet.mvc.method.annotation.RequestMappingHandlerAdapter.invokeHandlerMethod(Ljavax/servlet/http/HttpServletRequest;Ljavax/servlet/http/HttpServletResponse;Lorg/springframework/web/method/HandlerMethod;)Lorg/springframework/web/servlet/ModelAndView;+262
j  org.springframework.web.servlet.mvc.method.annotation.RequestMappingHandlerAdapter.handleInternal(Ljavax/servlet/http/HttpServletRequest;Ljavax/servlet/http/HttpServletResponse;Lorg/springframework/web/method/HandlerMethod;)Lorg/springframework/web/servlet/ModelAndView;+81
j  org.springframework.web.servlet.mvc.method.AbstractHandlerMethodAdapter.handle(Ljavax/servlet/http/HttpServletRequest;Ljavax/servlet/http/HttpServletResponse;Ljava/lang/Object;)Lorg/springframework/web/servlet/ModelAndView;+7
j  org.springframework.web.servlet.DispatcherServlet.doDispatch(Ljavax/servlet/http/HttpServletRequest;Ljavax/servlet/http/HttpServletResponse;)V+318
j  org.springframework.web.servlet.DispatcherServlet.doService(Ljavax/servlet/http/HttpServletRequest;Ljavax/servlet/http/HttpServletResponse;)V+301
j  org.springframework.web.servlet.FrameworkServlet.processRequest(Ljavax/servlet/http/HttpServletRequest;Ljavax/servlet/http/HttpServletResponse;)V+71
j  org.springframework.web.servlet.FrameworkServlet.doPost(Ljavax/servlet/http/HttpServletRequest;Ljavax/servlet/http/HttpServletResponse;)V+3
j  javax.servlet.http.HttpServlet.service(Ljavax/servlet/http/HttpServletRequest;Ljavax/servlet/http/HttpServletResponse;)V+149
j  org.springframework.web.servlet.FrameworkServlet.service(Ljavax/servlet/http/HttpServletRequest;Ljavax/servlet/http/HttpServletResponse;)V+42
j  javax.servlet.http.HttpServlet.service(Ljavax/servlet/ServletRequest;Ljavax/servlet/ServletResponse;)V+30
j  org.apache.catalina.core.ApplicationFilterChain.internalDoFilter(Ljavax/servlet/ServletRequest;Ljavax/servlet/ServletResponse;)V+304
j  org.apache.catalina.core.ApplicationFilterChain.doFilter(Ljavax/servlet/ServletRequest;Ljavax/servlet/ServletResponse;)V+101
j  org.apache.tomcat.websocket.server.WsFilter.doFilter(Ljavax/servlet/ServletRequest;Ljavax/servlet/ServletResponse;Ljavax/servlet/FilterChain;)V+21
j  org.apache.catalina.core.ApplicationFilterChain.internalDoFilter(Ljavax/servlet/ServletRequest;Ljavax/servlet/ServletResponse;)V+135
j  org.apache.catalina.core.ApplicationFilterChain.doFilter(Ljavax/servlet/ServletRequest;Ljavax/servlet/ServletResponse;)V+101
j  org.stagemonitor.web.servlet.MonitoredHttpRequest.execute()V+12
j  org.stagemonitor.tracing.RequestMonitor.monitor(Lorg/stagemonitor/tracing/MonitoredRequest;)Lorg/stagemonitor/tracing/SpanContextInformation;+6
j  org.stagemonitor.web.servlet.filter.HttpRequestMonitorFilter.monitorRequest(Ljavax/servlet/FilterChain;Ljavax/servlet/http/HttpServletRequest;Lorg/stagemonitor/web/servlet/filter/StatusExposingByteCountingServletResponse;)Lorg/stagemonitor/tracing/SpanContextInformation;+24
j  org.stagemonitor.web.servlet.filter.HttpRequestMonitorFilter.doMonitor(Ljavax/servlet/http/HttpServletRequest;Ljavax/servlet/http/HttpServletResponse;Ljavax/servlet/FilterChain;)V+50
j  org.stagemonitor.web.servlet.filter.HttpRequestMonitorFilter.doFilterInternal(Ljavax/servlet/http/HttpServletRequest;Ljavax/servlet/http/HttpServletResponse;Ljavax/servlet/FilterChain;)V+64
j  org.stagemonitor.web.servlet.filter.AbstractExclusionFilter.doFilter(Ljavax/servlet/ServletRequest;Ljavax/servlet/ServletResponse;Ljavax/servlet/FilterChain;)V+48
j  org.apache.catalina.core.ApplicationFilterChain.internalDoFilter(Ljavax/servlet/ServletRequest;Ljavax/servlet/ServletResponse;)V+135
j  org.apache.catalina.core.ApplicationFilterChain.doFilter(Ljavax/servlet/ServletRequest;Ljavax/servlet/ServletResponse;)V+101
j  org.springframework.security.web.authentication.logout.LogoutFilter.doFilter(Ljavax/servlet/ServletRequest;Ljavax/servlet/ServletResponse;Ljavax/servlet/FilterChain;)V+115
j  org.apache.catalina.core.ApplicationFilterChain.internalDoFilter(Ljavax/servlet/ServletRequest;Ljavax/servlet/ServletResponse;)V+135
j  org.apache.catalina.core.ApplicationFilterChain.doFilter(Ljavax/servlet/ServletRequest;Ljavax/servlet/ServletResponse;)V+101
j  net.ion.ice.security.cors.CORSFilter.doFilter(Ljavax/servlet/ServletRequest;Ljavax/servlet/ServletResponse;Ljavax/servlet/FilterChain;)V+96
j  org.apache.catalina.core.ApplicationFilterChain.internalDoFilter(Ljavax/servlet/ServletRequest;Ljavax/servlet/ServletResponse;)V+135
j  org.apache.catalina.core.ApplicationFilterChain.doFilter(Ljavax/servlet/ServletRequest;Ljavax/servlet/ServletResponse;)V+101
j  org.springframework.security.web.FilterChainProxy$VirtualFilterChain.doFilter(Ljavax/servlet/ServletRequest;Ljavax/servlet/ServletResponse;)V+68
j  org.springframework.security.web.access.intercept.FilterSecurityInterceptor.invoke(Lorg/springframework/security/web/FilterInvocation;)V+87
j  org.springframework.security.web.access.intercept.FilterSecurityInterceptor.doFilter(Ljavax/servlet/ServletRequest;Ljavax/servlet/ServletResponse;Ljavax/servlet/FilterChain;)V+15
j  org.springframework.security.web.FilterChainProxy$VirtualFilterChain.doFilter(Ljavax/servlet/ServletRequest;Ljavax/servlet/ServletResponse;)V+192
j  org.springframework.security.web.access.ExceptionTranslationFilter.doFilter(Ljavax/servlet/ServletRequest;Ljavax/servlet/ServletResponse;Ljavax/servlet/FilterChain;)V+17
j  org.springframework.security.web.FilterChainProxy$VirtualFilterChain.doFilter(Ljavax/servlet/ServletRequest;Ljavax/servlet/ServletResponse;)V+192
j  org.springframework.security.web.session.SessionManagementFilter.doFilter(Ljavax/servlet/ServletRequest;Ljavax/servlet/ServletResponse;Ljavax/servlet/FilterChain;)V+258
j  org.springframework.security.web.FilterChainProxy$VirtualFilterChain.doFilter(Ljavax/servlet/ServletRequest;Ljavax/servlet/ServletResponse;)V+192
j  org.springframework.security.web.authentication.AnonymousAuthenticationFilter.doFilter(Ljavax/servlet/ServletRequest;Ljavax/servlet/ServletResponse;Ljavax/servlet/FilterChain;)V+137
j  org.springframework.security.web.FilterChainProxy$VirtualFilterChain.doFilter(Ljavax/servlet/ServletRequest;Ljavax/servlet/ServletResponse;)V+192
j  org.springframework.security.web.servletapi.SecurityContextHolderAwareRequestFilter.doFilter(Ljavax/servlet/ServletRequest;Ljavax/servlet/ServletResponse;Ljavax/servlet/FilterChain;)V+19
j  org.springframework.security.web.FilterChainProxy$VirtualFilterChain.doFilter(Ljavax/servlet/ServletRequest;Ljavax/servlet/ServletResponse;)V+192
j  org.springframework.security.web.savedrequest.RequestCacheAwareFilter.doFilter(Ljavax/servlet/ServletRequest;Ljavax/servlet/ServletResponse;Ljavax/servlet/FilterChain;)V+32
j  org.springframework.security.web.FilterChainProxy$VirtualFilterChain.doFilter(Ljavax/servlet/ServletRequest;Ljavax/servlet/ServletResponse;)V+192
j  org.springframework.security.web.authentication.logout.LogoutFilter.doFilter(Ljavax/servlet/ServletRequest;Ljavax/servlet/ServletResponse;Ljavax/servlet/FilterChain;)V+115
j  org.springframework.security.web.FilterChainProxy$VirtualFilterChain.doFilter(Ljavax/servlet/ServletRequest;Ljavax/servlet/ServletResponse;)V+192
j  org.springframework.security.web.authentication.AbstractAuthenticationProcessingFilter.doFilter(Ljavax/servlet/ServletRequest;Ljavax/servlet/ServletResponse;Ljavax/servlet/FilterChain;)V+28
j  org.springframework.security.web.FilterChainProxy$VirtualFilterChain.doFilter(Ljavax/servlet/ServletRequest;Ljavax/servlet/ServletResponse;)V+192
j  org.springframework.security.web.authentication.logout.LogoutFilter.doFilter(Ljavax/servlet/ServletRequest;Ljavax/servlet/ServletResponse;Ljavax/servlet/FilterChain;)V+115
j  org.springframework.security.web.FilterChainProxy$VirtualFilterChain.doFilter(Ljavax/servlet/ServletRequest;Ljavax/servlet/ServletResponse;)V+192
j  org.springframework.security.web.authentication.AbstractAuthenticationProcessingFilter.doFilter(Ljavax/servlet/ServletRequest;Ljavax/servlet/ServletResponse;Ljavax/servlet/FilterChain;)V+28
j  org.springframework.security.web.FilterChainProxy$VirtualFilterChain.doFilter(Ljavax/servlet/ServletRequest;Ljavax/servlet/ServletResponse;)V+192
j  org.springframework.web.filter.CorsFilter.doFilterInternal(Ljavax/servlet/http/HttpServletRequest;Ljavax/servlet/http/HttpServletResponse;Ljavax/servlet/FilterChain;)V+55
j  org.springframework.web.filter.OncePerRequestFilter.doFilter(Ljavax/servlet/ServletRequest;Ljavax/servlet/ServletResponse;Ljavax/servlet/FilterChain;)V+111
j  org.springframework.security.web.FilterChainProxy$VirtualFilterChain.doFilter(Ljavax/servlet/ServletRequest;Ljavax/servlet/ServletResponse;)V+192
j  org.springframework.security.web.header.HeaderWriterFilter.doFilterInternal(Ljavax/servlet/http/HttpServletRequest;Ljavax/servlet/http/HttpServletResponse;Ljavax/servlet/FilterChain;)V+48
j  org.springframework.web.filter.OncePerRequestFilter.doFilter(Ljavax/servlet/ServletRequest;Ljavax/servlet/ServletResponse;Ljavax/servlet/FilterChain;)V+111
j  org.springframework.security.web.FilterChainProxy$VirtualFilterChain.doFilter(Ljavax/servlet/ServletRequest;Ljavax/servlet/ServletResponse;)V+192
j  org.springframework.security.web.context.SecurityContextPersistenceFilter.doFilter(Ljavax/servlet/ServletRequest;Ljavax/servlet/ServletResponse;Ljavax/servlet/FilterChain;)V+165
j  org.springframework.security.web.FilterChainProxy$VirtualFilterChain.doFilter(Ljavax/servlet/ServletRequest;Ljavax/servlet/ServletResponse;)V+192
j  org.springframework.security.web.context.request.async.WebAsyncManagerIntegrationFilter.doFilterInternal(Ljavax/servlet/http/HttpServletRequest;Ljavax/servlet/http/HttpServletResponse;Ljavax/servlet/FilterChain;)V+42
j  org.springframework.web.filter.OncePerRequestFilter.doFilter(Ljavax/servlet/ServletRequest;Ljavax/servlet/ServletResponse;Ljavax/servlet/FilterChain;)V+111
j  org.springframework.security.web.FilterChainProxy$VirtualFilterChain.doFilter(Ljavax/servlet/ServletRequest;Ljavax/servlet/ServletResponse;)V+192
j  org.springframework.security.web.FilterChainProxy.doFilterInternal(Ljavax/servlet/ServletRequest;Ljavax/servlet/ServletResponse;Ljavax/servlet/FilterChain;)V+142
j  org.springframework.security.web.FilterChainProxy.doFilter(Ljavax/servlet/ServletRequest;Ljavax/servlet/ServletResponse;Ljavax/servlet/FilterChain;)V+40
j  org.springframework.web.filter.DelegatingFilterProxy.invokeDelegate(Ljavax/servlet/Filter;Ljavax/servlet/ServletRequest;Ljavax/servlet/ServletResponse;Ljavax/servlet/FilterChain;)V+5
j  org.springframework.web.filter.DelegatingFilterProxy.doFilter(Ljavax/servlet/ServletRequest;Ljavax/servlet/ServletResponse;Ljavax/servlet/FilterChain;)V+83
j  org.apache.catalina.core.ApplicationFilterChain.internalDoFilter(Ljavax/servlet/ServletRequest;Ljavax/servlet/ServletResponse;)V+135
j  org.apache.catalina.core.ApplicationFilterChain.doFilter(Ljavax/servlet/ServletRequest;Ljavax/servlet/ServletResponse;)V+101
j  org.springframework.web.filter.RequestContextFilter.doFilterInternal(Ljavax/servlet/http/HttpServletRequest;Ljavax/servlet/http/HttpServletResponse;Ljavax/servlet/FilterChain;)V+21
j  org.springframework.web.filter.OncePerRequestFilter.doFilter(Ljavax/servlet/ServletRequest;Ljavax/servlet/ServletResponse;Ljavax/servlet/FilterChain;)V+111
...<more frames>...


---------------  P R O C E S S  ---------------

Java Threads: ( => current thread )
  0x00007fab8e375000 JavaThread "Hibernate Search sync consumer thread for index net.ion.ice.core.node.Node" daemon [_thread_blocked, id=63747, stack(0x0000700008cc7000,0x0000700008dc7000)]
  0x00007fab8d657800 JavaThread "Hibernate Search sync consumer thread for index net.ion.ice.core.node.Node" daemon [_thread_blocked, id=63235, stack(0x0000700008bc4000,0x0000700008cc4000)]
  0x00007fab8de39000 JavaThread "commons-pool-EvictionTimer" daemon [_thread_blocked, id=62727, stack(0x0000700008ac1000,0x0000700008bc1000)]
  0x00007fab8dc0b800 JavaThread "Abandoned connection cleanup thread" daemon [_thread_blocked, id=62219, stack(0x00007000089be000,0x0000700008abe000)]
  0x00007fab8e691000 JavaThread "hz.ice-cluster-hazelcast.cached.thread-7" [_thread_blocked, id=30983, stack(0x0000700004c07000,0x0000700004d07000)]
  0x00007fab8eaf1000 JavaThread "hz.ice-cluster-hazelcast.cached.thread-6" [_thread_blocked, id=25883, stack(0x0000700004b04000,0x0000700004c04000)]
  0x00007fab8eb58000 JavaThread "hz.ice-cluster-hazelcast.cached.thread-5" [_thread_blocked, id=26375, stack(0x00007000041e9000,0x00007000042e9000)]
  0x00007fab8eb56800 JavaThread "hz.ice-cluster-hazelcast.cached.thread-4" [_thread_blocked, id=30479, stack(0x00007000040e6000,0x00007000041e6000)]
  0x00007fab8da55000 JavaThread "RMI TCP Connection(idle)" daemon [_thread_blocked, id=24591, stack(0x0000700003ddd000,0x0000700003edd000)]
  0x00007fab8d015800 JavaThread "RMI TCP Connection(idle)" daemon [_thread_blocked, id=24839, stack(0x0000700003ee0000,0x0000700003fe0000)]
  0x00007fab8eb51000 JavaThread "DestroyJavaVM" [_thread_blocked, id=6915, stack(0x0000700002698000,0x0000700002798000)]
  0x00007fab8eb53000 JavaThread "http-nio-8080-AsyncTimeout" daemon [_thread_blocked, id=61699, stack(0x00007000088bb000,0x00007000089bb000)]
  0x00007fab8eb52000 JavaThread "http-nio-8080-Acceptor-0" daemon [_thread_in_native, id=61187, stack(0x00007000087b8000,0x00007000088b8000)]
  0x00007fab8da44000 JavaThread "http-nio-8080-ClientPoller-1" daemon [_thread_in_native, id=60675, stack(0x00007000086b5000,0x00007000087b5000)]
  0x00007fab8f9ab000 JavaThread "http-nio-8080-ClientPoller-0" daemon [_thread_in_native, id=60163, stack(0x00007000085b2000,0x00007000086b2000)]
  0x00007fab8d5a9800 JavaThread "http-nio-8080-exec-10" daemon [_thread_blocked, id=59651, stack(0x00007000084af000,0x00007000085af000)]
  0x00007fab8ea81000 JavaThread "http-nio-8080-exec-9" daemon [_thread_blocked, id=59139, stack(0x00007000083ac000,0x00007000084ac000)]
  0x00007fab8e734000 JavaThread "http-nio-8080-exec-8" daemon [_thread_blocked, id=58627, stack(0x00007000082a9000,0x00007000083a9000)]
  0x00007fab8d5a9000 JavaThread "http-nio-8080-exec-7" daemon [_thread_blocked, id=58115, stack(0x00007000081a6000,0x00007000082a6000)]
  0x00007fab8e726800 JavaThread "http-nio-8080-exec-6" daemon [_thread_blocked, id=57603, stack(0x00007000080a3000,0x00007000081a3000)]
  0x00007fab8d78d800 JavaThread "http-nio-8080-exec-5" daemon [_thread_blocked, id=57091, stack(0x0000700007fa0000,0x00007000080a0000)]
  0x00007fab8d78c800 JavaThread "http-nio-8080-exec-4" daemon [_thread_blocked, id=56579, stack(0x0000700007e9d000,0x0000700007f9d000)]
  0x00007fab8e731000 JavaThread "http-nio-8080-exec-3" daemon [_thread_blocked, id=56067, stack(0x0000700007d9a000,0x0000700007e9a000)]
  0x00007fab8f9c3000 JavaThread "http-nio-8080-exec-2" daemon [_thread_blocked, id=55555, stack(0x0000700007c97000,0x0000700007d97000)]
=>0x00007fab8d781000 JavaThread "http-nio-8080-exec-1" daemon [_thread_in_Java, id=55043, stack(0x0000700007b94000,0x0000700007c94000)]
  0x00007fab8da3f800 JavaThread "NioBlockingSelector.BlockPoller-1" daemon [_thread_in_native, id=54531, stack(0x0000700007a91000,0x0000700007b91000)]
  0x00007fab8e724000 JavaThread "Live Reload Server" daemon [_thread_in_native, id=54023, stack(0x000070000798e000,0x0000700007a8e000)]
  0x00007fab8eb2f000 JavaThread "File Watcher" daemon [_thread_blocked, id=53515, stack(0x000070000788b000,0x000070000798b000)]
  0x00007fab8d39a000 JavaThread "Hibernate Search sync consumer thread for index net.ion.ice.core.node.Node" daemon [_thread_blocked, id=52995, stack(0x0000700007788000,0x0000700007888000)]
  0x00007fab8df60800 JavaThread "Hibernate Search sync consumer thread for index net.ion.ice.core.node.Node" daemon [_thread_blocked, id=52483, stack(0x0000700007685000,0x0000700007785000)]
  0x00007fab8ebae000 JavaThread "Hibernate Search sync consumer thread for index net.ion.ice.core.node.Node" daemon [_thread_blocked, id=51971, stack(0x0000700007582000,0x0000700007682000)]
  0x00007fab8e721800 JavaThread "Hibernate Search sync consumer thread for index net.ion.ice.core.node.Node" daemon [_thread_blocked, id=51459, stack(0x000070000747f000,0x000070000757f000)]
  0x00007fab8f959800 JavaThread "Hibernate Search sync consumer thread for index net.ion.ice.core.node.Node" daemon [_thread_blocked, id=50947, stack(0x000070000737c000,0x000070000747c000)]
  0x00007fab8e634000 JavaThread "Hibernate Search sync consumer thread for index net.ion.ice.core.node.Node" daemon [_thread_blocked, id=50435, stack(0x0000700007279000,0x0000700007379000)]
  0x00007fab8f94d000 JavaThread "Thread-31" [_thread_blocked, id=49923, stack(0x0000700007176000,0x0000700007276000)]
  0x00007fab8d365000 JavaThread "Thread-30" [_thread_blocked, id=49411, stack(0x0000700007073000,0x0000700007173000)]
  0x00007fab8d2bf000 JavaThread "Thread-29" [_thread_blocked, id=48903, stack(0x0000700006f70000,0x0000700007070000)]
  0x00007fab8e2b4000 JavaThread "expiration-thread--p3-t1" daemon [_thread_blocked, id=48391, stack(0x0000700006e6d000,0x0000700006f6d000)]
  0x00007fab8f9a6000 JavaThread "Hibernate Search sync consumer thread for index net.ion.ice.core.node.Node" daemon [_thread_blocked, id=47879, stack(0x0000700006d6a000,0x0000700006e6a000)]
  0x00007fab8e6e6800 JavaThread "hz.ice-cluster-hazelcast.HealthMonitor" daemon [_thread_blocked, id=47371, stack(0x0000700006c67000,0x0000700006d67000)]
  0x00007fab8d9e6800 JavaThread "hz.ice-cluster-hazelcast.cached.thread-3" [_thread_blocked, id=46851, stack(0x0000700006b64000,0x0000700006c64000)]
  0x00007fab8d41c800 JavaThread "hz.ice-cluster-hazelcast.IO.thread-Acceptor" [_thread_in_native, id=46339, stack(0x0000700006a61000,0x0000700006b61000)]
  0x00007fab8d36d800 JavaThread "hz.ice-cluster-hazelcast.IOBalancerThread" [_thread_blocked, id=45827, stack(0x000070000695e000,0x0000700006a5e000)]
  0x00007fab8d475800 JavaThread "hz.ice-cluster-hazelcast.IO.thread-out-2" [_thread_in_native, id=45315, stack(0x000070000685b000,0x000070000695b000)]
  0x00007fab8e2fd800 JavaThread "hz.ice-cluster-hazelcast.IO.thread-out-1" [_thread_in_native, id=44803, stack(0x0000700006758000,0x0000700006858000)]
  0x00007fab8ea9b800 JavaThread "hz.ice-cluster-hazelcast.IO.thread-out-0" [_thread_in_native, id=44291, stack(0x0000700006655000,0x0000700006755000)]
  0x00007fab8eb5a000 JavaThread "hz.ice-cluster-hazelcast.IO.thread-in-2" [_thread_in_native, id=43779, stack(0x0000700006552000,0x0000700006652000)]
  0x00007fab8d2d9000 JavaThread "hz.ice-cluster-hazelcast.IO.thread-in-1" [_thread_in_native, id=43267, stack(0x000070000644f000,0x000070000654f000)]
  0x00007fab8da76000 JavaThread "hz.ice-cluster-hazelcast.IO.thread-in-0" [_thread_in_native, id=42755, stack(0x000070000634c000,0x000070000644c000)]
  0x00007fab8d2d9800 JavaThread "hz.ice-cluster-hazelcast.cached.thread-2" [_thread_blocked, id=42243, stack(0x0000700006249000,0x0000700006349000)]
  0x00007fab8ef6e000 JavaThread "hz.ice-cluster-hazelcast.SlowOperationDetectorThread" [_thread_blocked, id=41731, stack(0x0000700006146000,0x0000700006246000)]
  0x00007fab8ebc2000 JavaThread "hz.ice-cluster-hazelcast.response" [_thread_blocked, id=41219, stack(0x0000700006043000,0x0000700006143000)]
  0x00007fab8d5bd000 JavaThread "hz.ice-cluster-hazelcast.generic-operation.thread-1" [_thread_blocked, id=40707, stack(0x0000700005f40000,0x0000700006040000)]
  0x00007fab8d5bc000 JavaThread "hz.ice-cluster-hazelcast.generic-operation.thread-0" [_thread_blocked, id=40195, stack(0x0000700005e3d000,0x0000700005f3d000)]
  0x00007fab8d5c5800 JavaThread "hz.ice-cluster-hazelcast.priority-generic-operation.thread-0" [_thread_blocked, id=39683, stack(0x0000700005d3a000,0x0000700005e3a000)]
  0x00007fab8e687800 JavaThread "hz.ice-cluster-hazelcast.partition-operation.thread-3" [_thread_blocked, id=39171, stack(0x0000700005c37000,0x0000700005d37000)]
  0x00007fab8e2b3000 JavaThread "hz.ice-cluster-hazelcast.partition-operation.thread-2" [_thread_blocked, id=38659, stack(0x0000700005b34000,0x0000700005c34000)]
  0x00007fab8d2fb000 JavaThread "hz.ice-cluster-hazelcast.partition-operation.thread-1" [_thread_blocked, id=38147, stack(0x0000700005a31000,0x0000700005b31000)]
  0x00007fab8ebc1800 JavaThread "hz.ice-cluster-hazelcast.partition-operation.thread-0" [_thread_blocked, id=37635, stack(0x000070000592e000,0x0000700005a2e000)]
  0x00007fab8e686800 JavaThread "hz.ice-cluster-hazelcast.InvocationMonitorThread" [_thread_blocked, id=37123, stack(0x000070000582b000,0x000070000592b000)]
  0x00007fab8e9e8800 JavaThread "hz.ice-cluster-hazelcast.cached.thread-1" [_thread_blocked, id=36611, stack(0x0000700005728000,0x0000700005828000)]
  0x00007fab8e677800 JavaThread "hz.ice-cluster-hazelcast.migration" [_thread_blocked, id=36103, stack(0x0000700005625000,0x0000700005725000)]
  0x00007fab8d329800 JavaThread "MetricsRegistry-thread-2" [_thread_blocked, id=35587, stack(0x0000700005522000,0x0000700005622000)]
  0x00007fab8ef64800 JavaThread "MetricsRegistry-thread-1" [_thread_blocked, id=35075, stack(0x000070000541f000,0x000070000551f000)]
  0x00007fab8d328800 JavaThread "hz.ice-cluster-hazelcast.operation-parker" [_thread_blocked, id=34563, stack(0x000070000531c000,0x000070000541c000)]
  0x00007fab8d374800 JavaThread "hz.ice-cluster-hazelcast.event-5" [_thread_blocked, id=34051, stack(0x0000700005219000,0x0000700005319000)]
  0x00007fab8d297000 JavaThread "hz.ice-cluster-hazelcast.event-4" [_thread_blocked, id=33539, stack(0x0000700005116000,0x0000700005216000)]
  0x00007fab8e980800 JavaThread "hz.ice-cluster-hazelcast.event-3" [_thread_blocked, id=33027, stack(0x0000700005013000,0x0000700005113000)]
  0x00007fab8e97f800 JavaThread "hz.ice-cluster-hazelcast.event-2" [_thread_blocked, id=32515, stack(0x0000700004f10000,0x0000700005010000)]
  0x00007fab8e97c800 JavaThread "hz.ice-cluster-hazelcast.event-1" [_thread_blocked, id=32003, stack(0x0000700004e0d000,0x0000700004f0d000)]
  0x00007fab8e260000 JavaThread "hz.ice-cluster-hazelcast.scheduled.thread-" [_thread_blocked, id=31495, stack(0x0000700004d0a000,0x0000700004e0a000)]
  0x00007fab8d3f4000 JavaThread "container-0" [_thread_blocked, id=4871, stack(0x0000700004a01000,0x0000700004b01000)]
  0x00007fab8d2ac800 JavaThread "ContainerBackgroundProcessor[StandardEngine[Tomcat]]" daemon [_thread_blocked, id=4107, stack(0x000070000250f000,0x000070000260f000)]
  0x00007fab8e3f6000 JavaThread "Attach Listener" daemon [_thread_blocked, id=29955, stack(0x00007000048fe000,0x00007000049fe000)]
  0x00007fab8ecb9000 JavaThread "type-pool-cache-evicter" daemon [_thread_blocked, id=29443, stack(0x00007000047fb000,0x00007000048fb000)]
  0x00007fab8d50a800 JavaThread "stagemonitor-elasticsearch-reporter" daemon [_thread_blocked, id=28931, stack(0x00007000046f8000,0x00007000047f8000)]
  0x00007fab8e3f7000 JavaThread "Keep-Alive-Timer" daemon [_thread_blocked, id=28419, stack(0x00007000045f5000,0x00007000046f5000)]
  0x00007fab8f93f000 JavaThread "async-elasticsearch" daemon [_thread_blocked, id=27907, stack(0x00007000044f2000,0x00007000045f2000)]
  0x00007fab8d4f4800 JavaThread "elasticsearch-tasks" daemon [_thread_blocked, id=27395, stack(0x00007000043ef000,0x00007000044ef000)]
  0x00007fab8f93e000 JavaThread "configuration-reloader" daemon [_thread_blocked, id=26891, stack(0x00007000042ec000,0x00007000043ec000)]
  0x00007fab8e2dc800 JavaThread "logback-appender-STASH-125.131.88.156:5000-2" daemon [_thread_in_native, id=25351, stack(0x0000700003fe3000,0x00007000040e3000)]
  0x00007fab8da0c000 JavaThread "RMI TCP Connection(5)-192.168.10.143" daemon [_thread_in_native, id=23811, stack(0x0000700003cda000,0x0000700003dda000)]
  0x00007fab8d354800 JavaThread "RMI Scheduler(0)" daemon [_thread_blocked, id=23299, stack(0x0000700003bd7000,0x0000700003cd7000)]
  0x00007fab8e29a000 JavaThread "RMI TCP Connection(idle)" daemon [_thread_blocked, id=22787, stack(0x0000700003ad4000,0x0000700003bd4000)]
  0x00007fab8da08000 JavaThread "RMI TCP Accept-0" daemon [_thread_in_native, id=21763, stack(0x00007000038ce000,0x00007000039ce000)]
  0x00007fab8d29a800 JavaThread "RMI TCP Accept-52772" daemon [_thread_in_native, id=21251, stack(0x00007000037cb000,0x00007000038cb000)]
  0x00007fab8e271800 JavaThread "RMI TCP Accept-0" daemon [_thread_in_native, id=20739, stack(0x00007000036c8000,0x00007000037c8000)]
  0x00007fab8e9ad800 JavaThread "Service Thread" daemon [_thread_blocked, id=20227, stack(0x00007000035c5000,0x00007000036c5000)]
  0x00007fab8d9e0000 JavaThread "C1 CompilerThread2" daemon [_thread_blocked, id=19715, stack(0x00007000034c2000,0x00007000035c2000)]
  0x00007fab8e254800 JavaThread "C2 CompilerThread1" daemon [_thread_blocked, id=19203, stack(0x00007000033bf000,0x00007000034bf000)]
  0x00007fab8d02c800 JavaThread "C2 CompilerThread0" daemon [_thread_blocked, id=18691, stack(0x00007000032bc000,0x00007000033bc000)]
  0x00007fab8d805800 JavaThread "JDWP Command Reader" daemon [_thread_in_native, id=18179, stack(0x00007000031b9000,0x00007000032b9000)]
  0x00007fab8e831800 JavaThread "JDWP Event Helper Thread" daemon [_thread_blocked, id=17667, stack(0x00007000030b6000,0x00007000031b6000)]
  0x00007fab8d804000 JavaThread "JDWP Transport Listener: dt_socket" daemon [_thread_blocked, id=17155, stack(0x0000700002fb3000,0x00007000030b3000)]
  0x00007fab8d801000 JavaThread "Signal Dispatcher" daemon [_thread_blocked, id=16643, stack(0x0000700002eb0000,0x0000700002fb0000)]
  0x00007fab8e037000 JavaThread "Finalizer" daemon [_thread_blocked, id=12547, stack(0x0000700002dad000,0x0000700002ead000)]
  0x00007fab8e036800 JavaThread "Reference Handler" daemon [_thread_blocked, id=12035, stack(0x0000700002caa000,0x0000700002daa000)]

Other Threads:
  0x00007fab8e033800 VMThread [stack: 0x0000700002ba7000,0x0000700002ca7000] [id=11523]
  0x00007fab8d285800 WatcherThread [stack: 0x00007000039d1000,0x0000700003ad1000] [id=22275]

VM state:not at safepoint (normal execution)

VM Mutex/Monitor currently owned by a thread: None

Heap:
 PSYoungGen      total 965120K, used 697035K [0x000000076ab00000, 0x00000007a7580000, 0x00000007c0000000)
  eden space 940544K, 74% used [0x000000076ab00000,0x00000007953b2f10,0x00000007a4180000)
  from space 24576K, 0% used [0x00000007a5d80000,0x00000007a5d80000,0x00000007a7580000)
  to   space 26624K, 0% used [0x00000007a4180000,0x00000007a4180000,0x00000007a5b80000)
 ParOldGen       total 155648K, used 32031K [0x00000006c0000000, 0x00000006c9800000, 0x000000076ab00000)
  object space 155648K, 20% used [0x00000006c0000000,0x00000006c1f47fb0,0x00000006c9800000)
 Metaspace       used 69110K, capacity 70546K, committed 70912K, reserved 1110016K
  class space    used 9632K, capacity 9931K, committed 9984K, reserved 1048576K

Card table byte_map: [0x000000010adc0000,0x000000010b5c1000] byte_map_base: 0x00000001077c0000

Marking Bits: (ParMarkBitMap*) 0x00000001099f6e20
 Begin Bits: [0x000000011ade7000, 0x000000011ede7000)
 End Bits:   [0x000000011ede7000, 0x0000000122de7000)

Polling page: 0x000000010a0e4000

CodeCache: size=245760Kb used=14198Kb max_used=14198Kb free=231561Kb
 bounds [0x000000010b891000, 0x000000010c681000, 0x000000011a891000]
 total_blobs=7673 nmethods=7031 adapters=561
 compilation: enabled

Compilation events (10 events):
Event: 51.784 Thread 0x00007fab8d9e0000 7180   !   1       com.p6spy.engine.wrapper.ResultSetWrapper::getObject (48 bytes)
Event: 51.784 Thread 0x00007fab8d9e0000 nmethod 7180 0x000000010c66fb50 code [0x000000010c66fce0, 0x000000010c66ff08]
Event: 51.784 Thread 0x00007fab8d9e0000 7176       1       org.stagemonitor.core.instrument.WeakConcurrentMap$WithInlinedExpunction::containsKey (10 bytes)
Event: 51.784 Thread 0x00007fab8d9e0000 nmethod 7176 0x000000010c670010 code [0x000000010c6701c0, 0x000000010c670648]
Event: 51.789 Thread 0x00007fab8d9e0000 7181       1       java.lang.Double::compareTo (9 bytes)
Event: 51.790 Thread 0x00007fab8d9e0000 nmethod 7181 0x000000010c670950 code [0x000000010c670ac0, 0x000000010c670c48]
Event: 51.790 Thread 0x00007fab8d9e0000 7182       1       java.lang.Double::compareTo (12 bytes)
Event: 51.790 Thread 0x00007fab8d9e0000 nmethod 7182 0x000000010c670d10 code [0x000000010c670e80, 0x000000010c670fc8]
Event: 51.790 Thread 0x00007fab8d9e0000 7183       1       com.mysql.jdbc.ResultSetMetaData::getField (38 bytes)
Event: 51.790 Thread 0x00007fab8d9e0000 nmethod 7183 0x000000010c671090 code [0x000000010c671220, 0x000000010c6713d8]

GC Heap History (10 events):
Event: 4.629 GC heap before
{Heap before GC invocations=11 (full 1):
 PSYoungGen      total 466944K, used 35347K [0x000000076ab00000, 0x0000000794900000, 0x00000007c0000000)
  eden space 451072K, 4% used [0x000000076ab00000,0x000000076be0c5e8,0x0000000786380000)
  from space 15872K, 99% used [0x0000000786380000,0x00000007872f8688,0x0000000787300000)
  to   space 21504K, 0% used [0x0000000793400000,0x0000000793400000,0x0000000794900000)
 ParOldGen       total 89088K, used 18121K [0x00000006c0000000, 0x00000006c5700000, 0x000000076ab00000)
  object space 89088K, 20% used [0x00000006c0000000,0x00000006c11b25c8,0x00000006c5700000)
 Metaspace       used 34803K, capacity 35342K, committed 35416K, reserved 1079296K
  class space    used 4672K, capacity 4833K, committed 4864K, reserved 1048576K
Event: 4.640 GC heap after
Heap after GC invocations=11 (full 1):
 PSYoungGen      total 665088K, used 5882K [0x000000076ab00000, 0x0000000796880000, 0x00000007c0000000)
  eden space 643584K, 0% used [0x000000076ab00000,0x000000076ab00000,0x0000000791f80000)
  from space 21504K, 27% used [0x0000000793400000,0x00000007939bea00,0x0000000794900000)
  to   space 20992K, 0% used [0x0000000791f80000,0x0000000791f80000,0x0000000793400000)
 ParOldGen       total 89088K, used 28521K [0x00000006c0000000, 0x00000006c5700000, 0x000000076ab00000)
  object space 89088K, 32% used [0x00000006c0000000,0x00000006c1bda430,0x00000006c5700000)
 Metaspace       used 34803K, capacity 35342K, committed 35416K, reserved 1079296K
  class space    used 4672K, capacity 4833K, committed 4864K, reserved 1048576K
}
Event: 4.640 GC heap before
{Heap before GC invocations=12 (full 2):
 PSYoungGen      total 665088K, used 5882K [0x000000076ab00000, 0x0000000796880000, 0x00000007c0000000)
  eden space 643584K, 0% used [0x000000076ab00000,0x000000076ab00000,0x0000000791f80000)
  from space 21504K, 27% used [0x0000000793400000,0x00000007939bea00,0x0000000794900000)
  to   space 20992K, 0% used [0x0000000791f80000,0x0000000791f80000,0x0000000793400000)
 ParOldGen       total 89088K, used 28521K [0x00000006c0000000, 0x00000006c5700000, 0x000000076ab00000)
  object space 89088K, 32% used [0x00000006c0000000,0x00000006c1bda430,0x00000006c5700000)
 Metaspace       used 34803K, capacity 35342K, committed 35416K, reserved 1079296K
  class space    used 4672K, capacity 4833K, committed 4864K, reserved 1048576K
Event: 4.690 GC heap after
Heap after GC invocations=12 (full 2):
 PSYoungGen      total 665088K, used 0K [0x000000076ab00000, 0x0000000796880000, 0x00000007c0000000)
  eden space 643584K, 0% used [0x000000076ab00000,0x000000076ab00000,0x0000000791f80000)
  from space 21504K, 0% used [0x0000000793400000,0x0000000793400000,0x0000000794900000)
  to   space 20992K, 0% used [0x0000000791f80000,0x0000000791f80000,0x0000000793400000)
 ParOldGen       total 127488K, used 23459K [0x00000006c0000000, 0x00000006c7c80000, 0x000000076ab00000)
  object space 127488K, 18% used [0x00000006c0000000,0x00000006c16e8d88,0x00000006c7c80000)
 Metaspace       used 34803K, capacity 35342K, committed 35416K, reserved 1079296K
  class space    used 4672K, capacity 4833K, committed 4864K, reserved 1048576K
}
Event: 8.821 GC heap before
{Heap before GC invocations=13 (full 2):
 PSYoungGen      total 665088K, used 643584K [0x000000076ab00000, 0x0000000796880000, 0x00000007c0000000)
  eden space 643584K, 100% used [0x000000076ab00000,0x0000000791f80000,0x0000000791f80000)
  from space 21504K, 0% used [0x0000000793400000,0x0000000793400000,0x0000000794900000)
  to   space 20992K, 0% used [0x0000000791f80000,0x0000000791f80000,0x0000000793400000)
 ParOldGen       total 127488K, used 23459K [0x00000006c0000000, 0x00000006c7c80000, 0x000000076ab00000)
  object space 127488K, 18% used [0x00000006c0000000,0x00000006c16e8d88,0x00000006c7c80000)
 Metaspace       used 56390K, capacity 57176K, committed 57344K, reserved 1097728K
  class space    used 7971K, capacity 8170K, committed 8192K, reserved 1048576K
Event: 8.843 GC heap after
Heap after GC invocations=13 (full 2):
 PSYoungGen      total 664576K, used 20970K [0x000000076ab00000, 0x00000007a7780000, 0x00000007c0000000)
  eden space 643584K, 0% used [0x000000076ab00000,0x000000076ab00000,0x0000000791f80000)
  from space 20992K, 99% used [0x0000000791f80000,0x00000007933faae0,0x0000000793400000)
  to   space 26624K, 0% used [0x00000007a5d80000,0x00000007a5d80000,0x00000007a7780000)
 ParOldGen       total 127488K, used 30140K [0x00000006c0000000, 0x00000006c7c80000, 0x000000076ab00000)
  object space 127488K, 23% used [0x00000006c0000000,0x00000006c1d6f3f8,0x00000006c7c80000)
 Metaspace       used 56390K, capacity 57176K, committed 57344K, reserved 1097728K
  class space    used 7971K, capacity 8170K, committed 8192K, reserved 1048576K
}
Event: 9.022 GC heap before
{Heap before GC invocations=14 (full 2):
 PSYoungGen      total 664576K, used 81321K [0x000000076ab00000, 0x00000007a7780000, 0x00000007c0000000)
  eden space 643584K, 9% used [0x000000076ab00000,0x000000076e5ef9f8,0x0000000791f80000)
  from space 20992K, 99% used [0x0000000791f80000,0x00000007933faae0,0x0000000793400000)
  to   space 26624K, 0% used [0x00000007a5d80000,0x00000007a5d80000,0x00000007a7780000)
 ParOldGen       total 127488K, used 30140K [0x00000006c0000000, 0x00000006c7c80000, 0x000000076ab00000)
  object space 127488K, 23% used [0x00000006c0000000,0x00000006c1d6f3f8,0x00000006c7c80000)
 Metaspace       used 58161K, capacity 58966K, committed 59028K, reserved 1099776K
  class space    used 8208K, capacity 8437K, committed 8448K, reserved 1048576K
Event: 9.032 GC heap after
Heap after GC invocations=14 (full 2):
 PSYoungGen      total 965120K, used 2168K [0x000000076ab00000, 0x00000007a7580000, 0x00000007c0000000)
  eden space 940544K, 0% used [0x000000076ab00000,0x000000076ab00000,0x00000007a4180000)
  from space 24576K, 8% used [0x00000007a5d80000,0x00000007a5f9e150,0x00000007a7580000)
  to   space 26624K, 0% used [0x00000007a4180000,0x00000007a4180000,0x00000007a5b80000)
 ParOldGen       total 127488K, used 37888K [0x00000006c0000000, 0x00000006c7c80000, 0x000000076ab00000)
  object space 127488K, 29% used [0x00000006c0000000,0x00000006c25001a8,0x00000006c7c80000)
 Metaspace       used 58161K, capacity 58966K, committed 59028K, reserved 1099776K
  class space    used 8208K, capacity 8437K, committed 8448K, reserved 1048576K
}
Event: 9.032 GC heap before
{Heap before GC invocations=15 (full 3):
 PSYoungGen      total 965120K, used 2168K [0x000000076ab00000, 0x00000007a7580000, 0x00000007c0000000)
  eden space 940544K, 0% used [0x000000076ab00000,0x000000076ab00000,0x00000007a4180000)
  from space 24576K, 8% used [0x00000007a5d80000,0x00000007a5f9e150,0x00000007a7580000)
  to   space 26624K, 0% used [0x00000007a4180000,0x00000007a4180000,0x00000007a5b80000)
 ParOldGen       total 127488K, used 37888K [0x00000006c0000000, 0x00000006c7c80000, 0x000000076ab00000)
  object space 127488K, 29% used [0x00000006c0000000,0x00000006c25001a8,0x00000006c7c80000)
 Metaspace       used 58161K, capacity 58966K, committed 59028K, reserved 1099776K
  class space    used 8208K, capacity 8437K, committed 8448K, reserved 1048576K
Event: 9.196 GC heap after
Heap after GC invocations=15 (full 3):
 PSYoungGen      total 965120K, used 0K [0x000000076ab00000, 0x00000007a7580000, 0x00000007c0000000)
  eden space 940544K, 0% used [0x000000076ab00000,0x000000076ab00000,0x00000007a4180000)
  from space 24576K, 0% used [0x00000007a5d80000,0x00000007a5d80000,0x00000007a7580000)
  to   space 26624K, 0% used [0x00000007a4180000,0x00000007a4180000,0x00000007a5b80000)
 ParOldGen       total 155648K, used 32031K [0x00000006c0000000, 0x00000006c9800000, 0x000000076ab00000)
  object space 155648K, 20% used [0x00000006c0000000,0x00000006c1f47fb0,0x00000006c9800000)
 Metaspace       used 58161K, capacity 58966K, committed 59028K, reserved 1099776K
  class space    used 8208K, capacity 8437K, committed 8448K, reserved 1048576K
}

Deoptimization events (0 events):
No events

Internal exceptions (10 events):
Event: 51.741 Thread 0x00007fab8d781000 Exception <a 'java/lang/ArrayIndexOutOfBoundsException'> (0x0000000794eb2190) thrown at [/Users/java_re/workspace/8-2-build-macosx-x86_64/jdk8u60/4407/hotspot/src/share/vm/runtime/sharedRuntime.cpp, line 605]
Event: 51.741 Thread 0x00007fab8d781000 Exception <a 'java/lang/ArrayIndexOutOfBoundsException'> (0x0000000794eb3a18) thrown at [/Users/java_re/workspace/8-2-build-macosx-x86_64/jdk8u60/4407/hotspot/src/share/vm/runtime/sharedRuntime.cpp, line 605]
Event: 51.741 Thread 0x00007fab8d781000 Exception <a 'java/lang/ArrayIndexOutOfBoundsException'> (0x0000000794eb4de8) thrown at [/Users/java_re/workspace/8-2-build-macosx-x86_64/jdk8u60/4407/hotspot/src/share/vm/runtime/sharedRuntime.cpp, line 605]
Event: 51.741 Thread 0x00007fab8d781000 Exception <a 'java/lang/ArrayIndexOutOfBoundsException'> (0x0000000794eb6cb8) thrown at [/Users/java_re/workspace/8-2-build-macosx-x86_64/jdk8u60/4407/hotspot/src/share/vm/runtime/sharedRuntime.cpp, line 605]
Event: 51.741 Thread 0x00007fab8d781000 Exception <a 'java/lang/ArrayIndexOutOfBoundsException'> (0x0000000794ebc380) thrown at [/Users/java_re/workspace/8-2-build-macosx-x86_64/jdk8u60/4407/hotspot/src/share/vm/runtime/sharedRuntime.cpp, line 605]
Event: 51.741 Thread 0x00007fab8d781000 Exception <a 'java/lang/ArrayIndexOutOfBoundsException'> (0x0000000794ebdef8) thrown at [/Users/java_re/workspace/8-2-build-macosx-x86_64/jdk8u60/4407/hotspot/src/share/vm/runtime/sharedRuntime.cpp, line 605]
Event: 51.741 Thread 0x00007fab8d781000 Exception <a 'java/lang/ArrayIndexOutOfBoundsException'> (0x0000000794ebf670) thrown at [/Users/java_re/workspace/8-2-build-macosx-x86_64/jdk8u60/4407/hotspot/src/share/vm/runtime/sharedRuntime.cpp, line 605]
Event: 51.741 Thread 0x00007fab8d781000 Exception <a 'java/lang/ArrayIndexOutOfBoundsException'> (0x0000000794ec0ef8) thrown at [/Users/java_re/workspace/8-2-build-macosx-x86_64/jdk8u60/4407/hotspot/src/share/vm/runtime/sharedRuntime.cpp, line 605]
Event: 51.741 Thread 0x00007fab8d781000 Exception <a 'java/lang/ArrayIndexOutOfBoundsException'> (0x0000000794ec21f8) thrown at [/Users/java_re/workspace/8-2-build-macosx-x86_64/jdk8u60/4407/hotspot/src/share/vm/runtime/sharedRuntime.cpp, line 605]
Event: 51.741 Thread 0x00007fab8d781000 Exception <a 'java/lang/ArrayIndexOutOfBoundsException'> (0x0000000794ec3ff8) thrown at [/Users/java_re/workspace/8-2-build-macosx-x86_64/jdk8u60/4407/hotspot/src/share/vm/runtime/sharedRuntime.cpp, line 605]

Events (10 events):
Event: 51.742 Thread 0x00007fab8d781000 DEOPT PACKING pc=0x000000010bb9e80c sp=0x0000700007c8d490
Event: 51.742 Thread 0x00007fab8d781000 DEOPT UNPACKING pc=0x000000010b8d8633 sp=0x0000700007c8d250 mode 1
Event: 51.742 Thread 0x00007fab8d781000 DEOPT PACKING pc=0x000000010bc7eb6c sp=0x0000700007c8d580
Event: 51.742 Thread 0x00007fab8d781000 DEOPT UNPACKING pc=0x000000010b8d8633 sp=0x0000700007c8d2e0 mode 1
Event: 51.754 Thread 0x00007fab8d781000 DEOPT PACKING pc=0x000000010baa3451 sp=0x0000700007c8d3e0
Event: 51.754 Thread 0x00007fab8d781000 DEOPT UNPACKING pc=0x000000010b8d8633 sp=0x0000700007c8d150 mode 1
Event: 51.754 Thread 0x00007fab8d781000 DEOPT PACKING pc=0x000000010bcd1c54 sp=0x0000700007c8d460
Event: 51.754 Thread 0x00007fab8d781000 DEOPT UNPACKING pc=0x000000010b8d8633 sp=0x0000700007c8d1d0 mode 1
Event: 51.754 Thread 0x00007fab8d781000 DEOPT PACKING pc=0x000000010bcd0d1c sp=0x0000700007c8d4e0
Event: 51.754 Thread 0x00007fab8d781000 DEOPT UNPACKING pc=0x000000010b8d8633 sp=0x0000700007c8d2c8 mode 1


Dynamic libraries:
0x000000000e18c000 	/System/Library/Frameworks/Cocoa.framework/Versions/A/Cocoa
0x000000000e18c000 	/System/Library/Frameworks/Security.framework/Versions/A/Security
0x000000000e18c000 	/System/Library/Frameworks/ApplicationServices.framework/Versions/A/ApplicationServices
0x000000000e18c000 	/usr/lib/libz.1.dylib
0x000000000e18c000 	/usr/lib/libSystem.B.dylib
0x000000000e18c000 	/usr/lib/libobjc.A.dylib
0x000000000e18c000 	/System/Library/Frameworks/CoreFoundation.framework/Versions/A/CoreFoundation
0x000000000e18c000 	/System/Library/Frameworks/Foundation.framework/Versions/C/Foundation
0x000000000e18c000 	/System/Library/Frameworks/AppKit.framework/Versions/C/AppKit
0x000000000e18c000 	/System/Library/Frameworks/CoreData.framework/Versions/A/CoreData
0x000000000e18c000 	/System/Library/PrivateFrameworks/RemoteViewServices.framework/Versions/A/RemoteViewServices
0x000000000e18c000 	/System/Library/PrivateFrameworks/UIFoundation.framework/Versions/A/UIFoundation
0x000000000e18c000 	/System/Library/PrivateFrameworks/DFRFoundation.framework/Versions/A/DFRFoundation
0x000000000e18c000 	/usr/lib/libenergytrace.dylib
0x000000000e18c000 	/System/Library/PrivateFrameworks/SkyLight.framework/Versions/A/SkyLight
0x000000000e18c000 	/System/Library/Frameworks/CoreGraphics.framework/Versions/A/CoreGraphics
0x000000000e18c000 	/usr/lib/libScreenReader.dylib
0x000000000e18c000 	/System/Library/Frameworks/Accelerate.framework/Versions/A/Accelerate
0x000000000e18c000 	/System/Library/Frameworks/IOSurface.framework/Versions/A/IOSurface
0x000000000e18c000 	/System/Library/Frameworks/AudioToolbox.framework/Versions/A/AudioToolbox
0x000000000e18c000 	/System/Library/Frameworks/AudioUnit.framework/Versions/A/AudioUnit
0x000000000e18c000 	/System/Library/PrivateFrameworks/DataDetectorsCore.framework/Versions/A/DataDetectorsCore
0x000000000e18c000 	/System/Library/PrivateFrameworks/DesktopServicesPriv.framework/Versions/A/DesktopServicesPriv
0x000000000e18c000 	/System/Library/Frameworks/Carbon.framework/Versions/A/Frameworks/HIToolbox.framework/Versions/A/HIToolbox
0x000000000e18c000 	/usr/lib/libicucore.A.dylib
0x000000000e18c000 	/System/Library/Frameworks/QuartzCore.framework/Versions/A/QuartzCore
0x000000000e18c000 	/System/Library/Frameworks/Carbon.framework/Versions/A/Frameworks/SpeechRecognition.framework/Versions/A/SpeechRecognition
0x000000000e18c000 	/usr/lib/libauto.dylib
0x000000000e18c000 	/usr/lib/libxml2.2.dylib
0x000000000e18c000 	/System/Library/PrivateFrameworks/CoreUI.framework/Versions/A/CoreUI
0x000000000e18c000 	/System/Library/Frameworks/CoreAudio.framework/Versions/A/CoreAudio
0x000000000e18c000 	/System/Library/Frameworks/DiskArbitration.framework/Versions/A/DiskArbitration
0x000000000e18c000 	/usr/lib/liblangid.dylib
0x000000000e18c000 	/System/Library/PrivateFrameworks/MultitouchSupport.framework/Versions/A/MultitouchSupport
0x000000000e18c000 	/System/Library/Frameworks/IOKit.framework/Versions/A/IOKit
0x000000000e18c000 	/usr/lib/libDiagnosticMessagesClient.dylib
0x000000000e18c000 	/System/Library/Frameworks/CoreServices.framework/Versions/A/CoreServices
0x000000000e18c000 	/System/Library/PrivateFrameworks/PerformanceAnalysis.framework/Versions/A/PerformanceAnalysis
0x000000000e18c000 	/System/Library/PrivateFrameworks/GenerationalStorage.framework/Versions/A/GenerationalStorage
0x000000000e18c000 	/System/Library/Frameworks/OpenGL.framework/Versions/A/OpenGL
0x000000000e18c000 	/System/Library/Frameworks/CoreImage.framework/Versions/A/CoreImage
0x000000000e18c000 	/System/Library/Frameworks/CoreText.framework/Versions/A/CoreText
0x000000000e18c000 	/System/Library/Frameworks/ImageIO.framework/Versions/A/ImageIO
0x000000000e18c000 	/System/Library/PrivateFrameworks/Backup.framework/Versions/A/Backup
0x000000000e18c000 	/usr/lib/libarchive.2.dylib
0x000000000e18c000 	/System/Library/Frameworks/CFNetwork.framework/Versions/A/CFNetwork
0x000000000e18c000 	/System/Library/Frameworks/SystemConfiguration.framework/Versions/A/SystemConfiguration
0x000000000e18c000 	/usr/lib/libCRFSuite.dylib
0x000000000e18c000 	/usr/lib/libc++.1.dylib
0x000000000e18c000 	/usr/lib/libc++abi.dylib
0x000000000e18c000 	/usr/lib/system/libcache.dylib
0x000000000e18c000 	/usr/lib/system/libcommonCrypto.dylib
0x000000000e18c000 	/usr/lib/system/libcompiler_rt.dylib
0x000000000e18c000 	/usr/lib/system/libcopyfile.dylib
0x000000000e18c000 	/usr/lib/system/libcorecrypto.dylib
0x000000000e18c000 	/usr/lib/system/libdispatch.dylib
0x000000000e18c000 	/usr/lib/system/libdyld.dylib
0x000000000e18c000 	/usr/lib/system/libkeymgr.dylib
0x000000000e18c000 	/usr/lib/system/liblaunch.dylib
0x000000000e18c000 	/usr/lib/system/libmacho.dylib
0x000000000e18c000 	/usr/lib/system/libquarantine.dylib
0x000000000e18c000 	/usr/lib/system/libremovefile.dylib
0x000000000e18c000 	/usr/lib/system/libsystem_asl.dylib
0x000000000e18c000 	/usr/lib/system/libsystem_blocks.dylib
0x000000000e18c000 	/usr/lib/system/libsystem_c.dylib
0x000000000e18c000 	/usr/lib/system/libsystem_configuration.dylib
0x000000000e18c000 	/usr/lib/system/libsystem_coreservices.dylib
0x000000000e18c000 	/usr/lib/system/libsystem_coretls.dylib
0x000000000e18c000 	/usr/lib/system/libsystem_dnssd.dylib
0x000000000e18c000 	/usr/lib/system/libsystem_info.dylib
0x000000000e18c000 	/usr/lib/system/libsystem_kernel.dylib
0x000000000e18c000 	/usr/lib/system/libsystem_m.dylib
0x000000000e18c000 	/usr/lib/system/libsystem_malloc.dylib
0x000000000e18c000 	/usr/lib/system/libsystem_network.dylib
0x000000000e18c000 	/usr/lib/system/libsystem_networkextension.dylib
0x000000000e18c000 	/usr/lib/system/libsystem_notify.dylib
0x000000000e18c000 	/usr/lib/system/libsystem_platform.dylib
0x000000000e18c000 	/usr/lib/system/libsystem_pthread.dylib
0x000000000e18c000 	/usr/lib/system/libsystem_sandbox.dylib
0x000000000e18c000 	/usr/lib/system/libsystem_secinit.dylib
0x000000000e18c000 	/usr/lib/system/libsystem_symptoms.dylib
0x000000000e18c000 	/usr/lib/system/libsystem_trace.dylib
0x000000000e18c000 	/usr/lib/system/libunwind.dylib
0x000000000e18c000 	/usr/lib/system/libxpc.dylib
0x000000000e18c000 	/usr/lib/libbsm.0.dylib
0x000000000e18c000 	/usr/lib/system/libkxld.dylib
0x000000000e18c000 	/usr/lib/libcoretls.dylib
0x000000000e18c000 	/usr/lib/libcoretls_cfhelpers.dylib
0x000000000e18c000 	/usr/lib/libOpenScriptingUtil.dylib
0x000000000e18c000 	/usr/lib/libpam.2.dylib
0x000000000e18c000 	/usr/lib/libsqlite3.dylib
0x000000000e18c000 	/usr/lib/libxar.1.dylib
0x000000000e18c000 	/usr/lib/libbz2.1.0.dylib
0x000000000e18c000 	/usr/lib/liblzma.5.dylib
0x000000000e18c000 	/usr/lib/libnetwork.dylib
0x000000000e18c000 	/usr/lib/libpcap.A.dylib
0x000000000e18c000 	/System/Library/Frameworks/CoreServices.framework/Versions/A/Frameworks/FSEvents.framework/Versions/A/FSEvents
0x000000000e18c000 	/System/Library/Frameworks/CoreServices.framework/Versions/A/Frameworks/CarbonCore.framework/Versions/A/CarbonCore
0x000000000e18c000 	/System/Library/Frameworks/CoreServices.framework/Versions/A/Frameworks/Metadata.framework/Versions/A/Metadata
0x000000000e18c000 	/System/Library/Frameworks/CoreServices.framework/Versions/A/Frameworks/OSServices.framework/Versions/A/OSServices
0x000000000e18c000 	/System/Library/Frameworks/CoreServices.framework/Versions/A/Frameworks/SearchKit.framework/Versions/A/SearchKit
0x000000000e18c000 	/System/Library/Frameworks/CoreServices.framework/Versions/A/Frameworks/AE.framework/Versions/A/AE
0x000000000e18c000 	/System/Library/Frameworks/CoreServices.framework/Versions/A/Frameworks/LaunchServices.framework/Versions/A/LaunchServices
0x000000000e18c000 	/System/Library/Frameworks/CoreServices.framework/Versions/A/Frameworks/DictionaryServices.framework/Versions/A/DictionaryServices
0x000000000e18c000 	/System/Library/Frameworks/CoreServices.framework/Versions/A/Frameworks/SharedFileList.framework/Versions/A/SharedFileList
0x000000000e18c000 	/System/Library/Frameworks/NetFS.framework/Versions/A/NetFS
0x000000000e18c000 	/System/Library/PrivateFrameworks/NetAuth.framework/Versions/A/NetAuth
0x000000000e18c000 	/System/Library/PrivateFrameworks/login.framework/Versions/A/Frameworks/loginsupport.framework/Versions/A/loginsupport
0x000000000e18c000 	/System/Library/PrivateFrameworks/TCC.framework/Versions/A/TCC
0x000000000e18c000 	/usr/lib/libmecabra.dylib
0x000000000e18c000 	/System/Library/Frameworks/ApplicationServices.framework/Versions/A/Frameworks/ATS.framework/Versions/A/ATS
0x000000000e18c000 	/System/Library/Frameworks/ApplicationServices.framework/Versions/A/Frameworks/ColorSync.framework/Versions/A/ColorSync
0x000000000e18c000 	/System/Library/Frameworks/ApplicationServices.framework/Versions/A/Frameworks/HIServices.framework/Versions/A/HIServices
0x000000000e18c000 	/System/Library/Frameworks/ApplicationServices.framework/Versions/A/Frameworks/LangAnalysis.framework/Versions/A/LangAnalysis
0x000000000e18c000 	/System/Library/Frameworks/ApplicationServices.framework/Versions/A/Frameworks/PrintCore.framework/Versions/A/PrintCore
0x000000000e18c000 	/System/Library/Frameworks/ApplicationServices.framework/Versions/A/Frameworks/QD.framework/Versions/A/QD
0x000000000e18c000 	/System/Library/Frameworks/ApplicationServices.framework/Versions/A/Frameworks/SpeechSynthesis.framework/Versions/A/SpeechSynthesis
0x000000000e18c000 	/System/Library/Frameworks/Accelerate.framework/Versions/A/Frameworks/vImage.framework/Versions/A/vImage
0x000000000e18c000 	/System/Library/Frameworks/Accelerate.framework/Versions/A/Frameworks/vecLib.framework/Versions/A/vecLib
0x000000000e18c000 	/System/Library/Frameworks/Accelerate.framework/Versions/A/Frameworks/vecLib.framework/Versions/A/libvDSP.dylib
0x000000000e18c000 	/System/Library/Frameworks/Accelerate.framework/Versions/A/Frameworks/vecLib.framework/Versions/A/libBNNS.dylib
0x000000000e18c000 	/System/Library/Frameworks/Accelerate.framework/Versions/A/Frameworks/vecLib.framework/Versions/A/libQuadrature.dylib
0x000000000e18c000 	/System/Library/Frameworks/Accelerate.framework/Versions/A/Frameworks/vecLib.framework/Versions/A/libvMisc.dylib
0x000000000e18c000 	/System/Library/Frameworks/Accelerate.framework/Versions/A/Frameworks/vecLib.framework/Versions/A/libLAPACK.dylib
0x000000000e18c000 	/System/Library/Frameworks/Accelerate.framework/Versions/A/Frameworks/vecLib.framework/Versions/A/libBLAS.dylib
0x000000000e18c000 	/System/Library/Frameworks/Accelerate.framework/Versions/A/Frameworks/vecLib.framework/Versions/A/libLinearAlgebra.dylib
0x000000000e18c000 	/System/Library/Frameworks/Accelerate.framework/Versions/A/Frameworks/vecLib.framework/Versions/A/libSparseBLAS.dylib
0x000000000e18c000 	/System/Library/Frameworks/ApplicationServices.framework/Versions/A/Frameworks/ATS.framework/Versions/A/Resources/libFontParser.dylib
0x000000000e18c000 	/System/Library/Frameworks/ApplicationServices.framework/Versions/A/Frameworks/ATS.framework/Versions/A/Resources/libFontRegistry.dylib
0x000000000e18c000 	/System/Library/Frameworks/ImageIO.framework/Versions/A/Resources/libJPEG.dylib
0x000000000e18c000 	/System/Library/Frameworks/ImageIO.framework/Versions/A/Resources/libTIFF.dylib
0x000000000e18c000 	/System/Library/Frameworks/ImageIO.framework/Versions/A/Resources/libPng.dylib
0x000000000e18c000 	/System/Library/Frameworks/ImageIO.framework/Versions/A/Resources/libGIF.dylib
0x000000000e18c000 	/System/Library/Frameworks/ImageIO.framework/Versions/A/Resources/libJP2.dylib
0x000000000e18c000 	/System/Library/Frameworks/ImageIO.framework/Versions/A/Resources/libRadiance.dylib
0x000000000e18c000 	/usr/lib/libcompression.dylib
0x000000000e18c000 	/System/Library/PrivateFrameworks/AppleJPEG.framework/Versions/A/AppleJPEG
0x000000000e18c000 	/usr/lib/libcups.2.dylib
0x000000000e18c000 	/System/Library/Frameworks/Kerberos.framework/Versions/A/Kerberos
0x000000000e18c000 	/System/Library/Frameworks/GSS.framework/Versions/A/GSS
0x000000000e18c000 	/usr/lib/libresolv.9.dylib
0x000000000e18c000 	/usr/lib/libiconv.2.dylib
0x000000000e18c000 	/System/Library/PrivateFrameworks/Heimdal.framework/Versions/A/Heimdal
0x000000000e18c000 	/usr/lib/libheimdal-asn1.dylib
0x000000000e18c000 	/System/Library/Frameworks/OpenDirectory.framework/Versions/A/OpenDirectory
0x000000000e18c000 	/System/Library/PrivateFrameworks/CommonAuth.framework/Versions/A/CommonAuth
0x000000000e18c000 	/System/Library/Frameworks/OpenDirectory.framework/Versions/A/Frameworks/CFOpenDirectory.framework/Versions/A/CFOpenDirectory
0x000000000e18c000 	/System/Library/Frameworks/SecurityFoundation.framework/Versions/A/SecurityFoundation
0x000000000e18c000 	/System/Library/PrivateFrameworks/LanguageModeling.framework/Versions/A/LanguageModeling
0x000000000e18c000 	/usr/lib/libmarisa.dylib
0x000000000e18c000 	/usr/lib/libChineseTokenizer.dylib
0x000000000e18c000 	/usr/lib/libcmph.dylib
0x000000000e18c000 	/System/Library/PrivateFrameworks/CoreEmoji.framework/Versions/A/CoreEmoji
0x000000000e18c000 	/System/Library/Frameworks/ServiceManagement.framework/Versions/A/ServiceManagement
0x000000000e18c000 	/usr/lib/libxslt.1.dylib
0x000000000e18c000 	/System/Library/Frameworks/Carbon.framework/Versions/A/Frameworks/Ink.framework/Versions/A/Ink
0x000000000e18c000 	/System/Library/PrivateFrameworks/TextureIO.framework/Versions/A/TextureIO
0x000000000e18c000 	/System/Library/Frameworks/Metal.framework/Versions/A/Metal
0x000000000e18c000 	/usr/lib/libate.dylib
0x000000000e18c000 	/System/Library/PrivateFrameworks/GPUCompiler.framework/libmetal_timestamp.dylib
0x000000000e18c000 	/System/Library/Frameworks/OpenGL.framework/Versions/A/Libraries/libCoreFSCache.dylib
0x000000000e18c000 	/System/Library/PrivateFrameworks/IOAccelerator.framework/Versions/A/IOAccelerator
0x000000000e18c000 	/System/Library/Frameworks/CoreVideo.framework/Versions/A/CoreVideo
0x000000000e18c000 	/usr/lib/libFosl_dynamic.dylib
0x000000000e18c000 	/System/Library/PrivateFrameworks/MetalPerformanceShaders.framework/Versions/A/MetalPerformanceShaders
0x000000000e18c000 	/System/Library/PrivateFrameworks/FaceCore.framework/Versions/A/FaceCore
0x000000000e18c000 	/System/Library/Frameworks/OpenCL.framework/Versions/A/OpenCL
0x000000000e18c000 	/System/Library/Frameworks/OpenGL.framework/Versions/A/Libraries/libGLU.dylib
0x000000000e18c000 	/System/Library/Frameworks/OpenGL.framework/Versions/A/Libraries/libGFXShared.dylib
0x000000000e18c000 	/System/Library/Frameworks/OpenGL.framework/Versions/A/Libraries/libGL.dylib
0x000000000e18c000 	/System/Library/Frameworks/OpenGL.framework/Versions/A/Libraries/libGLImage.dylib
0x000000000e18c000 	/System/Library/Frameworks/OpenGL.framework/Versions/A/Libraries/libCVMSPluginSupport.dylib
0x000000000e18c000 	/System/Library/Frameworks/OpenGL.framework/Versions/A/Libraries/libCoreVMClient.dylib
0x000000000e18c000 	/System/Library/PrivateFrameworks/CrashReporterSupport.framework/Versions/A/CrashReporterSupport
0x000000000e18c000 	/System/Library/PrivateFrameworks/Sharing.framework/Versions/A/Sharing
0x000000000e18c000 	/System/Library/PrivateFrameworks/IconServices.framework/Versions/A/IconServices
0x000000000e18c000 	/System/Library/PrivateFrameworks/ProtocolBuffer.framework/Versions/A/ProtocolBuffer
0x000000000e18c000 	/System/Library/PrivateFrameworks/Apple80211.framework/Versions/A/Apple80211
0x000000000e18c000 	/System/Library/Frameworks/CoreWLAN.framework/Versions/A/CoreWLAN
0x000000000e18c000 	/System/Library/PrivateFrameworks/CoreUtils.framework/Versions/A/CoreUtils
0x000000000e18c000 	/System/Library/Frameworks/IOBluetooth.framework/Versions/A/IOBluetooth
0x000000000e18c000 	/System/Library/PrivateFrameworks/CoreWiFi.framework/Versions/A/CoreWiFi
0x000000000e18c000 	/System/Library/Frameworks/CoreBluetooth.framework/Versions/A/CoreBluetooth
0x000000000e18c000 	/System/Library/Frameworks/CoreDisplay.framework/Versions/A/CoreDisplay
0x000000000e18c000 	/System/Library/PrivateFrameworks/IOPresentment.framework/Versions/A/IOPresentment
0x000000000e18c000 	/System/Library/PrivateFrameworks/DSExternalDisplay.framework/Versions/A/DSExternalDisplay
0x000000000e18c000 	/System/Library/PrivateFrameworks/DebugSymbols.framework/Versions/A/DebugSymbols
0x000000000e18c000 	/System/Library/PrivateFrameworks/CoreSymbolication.framework/Versions/A/CoreSymbolication
0x000000000e18c000 	/System/Library/PrivateFrameworks/Symbolication.framework/Versions/A/Symbolication
0x000000000e18c000 	/System/Library/PrivateFrameworks/AppleFSCompression.framework/Versions/A/AppleFSCompression
0x000000000e18c000 	/System/Library/PrivateFrameworks/SpeechRecognitionCore.framework/Versions/A/SpeechRecognitionCore
0x000000000e18c000 	/System/Library/PrivateFrameworks/ChunkingLibrary.framework/Versions/A/ChunkingLibrary
0x000000004e5c0000 	/System/Library/CoreServices/Encodings/libKoreanConverter.dylib
0x0000000109118000 	/Library/Java/JavaVirtualMachines/jdk1.8.0_60.jdk/Contents/Home/jre/lib/server/libjvm.dylib
0x000000000e18c000 	/usr/lib/libstdc++.6.dylib
0x000000010a0a1000 	/Library/Java/JavaVirtualMachines/jdk1.8.0_60.jdk/Contents/Home/jre/lib/libverify.dylib
0x000000010a0af000 	/Library/Java/JavaVirtualMachines/jdk1.8.0_60.jdk/Contents/Home/jre/lib/libjava.dylib
0x000000010a0e5000 	/Library/Java/JavaVirtualMachines/jdk1.8.0_60.jdk/Contents/Home/jre/lib/libjdwp.dylib
0x000000010a130000 	/Library/Java/JavaVirtualMachines/jdk1.8.0_60.jdk/Contents/Home/jre/lib/libnpt.dylib
0x000000010a134000 	/Library/Java/JavaVirtualMachines/jdk1.8.0_60.jdk/Contents/Home/jre/lib/libinstrument.dylib
0x000000010a192000 	/Library/Java/JavaVirtualMachines/jdk1.8.0_60.jdk/Contents/Home/jre/lib/libzip.dylib
0x0000000124e4b000 	/System/Library/Frameworks/JavaVM.framework/Frameworks/JavaRuntimeSupport.framework/JavaRuntimeSupport
0x000000010a1eb000 	/System/Library/Frameworks/JavaVM.framework/Versions/A/Frameworks/JavaNativeFoundation.framework/Versions/A/JavaNativeFoundation
0x0000000124e65000 	/System/Library/Frameworks/JavaVM.framework/Versions/A/JavaVM
0x000000000e18c000 	/System/Library/Frameworks/Carbon.framework/Versions/A/Carbon
0x0000000124e72000 	/System/Library/PrivateFrameworks/JavaLaunching.framework/Versions/A/JavaLaunching
0x000000000e18c000 	/System/Library/Frameworks/Carbon.framework/Versions/A/Frameworks/CommonPanels.framework/Versions/A/CommonPanels
0x000000000e18c000 	/System/Library/Frameworks/Carbon.framework/Versions/A/Frameworks/Help.framework/Versions/A/Help
0x000000000e18c000 	/System/Library/Frameworks/Carbon.framework/Versions/A/Frameworks/ImageCapture.framework/Versions/A/ImageCapture
0x000000000e18c000 	/System/Library/Frameworks/Carbon.framework/Versions/A/Frameworks/OpenScripting.framework/Versions/A/OpenScripting
0x000000000e18c000 	/System/Library/Frameworks/Carbon.framework/Versions/A/Frameworks/Print.framework/Versions/A/Print
0x000000000e18c000 	/System/Library/Frameworks/Carbon.framework/Versions/A/Frameworks/SecurityHI.framework/Versions/A/SecurityHI
0x000000012677f000 	/Library/Java/JavaVirtualMachines/jdk1.8.0_60.jdk/Contents/Home/jre/lib/libdt_socket.dylib
0x0000000126de9000 	/Library/Java/JavaVirtualMachines/jdk1.8.0_60.jdk/Contents/Home/jre/lib/libmanagement.dylib
0x0000000126df7000 	/Library/Java/JavaVirtualMachines/jdk1.8.0_60.jdk/Contents/Home/jre/lib/libnet.dylib
0x0000000126e56000 	/Library/Java/JavaVirtualMachines/jdk1.8.0_60.jdk/Contents/Home/jre/lib/libnio.dylib
0x0000000128378000 	/Library/Java/JavaVirtualMachines/jdk1.8.0_60.jdk/Contents/Home/jre/lib/libattach.dylib

VM Arguments:
jvm_args: -agentlib:jdwp=transport=dt_socket,address=127.0.0.1:52773,suspend=y,server=n -XX:TieredStopAtLevel=1 -Xverify:none -Dspring.output.ansi.enabled=always -Dcom.sun.management.jmxremote -Dcom.sun.management.jmxremote.port=52772 -Dcom.sun.management.jmxremote.authenticate=false -Dcom.sun.management.jmxremote.ssl=false -Dspring.liveBeansView.mbeanDomain -Dspring.application.admin.enabled=true -javaagent:/Users/jjong/Library/Caches/IntelliJIdea2017.2/groovyHotSwap/gragent.jar -Dfile.encoding=UTF-8 
java_command: net.ion.ice.Ice2Application
java_class_path (initial): /Library/Java/JavaVirtualMachines/jdk1.8.0_60.jdk/Contents/Home/jre/lib/charsets.jar:/Library/Java/JavaVirtualMachines/jdk1.8.0_60.jdk/Contents/Home/jre/lib/deploy.jar:/Library/Java/JavaVirtualMachines/jdk1.8.0_60.jdk/Contents/Home/jre/lib/ext/cldrdata.jar:/Library/Java/JavaVirtualMachines/jdk1.8.0_60.jdk/Contents/Home/jre/lib/ext/dnsns.jar:/Library/Java/JavaVirtualMachines/jdk1.8.0_60.jdk/Contents/Home/jre/lib/ext/jaccess.jar:/Library/Java/JavaVirtualMachines/jdk1.8.0_60.jdk/Contents/Home/jre/lib/ext/jfxrt.jar:/Library/Java/JavaVirtualMachines/jdk1.8.0_60.jdk/Contents/Home/jre/lib/ext/localedata.jar:/Library/Java/JavaVirtualMachines/jdk1.8.0_60.jdk/Contents/Home/jre/lib/ext/nashorn.jar:/Library/Java/JavaVirtualMachines/jdk1.8.0_60.jdk/Contents/Home/jre/lib/ext/sunec.jar:/Library/Java/JavaVirtualMachines/jdk1.8.0_60.jdk/Contents/Home/jre/lib/ext/sunjce_provider.jar:/Library/Java/JavaVirtualMachines/jdk1.8.0_60.jdk/Contents/Home/jre/lib/ext/sunpkcs11.jar:/Library/Java/JavaVirtualMachines/jdk1.8.0_60.jdk/Contents/Home/jre/lib/ext/zipfs.jar:/Library/Java/JavaVirtualMachines/jdk1.8.0_60.jdk/Contents/Home/jre/lib/javaws.jar:/Library/Java/JavaVirtualMachines/jdk1.8.0_60.jdk/Contents/Home/jre/lib/jce.jar:/Library/Java/JavaVirtualMachines/jdk1.8.0_60.jdk/Contents/Home/jre/lib/jfr.jar:/Library/Java/JavaVirtualMachines/jdk1.8.0_60.jdk/Contents/Home/jre/lib/jfxswt.jar:/Library/Java/JavaVirtualMachines/jdk1.8.0_60.jdk/Contents/Home/jre/lib/jsse.jar:/Library/Java/JavaVirtualMachines/jdk1.8.0_60.jdk/Contents/Home/jre/lib/management-agent.jar:/Library/Java/JavaVirtualMachines/jdk1.8.0_60.jdk/Contents/Home/jre/lib/plugin.jar:/Library/Java/JavaVirtualMachines/jdk1.8.0_60.jdk/Contents/Home/jre/lib/resources.jar:/Library/Java/JavaVirtualMachines/jdk1.8.0_60.jdk/Contents/Home/jre/lib/rt.jar:/Library/Java/JavaVirtualMachines/jdk1.8.0_60.jdk/Contents/Home/lib/ant-javafx.jar:/Library/Java/JavaVirtualMachines/jdk1.8.0_60.jdk/Contents/Home/lib/dt.jar:/Library/Ja
Launcher Type: SUN_STANDARD

Environment Variables:
PATH=/usr/local/bin:/usr/bin:/bin:/usr/sbin:/sbin:/Users/jjong/Library/Android/sdk/tools:/Users/jjong/Library/Android/sdk/platform-tools
SHELL=/bin/bash

Signal Handlers:
SIGSEGV: [libjvm.dylib+0x5a6d31], sa_mask[0]=11111111011111110111111111111111, sa_flags=SA_ONSTACK|SA_RESTART|SA_SIGINFO
SIGBUS: [libjvm.dylib+0x5a6d31], sa_mask[0]=11111111011111110111111111111111, sa_flags=SA_RESTART|SA_SIGINFO
SIGFPE: [libjvm.dylib+0x480a4c], sa_mask[0]=11111111011111110111111111111111, sa_flags=SA_RESTART|SA_SIGINFO
SIGPIPE: [libjvm.dylib+0x480a4c], sa_mask[0]=11111111011111110111111111111111, sa_flags=SA_RESTART|SA_SIGINFO
SIGXFSZ: [libjvm.dylib+0x480a4c], sa_mask[0]=11111111011111110111111111111111, sa_flags=SA_RESTART|SA_SIGINFO
SIGILL: [libjvm.dylib+0x480a4c], sa_mask[0]=11111111011111110111111111111111, sa_flags=SA_RESTART|SA_SIGINFO
SIGUSR1: SIG_DFL, sa_mask[0]=00000000000000000000000000000000, sa_flags=none
SIGUSR2: [libjvm.dylib+0x48056a], sa_mask[0]=00100000000000000000000000000000, sa_flags=SA_RESTART|SA_SIGINFO
SIGHUP: [libjvm.dylib+0x47eb41], sa_mask[0]=11111111011111110111111111111111, sa_flags=SA_RESTART|SA_SIGINFO
SIGINT: [libjvm.dylib+0x47eb41], sa_mask[0]=11111111011111110111111111111111, sa_flags=SA_RESTART|SA_SIGINFO
SIGTERM: [libjvm.dylib+0x47eb41], sa_mask[0]=11111111011111110111111111111111, sa_flags=SA_RESTART|SA_SIGINFO
SIGQUIT: [libjvm.dylib+0x47eb41], sa_mask[0]=11111111011111110111111111111111, sa_flags=SA_RESTART|SA_SIGINFO


---------------  S Y S T E M  ---------------

OS:Bsduname:Darwin 16.7.0 Darwin Kernel Version 16.7.0: Thu Jun 15 17:36:27 PDT 2017; root:xnu-3789.70.16~2/RELEASE_X86_64 x86_64
rlimit: STACK 8192k, CORE 0k, NPROC 709, NOFILE 10240, AS infinity
load average:3.39 3.26 3.33

CPU:total 4 (4 cores per cpu, 1 threads per core) family 6 model 60 stepping 3, cmov, cx8, fxsr, mmx, sse, sse2, sse3, ssse3, sse4.1, sse4.2, popcnt, avx, avx2, aes, clmul, erms, rtm, lzcnt, tsc, tscinvbit, bmi1, bmi2

Memory: 4k page, physical 16777216k(245728k free)

/proc/meminfo:


vm_info: Java HotSpot(TM) 64-Bit Server VM (25.60-b23) for bsd-amd64 JRE (1.8.0_60-b27), built on Aug  4 2015 10:47:24 by "java_re" with gcc 4.2.1 (Based on Apple Inc. build 5658) (LLVM build 2336.11.00)

time: Sun Oct  8 21:00:55 2017
elapsed time: 51 seconds (0d 0h 0m 51s)

