#
# A fatal error has been detected by the Java Runtime Environment:
#
#  SIGSEGV (0xb) at pc=0x0000000103f201fa, pid=30829, tid=55555
#
# JRE version: Java(TM) SE Runtime Environment (8.0_60-b27) (build 1.8.0_60-b27)
# Java VM: Java HotSpot(TM) 64-Bit Server VM (25.60-b23 mixed mode bsd-amd64 compressed oops)
# Problematic frame:
# V  [libjvm.dylib+0x4f81fa]  SignatureIterator::expect(char)+0x14
#
# Failed to write core dump. Core dumps have been disabled. To enable core dumping, try "ulimit -c unlimited" before starting Java again
#
# If you would like to submit a bug report, please visit:
#   http://bugreport.java.com/bugreport/crash.jsp
#

---------------  T H R E A D  ---------------

Current thread (0x00007fe8b1529000):  JavaThread "http-nio-8080-exec-1" daemon [_thread_in_vm, id=55555, stack(0x000070000f8f6000,0x000070000f9f6000)]

siginfo: si_signo: 11 (SIGSEGV), si_code: 1 (SEGV_MAPERR), si_addr: 0x0000000000000008

Registers:
RAX=0x0000000000000000, RBX=0x000070000f9f07e8, RCX=0x0000000000000000, RDX=0x0000000105400000
RSP=0x000070000f9f06a0, RBP=0x000070000f9f07b0, RSI=0x0000000000000028, RDI=0x000070000f9f07e8
R8 =0x0000000000000000, R9 =0x0000000000000014, R10=0x0000000104315100, R11=0x000000079005be20
R12=0x000070000f9f0900, R13=0x0000000122f12ebc, R14=0x000070000f9f07e8, R15=0x0000000000000000
RIP=0x0000000103f201fa, EFLAGS=0x0000000000010206, ERR=0x0000000000000004
  TRAPNO=0x000000000000000e

Top of Stack: (sp=0x000070000f9f06a0)
0x000070000f9f06a0:   00007fe8afdbee10 0000000000000014
0x000070000f9f06b0:   0000000000000000 00000000592b1acb
0x000070000f9f06c0:   000070000f9f0700 0000000103f53988
0x000070000f9f06d0:   00007fe8af610c80 00007fe8b1529000
0x000070000f9f06e0:   0000000000000000 0000000000000008
0x000070000f9f06f0:   0000000000000014 00007fe8b3519810
0x000070000f9f0700:   000070000f9f0750 0000000103f53bd7
0x000070000f9f0710:   000070000f9f0760 000070000f9f0764
0x000070000f9f0720:   0000cf58592b1acb 00007fe8b1529000
0x000070000f9f0730:   0000000000000029 0000000000000008
0x000070000f9f0740:   0000000000000000 00007fe8b1529000
0x000070000f9f0750:   000070000f9f07a0 0000000103f53e7e
0x000070000f9f0760:   000000140f9f07b0 00007fe8b35194d0
0x000070000f9f0770:   00007fe8b3519800 00007fe8b3519810
0x000070000f9f0780:   00007fe8b3519be8 00000000000003d8
0x000070000f9f0790:   0000000122f11430 000000078de0c610
0x000070000f9f07a0:   000070000f9f07f0 000070000f9f07e8
0x000070000f9f07b0:   000070000f9f07d0 0000000103f2036f
0x000070000f9f07c0:   000070000f9f0900 000070000f9f07e8
0x000070000f9f07d0:   000070000f9f0820 0000000103c7069d
0x000070000f9f07e0:   000070000f9f0800 000000010423af20
0x000070000f9f07f0:   0000000000000000 0000000000000000
0x000070000f9f0800:   0000000000000063 0000000100000000
0x000070000f9f0810:   00007fe8b1529000 0000000122f13148
0x000070000f9f0820:   000070000f9f0a70 0000000103d0cd43
0x000070000f9f0830:   00007fe8af63c5a0 00007fe8af63c5a0
0x000070000f9f0840:   00007fe8af63c5a0 000000b6af63c5a0
0x000070000f9f0850:   0000000122f12ebc 00000001000000b6
0x000070000f9f0860:   0000000122f13148 00007fe8b1529000
0x000070000f9f0870:   00007fe8b35194d0 00007fe8b3519800
0x000070000f9f0880:   00007fe8b3519810 00007fe8b3519be8
0x000070000f9f0890:   00000000000003d8 00007fe8b1529000 

Instructions: (pc=0x0000000103f201fa)
0x0000000103f201da:   df 48 83 c4 08 5b 5d e9 7c ff ff ff 55 48 89 e5
0x0000000103f201ea:   53 48 81 ec 08 01 00 00 48 63 47 10 48 8b 4f 08
0x0000000103f201fa:   40 38 74 01 08 48 89 fb 74 39 40 0f be d6 48 8d
0x0000000103f2020a:   bd f0 fe ff ff 48 8d 35 97 3b 11 00 30 c0 e8 57 

Register to memory mapping:

RAX=0x0000000000000000 is an unknown value
RBX=0x000070000f9f07e8 is pointing into the stack for thread: 0x00007fe8b1529000
RCX=0x0000000000000000 is an unknown value
RDX=0x0000000105400000 is an unknown value
RSP=0x000070000f9f06a0 is pointing into the stack for thread: 0x00007fe8b1529000
RBP=0x000070000f9f07b0 is pointing into the stack for thread: 0x00007fe8b1529000
RSI=0x0000000000000028 is an unknown value
RDI=0x000070000f9f07e8 is pointing into the stack for thread: 0x00007fe8b1529000
R8 =0x0000000000000000 is an unknown value
R9 =0x0000000000000014 is an unknown value
R10=0x0000000104315100: _ZN19TemplateInterpreter13_active_tableE+0x3800 in /Library/Java/JavaVirtualMachines/jdk1.8.0_60.jdk/Contents/Home/jre/lib/server/libjvm.dylib at 0x0000000103a28000
R11=0x000000079005be20 is an oop
[C 
 - klass: {type array char}
 - length: 16
R12=0x000070000f9f0900 is pointing into the stack for thread: 0x00007fe8b1529000
R13=0x0000000122f12ebc is pointing into metadata
R14=0x000070000f9f07e8 is pointing into the stack for thread: 0x00007fe8b1529000
R15=0x0000000000000000 is an unknown value


Stack: [0x000070000f8f6000,0x000070000f9f6000],  sp=0x000070000f9f06a0,  free space=1001k
Native frames: (J=compiled Java code, j=interpreted, Vv=VM code, C=native code)
V  [libjvm.dylib+0x4f81fa]  SignatureIterator::expect(char)+0x14
V  [libjvm.dylib+0x4f836f]  SignatureIterator::iterate_parameters()+0x25
V  [libjvm.dylib+0x24869d]  frame::interpreter_callee_receiver_addr(Symbol*)+0x47
V  [libjvm.dylib+0x2e4d43]  InterpreterRuntime::resolve_invoke(JavaThread*, Bytecodes::Code)+0x1b7
j  net.ion.ice.service.DeliveryService.makeDeliveryPrice(Ljava/lang/String;Ljava/util/Map;)V+28
j  net.ion.ice.service.OrderChangeService.requestCancel(Lnet/ion/ice/core/context/ExecuteContext;)Lnet/ion/ice/core/context/ExecuteContext;+196
v  ~StubRoutines::call_stub
V  [libjvm.dylib+0x2eab0e]  JavaCalls::call_helper(JavaValue*, methodHandle*, JavaCallArguments*, Thread*)+0x6ae
V  [libjvm.dylib+0x4caf44]  Reflection::invoke(instanceKlassHandle, methodHandle, Handle, bool, objArrayHandle, BasicType, objArrayHandle, bool, Thread*)+0xe12
V  [libjvm.dylib+0x4cb478]  Reflection::invoke_method(oopDesc*, Handle, objArrayHandle, Thread*)+0x16c
V  [libjvm.dylib+0x342cc0]  JVM_InvokeMethod+0x166
J 1757  sun.reflect.NativeMethodAccessorImpl.invoke0(Ljava/lang/reflect/Method;Ljava/lang/Object;[Ljava/lang/Object;)Ljava/lang/Object; (0 bytes) @ 0x000000011364ebad [0x000000011364eac0+0xed]
J 1756 C1 sun.reflect.NativeMethodAccessorImpl.invoke(Ljava/lang/Object;[Ljava/lang/Object;)Ljava/lang/Object; (104 bytes) @ 0x0000000113650d7c [0x00000001136509a0+0x3dc]
J 1364 C1 sun.reflect.DelegatingMethodAccessorImpl.invoke(Ljava/lang/Object;[Ljava/lang/Object;)Ljava/lang/Object; (10 bytes) @ 0x0000000113586be4 [0x0000000113586b80+0x64]
J 1363 C1 java.lang.reflect.Method.invoke(Ljava/lang/Object;[Ljava/lang/Object;)Ljava/lang/Object; (62 bytes) @ 0x0000000113585e04 [0x0000000113585ce0+0x124]
j  net.ion.ice.core.event.ActionService.execute(Lnet/ion/ice/core/context/ExecuteContext;)V+182
j  net.ion.ice.core.event.EventService.executeEventAction(Lnet/ion/ice/core/context/ExecuteContext;Lnet/ion/ice/core/event/Event;)V+75
j  net.ion.ice.core.event.EventService.execute(Lnet/ion/ice/core/context/ExecuteContext;)V+130
j  net.ion.ice.core.context.ExecuteContext.execute()Z+32
j  net.ion.ice.core.node.NodeService.executeNode(Ljava/util/Map;Lorg/springframework/util/MultiValueMap;Ljava/lang/String;Ljava/lang/String;)Ljava/lang/Object;+51
j  net.ion.ice.core.node.NodeController.execute(Ljavax/servlet/http/HttpServletRequest;Ljava/lang/String;Ljava/lang/String;)Ljava/lang/Object;+36
j  net.ion.ice.core.node.NodeController.eventJson(Ljavax/servlet/http/HttpServletRequest;Ljava/lang/String;Ljava/lang/String;)Ljava/lang/Object;+13
v  ~StubRoutines::call_stub
V  [libjvm.dylib+0x2eab0e]  JavaCalls::call_helper(JavaValue*, methodHandle*, JavaCallArguments*, Thread*)+0x6ae
V  [libjvm.dylib+0x4caf44]  Reflection::invoke(instanceKlassHandle, methodHandle, Handle, bool, objArrayHandle, BasicType, objArrayHandle, bool, Thread*)+0xe12
V  [libjvm.dylib+0x4cb478]  Reflection::invoke_method(oopDesc*, Handle, objArrayHandle, Thread*)+0x16c
V  [libjvm.dylib+0x342cc0]  JVM_InvokeMethod+0x166
J 1757  sun.reflect.NativeMethodAccessorImpl.invoke0(Ljava/lang/reflect/Method;Ljava/lang/Object;[Ljava/lang/Object;)Ljava/lang/Object; (0 bytes) @ 0x000000011364ebad [0x000000011364eac0+0xed]
J 1756 C1 sun.reflect.NativeMethodAccessorImpl.invoke(Ljava/lang/Object;[Ljava/lang/Object;)Ljava/lang/Object; (104 bytes) @ 0x0000000113650d7c [0x00000001136509a0+0x3dc]
J 1364 C1 sun.reflect.DelegatingMethodAccessorImpl.invoke(Ljava/lang/Object;[Ljava/lang/Object;)Ljava/lang/Object; (10 bytes) @ 0x0000000113586be4 [0x0000000113586b80+0x64]
J 1363 C1 java.lang.reflect.Method.invoke(Ljava/lang/Object;[Ljava/lang/Object;)Ljava/lang/Object; (62 bytes) @ 0x0000000113585e04 [0x0000000113585ce0+0x124]
j  org.springframework.web.method.support.InvocableHandlerMethod.doInvoke([Ljava/lang/Object;)Ljava/lang/Object;+16
j  org.springframework.web.method.support.InvocableHandlerMethod.invokeForRequest(Lorg/springframework/web/context/request/NativeWebRequest;Lorg/springframework/web/method/support/ModelAndViewContainer;[Ljava/lang/Object;)Ljava/lang/Object;+75
j  org.springframework.web.servlet.mvc.method.annotation.ServletInvocableHandlerMethod.invokeAndHandle(Lorg/springframework/web/context/request/ServletWebRequest;Lorg/springframework/web/method/support/ModelAndViewContainer;[Ljava/lang/Object;)V+4
j  org.springframework.web.servlet.mvc.method.annotation.RequestMappingHandlerAdapter.invokeHandlerMethod(Ljavax/servlet/http/HttpServletRequest;Ljavax/servlet/http/HttpServletResponse;Lorg/springframework/web/method/HandlerMethod;)Lorg/springframework/web/servlet/ModelAndView;+262
j  org.springframework.web.servlet.mvc.method.annotation.RequestMappingHandlerAdapter.handleInternal(Ljavax/servlet/http/HttpServletRequest;Ljavax/servlet/http/HttpServletResponse;Lorg/springframework/web/method/HandlerMethod;)Lorg/springframework/web/servlet/ModelAndView;+81
j  org.springframework.web.servlet.mvc.method.AbstractHandlerMethodAdapter.handle(Ljavax/servlet/http/HttpServletRequest;Ljavax/servlet/http/HttpServletResponse;Ljava/lang/Object;)Lorg/springframework/web/servlet/ModelAndView;+7
j  org.springframework.web.servlet.DispatcherServlet.doDispatch(Ljavax/servlet/http/HttpServletRequest;Ljavax/servlet/http/HttpServletResponse;)V+318
j  org.springframework.web.servlet.DispatcherServlet.doService(Ljavax/servlet/http/HttpServletRequest;Ljavax/servlet/http/HttpServletResponse;)V+301
j  org.springframework.web.servlet.FrameworkServlet.processRequest(Ljavax/servlet/http/HttpServletRequest;Ljavax/servlet/http/HttpServletResponse;)V+71
j  org.springframework.web.servlet.FrameworkServlet.doPost(Ljavax/servlet/http/HttpServletRequest;Ljavax/servlet/http/HttpServletResponse;)V+3
j  javax.servlet.http.HttpServlet.service(Ljavax/servlet/http/HttpServletRequest;Ljavax/servlet/http/HttpServletResponse;)V+149
j  org.springframework.web.servlet.FrameworkServlet.service(Ljavax/servlet/http/HttpServletRequest;Ljavax/servlet/http/HttpServletResponse;)V+42
j  javax.servlet.http.HttpServlet.service(Ljavax/servlet/ServletRequest;Ljavax/servlet/ServletResponse;)V+30
j  org.apache.catalina.core.ApplicationFilterChain.internalDoFilter(Ljavax/servlet/ServletRequest;Ljavax/servlet/ServletResponse;)V+304
j  org.apache.catalina.core.ApplicationFilterChain.doFilter(Ljavax/servlet/ServletRequest;Ljavax/servlet/ServletResponse;)V+101
j  org.apache.tomcat.websocket.server.WsFilter.doFilter(Ljavax/servlet/ServletRequest;Ljavax/servlet/ServletResponse;Ljavax/servlet/FilterChain;)V+21
j  org.apache.catalina.core.ApplicationFilterChain.internalDoFilter(Ljavax/servlet/ServletRequest;Ljavax/servlet/ServletResponse;)V+135
j  org.apache.catalina.core.ApplicationFilterChain.doFilter(Ljavax/servlet/ServletRequest;Ljavax/servlet/ServletResponse;)V+101
j  org.stagemonitor.web.servlet.MonitoredHttpRequest.execute()V+12
j  org.stagemonitor.tracing.RequestMonitor.monitor(Lorg/stagemonitor/tracing/MonitoredRequest;)Lorg/stagemonitor/tracing/SpanContextInformation;+6
j  org.stagemonitor.web.servlet.filter.HttpRequestMonitorFilter.monitorRequest(Ljavax/servlet/FilterChain;Ljavax/servlet/http/HttpServletRequest;Lorg/stagemonitor/web/servlet/filter/StatusExposingByteCountingServletResponse;)Lorg/stagemonitor/tracing/SpanContextInformation;+24
j  org.stagemonitor.web.servlet.filter.HttpRequestMonitorFilter.doMonitor(Ljavax/servlet/http/HttpServletRequest;Ljavax/servlet/http/HttpServletResponse;Ljavax/servlet/FilterChain;)V+50
j  org.stagemonitor.web.servlet.filter.HttpRequestMonitorFilter.doFilterInternal(Ljavax/servlet/http/HttpServletRequest;Ljavax/servlet/http/HttpServletResponse;Ljavax/servlet/FilterChain;)V+64
j  org.stagemonitor.web.servlet.filter.AbstractExclusionFilter.doFilter(Ljavax/servlet/ServletRequest;Ljavax/servlet/ServletResponse;Ljavax/servlet/FilterChain;)V+48
j  org.apache.catalina.core.ApplicationFilterChain.internalDoFilter(Ljavax/servlet/ServletRequest;Ljavax/servlet/ServletResponse;)V+135
j  org.apache.catalina.core.ApplicationFilterChain.doFilter(Ljavax/servlet/ServletRequest;Ljavax/servlet/ServletResponse;)V+101
j  org.springframework.security.web.authentication.logout.LogoutFilter.doFilter(Ljavax/servlet/ServletRequest;Ljavax/servlet/ServletResponse;Ljavax/servlet/FilterChain;)V+115
j  org.apache.catalina.core.ApplicationFilterChain.internalDoFilter(Ljavax/servlet/ServletRequest;Ljavax/servlet/ServletResponse;)V+135
j  org.apache.catalina.core.ApplicationFilterChain.doFilter(Ljavax/servlet/ServletRequest;Ljavax/servlet/ServletResponse;)V+101
j  net.ion.ice.security.cors.CORSFilter.doFilter(Ljavax/servlet/ServletRequest;Ljavax/servlet/ServletResponse;Ljavax/servlet/FilterChain;)V+96
j  org.apache.catalina.core.ApplicationFilterChain.internalDoFilter(Ljavax/servlet/ServletRequest;Ljavax/servlet/ServletResponse;)V+135
j  org.apache.catalina.core.ApplicationFilterChain.doFilter(Ljavax/servlet/ServletRequest;Ljavax/servlet/ServletResponse;)V+101
j  org.springframework.security.web.FilterChainProxy$VirtualFilterChain.doFilter(Ljavax/servlet/ServletRequest;Ljavax/servlet/ServletResponse;)V+68
j  org.springframework.security.web.access.intercept.FilterSecurityInterceptor.invoke(Lorg/springframework/security/web/FilterInvocation;)V+87
j  org.springframework.security.web.access.intercept.FilterSecurityInterceptor.doFilter(Ljavax/servlet/ServletRequest;Ljavax/servlet/ServletResponse;Ljavax/servlet/FilterChain;)V+15
j  org.springframework.security.web.FilterChainProxy$VirtualFilterChain.doFilter(Ljavax/servlet/ServletRequest;Ljavax/servlet/ServletResponse;)V+192
j  org.springframework.security.web.access.ExceptionTranslationFilter.doFilter(Ljavax/servlet/ServletRequest;Ljavax/servlet/ServletResponse;Ljavax/servlet/FilterChain;)V+17
j  org.springframework.security.web.FilterChainProxy$VirtualFilterChain.doFilter(Ljavax/servlet/ServletRequest;Ljavax/servlet/ServletResponse;)V+192
j  org.springframework.security.web.session.SessionManagementFilter.doFilter(Ljavax/servlet/ServletRequest;Ljavax/servlet/ServletResponse;Ljavax/servlet/FilterChain;)V+258
j  org.springframework.security.web.FilterChainProxy$VirtualFilterChain.doFilter(Ljavax/servlet/ServletRequest;Ljavax/servlet/ServletResponse;)V+192
j  org.springframework.security.web.authentication.AnonymousAuthenticationFilter.doFilter(Ljavax/servlet/ServletRequest;Ljavax/servlet/ServletResponse;Ljavax/servlet/FilterChain;)V+137
j  org.springframework.security.web.FilterChainProxy$VirtualFilterChain.doFilter(Ljavax/servlet/ServletRequest;Ljavax/servlet/ServletResponse;)V+192
j  org.springframework.security.web.servletapi.SecurityContextHolderAwareRequestFilter.doFilter(Ljavax/servlet/ServletRequest;Ljavax/servlet/ServletResponse;Ljavax/servlet/FilterChain;)V+19
j  org.springframework.security.web.FilterChainProxy$VirtualFilterChain.doFilter(Ljavax/servlet/ServletRequest;Ljavax/servlet/ServletResponse;)V+192
j  org.springframework.security.web.savedrequest.RequestCacheAwareFilter.doFilter(Ljavax/servlet/ServletRequest;Ljavax/servlet/ServletResponse;Ljavax/servlet/FilterChain;)V+32
j  org.springframework.security.web.FilterChainProxy$VirtualFilterChain.doFilter(Ljavax/servlet/ServletRequest;Ljavax/servlet/ServletResponse;)V+192
j  org.springframework.security.web.authentication.logout.LogoutFilter.doFilter(Ljavax/servlet/ServletRequest;Ljavax/servlet/ServletResponse;Ljavax/servlet/FilterChain;)V+115
j  org.springframework.security.web.FilterChainProxy$VirtualFilterChain.doFilter(Ljavax/servlet/ServletRequest;Ljavax/servlet/ServletResponse;)V+192
j  org.springframework.security.web.authentication.AbstractAuthenticationProcessingFilter.doFilter(Ljavax/servlet/ServletRequest;Ljavax/servlet/ServletResponse;Ljavax/servlet/FilterChain;)V+28
j  org.springframework.security.web.FilterChainProxy$VirtualFilterChain.doFilter(Ljavax/servlet/ServletRequest;Ljavax/servlet/ServletResponse;)V+192
j  org.springframework.security.web.authentication.logout.LogoutFilter.doFilter(Ljavax/servlet/ServletRequest;Ljavax/servlet/ServletResponse;Ljavax/servlet/FilterChain;)V+115
j  org.springframework.security.web.FilterChainProxy$VirtualFilterChain.doFilter(Ljavax/servlet/ServletRequest;Ljavax/servlet/ServletResponse;)V+192
j  org.springframework.security.web.authentication.AbstractAuthenticationProcessingFilter.doFilter(Ljavax/servlet/ServletRequest;Ljavax/servlet/ServletResponse;Ljavax/servlet/FilterChain;)V+28
j  org.springframework.security.web.FilterChainProxy$VirtualFilterChain.doFilter(Ljavax/servlet/ServletRequest;Ljavax/servlet/ServletResponse;)V+192
j  org.springframework.web.filter.CorsFilter.doFilterInternal(Ljavax/servlet/http/HttpServletRequest;Ljavax/servlet/http/HttpServletResponse;Ljavax/servlet/FilterChain;)V+55
j  org.springframework.web.filter.OncePerRequestFilter.doFilter(Ljavax/servlet/ServletRequest;Ljavax/servlet/ServletResponse;Ljavax/servlet/FilterChain;)V+111
j  org.springframework.security.web.FilterChainProxy$VirtualFilterChain.doFilter(Ljavax/servlet/ServletRequest;Ljavax/servlet/ServletResponse;)V+192
j  org.springframework.security.web.header.HeaderWriterFilter.doFilterInternal(Ljavax/servlet/http/HttpServletRequest;Ljavax/servlet/http/HttpServletResponse;Ljavax/servlet/FilterChain;)V+48
j  org.springframework.web.filter.OncePerRequestFilter.doFilter(Ljavax/servlet/ServletRequest;Ljavax/servlet/ServletResponse;Ljavax/servlet/FilterChain;)V+111
j  org.springframework.security.web.FilterChainProxy$VirtualFilterChain.doFilter(Ljavax/servlet/ServletRequest;Ljavax/servlet/ServletResponse;)V+192
j  org.springframework.security.web.context.SecurityContextPersistenceFilter.doFilter(Ljavax/servlet/ServletRequest;Ljavax/servlet/ServletResponse;Ljavax/servlet/FilterChain;)V+165
j  org.springframework.security.web.FilterChainProxy$VirtualFilterChain.doFilter(Ljavax/servlet/ServletRequest;Ljavax/servlet/ServletResponse;)V+192
j  org.springframework.security.web.context.request.async.WebAsyncManagerIntegrationFilter.doFilterInternal(Ljavax/servlet/http/HttpServletRequest;Ljavax/servlet/http/HttpServletResponse;Ljavax/servlet/FilterChain;)V+42
j  org.springframework.web.filter.OncePerRequestFilter.doFilter(Ljavax/servlet/ServletRequest;Ljavax/servlet/ServletResponse;Ljavax/servlet/FilterChain;)V+111
j  org.springframework.security.web.FilterChainProxy$VirtualFilterChain.doFilter(Ljavax/servlet/ServletRequest;Ljavax/servlet/ServletResponse;)V+192
j  org.springframework.security.web.FilterChainProxy.doFilterInternal(Ljavax/servlet/ServletRequest;Ljavax/servlet/ServletResponse;Ljavax/servlet/FilterChain;)V+142
j  org.springframework.security.web.FilterChainProxy.doFilter(Ljavax/servlet/ServletRequest;Ljavax/servlet/ServletResponse;Ljavax/servlet/FilterChain;)V+40
j  org.springframework.web.filter.DelegatingFilterProxy.invokeDelegate(Ljavax/servlet/Filter;Ljavax/servlet/ServletRequest;Ljavax/servlet/ServletResponse;Ljavax/servlet/FilterChain;)V+5
j  org.springframework.web.filter.DelegatingFilterProxy.doFilter(Ljavax/servlet/ServletRequest;Ljavax/servlet/ServletResponse;Ljavax/servlet/FilterChain;)V+83
...<more frames>...

Java frames: (J=compiled Java code, j=interpreted, Vv=VM code)
j  net.ion.ice.service.DeliveryService.makeDeliveryPrice(Ljava/lang/String;Ljava/util/Map;)V+28
j  net.ion.ice.service.OrderChangeService.requestCancel(Lnet/ion/ice/core/context/ExecuteContext;)Lnet/ion/ice/core/context/ExecuteContext;+196
v  ~StubRoutines::call_stub
J 1757  sun.reflect.NativeMethodAccessorImpl.invoke0(Ljava/lang/reflect/Method;Ljava/lang/Object;[Ljava/lang/Object;)Ljava/lang/Object; (0 bytes) @ 0x000000011364eb37 [0x000000011364eac0+0x77]
J 1756 C1 sun.reflect.NativeMethodAccessorImpl.invoke(Ljava/lang/Object;[Ljava/lang/Object;)Ljava/lang/Object; (104 bytes) @ 0x0000000113650d7c [0x00000001136509a0+0x3dc]
J 1364 C1 sun.reflect.DelegatingMethodAccessorImpl.invoke(Ljava/lang/Object;[Ljava/lang/Object;)Ljava/lang/Object; (10 bytes) @ 0x0000000113586be4 [0x0000000113586b80+0x64]
J 1363 C1 java.lang.reflect.Method.invoke(Ljava/lang/Object;[Ljava/lang/Object;)Ljava/lang/Object; (62 bytes) @ 0x0000000113585e04 [0x0000000113585ce0+0x124]
j  net.ion.ice.core.event.ActionService.execute(Lnet/ion/ice/core/context/ExecuteContext;)V+182
j  net.ion.ice.core.event.EventService.executeEventAction(Lnet/ion/ice/core/context/ExecuteContext;Lnet/ion/ice/core/event/Event;)V+75
j  net.ion.ice.core.event.EventService.execute(Lnet/ion/ice/core/context/ExecuteContext;)V+130
j  net.ion.ice.core.context.ExecuteContext.execute()Z+32
j  net.ion.ice.core.node.NodeService.executeNode(Ljava/util/Map;Lorg/springframework/util/MultiValueMap;Ljava/lang/String;Ljava/lang/String;)Ljava/lang/Object;+51
j  net.ion.ice.core.node.NodeController.execute(Ljavax/servlet/http/HttpServletRequest;Ljava/lang/String;Ljava/lang/String;)Ljava/lang/Object;+36
j  net.ion.ice.core.node.NodeController.eventJson(Ljavax/servlet/http/HttpServletRequest;Ljava/lang/String;Ljava/lang/String;)Ljava/lang/Object;+13
v  ~StubRoutines::call_stub
J 1757  sun.reflect.NativeMethodAccessorImpl.invoke0(Ljava/lang/reflect/Method;Ljava/lang/Object;[Ljava/lang/Object;)Ljava/lang/Object; (0 bytes) @ 0x000000011364eb37 [0x000000011364eac0+0x77]
J 1756 C1 sun.reflect.NativeMethodAccessorImpl.invoke(Ljava/lang/Object;[Ljava/lang/Object;)Ljava/lang/Object; (104 bytes) @ 0x0000000113650d7c [0x00000001136509a0+0x3dc]
J 1364 C1 sun.reflect.DelegatingMethodAccessorImpl.invoke(Ljava/lang/Object;[Ljava/lang/Object;)Ljava/lang/Object; (10 bytes) @ 0x0000000113586be4 [0x0000000113586b80+0x64]
J 1363 C1 java.lang.reflect.Method.invoke(Ljava/lang/Object;[Ljava/lang/Object;)Ljava/lang/Object; (62 bytes) @ 0x0000000113585e04 [0x0000000113585ce0+0x124]
j  org.springframework.web.method.support.InvocableHandlerMethod.doInvoke([Ljava/lang/Object;)Ljava/lang/Object;+16
j  org.springframework.web.method.support.InvocableHandlerMethod.invokeForRequest(Lorg/springframework/web/context/request/NativeWebRequest;Lorg/springframework/web/method/support/ModelAndViewContainer;[Ljava/lang/Object;)Ljava/lang/Object;+75
j  org.springframework.web.servlet.mvc.method.annotation.ServletInvocableHandlerMethod.invokeAndHandle(Lorg/springframework/web/context/request/ServletWebRequest;Lorg/springframework/web/method/support/ModelAndViewContainer;[Ljava/lang/Object;)V+4
j  org.springframework.web.servlet.mvc.method.annotation.RequestMappingHandlerAdapter.invokeHandlerMethod(Ljavax/servlet/http/HttpServletRequest;Ljavax/servlet/http/HttpServletResponse;Lorg/springframework/web/method/HandlerMethod;)Lorg/springframework/web/servlet/ModelAndView;+262
j  org.springframework.web.servlet.mvc.method.annotation.RequestMappingHandlerAdapter.handleInternal(Ljavax/servlet/http/HttpServletRequest;Ljavax/servlet/http/HttpServletResponse;Lorg/springframework/web/method/HandlerMethod;)Lorg/springframework/web/servlet/ModelAndView;+81
j  org.springframework.web.servlet.mvc.method.AbstractHandlerMethodAdapter.handle(Ljavax/servlet/http/HttpServletRequest;Ljavax/servlet/http/HttpServletResponse;Ljava/lang/Object;)Lorg/springframework/web/servlet/ModelAndView;+7
j  org.springframework.web.servlet.DispatcherServlet.doDispatch(Ljavax/servlet/http/HttpServletRequest;Ljavax/servlet/http/HttpServletResponse;)V+318
j  org.springframework.web.servlet.DispatcherServlet.doService(Ljavax/servlet/http/HttpServletRequest;Ljavax/servlet/http/HttpServletResponse;)V+301
j  org.springframework.web.servlet.FrameworkServlet.processRequest(Ljavax/servlet/http/HttpServletRequest;Ljavax/servlet/http/HttpServletResponse;)V+71
j  org.springframework.web.servlet.FrameworkServlet.doPost(Ljavax/servlet/http/HttpServletRequest;Ljavax/servlet/http/HttpServletResponse;)V+3
j  javax.servlet.http.HttpServlet.service(Ljavax/servlet/http/HttpServletRequest;Ljavax/servlet/http/HttpServletResponse;)V+149
j  org.springframework.web.servlet.FrameworkServlet.service(Ljavax/servlet/http/HttpServletRequest;Ljavax/servlet/http/HttpServletResponse;)V+42
j  javax.servlet.http.HttpServlet.service(Ljavax/servlet/ServletRequest;Ljavax/servlet/ServletResponse;)V+30
j  org.apache.catalina.core.ApplicationFilterChain.internalDoFilter(Ljavax/servlet/ServletRequest;Ljavax/servlet/ServletResponse;)V+304
j  org.apache.catalina.core.ApplicationFilterChain.doFilter(Ljavax/servlet/ServletRequest;Ljavax/servlet/ServletResponse;)V+101
j  org.apache.tomcat.websocket.server.WsFilter.doFilter(Ljavax/servlet/ServletRequest;Ljavax/servlet/ServletResponse;Ljavax/servlet/FilterChain;)V+21
j  org.apache.catalina.core.ApplicationFilterChain.internalDoFilter(Ljavax/servlet/ServletRequest;Ljavax/servlet/ServletResponse;)V+135
j  org.apache.catalina.core.ApplicationFilterChain.doFilter(Ljavax/servlet/ServletRequest;Ljavax/servlet/ServletResponse;)V+101
j  org.stagemonitor.web.servlet.MonitoredHttpRequest.execute()V+12
j  org.stagemonitor.tracing.RequestMonitor.monitor(Lorg/stagemonitor/tracing/MonitoredRequest;)Lorg/stagemonitor/tracing/SpanContextInformation;+6
j  org.stagemonitor.web.servlet.filter.HttpRequestMonitorFilter.monitorRequest(Ljavax/servlet/FilterChain;Ljavax/servlet/http/HttpServletRequest;Lorg/stagemonitor/web/servlet/filter/StatusExposingByteCountingServletResponse;)Lorg/stagemonitor/tracing/SpanContextInformation;+24
j  org.stagemonitor.web.servlet.filter.HttpRequestMonitorFilter.doMonitor(Ljavax/servlet/http/HttpServletRequest;Ljavax/servlet/http/HttpServletResponse;Ljavax/servlet/FilterChain;)V+50
j  org.stagemonitor.web.servlet.filter.HttpRequestMonitorFilter.doFilterInternal(Ljavax/servlet/http/HttpServletRequest;Ljavax/servlet/http/HttpServletResponse;Ljavax/servlet/FilterChain;)V+64
j  org.stagemonitor.web.servlet.filter.AbstractExclusionFilter.doFilter(Ljavax/servlet/ServletRequest;Ljavax/servlet/ServletResponse;Ljavax/servlet/FilterChain;)V+48
j  org.apache.catalina.core.ApplicationFilterChain.internalDoFilter(Ljavax/servlet/ServletRequest;Ljavax/servlet/ServletResponse;)V+135
j  org.apache.catalina.core.ApplicationFilterChain.doFilter(Ljavax/servlet/ServletRequest;Ljavax/servlet/ServletResponse;)V+101
j  org.springframework.security.web.authentication.logout.LogoutFilter.doFilter(Ljavax/servlet/ServletRequest;Ljavax/servlet/ServletResponse;Ljavax/servlet/FilterChain;)V+115
j  org.apache.catalina.core.ApplicationFilterChain.internalDoFilter(Ljavax/servlet/ServletRequest;Ljavax/servlet/ServletResponse;)V+135
j  org.apache.catalina.core.ApplicationFilterChain.doFilter(Ljavax/servlet/ServletRequest;Ljavax/servlet/ServletResponse;)V+101
j  net.ion.ice.security.cors.CORSFilter.doFilter(Ljavax/servlet/ServletRequest;Ljavax/servlet/ServletResponse;Ljavax/servlet/FilterChain;)V+96
j  org.apache.catalina.core.ApplicationFilterChain.internalDoFilter(Ljavax/servlet/ServletRequest;Ljavax/servlet/ServletResponse;)V+135
j  org.apache.catalina.core.ApplicationFilterChain.doFilter(Ljavax/servlet/ServletRequest;Ljavax/servlet/ServletResponse;)V+101
j  org.springframework.security.web.FilterChainProxy$VirtualFilterChain.doFilter(Ljavax/servlet/ServletRequest;Ljavax/servlet/ServletResponse;)V+68
j  org.springframework.security.web.access.intercept.FilterSecurityInterceptor.invoke(Lorg/springframework/security/web/FilterInvocation;)V+87
j  org.springframework.security.web.access.intercept.FilterSecurityInterceptor.doFilter(Ljavax/servlet/ServletRequest;Ljavax/servlet/ServletResponse;Ljavax/servlet/FilterChain;)V+15
j  org.springframework.security.web.FilterChainProxy$VirtualFilterChain.doFilter(Ljavax/servlet/ServletRequest;Ljavax/servlet/ServletResponse;)V+192
j  org.springframework.security.web.access.ExceptionTranslationFilter.doFilter(Ljavax/servlet/ServletRequest;Ljavax/servlet/ServletResponse;Ljavax/servlet/FilterChain;)V+17
j  org.springframework.security.web.FilterChainProxy$VirtualFilterChain.doFilter(Ljavax/servlet/ServletRequest;Ljavax/servlet/ServletResponse;)V+192
j  org.springframework.security.web.session.SessionManagementFilter.doFilter(Ljavax/servlet/ServletRequest;Ljavax/servlet/ServletResponse;Ljavax/servlet/FilterChain;)V+258
j  org.springframework.security.web.FilterChainProxy$VirtualFilterChain.doFilter(Ljavax/servlet/ServletRequest;Ljavax/servlet/ServletResponse;)V+192
j  org.springframework.security.web.authentication.AnonymousAuthenticationFilter.doFilter(Ljavax/servlet/ServletRequest;Ljavax/servlet/ServletResponse;Ljavax/servlet/FilterChain;)V+137
j  org.springframework.security.web.FilterChainProxy$VirtualFilterChain.doFilter(Ljavax/servlet/ServletRequest;Ljavax/servlet/ServletResponse;)V+192
j  org.springframework.security.web.servletapi.SecurityContextHolderAwareRequestFilter.doFilter(Ljavax/servlet/ServletRequest;Ljavax/servlet/ServletResponse;Ljavax/servlet/FilterChain;)V+19
j  org.springframework.security.web.FilterChainProxy$VirtualFilterChain.doFilter(Ljavax/servlet/ServletRequest;Ljavax/servlet/ServletResponse;)V+192
j  org.springframework.security.web.savedrequest.RequestCacheAwareFilter.doFilter(Ljavax/servlet/ServletRequest;Ljavax/servlet/ServletResponse;Ljavax/servlet/FilterChain;)V+32
j  org.springframework.security.web.FilterChainProxy$VirtualFilterChain.doFilter(Ljavax/servlet/ServletRequest;Ljavax/servlet/ServletResponse;)V+192
j  org.springframework.security.web.authentication.logout.LogoutFilter.doFilter(Ljavax/servlet/ServletRequest;Ljavax/servlet/ServletResponse;Ljavax/servlet/FilterChain;)V+115
j  org.springframework.security.web.FilterChainProxy$VirtualFilterChain.doFilter(Ljavax/servlet/ServletRequest;Ljavax/servlet/ServletResponse;)V+192
j  org.springframework.security.web.authentication.AbstractAuthenticationProcessingFilter.doFilter(Ljavax/servlet/ServletRequest;Ljavax/servlet/ServletResponse;Ljavax/servlet/FilterChain;)V+28
j  org.springframework.security.web.FilterChainProxy$VirtualFilterChain.doFilter(Ljavax/servlet/ServletRequest;Ljavax/servlet/ServletResponse;)V+192
j  org.springframework.security.web.authentication.logout.LogoutFilter.doFilter(Ljavax/servlet/ServletRequest;Ljavax/servlet/ServletResponse;Ljavax/servlet/FilterChain;)V+115
j  org.springframework.security.web.FilterChainProxy$VirtualFilterChain.doFilter(Ljavax/servlet/ServletRequest;Ljavax/servlet/ServletResponse;)V+192
j  org.springframework.security.web.authentication.AbstractAuthenticationProcessingFilter.doFilter(Ljavax/servlet/ServletRequest;Ljavax/servlet/ServletResponse;Ljavax/servlet/FilterChain;)V+28
j  org.springframework.security.web.FilterChainProxy$VirtualFilterChain.doFilter(Ljavax/servlet/ServletRequest;Ljavax/servlet/ServletResponse;)V+192
j  org.springframework.web.filter.CorsFilter.doFilterInternal(Ljavax/servlet/http/HttpServletRequest;Ljavax/servlet/http/HttpServletResponse;Ljavax/servlet/FilterChain;)V+55
j  org.springframework.web.filter.OncePerRequestFilter.doFilter(Ljavax/servlet/ServletRequest;Ljavax/servlet/ServletResponse;Ljavax/servlet/FilterChain;)V+111
j  org.springframework.security.web.FilterChainProxy$VirtualFilterChain.doFilter(Ljavax/servlet/ServletRequest;Ljavax/servlet/ServletResponse;)V+192
j  org.springframework.security.web.header.HeaderWriterFilter.doFilterInternal(Ljavax/servlet/http/HttpServletRequest;Ljavax/servlet/http/HttpServletResponse;Ljavax/servlet/FilterChain;)V+48
j  org.springframework.web.filter.OncePerRequestFilter.doFilter(Ljavax/servlet/ServletRequest;Ljavax/servlet/ServletResponse;Ljavax/servlet/FilterChain;)V+111
j  org.springframework.security.web.FilterChainProxy$VirtualFilterChain.doFilter(Ljavax/servlet/ServletRequest;Ljavax/servlet/ServletResponse;)V+192
j  org.springframework.security.web.context.SecurityContextPersistenceFilter.doFilter(Ljavax/servlet/ServletRequest;Ljavax/servlet/ServletResponse;Ljavax/servlet/FilterChain;)V+165
j  org.springframework.security.web.FilterChainProxy$VirtualFilterChain.doFilter(Ljavax/servlet/ServletRequest;Ljavax/servlet/ServletResponse;)V+192
j  org.springframework.security.web.context.request.async.WebAsyncManagerIntegrationFilter.doFilterInternal(Ljavax/servlet/http/HttpServletRequest;Ljavax/servlet/http/HttpServletResponse;Ljavax/servlet/FilterChain;)V+42
j  org.springframework.web.filter.OncePerRequestFilter.doFilter(Ljavax/servlet/ServletRequest;Ljavax/servlet/ServletResponse;Ljavax/servlet/FilterChain;)V+111
j  org.springframework.security.web.FilterChainProxy$VirtualFilterChain.doFilter(Ljavax/servlet/ServletRequest;Ljavax/servlet/ServletResponse;)V+192
j  org.springframework.security.web.FilterChainProxy.doFilterInternal(Ljavax/servlet/ServletRequest;Ljavax/servlet/ServletResponse;Ljavax/servlet/FilterChain;)V+142
j  org.springframework.security.web.FilterChainProxy.doFilter(Ljavax/servlet/ServletRequest;Ljavax/servlet/ServletResponse;Ljavax/servlet/FilterChain;)V+40
j  org.springframework.web.filter.DelegatingFilterProxy.invokeDelegate(Ljavax/servlet/Filter;Ljavax/servlet/ServletRequest;Ljavax/servlet/ServletResponse;Ljavax/servlet/FilterChain;)V+5
j  org.springframework.web.filter.DelegatingFilterProxy.doFilter(Ljavax/servlet/ServletRequest;Ljavax/servlet/ServletResponse;Ljavax/servlet/FilterChain;)V+83
j  org.apache.catalina.core.ApplicationFilterChain.internalDoFilter(Ljavax/servlet/ServletRequest;Ljavax/servlet/ServletResponse;)V+135
j  org.apache.catalina.core.ApplicationFilterChain.doFilter(Ljavax/servlet/ServletRequest;Ljavax/servlet/ServletResponse;)V+101
j  org.springframework.web.filter.RequestContextFilter.doFilterInternal(Ljavax/servlet/http/HttpServletRequest;Ljavax/servlet/http/HttpServletResponse;Ljavax/servlet/FilterChain;)V+21
j  org.springframework.web.filter.OncePerRequestFilter.doFilter(Ljavax/servlet/ServletRequest;Ljavax/servlet/ServletResponse;Ljavax/servlet/FilterChain;)V+111
j  org.apache.catalina.core.ApplicationFilterChain.internalDoFilter(Ljavax/servlet/ServletRequest;Ljavax/servlet/ServletResponse;)V+135
j  org.apache.catalina.core.ApplicationFilterChain.doFilter(Ljavax/servlet/ServletRequest;Ljavax/servlet/ServletResponse;)V+101
j  org.springframework.web.filter.HttpPutFormContentFilter.doFilterInternal(Ljavax/servlet/http/HttpServletRequest;Ljavax/servlet/http/HttpServletResponse;Ljavax/servlet/FilterChain;)V+95
j  org.springframework.web.filter.OncePerRequestFilter.doFilter(Ljavax/servlet/ServletRequest;Ljavax/servlet/ServletResponse;Ljavax/servlet/FilterChain;)V+111
j  org.apache.catalina.core.ApplicationFilterChain.internalDoFilter(Ljavax/servlet/ServletRequest;Ljavax/servlet/ServletResponse;)V+135
j  org.apache.catalina.core.ApplicationFilterChain.doFilter(Ljavax/servlet/ServletRequest;Ljavax/servlet/ServletResponse;)V+101
j  org.springframework.web.filter.HiddenHttpMethodFilter.doFilterInternal(Ljavax/servlet/http/HttpServletRequest;Ljavax/servlet/http/HttpServletResponse;Ljavax/servlet/FilterChain;)V+64
j  org.springframework.web.filter.OncePerRequestFilter.doFilter(Ljavax/servlet/ServletRequest;Ljavax/servlet/ServletResponse;Ljavax/servlet/FilterChain;)V+111
j  org.apache.catalina.core.ApplicationFilterChain.internalDoFilter(Ljavax/servlet/ServletRequest;Ljavax/servlet/ServletResponse;)V+135
j  org.apache.catalina.core.ApplicationFilterChain.doFilter(Ljavax/servlet/ServletRequest;Ljavax/servlet/ServletResponse;)V+101
j  org.springframework.web.filter.CharacterEncodingFilter.doFilterInternal(Ljavax/servlet/http/HttpServletRequest;Ljavax/servlet/http/HttpServletResponse;Ljavax/servlet/FilterChain;)V+53
j  org.springframework.web.filter.OncePerRequestFilter.doFilter(Ljavax/servlet/ServletRequest;Ljavax/servlet/ServletResponse;Ljavax/servlet/FilterChain;)V+111
j  org.apache.catalina.core.ApplicationFilterChain.internalDoFilter(Ljavax/servlet/ServletRequest;Ljavax/servlet/ServletResponse;)V+135
j  org.apache.catalina.core.ApplicationFilterChain.doFilter(Ljavax/servlet/ServletRequest;Ljavax/servlet/ServletResponse;)V+101
j  org.apache.catalina.core.StandardWrapperValve.invoke(Lorg/apache/catalina/connector/Request;Lorg/apache/catalina/connector/Response;)V+688
j  org.apache.catalina.core.StandardContextValve.invoke(Lorg/apache/catalina/connector/Request;Lorg/apache/catalina/connector/Response;)V+166
j  org.apache.catalina.authenticator.AuthenticatorBase.invoke(Lorg/apache/catalina/connector/Request;Lorg/apache/catalina/connector/Response;)V+272
j  org.apache.catalina.core.StandardHostValve.invoke(Lorg/apache/catalina/connector/Request;Lorg/apache/catalina/connector/Response;)V+138
j  org.apache.catalina.valves.ErrorReportValve.invoke(Lorg/apache/catalina/connector/Request;Lorg/apache/catalina/connector/Response;)V+6
j  org.apache.catalina.core.StandardEngineValve.invoke(Lorg/apache/catalina/connector/Request;Lorg/apache/catalina/connector/Response;)V+71
j  org.apache.catalina.connector.CoyoteAdapter.service(Lorg/apache/coyote/Request;Lorg/apache/coyote/Response;)V+199
j  org.apache.coyote.http11.Http11Processor.service(Lorg/apache/tomcat/util/net/SocketWrapperBase;)Lorg/apache/tomcat/util/net/AbstractEndpoint$Handler$SocketState;+806
j  org.apache.coyote.AbstractProcessorLight.process(Lorg/apache/tomcat/util/net/SocketWrapperBase;Lorg/apache/tomcat/util/net/SocketEvent;)Lorg/apache/tomcat/util/net/AbstractEndpoint$Handler$SocketState;+113
j  org.apache.coyote.AbstractProtocol$ConnectionHandler.process(Lorg/apache/tomcat/util/net/SocketWrapperBase;Lorg/apache/tomcat/util/net/SocketEvent;)Lorg/apache/tomcat/util/net/AbstractEndpoint$Handler$SocketState;+378
j  org.apache.tomcat.util.net.NioEndpoint$SocketProcessor.doRun()V+191
j  org.apache.tomcat.util.net.SocketProcessorBase.run()V+21
j  java.util.concurrent.ThreadPoolExecutor.runWorker(Ljava/util/concurrent/ThreadPoolExecutor$Worker;)V+95
j  java.util.concurrent.ThreadPoolExecutor$Worker.run()V+5
j  org.apache.tomcat.util.threads.TaskThread$WrappingRunnable.run()V+4
j  java.lang.Thread.run()V+11
v  ~StubRoutines::call_stub

---------------  P R O C E S S  ---------------

Java Threads: ( => current thread )
  0x00007fe8b1399800 JavaThread "Hibernate Search sync consumer thread for index net.ion.ice.core.node.Node" daemon [_thread_blocked, id=30479, stack(0x000070000c763000,0x000070000c863000)]
  0x00007fe8b38ea000 JavaThread "Hibernate Search sync consumer thread for index net.ion.ice.core.node.Node" daemon [_thread_blocked, id=25627, stack(0x000070000be48000,0x000070000bf48000)]
  0x00007fe8b3903000 JavaThread "commons-pool-EvictionTimer" daemon [_thread_blocked, id=26123, stack(0x000070000bd45000,0x000070000be45000)]
  0x00007fe8b0c60800 JavaThread "Abandoned connection cleanup thread" daemon [_thread_blocked, id=30983, stack(0x000070000b733000,0x000070000b833000)]
  0x00007fe8b381b800 JavaThread "RMI TCP Connection(7)-192.168.10.143" daemon [_thread_in_native, id=62723, stack(0x0000700010720000,0x0000700010820000)]
  0x00007fe8b381a800 JavaThread "RMI TCP Connection(5)-127.0.0.1" daemon [_thread_in_native, id=23047, stack(0x000070000b836000,0x000070000b936000)]
  0x00007fe8b29d6000 JavaThread "DestroyJavaVM" [_thread_blocked, id=3587, stack(0x000070000a16e000,0x000070000a26e000)]
  0x00007fe8b3817800 JavaThread "http-nio-8080-AsyncTimeout" daemon [_thread_blocked, id=62211, stack(0x000070001061d000,0x000070001071d000)]
  0x00007fe8b29d5800 JavaThread "http-nio-8080-Acceptor-0" daemon [_thread_in_native, id=61699, stack(0x000070001051a000,0x000070001061a000)]
  0x00007fe8b1530000 JavaThread "http-nio-8080-ClientPoller-1" daemon [_thread_in_native, id=61187, stack(0x0000700010417000,0x0000700010517000)]
  0x00007fe8afb98800 JavaThread "http-nio-8080-ClientPoller-0" daemon [_thread_in_native, id=60675, stack(0x0000700010314000,0x0000700010414000)]
  0x00007fe8b20ca800 JavaThread "http-nio-8080-exec-10" daemon [_thread_blocked, id=60163, stack(0x0000700010211000,0x0000700010311000)]
  0x00007fe8b20c5000 JavaThread "http-nio-8080-exec-9" daemon [_thread_blocked, id=59651, stack(0x000070001010e000,0x000070001020e000)]
  0x00007fe8b152f800 JavaThread "http-nio-8080-exec-8" daemon [_thread_blocked, id=59139, stack(0x000070001000b000,0x000070001010b000)]
  0x00007fe8b152e800 JavaThread "http-nio-8080-exec-7" daemon [_thread_blocked, id=58627, stack(0x000070000ff08000,0x0000700010008000)]
  0x00007fe8b20c7000 JavaThread "http-nio-8080-exec-6" daemon [_thread_blocked, id=58115, stack(0x000070000fe05000,0x000070000ff05000)]
  0x00007fe8b152b000 JavaThread "http-nio-8080-exec-5" daemon [_thread_blocked, id=57603, stack(0x000070000fd02000,0x000070000fe02000)]
  0x00007fe8b3814000 JavaThread "http-nio-8080-exec-4" daemon [_thread_blocked, id=57091, stack(0x000070000fbff000,0x000070000fcff000)]
  0x00007fe8b152a800 JavaThread "http-nio-8080-exec-3" daemon [_thread_blocked, id=56579, stack(0x000070000fafc000,0x000070000fbfc000)]
  0x00007fe8b1529800 JavaThread "http-nio-8080-exec-2" daemon [_thread_blocked, id=56067, stack(0x000070000f9f9000,0x000070000faf9000)]
=>0x00007fe8b1529000 JavaThread "http-nio-8080-exec-1" daemon [_thread_in_vm, id=55555, stack(0x000070000f8f6000,0x000070000f9f6000)]
  0x00007fe8b152e000 JavaThread "NioBlockingSelector.BlockPoller-1" daemon [_thread_in_native, id=55043, stack(0x000070000f7f3000,0x000070000f8f3000)]
  0x00007fe8b20bf800 JavaThread "Live Reload Server" daemon [_thread_in_native, id=54535, stack(0x000070000f6f0000,0x000070000f7f0000)]
  0x00007fe8b20c2800 JavaThread "File Watcher" daemon [_thread_blocked, id=54027, stack(0x000070000f5ed000,0x000070000f6ed000)]
  0x00007fe8b3808000 JavaThread "Hibernate Search sync consumer thread for index net.ion.ice.core.node.Node" daemon [_thread_blocked, id=53507, stack(0x000070000f4ea000,0x000070000f5ea000)]
  0x00007fe8b29b3000 JavaThread "Hibernate Search sync consumer thread for index net.ion.ice.core.node.Node" daemon [_thread_blocked, id=52995, stack(0x000070000f3e7000,0x000070000f4e7000)]
  0x00007fe8b388b800 JavaThread "Hibernate Search sync consumer thread for index net.ion.ice.core.node.Node" daemon [_thread_blocked, id=52483, stack(0x000070000f2e4000,0x000070000f3e4000)]
  0x00007fe8b388c800 JavaThread "Hibernate Search sync consumer thread for index net.ion.ice.core.node.Node" daemon [_thread_blocked, id=51971, stack(0x000070000f1e1000,0x000070000f2e1000)]
  0x00007fe8b29b2800 JavaThread "Hibernate Search sync consumer thread for index net.ion.ice.core.node.Node" daemon [_thread_blocked, id=51463, stack(0x000070000f0de000,0x000070000f1de000)]
  0x00007fe8b2ab5800 JavaThread "Hibernate Search sync consumer thread for index net.ion.ice.core.node.Node" daemon [_thread_blocked, id=50947, stack(0x000070000efdb000,0x000070000f0db000)]
  0x00007fe8b1378800 JavaThread "Thread-31" [_thread_blocked, id=50435, stack(0x000070000eed8000,0x000070000efd8000)]
  0x00007fe8b0afb800 JavaThread "Thread-30" [_thread_blocked, id=49923, stack(0x000070000edd5000,0x000070000eed5000)]
  0x00007fe8b0ac7000 JavaThread "Thread-29" [_thread_blocked, id=49411, stack(0x000070000ecd2000,0x000070000edd2000)]
  0x00007fe8b1376800 JavaThread "expiration-thread--p3-t1" daemon [_thread_blocked, id=48903, stack(0x000070000ebcf000,0x000070000eccf000)]
  0x00007fe8b0354000 JavaThread "Hibernate Search sync consumer thread for index net.ion.ice.core.node.Node" daemon [_thread_blocked, id=48395, stack(0x000070000eacc000,0x000070000ebcc000)]
  0x00007fe8b11cf000 JavaThread "RMI TCP Connection(idle)" daemon [_thread_blocked, id=47875, stack(0x000070000e9c9000,0x000070000eac9000)]
  0x00007fe8b0350800 JavaThread "hz.ice-cluster-hazelcast.HealthMonitor" daemon [_thread_blocked, id=47371, stack(0x000070000e8c6000,0x000070000e9c6000)]
  0x00007fe8b034f800 JavaThread "hz.ice-cluster-hazelcast.cached.thread-3" [_thread_blocked, id=46851, stack(0x000070000e7c3000,0x000070000e8c3000)]
  0x00007fe8b034f000 JavaThread "hz.ice-cluster-hazelcast.IO.thread-Acceptor" [_thread_in_native, id=46339, stack(0x000070000e6c0000,0x000070000e7c0000)]
  0x00007fe8b2a98800 JavaThread "hz.ice-cluster-hazelcast.IOBalancerThread" [_thread_blocked, id=45827, stack(0x000070000e5bd000,0x000070000e6bd000)]
  0x00007fe8b0fbf800 JavaThread "hz.ice-cluster-hazelcast.IO.thread-out-2" [_thread_in_native, id=45315, stack(0x000070000e4ba000,0x000070000e5ba000)]
  0x00007fe8aff31000 JavaThread "hz.ice-cluster-hazelcast.IO.thread-out-1" [_thread_in_native, id=44803, stack(0x000070000e3b7000,0x000070000e4b7000)]
  0x00007fe8afdba000 JavaThread "hz.ice-cluster-hazelcast.IO.thread-out-0" [_thread_in_native, id=44291, stack(0x000070000e2b4000,0x000070000e3b4000)]
  0x00007fe8b034e000 JavaThread "hz.ice-cluster-hazelcast.IO.thread-in-2" [_thread_in_native, id=43779, stack(0x000070000e1b1000,0x000070000e2b1000)]
  0x00007fe8b03a1800 JavaThread "hz.ice-cluster-hazelcast.IO.thread-in-1" [_thread_in_native, id=43267, stack(0x000070000e0ae000,0x000070000e1ae000)]
  0x00007fe8b0b86000 JavaThread "hz.ice-cluster-hazelcast.IO.thread-in-0" [_thread_in_native, id=42755, stack(0x000070000dfab000,0x000070000e0ab000)]
  0x00007fe8b034b800 JavaThread "hz.ice-cluster-hazelcast.cached.thread-2" [_thread_blocked, id=42243, stack(0x000070000dea8000,0x000070000dfa8000)]
  0x00007fe8b133c000 JavaThread "hz.ice-cluster-hazelcast.SlowOperationDetectorThread" [_thread_blocked, id=41731, stack(0x000070000dda5000,0x000070000dea5000)]
  0x00007fe8b10e6000 JavaThread "hz.ice-cluster-hazelcast.response" [_thread_blocked, id=41219, stack(0x000070000dca2000,0x000070000dda2000)]
  0x00007fe8afc34000 JavaThread "hz.ice-cluster-hazelcast.generic-operation.thread-1" [_thread_blocked, id=40707, stack(0x000070000db9f000,0x000070000dc9f000)]
  0x00007fe8b0429000 JavaThread "hz.ice-cluster-hazelcast.generic-operation.thread-0" [_thread_blocked, id=40195, stack(0x000070000da9c000,0x000070000db9c000)]
  0x00007fe8b10e5800 JavaThread "hz.ice-cluster-hazelcast.priority-generic-operation.thread-0" [_thread_blocked, id=39683, stack(0x000070000d999000,0x000070000da99000)]
  0x00007fe8b03a1000 JavaThread "hz.ice-cluster-hazelcast.partition-operation.thread-3" [_thread_blocked, id=39171, stack(0x000070000d896000,0x000070000d996000)]
  0x00007fe8b0a80800 JavaThread "hz.ice-cluster-hazelcast.partition-operation.thread-2" [_thread_blocked, id=38659, stack(0x000070000d793000,0x000070000d893000)]
  0x00007fe8b11d2000 JavaThread "hz.ice-cluster-hazelcast.partition-operation.thread-1" [_thread_blocked, id=38147, stack(0x000070000d690000,0x000070000d790000)]
  0x00007fe8b1253800 JavaThread "hz.ice-cluster-hazelcast.partition-operation.thread-0" [_thread_blocked, id=37635, stack(0x000070000d58d000,0x000070000d68d000)]
  0x00007fe8b10c9800 JavaThread "hz.ice-cluster-hazelcast.InvocationMonitorThread" [_thread_blocked, id=37123, stack(0x000070000d48a000,0x000070000d58a000)]
  0x00007fe8aff24800 JavaThread "hz.ice-cluster-hazelcast.cached.thread-1" [_thread_blocked, id=36611, stack(0x000070000d387000,0x000070000d487000)]
  0x00007fe8b032e000 JavaThread "hz.ice-cluster-hazelcast.migration" [_thread_blocked, id=36099, stack(0x000070000d284000,0x000070000d384000)]
  0x00007fe8b2018800 JavaThread "MetricsRegistry-thread-2" [_thread_blocked, id=35587, stack(0x000070000d181000,0x000070000d281000)]
  0x00007fe8b1304800 JavaThread "MetricsRegistry-thread-1" [_thread_blocked, id=35079, stack(0x000070000d07e000,0x000070000d17e000)]
  0x00007fe8b0c3c800 JavaThread "hz.ice-cluster-hazelcast.operation-parker" [_thread_blocked, id=34563, stack(0x000070000cf7b000,0x000070000d07b000)]
  0x00007fe8afe5a800 JavaThread "hz.ice-cluster-hazelcast.event-5" [_thread_blocked, id=34051, stack(0x000070000ce78000,0x000070000cf78000)]
  0x00007fe8b04cd000 JavaThread "hz.ice-cluster-hazelcast.event-4" [_thread_blocked, id=33539, stack(0x000070000cd75000,0x000070000ce75000)]
  0x00007fe8b1161800 JavaThread "hz.ice-cluster-hazelcast.event-3" [_thread_blocked, id=33027, stack(0x000070000cc72000,0x000070000cd72000)]
  0x00007fe8b0a7d000 JavaThread "hz.ice-cluster-hazelcast.event-2" [_thread_blocked, id=32515, stack(0x000070000cb6f000,0x000070000cc6f000)]
  0x00007fe8b0b47000 JavaThread "hz.ice-cluster-hazelcast.event-1" [_thread_blocked, id=32003, stack(0x000070000ca6c000,0x000070000cb6c000)]
  0x00007fe8b0adf000 JavaThread "hz.ice-cluster-hazelcast.scheduled.thread-" [_thread_blocked, id=31495, stack(0x000070000c969000,0x000070000ca69000)]
  0x00007fe8afb7b000 JavaThread "container-0" [_thread_blocked, id=6407, stack(0x000070000c660000,0x000070000c760000)]
  0x00007fe8b0fa9000 JavaThread "ContainerBackgroundProcessor[StandardEngine[Tomcat]]" daemon [_thread_blocked, id=6155, stack(0x000070000a271000,0x000070000a371000)]
  0x00007fe8b12b4800 JavaThread "Attach Listener" daemon [_thread_blocked, id=29699, stack(0x000070000c55d000,0x000070000c65d000)]
  0x00007fe8b0f43000 JavaThread "type-pool-cache-evicter" daemon [_thread_blocked, id=29187, stack(0x000070000c45a000,0x000070000c55a000)]
  0x00007fe8b0f55800 JavaThread "stagemonitor-elasticsearch-reporter" daemon [_thread_blocked, id=28675, stack(0x000070000c357000,0x000070000c457000)]
  0x00007fe8aff8c000 JavaThread "Keep-Alive-Timer" daemon [_thread_blocked, id=28163, stack(0x000070000c254000,0x000070000c354000)]
  0x00007fe8b129c000 JavaThread "async-elasticsearch" daemon [_thread_blocked, id=27651, stack(0x000070000c151000,0x000070000c251000)]
  0x00007fe8aff89000 JavaThread "elasticsearch-tasks" daemon [_thread_blocked, id=27139, stack(0x000070000c04e000,0x000070000c14e000)]
  0x00007fe8b0f44800 JavaThread "configuration-reloader" daemon [_thread_blocked, id=26635, stack(0x000070000bf4b000,0x000070000c04b000)]
  0x00007fe8afc69000 JavaThread "logback-appender-STASH-125.131.88.156:5000-2" daemon [_thread_in_native, id=25095, stack(0x000070000bc42000,0x000070000bd42000)]
  0x00007fe8afcc7800 JavaThread "RMI Scheduler(0)" daemon [_thread_blocked, id=24579, stack(0x000070000bb3f000,0x000070000bc3f000)]
  0x00007fe8b0c38000 JavaThread "RMI TCP Connection(3)-192.168.10.143" daemon [_thread_in_native, id=24067, stack(0x000070000ba3c000,0x000070000bb3c000)]
  0x00007fe8afc39000 JavaThread "RMI TCP Connection(1)-127.0.0.1" daemon [_thread_in_native, id=23555, stack(0x000070000b939000,0x000070000ba39000)]
  0x00007fe8b10a3000 JavaThread "RMI TCP Accept-0" daemon [_thread_in_native, id=21507, stack(0x000070000b52d000,0x000070000b62d000)]
  0x00007fe8b026c000 JavaThread "RMI TCP Accept-55671" daemon [_thread_in_native, id=20995, stack(0x000070000b42a000,0x000070000b52a000)]
  0x00007fe8b109c000 JavaThread "RMI TCP Accept-0" daemon [_thread_in_native, id=20483, stack(0x000070000b327000,0x000070000b427000)]
  0x00007fe8b0a56000 JavaThread "Service Thread" daemon [_thread_blocked, id=19971, stack(0x000070000b224000,0x000070000b324000)]
  0x00007fe8b0a55800 JavaThread "C1 CompilerThread2" daemon [_thread_blocked, id=19459, stack(0x000070000b121000,0x000070000b221000)]
  0x00007fe8b0a54800 JavaThread "C2 CompilerThread1" daemon [_thread_blocked, id=18947, stack(0x000070000b01e000,0x000070000b11e000)]
  0x00007fe8b0a01800 JavaThread "C2 CompilerThread0" daemon [_thread_blocked, id=18435, stack(0x000070000af1b000,0x000070000b01b000)]
  0x00007fe8af813800 JavaThread "JDWP Command Reader" daemon [_thread_in_native, id=17923, stack(0x000070000ae18000,0x000070000af18000)]
  0x00007fe8b1006800 JavaThread "JDWP Event Helper Thread" daemon [_thread_blocked, id=17411, stack(0x000070000ad15000,0x000070000ae15000)]
  0x00007fe8af835000 JavaThread "JDWP Transport Listener: dt_socket" daemon [_thread_blocked, id=16899, stack(0x000070000ac12000,0x000070000ad12000)]
  0x00007fe8b1006000 JavaThread "Signal Dispatcher" daemon [_thread_blocked, id=16387, stack(0x000070000ab0f000,0x000070000ac0f000)]
  0x00007fe8af812000 JavaThread "Finalizer" daemon [_thread_blocked, id=12547, stack(0x000070000aa0c000,0x000070000ab0c000)]
  0x00007fe8af811000 JavaThread "Reference Handler" daemon [_thread_blocked, id=12035, stack(0x000070000a909000,0x000070000aa09000)]

Other Threads:
  0x00007fe8b0029000 VMThread [stack: 0x000070000a806000,0x000070000a906000] [id=11523]
  0x00007fe8b026d000 WatcherThread [stack: 0x000070000b630000,0x000070000b730000] [id=22019]

VM state:not at safepoint (normal execution)

VM Mutex/Monitor currently owned by a thread: None

Heap:
 PSYoungGen      total 934400K, used 612841K [0x000000076ab00000, 0x00000007a5d80000, 0x00000007c0000000)
  eden space 915968K, 66% used [0x000000076ab00000,0x000000079017a5a8,0x00000007a2980000)
  from space 18432K, 0% used [0x00000007a4b80000,0x00000007a4b80000,0x00000007a5d80000)
  to   space 26624K, 0% used [0x00000007a2980000,0x00000007a2980000,0x00000007a4380000)
 ParOldGen       total 159232K, used 32768K [0x00000006c0000000, 0x00000006c9b80000, 0x000000076ab00000)
  object space 159232K, 20% used [0x00000006c0000000,0x00000006c2000198,0x00000006c9b80000)
 Metaspace       used 69335K, capacity 70744K, committed 71040K, reserved 1110016K
  class space    used 9671K, capacity 9996K, committed 10112K, reserved 1048576K

Card table byte_map: [0x00000001057c0000,0x0000000105fc1000] byte_map_base: 0x00000001021c0000

Marking Bits: (ParMarkBitMap*) 0x0000000104306e20
 Begin Bits: [0x0000000106517000, 0x000000010a517000)
 End Bits:   [0x000000010a517000, 0x000000010e517000)

Polling page: 0x00000001049f4000

CodeCache: size=245760Kb used=14447Kb max_used=14447Kb free=231312Kb
 bounds [0x0000000113264000, 0x0000000114084000, 0x0000000122264000]
 total_blobs=7826 nmethods=7178 adapters=568
 compilation: enabled

Compilation events (10 events):
Event: 29.171 Thread 0x00007fe8b0a55800 nmethod 7320 0x000000011407e290 code [0x000000011407e4a0, 0x000000011407eef8]
Event: 29.171 Thread 0x00007fe8b0a55800 7322       1       org.apache.commons.dbcp2.DelegatingStatement::checkOpen (53 bytes)
Event: 29.171 Thread 0x00007fe8b0a55800 nmethod 7322 0x000000011407f750 code [0x000000011407f940, 0x000000011407fe18]
Event: 29.171 Thread 0x00007fe8b0a55800 7321       1       sun.misc.FloatingDecimal$BinaryToASCIIBuffer::toJavaFormatString (23 bytes)
Event: 29.171 Thread 0x00007fe8b0a55800 nmethod 7321 0x0000000114080190 code [0x0000000114080300, 0x00000001140804d8]
Event: 29.171 Thread 0x00007fe8b0a55800 7323       1       org.stagemonitor.tracing.reporter.ReadbackSpanEventListener::onSetTag (18 bytes)
Event: 29.172 Thread 0x00007fe8b0a55800 nmethod 7323 0x0000000114080590 code [0x0000000114080700, 0x0000000114080a48]
Event: 29.185 Thread 0x00007fe8b0a55800 7324       1       java.lang.Long::numberOfTrailingZeros (116 bytes)
Event: 29.186 Thread 0x00007fe8b0a55800 nmethod 7324 0x0000000114080b90 code [0x0000000114080ce0, 0x0000000114080e70]
Event: 29.186 Thread 0x00007fe8b0a55800 7325       1       java.util.regex.Pattern::newSingle (98 bytes)

GC Heap History (10 events):
Event: 5.059 GC heap before
{Heap before GC invocations=11 (full 1):
 PSYoungGen      total 462848K, used 34728K [0x000000076ab00000, 0x0000000793f80000, 0x00000007c0000000)
  eden space 446976K, 4% used [0x000000076ab00000,0x000000076bd6d930,0x0000000785f80000)
  from space 15872K, 99% used [0x0000000785f80000,0x0000000786efcac8,0x0000000786f00000)
  to   space 21504K, 0% used [0x0000000792a80000,0x0000000792a80000,0x0000000793f80000)
 ParOldGen       total 90112K, used 17992K [0x00000006c0000000, 0x00000006c5800000, 0x000000076ab00000)
  object space 90112K, 19% used [0x00000006c0000000,0x00000006c11920f0,0x00000006c5800000)
 Metaspace       used 34800K, capacity 35342K, committed 35416K, reserved 1079296K
  class space    used 4674K, capacity 4833K, committed 4864K, reserved 1048576K
Event: 5.074 GC heap after
Heap after GC invocations=11 (full 1):
 PSYoungGen      total 654848K, used 5925K [0x000000076ab00000, 0x0000000795f80000, 0x00000007c0000000)
  eden space 633344K, 0% used [0x000000076ab00000,0x000000076ab00000,0x0000000791580000)
  from space 21504K, 27% used [0x0000000792a80000,0x0000000793049608,0x0000000793f80000)
  to   space 21504K, 0% used [0x0000000791580000,0x0000000791580000,0x0000000792a80000)
 ParOldGen       total 90112K, used 28592K [0x00000006c0000000, 0x00000006c5800000, 0x000000076ab00000)
  object space 90112K, 31% used [0x00000006c0000000,0x00000006c1bec1d0,0x00000006c5800000)
 Metaspace       used 34800K, capacity 35342K, committed 35416K, reserved 1079296K
  class space    used 4674K, capacity 4833K, committed 4864K, reserved 1048576K
}
Event: 5.074 GC heap before
{Heap before GC invocations=12 (full 2):
 PSYoungGen      total 654848K, used 5925K [0x000000076ab00000, 0x0000000795f80000, 0x00000007c0000000)
  eden space 633344K, 0% used [0x000000076ab00000,0x000000076ab00000,0x0000000791580000)
  from space 21504K, 27% used [0x0000000792a80000,0x0000000793049608,0x0000000793f80000)
  to   space 21504K, 0% used [0x0000000791580000,0x0000000791580000,0x0000000792a80000)
 ParOldGen       total 90112K, used 28592K [0x00000006c0000000, 0x00000006c5800000, 0x000000076ab00000)
  object space 90112K, 31% used [0x00000006c0000000,0x00000006c1bec1d0,0x00000006c5800000)
 Metaspace       used 34800K, capacity 35342K, committed 35416K, reserved 1079296K
  class space    used 4674K, capacity 4833K, committed 4864K, reserved 1048576K
Event: 5.128 GC heap after
Heap after GC invocations=12 (full 2):
 PSYoungGen      total 654848K, used 0K [0x000000076ab00000, 0x0000000795f80000, 0x00000007c0000000)
  eden space 633344K, 0% used [0x000000076ab00000,0x000000076ab00000,0x0000000791580000)
  from space 21504K, 0% used [0x0000000792a80000,0x0000000792a80000,0x0000000793f80000)
  to   space 21504K, 0% used [0x0000000791580000,0x0000000791580000,0x0000000792a80000)
 ParOldGen       total 129024K, used 23478K [0x00000006c0000000, 0x00000006c7e00000, 0x000000076ab00000)
  object space 129024K, 18% used [0x00000006c0000000,0x00000006c16edbb8,0x00000006c7e00000)
 Metaspace       used 34800K, capacity 35342K, committed 35416K, reserved 1079296K
  class space    used 4674K, capacity 4833K, committed 4864K, reserved 1048576K
}
Event: 9.468 GC heap before
{Heap before GC invocations=13 (full 2):
 PSYoungGen      total 654848K, used 633344K [0x000000076ab00000, 0x0000000795f80000, 0x00000007c0000000)
  eden space 633344K, 100% used [0x000000076ab00000,0x0000000791580000,0x0000000791580000)
  from space 21504K, 0% used [0x0000000792a80000,0x0000000792a80000,0x0000000793f80000)
  to   space 21504K, 0% used [0x0000000791580000,0x0000000791580000,0x0000000792a80000)
 ParOldGen       total 129024K, used 23478K [0x00000006c0000000, 0x00000006c7e00000, 0x000000076ab00000)
  object space 129024K, 18% used [0x00000006c0000000,0x00000006c16edbb8,0x00000006c7e00000)
 Metaspace       used 55401K, capacity 56122K, committed 56448K, reserved 1097728K
  class space    used 7821K, capacity 7993K, committed 8064K, reserved 1048576K
Event: 9.492 GC heap after
Heap after GC invocations=13 (full 2):
 PSYoungGen      total 654848K, used 21493K [0x000000076ab00000, 0x00000007a6580000, 0x00000007c0000000)
  eden space 633344K, 0% used [0x000000076ab00000,0x000000076ab00000,0x0000000791580000)
  from space 21504K, 99% used [0x0000000791580000,0x0000000792a7d4e0,0x0000000792a80000)
  to   space 26624K, 0% used [0x00000007a4b80000,0x00000007a4b80000,0x00000007a6580000)
 ParOldGen       total 129024K, used 28831K [0x00000006c0000000, 0x00000006c7e00000, 0x000000076ab00000)
  object space 129024K, 22% used [0x00000006c0000000,0x00000006c1c27fd8,0x00000006c7e00000)
 Metaspace       used 55401K, capacity 56122K, committed 56448K, reserved 1097728K
  class space    used 7821K, capacity 7993K, committed 8064K, reserved 1048576K
}
Event: 9.807 GC heap before
{Heap before GC invocations=14 (full 2):
 PSYoungGen      total 654848K, used 92716K [0x000000076ab00000, 0x00000007a6580000, 0x00000007c0000000)
  eden space 633344K, 11% used [0x000000076ab00000,0x000000076f08dc40,0x0000000791580000)
  from space 21504K, 99% used [0x0000000791580000,0x0000000792a7d4e0,0x0000000792a80000)
  to   space 26624K, 0% used [0x00000007a4b80000,0x00000007a4b80000,0x00000007a6580000)
 ParOldGen       total 129024K, used 28831K [0x00000006c0000000, 0x00000006c7e00000, 0x000000076ab00000)
  object space 129024K, 22% used [0x00000006c0000000,0x00000006c1c27fd8,0x00000006c7e00000)
 Metaspace       used 58190K, capacity 58966K, committed 59028K, reserved 1099776K
  class space    used 8225K, capacity 8437K, committed 8448K, reserved 1048576K
Event: 9.818 GC heap after
Heap after GC invocations=14 (full 2):
 PSYoungGen      total 934400K, used 3153K [0x000000076ab00000, 0x00000007a5d80000, 0x00000007c0000000)
  eden space 915968K, 0% used [0x000000076ab00000,0x000000076ab00000,0x00000007a2980000)
  from space 18432K, 17% used [0x00000007a4b80000,0x00000007a4e947c8,0x00000007a5d80000)
  to   space 26624K, 0% used [0x00000007a2980000,0x00000007a2980000,0x00000007a4380000)
 ParOldGen       total 129024K, used 36455K [0x00000006c0000000, 0x00000006c7e00000, 0x000000076ab00000)
  object space 129024K, 28% used [0x00000006c0000000,0x00000006c2399c18,0x00000006c7e00000)
 Metaspace       used 58190K, capacity 58966K, committed 59028K, reserved 1099776K
  class space    used 8225K, capacity 8437K, committed 8448K, reserved 1048576K
}
Event: 9.818 GC heap before
{Heap before GC invocations=15 (full 3):
 PSYoungGen      total 934400K, used 3153K [0x000000076ab00000, 0x00000007a5d80000, 0x00000007c0000000)
  eden space 915968K, 0% used [0x000000076ab00000,0x000000076ab00000,0x00000007a2980000)
  from space 18432K, 17% used [0x00000007a4b80000,0x00000007a4e947c8,0x00000007a5d80000)
  to   space 26624K, 0% used [0x00000007a2980000,0x00000007a2980000,0x00000007a4380000)
 ParOldGen       total 129024K, used 36455K [0x00000006c0000000, 0x00000006c7e00000, 0x000000076ab00000)
  object space 129024K, 28% used [0x00000006c0000000,0x00000006c2399c18,0x00000006c7e00000)
 Metaspace       used 58190K, capacity 58966K, committed 59028K, reserved 1099776K
  class space    used 8225K, capacity 8437K, committed 8448K, reserved 1048576K
Event: 9.992 GC heap after
Heap after GC invocations=15 (full 3):
 PSYoungGen      total 934400K, used 0K [0x000000076ab00000, 0x00000007a5d80000, 0x00000007c0000000)
  eden space 915968K, 0% used [0x000000076ab00000,0x000000076ab00000,0x00000007a2980000)
  from space 18432K, 0% used [0x00000007a4b80000,0x00000007a4b80000,0x00000007a5d80000)
  to   space 26624K, 0% used [0x00000007a2980000,0x00000007a2980000,0x00000007a4380000)
 ParOldGen       total 159232K, used 32768K [0x00000006c0000000, 0x00000006c9b80000, 0x000000076ab00000)
  object space 159232K, 20% used [0x00000006c0000000,0x00000006c2000198,0x00000006c9b80000)
 Metaspace       used 58190K, capacity 58966K, committed 59028K, reserved 1099776K
  class space    used 8225K, capacity 8437K, committed 8448K, reserved 1048576K
}

Deoptimization events (0 events):
No events

Internal exceptions (10 events):
Event: 28.910 Thread 0x00007fe8b1529000 Exception <a 'java/lang/ArrayIndexOutOfBoundsException'> (0x000000078f0d3388) thrown at [/Users/java_re/workspace/8-2-build-macosx-x86_64/jdk8u60/4407/hotspot/src/share/vm/runtime/sharedRuntime.cpp, line 605]
Event: 28.910 Thread 0x00007fe8b1529000 Exception <a 'java/lang/ArrayIndexOutOfBoundsException'> (0x000000078f0d4710) thrown at [/Users/java_re/workspace/8-2-build-macosx-x86_64/jdk8u60/4407/hotspot/src/share/vm/runtime/sharedRuntime.cpp, line 605]
Event: 28.911 Thread 0x00007fe8b1529000 Exception <a 'java/lang/ArrayIndexOutOfBoundsException'> (0x000000078f0d5ae0) thrown at [/Users/java_re/workspace/8-2-build-macosx-x86_64/jdk8u60/4407/hotspot/src/share/vm/runtime/sharedRuntime.cpp, line 605]
Event: 28.911 Thread 0x00007fe8b1529000 Exception <a 'java/lang/ArrayIndexOutOfBoundsException'> (0x000000078f0d7988) thrown at [/Users/java_re/workspace/8-2-build-macosx-x86_64/jdk8u60/4407/hotspot/src/share/vm/runtime/sharedRuntime.cpp, line 605]
Event: 28.911 Thread 0x00007fe8b1529000 Exception <a 'java/lang/ArrayIndexOutOfBoundsException'> (0x000000078f0dd078) thrown at [/Users/java_re/workspace/8-2-build-macosx-x86_64/jdk8u60/4407/hotspot/src/share/vm/runtime/sharedRuntime.cpp, line 605]
Event: 28.911 Thread 0x00007fe8b1529000 Exception <a 'java/lang/ArrayIndexOutOfBoundsException'> (0x000000078f0debf0) thrown at [/Users/java_re/workspace/8-2-build-macosx-x86_64/jdk8u60/4407/hotspot/src/share/vm/runtime/sharedRuntime.cpp, line 605]
Event: 28.911 Thread 0x00007fe8b1529000 Exception <a 'java/lang/ArrayIndexOutOfBoundsException'> (0x000000078f0e0868) thrown at [/Users/java_re/workspace/8-2-build-macosx-x86_64/jdk8u60/4407/hotspot/src/share/vm/runtime/sharedRuntime.cpp, line 605]
Event: 28.911 Thread 0x00007fe8b1529000 Exception <a 'java/lang/ArrayIndexOutOfBoundsException'> (0x000000078f0e1bf0) thrown at [/Users/java_re/workspace/8-2-build-macosx-x86_64/jdk8u60/4407/hotspot/src/share/vm/runtime/sharedRuntime.cpp, line 605]
Event: 28.911 Thread 0x00007fe8b1529000 Exception <a 'java/lang/ArrayIndexOutOfBoundsException'> (0x000000078f0e2ef0) thrown at [/Users/java_re/workspace/8-2-build-macosx-x86_64/jdk8u60/4407/hotspot/src/share/vm/runtime/sharedRuntime.cpp, line 605]
Event: 28.911 Thread 0x00007fe8b1529000 Exception <a 'java/lang/ArrayIndexOutOfBoundsException'> (0x000000078f0e4cc8) thrown at [/Users/java_re/workspace/8-2-build-macosx-x86_64/jdk8u60/4407/hotspot/src/share/vm/runtime/sharedRuntime.cpp, line 605]

Events (10 events):
Event: 29.021 Thread 0x00007fe8b1529000 DEOPT PACKING pc=0x0000000113434911 sp=0x000070000f9ebd90
Event: 29.021 Thread 0x00007fe8b1529000 DEOPT UNPACKING pc=0x00000001132ab633 sp=0x000070000f9ebb00 mode 1
Event: 29.021 Thread 0x00007fe8b1529000 DEOPT PACKING pc=0x00000001138dcfbc sp=0x000070000f9ebe10
Event: 29.021 Thread 0x00007fe8b1529000 DEOPT UNPACKING pc=0x00000001132ab633 sp=0x000070000f9ebc40 mode 1
Event: 29.021 Thread 0x00007fe8b1529000 DEOPT PACKING pc=0x00000001138dcf04 sp=0x000070000f9ebf90
Event: 29.021 Thread 0x00007fe8b1529000 DEOPT UNPACKING pc=0x00000001132ab633 sp=0x000070000f9ebdc0 mode 1
Event: 29.022 loading class java/sql/SQLRecoverableException
Event: 29.022 loading class java/sql/SQLRecoverableException done
Event: 29.126 Thread 0x00007fe8b1529000 DEOPT PACKING pc=0x0000000114061014 sp=0x000070000f9f0570
Event: 29.126 Thread 0x00007fe8b1529000 DEOPT UNPACKING pc=0x00000001132ab633 sp=0x000070000f9f05d8 mode 1


Dynamic libraries:
0x000000000e18c000 	/System/Library/Frameworks/Cocoa.framework/Versions/A/Cocoa
0x000000000e18c000 	/System/Library/Frameworks/Security.framework/Versions/A/Security
0x000000000e18c000 	/System/Library/Frameworks/ApplicationServices.framework/Versions/A/ApplicationServices
0x000000000e18c000 	/usr/lib/libz.1.dylib
0x000000000e18c000 	/usr/lib/libSystem.B.dylib
0x000000000e18c000 	/usr/lib/libobjc.A.dylib
0x000000000e18c000 	/System/Library/Frameworks/CoreFoundation.framework/Versions/A/CoreFoundation
0x000000000e18c000 	/System/Library/Frameworks/Foundation.framework/Versions/C/Foundation
0x000000000e18c000 	/System/Library/Frameworks/AppKit.framework/Versions/C/AppKit
0x000000000e18c000 	/System/Library/Frameworks/CoreData.framework/Versions/A/CoreData
0x000000000e18c000 	/System/Library/PrivateFrameworks/RemoteViewServices.framework/Versions/A/RemoteViewServices
0x000000000e18c000 	/System/Library/PrivateFrameworks/UIFoundation.framework/Versions/A/UIFoundation
0x000000000e18c000 	/System/Library/PrivateFrameworks/DFRFoundation.framework/Versions/A/DFRFoundation
0x000000000e18c000 	/usr/lib/libenergytrace.dylib
0x000000000e18c000 	/System/Library/PrivateFrameworks/SkyLight.framework/Versions/A/SkyLight
0x000000000e18c000 	/System/Library/Frameworks/CoreGraphics.framework/Versions/A/CoreGraphics
0x000000000e18c000 	/usr/lib/libScreenReader.dylib
0x000000000e18c000 	/System/Library/Frameworks/Accelerate.framework/Versions/A/Accelerate
0x000000000e18c000 	/System/Library/Frameworks/IOSurface.framework/Versions/A/IOSurface
0x000000000e18c000 	/System/Library/Frameworks/AudioToolbox.framework/Versions/A/AudioToolbox
0x000000000e18c000 	/System/Library/Frameworks/AudioUnit.framework/Versions/A/AudioUnit
0x000000000e18c000 	/System/Library/PrivateFrameworks/DataDetectorsCore.framework/Versions/A/DataDetectorsCore
0x000000000e18c000 	/System/Library/PrivateFrameworks/DesktopServicesPriv.framework/Versions/A/DesktopServicesPriv
0x000000000e18c000 	/System/Library/Frameworks/Carbon.framework/Versions/A/Frameworks/HIToolbox.framework/Versions/A/HIToolbox
0x000000000e18c000 	/usr/lib/libicucore.A.dylib
0x000000000e18c000 	/System/Library/Frameworks/QuartzCore.framework/Versions/A/QuartzCore
0x000000000e18c000 	/System/Library/Frameworks/Carbon.framework/Versions/A/Frameworks/SpeechRecognition.framework/Versions/A/SpeechRecognition
0x000000000e18c000 	/usr/lib/libauto.dylib
0x000000000e18c000 	/usr/lib/libxml2.2.dylib
0x000000000e18c000 	/System/Library/PrivateFrameworks/CoreUI.framework/Versions/A/CoreUI
0x000000000e18c000 	/System/Library/Frameworks/CoreAudio.framework/Versions/A/CoreAudio
0x000000000e18c000 	/System/Library/Frameworks/DiskArbitration.framework/Versions/A/DiskArbitration
0x000000000e18c000 	/usr/lib/liblangid.dylib
0x000000000e18c000 	/System/Library/PrivateFrameworks/MultitouchSupport.framework/Versions/A/MultitouchSupport
0x000000000e18c000 	/System/Library/Frameworks/IOKit.framework/Versions/A/IOKit
0x000000000e18c000 	/usr/lib/libDiagnosticMessagesClient.dylib
0x000000000e18c000 	/System/Library/Frameworks/CoreServices.framework/Versions/A/CoreServices
0x000000000e18c000 	/System/Library/PrivateFrameworks/PerformanceAnalysis.framework/Versions/A/PerformanceAnalysis
0x000000000e18c000 	/System/Library/PrivateFrameworks/GenerationalStorage.framework/Versions/A/GenerationalStorage
0x000000000e18c000 	/System/Library/Frameworks/OpenGL.framework/Versions/A/OpenGL
0x000000000e18c000 	/System/Library/Frameworks/CoreImage.framework/Versions/A/CoreImage
0x000000000e18c000 	/System/Library/Frameworks/CoreText.framework/Versions/A/CoreText
0x000000000e18c000 	/System/Library/Frameworks/ImageIO.framework/Versions/A/ImageIO
0x000000000e18c000 	/System/Library/PrivateFrameworks/Backup.framework/Versions/A/Backup
0x000000000e18c000 	/usr/lib/libarchive.2.dylib
0x000000000e18c000 	/System/Library/Frameworks/CFNetwork.framework/Versions/A/CFNetwork
0x000000000e18c000 	/System/Library/Frameworks/SystemConfiguration.framework/Versions/A/SystemConfiguration
0x000000000e18c000 	/usr/lib/libCRFSuite.dylib
0x000000000e18c000 	/usr/lib/libc++.1.dylib
0x000000000e18c000 	/usr/lib/libc++abi.dylib
0x000000000e18c000 	/usr/lib/system/libcache.dylib
0x000000000e18c000 	/usr/lib/system/libcommonCrypto.dylib
0x000000000e18c000 	/usr/lib/system/libcompiler_rt.dylib
0x000000000e18c000 	/usr/lib/system/libcopyfile.dylib
0x000000000e18c000 	/usr/lib/system/libcorecrypto.dylib
0x000000000e18c000 	/usr/lib/system/libdispatch.dylib
0x000000000e18c000 	/usr/lib/system/libdyld.dylib
0x000000000e18c000 	/usr/lib/system/libkeymgr.dylib
0x000000000e18c000 	/usr/lib/system/liblaunch.dylib
0x000000000e18c000 	/usr/lib/system/libmacho.dylib
0x000000000e18c000 	/usr/lib/system/libquarantine.dylib
0x000000000e18c000 	/usr/lib/system/libremovefile.dylib
0x000000000e18c000 	/usr/lib/system/libsystem_asl.dylib
0x000000000e18c000 	/usr/lib/system/libsystem_blocks.dylib
0x000000000e18c000 	/usr/lib/system/libsystem_c.dylib
0x000000000e18c000 	/usr/lib/system/libsystem_configuration.dylib
0x000000000e18c000 	/usr/lib/system/libsystem_coreservices.dylib
0x000000000e18c000 	/usr/lib/system/libsystem_coretls.dylib
0x000000000e18c000 	/usr/lib/system/libsystem_dnssd.dylib
0x000000000e18c000 	/usr/lib/system/libsystem_info.dylib
0x000000000e18c000 	/usr/lib/system/libsystem_kernel.dylib
0x000000000e18c000 	/usr/lib/system/libsystem_m.dylib
0x000000000e18c000 	/usr/lib/system/libsystem_malloc.dylib
0x000000000e18c000 	/usr/lib/system/libsystem_network.dylib
0x000000000e18c000 	/usr/lib/system/libsystem_networkextension.dylib
0x000000000e18c000 	/usr/lib/system/libsystem_notify.dylib
0x000000000e18c000 	/usr/lib/system/libsystem_platform.dylib
0x000000000e18c000 	/usr/lib/system/libsystem_pthread.dylib
0x000000000e18c000 	/usr/lib/system/libsystem_sandbox.dylib
0x000000000e18c000 	/usr/lib/system/libsystem_secinit.dylib
0x000000000e18c000 	/usr/lib/system/libsystem_symptoms.dylib
0x000000000e18c000 	/usr/lib/system/libsystem_trace.dylib
0x000000000e18c000 	/usr/lib/system/libunwind.dylib
0x000000000e18c000 	/usr/lib/system/libxpc.dylib
0x000000000e18c000 	/usr/lib/libbsm.0.dylib
0x000000000e18c000 	/usr/lib/system/libkxld.dylib
0x000000000e18c000 	/usr/lib/libcoretls.dylib
0x000000000e18c000 	/usr/lib/libcoretls_cfhelpers.dylib
0x000000000e18c000 	/usr/lib/libOpenScriptingUtil.dylib
0x000000000e18c000 	/usr/lib/libpam.2.dylib
0x000000000e18c000 	/usr/lib/libsqlite3.dylib
0x000000000e18c000 	/usr/lib/libxar.1.dylib
0x000000000e18c000 	/usr/lib/libbz2.1.0.dylib
0x000000000e18c000 	/usr/lib/liblzma.5.dylib
0x000000000e18c000 	/usr/lib/libnetwork.dylib
0x000000000e18c000 	/usr/lib/libpcap.A.dylib
0x000000000e18c000 	/System/Library/Frameworks/CoreServices.framework/Versions/A/Frameworks/FSEvents.framework/Versions/A/FSEvents
0x000000000e18c000 	/System/Library/Frameworks/CoreServices.framework/Versions/A/Frameworks/CarbonCore.framework/Versions/A/CarbonCore
0x000000000e18c000 	/System/Library/Frameworks/CoreServices.framework/Versions/A/Frameworks/Metadata.framework/Versions/A/Metadata
0x000000000e18c000 	/System/Library/Frameworks/CoreServices.framework/Versions/A/Frameworks/OSServices.framework/Versions/A/OSServices
0x000000000e18c000 	/System/Library/Frameworks/CoreServices.framework/Versions/A/Frameworks/SearchKit.framework/Versions/A/SearchKit
0x000000000e18c000 	/System/Library/Frameworks/CoreServices.framework/Versions/A/Frameworks/AE.framework/Versions/A/AE
0x000000000e18c000 	/System/Library/Frameworks/CoreServices.framework/Versions/A/Frameworks/LaunchServices.framework/Versions/A/LaunchServices
0x000000000e18c000 	/System/Library/Frameworks/CoreServices.framework/Versions/A/Frameworks/DictionaryServices.framework/Versions/A/DictionaryServices
0x000000000e18c000 	/System/Library/Frameworks/CoreServices.framework/Versions/A/Frameworks/SharedFileList.framework/Versions/A/SharedFileList
0x000000000e18c000 	/System/Library/Frameworks/NetFS.framework/Versions/A/NetFS
0x000000000e18c000 	/System/Library/PrivateFrameworks/NetAuth.framework/Versions/A/NetAuth
0x000000000e18c000 	/System/Library/PrivateFrameworks/login.framework/Versions/A/Frameworks/loginsupport.framework/Versions/A/loginsupport
0x000000000e18c000 	/System/Library/PrivateFrameworks/TCC.framework/Versions/A/TCC
0x000000000e18c000 	/usr/lib/libmecabra.dylib
0x000000000e18c000 	/System/Library/Frameworks/ApplicationServices.framework/Versions/A/Frameworks/ATS.framework/Versions/A/ATS
0x000000000e18c000 	/System/Library/Frameworks/ApplicationServices.framework/Versions/A/Frameworks/ColorSync.framework/Versions/A/ColorSync
0x000000000e18c000 	/System/Library/Frameworks/ApplicationServices.framework/Versions/A/Frameworks/HIServices.framework/Versions/A/HIServices
0x000000000e18c000 	/System/Library/Frameworks/ApplicationServices.framework/Versions/A/Frameworks/LangAnalysis.framework/Versions/A/LangAnalysis
0x000000000e18c000 	/System/Library/Frameworks/ApplicationServices.framework/Versions/A/Frameworks/PrintCore.framework/Versions/A/PrintCore
0x000000000e18c000 	/System/Library/Frameworks/ApplicationServices.framework/Versions/A/Frameworks/QD.framework/Versions/A/QD
0x000000000e18c000 	/System/Library/Frameworks/ApplicationServices.framework/Versions/A/Frameworks/SpeechSynthesis.framework/Versions/A/SpeechSynthesis
0x000000000e18c000 	/System/Library/Frameworks/Accelerate.framework/Versions/A/Frameworks/vImage.framework/Versions/A/vImage
0x000000000e18c000 	/System/Library/Frameworks/Accelerate.framework/Versions/A/Frameworks/vecLib.framework/Versions/A/vecLib
0x000000000e18c000 	/System/Library/Frameworks/Accelerate.framework/Versions/A/Frameworks/vecLib.framework/Versions/A/libvDSP.dylib
0x000000000e18c000 	/System/Library/Frameworks/Accelerate.framework/Versions/A/Frameworks/vecLib.framework/Versions/A/libBNNS.dylib
0x000000000e18c000 	/System/Library/Frameworks/Accelerate.framework/Versions/A/Frameworks/vecLib.framework/Versions/A/libQuadrature.dylib
0x000000000e18c000 	/System/Library/Frameworks/Accelerate.framework/Versions/A/Frameworks/vecLib.framework/Versions/A/libvMisc.dylib
0x000000000e18c000 	/System/Library/Frameworks/Accelerate.framework/Versions/A/Frameworks/vecLib.framework/Versions/A/libLAPACK.dylib
0x000000000e18c000 	/System/Library/Frameworks/Accelerate.framework/Versions/A/Frameworks/vecLib.framework/Versions/A/libBLAS.dylib
0x000000000e18c000 	/System/Library/Frameworks/Accelerate.framework/Versions/A/Frameworks/vecLib.framework/Versions/A/libLinearAlgebra.dylib
0x000000000e18c000 	/System/Library/Frameworks/Accelerate.framework/Versions/A/Frameworks/vecLib.framework/Versions/A/libSparseBLAS.dylib
0x000000000e18c000 	/System/Library/Frameworks/ApplicationServices.framework/Versions/A/Frameworks/ATS.framework/Versions/A/Resources/libFontParser.dylib
0x000000000e18c000 	/System/Library/Frameworks/ApplicationServices.framework/Versions/A/Frameworks/ATS.framework/Versions/A/Resources/libFontRegistry.dylib
0x000000000e18c000 	/System/Library/Frameworks/ImageIO.framework/Versions/A/Resources/libJPEG.dylib
0x000000000e18c000 	/System/Library/Frameworks/ImageIO.framework/Versions/A/Resources/libTIFF.dylib
0x000000000e18c000 	/System/Library/Frameworks/ImageIO.framework/Versions/A/Resources/libPng.dylib
0x000000000e18c000 	/System/Library/Frameworks/ImageIO.framework/Versions/A/Resources/libGIF.dylib
0x000000000e18c000 	/System/Library/Frameworks/ImageIO.framework/Versions/A/Resources/libJP2.dylib
0x000000000e18c000 	/System/Library/Frameworks/ImageIO.framework/Versions/A/Resources/libRadiance.dylib
0x000000000e18c000 	/usr/lib/libcompression.dylib
0x000000000e18c000 	/System/Library/PrivateFrameworks/AppleJPEG.framework/Versions/A/AppleJPEG
0x000000000e18c000 	/usr/lib/libcups.2.dylib
0x000000000e18c000 	/System/Library/Frameworks/Kerberos.framework/Versions/A/Kerberos
0x000000000e18c000 	/System/Library/Frameworks/GSS.framework/Versions/A/GSS
0x000000000e18c000 	/usr/lib/libresolv.9.dylib
0x000000000e18c000 	/usr/lib/libiconv.2.dylib
0x000000000e18c000 	/System/Library/PrivateFrameworks/Heimdal.framework/Versions/A/Heimdal
0x000000000e18c000 	/usr/lib/libheimdal-asn1.dylib
0x000000000e18c000 	/System/Library/Frameworks/OpenDirectory.framework/Versions/A/OpenDirectory
0x000000000e18c000 	/System/Library/PrivateFrameworks/CommonAuth.framework/Versions/A/CommonAuth
0x000000000e18c000 	/System/Library/Frameworks/OpenDirectory.framework/Versions/A/Frameworks/CFOpenDirectory.framework/Versions/A/CFOpenDirectory
0x000000000e18c000 	/System/Library/Frameworks/SecurityFoundation.framework/Versions/A/SecurityFoundation
0x000000000e18c000 	/System/Library/PrivateFrameworks/LanguageModeling.framework/Versions/A/LanguageModeling
0x000000000e18c000 	/usr/lib/libmarisa.dylib
0x000000000e18c000 	/usr/lib/libChineseTokenizer.dylib
0x000000000e18c000 	/usr/lib/libcmph.dylib
0x000000000e18c000 	/System/Library/PrivateFrameworks/CoreEmoji.framework/Versions/A/CoreEmoji
0x000000000e18c000 	/System/Library/Frameworks/ServiceManagement.framework/Versions/A/ServiceManagement
0x000000000e18c000 	/usr/lib/libxslt.1.dylib
0x000000000e18c000 	/System/Library/Frameworks/Carbon.framework/Versions/A/Frameworks/Ink.framework/Versions/A/Ink
0x000000000e18c000 	/System/Library/PrivateFrameworks/TextureIO.framework/Versions/A/TextureIO
0x000000000e18c000 	/System/Library/Frameworks/Metal.framework/Versions/A/Metal
0x000000000e18c000 	/usr/lib/libate.dylib
0x000000000e18c000 	/System/Library/PrivateFrameworks/GPUCompiler.framework/libmetal_timestamp.dylib
0x000000000e18c000 	/System/Library/Frameworks/OpenGL.framework/Versions/A/Libraries/libCoreFSCache.dylib
0x000000000e18c000 	/System/Library/PrivateFrameworks/IOAccelerator.framework/Versions/A/IOAccelerator
0x000000000e18c000 	/System/Library/Frameworks/CoreVideo.framework/Versions/A/CoreVideo
0x000000000e18c000 	/usr/lib/libFosl_dynamic.dylib
0x000000000e18c000 	/System/Library/PrivateFrameworks/MetalPerformanceShaders.framework/Versions/A/MetalPerformanceShaders
0x000000000e18c000 	/System/Library/PrivateFrameworks/FaceCore.framework/Versions/A/FaceCore
0x000000000e18c000 	/System/Library/Frameworks/OpenCL.framework/Versions/A/OpenCL
0x000000000e18c000 	/System/Library/Frameworks/OpenGL.framework/Versions/A/Libraries/libGLU.dylib
0x000000000e18c000 	/System/Library/Frameworks/OpenGL.framework/Versions/A/Libraries/libGFXShared.dylib
0x000000000e18c000 	/System/Library/Frameworks/OpenGL.framework/Versions/A/Libraries/libGL.dylib
0x000000000e18c000 	/System/Library/Frameworks/OpenGL.framework/Versions/A/Libraries/libGLImage.dylib
0x000000000e18c000 	/System/Library/Frameworks/OpenGL.framework/Versions/A/Libraries/libCVMSPluginSupport.dylib
0x000000000e18c000 	/System/Library/Frameworks/OpenGL.framework/Versions/A/Libraries/libCoreVMClient.dylib
0x000000000e18c000 	/System/Library/PrivateFrameworks/CrashReporterSupport.framework/Versions/A/CrashReporterSupport
0x000000000e18c000 	/System/Library/PrivateFrameworks/Sharing.framework/Versions/A/Sharing
0x000000000e18c000 	/System/Library/PrivateFrameworks/IconServices.framework/Versions/A/IconServices
0x000000000e18c000 	/System/Library/PrivateFrameworks/ProtocolBuffer.framework/Versions/A/ProtocolBuffer
0x000000000e18c000 	/System/Library/PrivateFrameworks/Apple80211.framework/Versions/A/Apple80211
0x000000000e18c000 	/System/Library/Frameworks/CoreWLAN.framework/Versions/A/CoreWLAN
0x000000000e18c000 	/System/Library/PrivateFrameworks/CoreUtils.framework/Versions/A/CoreUtils
0x000000000e18c000 	/System/Library/Frameworks/IOBluetooth.framework/Versions/A/IOBluetooth
0x000000000e18c000 	/System/Library/PrivateFrameworks/CoreWiFi.framework/Versions/A/CoreWiFi
0x000000000e18c000 	/System/Library/Frameworks/CoreBluetooth.framework/Versions/A/CoreBluetooth
0x000000000e18c000 	/System/Library/Frameworks/CoreDisplay.framework/Versions/A/CoreDisplay
0x000000000e18c000 	/System/Library/PrivateFrameworks/IOPresentment.framework/Versions/A/IOPresentment
0x000000000e18c000 	/System/Library/PrivateFrameworks/DSExternalDisplay.framework/Versions/A/DSExternalDisplay
0x000000000e18c000 	/System/Library/PrivateFrameworks/DebugSymbols.framework/Versions/A/DebugSymbols
0x000000000e18c000 	/System/Library/PrivateFrameworks/CoreSymbolication.framework/Versions/A/CoreSymbolication
0x000000000e18c000 	/System/Library/PrivateFrameworks/Symbolication.framework/Versions/A/Symbolication
0x000000000e18c000 	/System/Library/PrivateFrameworks/AppleFSCompression.framework/Versions/A/AppleFSCompression
0x000000000e18c000 	/System/Library/PrivateFrameworks/SpeechRecognitionCore.framework/Versions/A/SpeechRecognitionCore
0x000000000e18c000 	/System/Library/PrivateFrameworks/ChunkingLibrary.framework/Versions/A/ChunkingLibrary
0x0000000048ed0000 	/System/Library/CoreServices/Encodings/libKoreanConverter.dylib
0x0000000103a28000 	/Library/Java/JavaVirtualMachines/jdk1.8.0_60.jdk/Contents/Home/jre/lib/server/libjvm.dylib
0x000000000e18c000 	/usr/lib/libstdc++.6.dylib
0x00000001049b1000 	/Library/Java/JavaVirtualMachines/jdk1.8.0_60.jdk/Contents/Home/jre/lib/libverify.dylib
0x00000001049bf000 	/Library/Java/JavaVirtualMachines/jdk1.8.0_60.jdk/Contents/Home/jre/lib/libjava.dylib
0x00000001049f5000 	/Library/Java/JavaVirtualMachines/jdk1.8.0_60.jdk/Contents/Home/jre/lib/libjdwp.dylib
0x0000000104a40000 	/Library/Java/JavaVirtualMachines/jdk1.8.0_60.jdk/Contents/Home/jre/lib/libnpt.dylib
0x0000000104a44000 	/Library/Java/JavaVirtualMachines/jdk1.8.0_60.jdk/Contents/Home/jre/lib/libinstrument.dylib
0x0000000104aa2000 	/Library/Java/JavaVirtualMachines/jdk1.8.0_60.jdk/Contents/Home/jre/lib/libzip.dylib
0x00000001106cc000 	/System/Library/Frameworks/JavaVM.framework/Frameworks/JavaRuntimeSupport.framework/JavaRuntimeSupport
0x00000001106e6000 	/System/Library/Frameworks/JavaVM.framework/Versions/A/Frameworks/JavaNativeFoundation.framework/Versions/A/JavaNativeFoundation
0x0000000104bec000 	/System/Library/Frameworks/JavaVM.framework/Versions/A/JavaVM
0x000000000e18c000 	/System/Library/Frameworks/Carbon.framework/Versions/A/Carbon
0x00000001106fb000 	/System/Library/PrivateFrameworks/JavaLaunching.framework/Versions/A/JavaLaunching
0x000000000e18c000 	/System/Library/Frameworks/Carbon.framework/Versions/A/Frameworks/CommonPanels.framework/Versions/A/CommonPanels
0x000000000e18c000 	/System/Library/Frameworks/Carbon.framework/Versions/A/Frameworks/Help.framework/Versions/A/Help
0x000000000e18c000 	/System/Library/Frameworks/Carbon.framework/Versions/A/Frameworks/ImageCapture.framework/Versions/A/ImageCapture
0x000000000e18c000 	/System/Library/Frameworks/Carbon.framework/Versions/A/Frameworks/OpenScripting.framework/Versions/A/OpenScripting
0x000000000e18c000 	/System/Library/Frameworks/Carbon.framework/Versions/A/Frameworks/Print.framework/Versions/A/Print
0x000000000e18c000 	/System/Library/Frameworks/Carbon.framework/Versions/A/Frameworks/SecurityHI.framework/Versions/A/SecurityHI
0x0000000112004000 	/Library/Java/JavaVirtualMachines/jdk1.8.0_60.jdk/Contents/Home/jre/lib/libdt_socket.dylib
0x000000011266e000 	/Library/Java/JavaVirtualMachines/jdk1.8.0_60.jdk/Contents/Home/jre/lib/libmanagement.dylib
0x000000011267c000 	/Library/Java/JavaVirtualMachines/jdk1.8.0_60.jdk/Contents/Home/jre/lib/libnet.dylib
0x00000001126db000 	/Library/Java/JavaVirtualMachines/jdk1.8.0_60.jdk/Contents/Home/jre/lib/libnio.dylib
0x00000001131b4000 	/Library/Java/JavaVirtualMachines/jdk1.8.0_60.jdk/Contents/Home/jre/lib/libattach.dylib

VM Arguments:
jvm_args: -agentlib:jdwp=transport=dt_socket,address=127.0.0.1:55672,suspend=y,server=n -XX:TieredStopAtLevel=1 -Xverify:none -Dspring.output.ansi.enabled=always -Dcom.sun.management.jmxremote -Dcom.sun.management.jmxremote.port=55671 -Dcom.sun.management.jmxremote.authenticate=false -Dcom.sun.management.jmxremote.ssl=false -Dspring.liveBeansView.mbeanDomain -Dspring.application.admin.enabled=true -javaagent:/Users/jjong/Library/Caches/IntelliJIdea2017.2/groovyHotSwap/gragent.jar -Dfile.encoding=UTF-8 
java_command: net.ion.ice.Ice2Application
java_class_path (initial): /Library/Java/JavaVirtualMachines/jdk1.8.0_60.jdk/Contents/Home/jre/lib/charsets.jar:/Library/Java/JavaVirtualMachines/jdk1.8.0_60.jdk/Contents/Home/jre/lib/deploy.jar:/Library/Java/JavaVirtualMachines/jdk1.8.0_60.jdk/Contents/Home/jre/lib/ext/cldrdata.jar:/Library/Java/JavaVirtualMachines/jdk1.8.0_60.jdk/Contents/Home/jre/lib/ext/dnsns.jar:/Library/Java/JavaVirtualMachines/jdk1.8.0_60.jdk/Contents/Home/jre/lib/ext/jaccess.jar:/Library/Java/JavaVirtualMachines/jdk1.8.0_60.jdk/Contents/Home/jre/lib/ext/jfxrt.jar:/Library/Java/JavaVirtualMachines/jdk1.8.0_60.jdk/Contents/Home/jre/lib/ext/localedata.jar:/Library/Java/JavaVirtualMachines/jdk1.8.0_60.jdk/Contents/Home/jre/lib/ext/nashorn.jar:/Library/Java/JavaVirtualMachines/jdk1.8.0_60.jdk/Contents/Home/jre/lib/ext/sunec.jar:/Library/Java/JavaVirtualMachines/jdk1.8.0_60.jdk/Contents/Home/jre/lib/ext/sunjce_provider.jar:/Library/Java/JavaVirtualMachines/jdk1.8.0_60.jdk/Contents/Home/jre/lib/ext/sunpkcs11.jar:/Library/Java/JavaVirtualMachines/jdk1.8.0_60.jdk/Contents/Home/jre/lib/ext/zipfs.jar:/Library/Java/JavaVirtualMachines/jdk1.8.0_60.jdk/Contents/Home/jre/lib/javaws.jar:/Library/Java/JavaVirtualMachines/jdk1.8.0_60.jdk/Contents/Home/jre/lib/jce.jar:/Library/Java/JavaVirtualMachines/jdk1.8.0_60.jdk/Contents/Home/jre/lib/jfr.jar:/Library/Java/JavaVirtualMachines/jdk1.8.0_60.jdk/Contents/Home/jre/lib/jfxswt.jar:/Library/Java/JavaVirtualMachines/jdk1.8.0_60.jdk/Contents/Home/jre/lib/jsse.jar:/Library/Java/JavaVirtualMachines/jdk1.8.0_60.jdk/Contents/Home/jre/lib/management-agent.jar:/Library/Java/JavaVirtualMachines/jdk1.8.0_60.jdk/Contents/Home/jre/lib/plugin.jar:/Library/Java/JavaVirtualMachines/jdk1.8.0_60.jdk/Contents/Home/jre/lib/resources.jar:/Library/Java/JavaVirtualMachines/jdk1.8.0_60.jdk/Contents/Home/jre/lib/rt.jar:/Library/Java/JavaVirtualMachines/jdk1.8.0_60.jdk/Contents/Home/lib/ant-javafx.jar:/Library/Java/JavaVirtualMachines/jdk1.8.0_60.jdk/Contents/Home/lib/dt.jar:/Library/Ja
Launcher Type: SUN_STANDARD

Environment Variables:
PATH=/usr/local/bin:/usr/bin:/bin:/usr/sbin:/sbin:/Users/jjong/Library/Android/sdk/tools:/Users/jjong/Library/Android/sdk/platform-tools
SHELL=/bin/bash

Signal Handlers:
SIGSEGV: [libjvm.dylib+0x5a6d31], sa_mask[0]=11111111011111110111111111111111, sa_flags=SA_ONSTACK|SA_RESTART|SA_SIGINFO
SIGBUS: [libjvm.dylib+0x5a6d31], sa_mask[0]=11111111011111110111111111111111, sa_flags=SA_RESTART|SA_SIGINFO
SIGFPE: [libjvm.dylib+0x480a4c], sa_mask[0]=11111111011111110111111111111111, sa_flags=SA_RESTART|SA_SIGINFO
SIGPIPE: [libjvm.dylib+0x480a4c], sa_mask[0]=11111111011111110111111111111111, sa_flags=SA_RESTART|SA_SIGINFO
SIGXFSZ: [libjvm.dylib+0x480a4c], sa_mask[0]=11111111011111110111111111111111, sa_flags=SA_RESTART|SA_SIGINFO
SIGILL: [libjvm.dylib+0x480a4c], sa_mask[0]=11111111011111110111111111111111, sa_flags=SA_RESTART|SA_SIGINFO
SIGUSR1: SIG_DFL, sa_mask[0]=00000000000000000000000000000000, sa_flags=none
SIGUSR2: [libjvm.dylib+0x48056a], sa_mask[0]=00100000000000000000000000000000, sa_flags=SA_RESTART|SA_SIGINFO
SIGHUP: [libjvm.dylib+0x47eb41], sa_mask[0]=11111111011111110111111111111111, sa_flags=SA_RESTART|SA_SIGINFO
SIGINT: [libjvm.dylib+0x47eb41], sa_mask[0]=11111111011111110111111111111111, sa_flags=SA_RESTART|SA_SIGINFO
SIGTERM: [libjvm.dylib+0x47eb41], sa_mask[0]=11111111011111110111111111111111, sa_flags=SA_RESTART|SA_SIGINFO
SIGQUIT: [libjvm.dylib+0x47eb41], sa_mask[0]=11111111011111110111111111111111, sa_flags=SA_RESTART|SA_SIGINFO


---------------  S Y S T E M  ---------------

OS:Bsduname:Darwin 16.7.0 Darwin Kernel Version 16.7.0: Thu Jun 15 17:36:27 PDT 2017; root:xnu-3789.70.16~2/RELEASE_X86_64 x86_64
rlimit: STACK 8192k, CORE 0k, NPROC 709, NOFILE 10240, AS infinity
load average:2.88 3.26 3.21

CPU:total 4 (4 cores per cpu, 1 threads per core) family 6 model 60 stepping 3, cmov, cx8, fxsr, mmx, sse, sse2, sse3, ssse3, sse4.1, sse4.2, popcnt, avx, avx2, aes, clmul, erms, rtm, lzcnt, tsc, tscinvbit, bmi1, bmi2

Memory: 4k page, physical 16777216k(525296k free)

/proc/meminfo:


vm_info: Java HotSpot(TM) 64-Bit Server VM (25.60-b23) for bsd-amd64 JRE (1.8.0_60-b27), built on Aug  4 2015 10:47:24 by "java_re" with gcc 4.2.1 (Based on Apple Inc. build 5658) (LLVM build 2336.11.00)

time: Sun Oct  8 22:39:23 2017
elapsed time: 29 seconds (0d 0h 0m 29s)

