#
# A fatal error has been detected by the Java Runtime Environment:
#
#  SIGSEGV (0xb) at pc=0x0000000104608e09, pid=30960, tid=58115
#
# JRE version: Java(TM) SE Runtime Environment (8.0_60-b27) (build 1.8.0_60-b27)
# Java VM: Java HotSpot(TM) 64-Bit Server VM (25.60-b23 mixed mode bsd-amd64 compressed oops)
# Problematic frame:
# V  [libjvm.dylib+0x1ede09]
#
# Failed to write core dump. Core dumps have been disabled. To enable core dumping, try "ulimit -c unlimited" before starting Java again
#
# If you would like to submit a bug report, please visit:
#   http://bugreport.java.com/bugreport/crash.jsp
#

---------------  T H R E A D  ---------------

Current thread (0x00007fc25730c800):  JavaThread "http-nio-8080-exec-1" daemon [_thread_in_vm, id=58115, stack(0x00007000152c8000,0x00007000153c8000)]

siginfo: si_signo: 11 (SIGSEGV), si_code: 0 (unknown), si_addr: 0x0000000000000000

Registers:
RAX=0x00007000153c285a, RBX=0x00000000240bb4ef, RCX=0x0000000000000000, RDX=0x0000000000000001
RSP=0x00007000153c27f0, RBP=0x00007000153c2840, RSI=0x00000000240bb4ef, RDI=0x48fff5a7e0e8da89
R8 =0x00007000153c285c, R9 =0x00007000153c285b, R10=0x0000000104c42a70, R11=0x0000000000000202
R12=0x000000010470125d, R13=0x00000000240bb4ef, R14=0x48fff5a7e0e8da89, R15=0x0000000000000001
RIP=0x0000000104608e09, EFLAGS=0x0000000000010206, ERR=0x0000000000000000
  TRAPNO=0x000000000000000d

Top of Stack: (sp=0x00007000153c27f0)
0x00007000153c27f0:   0000000000000000 0000000000000000
0x00007000153c2800:   00007000153c285c 00007000153c285b
0x00007000153c2810:   00007000153c2900 0000000000000001
0x00007000153c2820:   000000010470125d 00000000240bb4ef
0x00007000153c2830:   00000000240bb4ef 48fff5a7e0e8da89
0x00007000153c2840:   00007000153c28a0 0000000104609040
0x00007000153c2850:   00007000153c285a 0000000000000000
0x00007000153c2860:   00007fc2587137b0 00007fc258713ac0
0x00007000153c2870:   00007fc258713ad0 00007fc258713ea8
0x00007000153c2880:   00000000000003d8 00007fc25730c800
0x00007000153c2890:   00000000240bb4ef 0000000000000001
0x00007000153c28a0:   00007000153c28f0 0000000104700dac
0x00007000153c28b0:   00007000153c28d0 000000010487c45e
0x00007000153c28c0:   00007000153c2958 00007000153c2958
0x00007000153c28d0:   00007fc25730c800 000000010470125d
0x00007000153c28e0:   0000000000000001 00007fc25730c800
0x00007000153c28f0:   00007000153c29b0 0000000104700e9e
0x00007000153c2900:   00007fc25730c800 000000010470125d
0x00007000153c2910:   00007fc25730c800 00007000153c2a10
0x00007000153c2920:   00000001135e89cc 00000001135d85d0
0x00007000153c2930:   7e75fe2d00000000 00007000153c29d0
0x00007000153c2940:   00007000153c2a10 000000010470125d
0x00007000153c2950:   000000010470125d 00007000153c2a10
0x00007000153c2960:   00000001135e89cc 00000001135d85d0
0x00007000153c2970:   0000000100000000 00007000153c29d0
0x00007000153c2980:   00007000153c2a10 0000000000000000
0x00007000153c2990:   0000000000000000 00000001239501e8
0x00007000153c29a0:   00000001058af1e0 00007fc25730c800
0x00007000153c29b0:   00007000153c29f0 000000010470125d
0x00007000153c29c0:   0000000000000000 00007fc25730c800
0x00007000153c29d0:   00007fc25730c800 0000000000000050
0x00007000153c29e0:   00007000153c2a10 00007fc25730c800 

Instructions: (pc=0x0000000104608e09)
0x0000000104608de9:   57 41 56 41 55 41 54 53 48 83 ec 28 4c 89 4d c8
0x0000000104608df9:   4c 89 45 c0 48 89 4d b0 89 f3 49 89 fe 4c 63 fa
0x0000000104608e09:   47 0f b6 a4 3e a0 00 00 00 4c 89 f7 44 89 fe e8
0x0000000104608e19:   a7 30 00 00 41 ff c4 41 0f b6 cc 83 f9 01 0f 95 

Register to memory mapping:

RAX=0x00007000153c285a is pointing into the stack for thread: 0x00007fc25730c800
RBX=0x00000000240bb4ef is an unknown value
RCX=0x0000000000000000 is an unknown value
RDX=0x0000000000000001 is an unknown value
RSP=0x00007000153c27f0 is pointing into the stack for thread: 0x00007fc25730c800
RBP=0x00007000153c2840 is pointing into the stack for thread: 0x00007fc25730c800
RSI=0x00000000240bb4ef is an unknown value
RDI=0x48fff5a7e0e8da89 is an unknown value
R8 =0x00007000153c285c is pointing into the stack for thread: 0x00007fc25730c800
R9 =0x00007000153c285b is pointing into the stack for thread: 0x00007fc25730c800
R10=0x0000000104c42a70: _ZN13defaultStream10_output_fdE+0 in /Library/Java/JavaVirtualMachines/jdk1.8.0_60.jdk/Contents/Home/jre/lib/server/libjvm.dylib at 0x000000010441b000
R11=0x0000000000000202 is an unknown value
R12=0x000000010470125d: _ZN18InterpreterRuntime16create_exceptionEP10JavaThreadPcS2_+0x7f in /Library/Java/JavaVirtualMachines/jdk1.8.0_60.jdk/Contents/Home/jre/lib/server/libjvm.dylib at 0x000000010441b000
R13=0x00000000240bb4ef is an unknown value
R14=0x48fff5a7e0e8da89 is an unknown value
R15=0x0000000000000001 is an unknown value


Stack: [0x00007000152c8000,0x00007000153c8000],  sp=0x00007000153c27f0,  free space=1001k
Native frames: (J=compiled Java code, j=interpreted, Vv=VM code, C=native code)
V  [libjvm.dylib+0x1ede09]
V  [libjvm.dylib+0x1ee040]
V  [libjvm.dylib+0x2e5dac]
V  [libjvm.dylib+0x2e5e9e]
V  [libjvm.dylib+0x2e625d]

[error occurred during error reporting (printing native stack), id 0xb]

Java frames: (J=compiled Java code, j=interpreted, Vv=VM code)

[error occurred during error reporting (printing Java stack), id 0xb]


---------------  P R O C E S S  ---------------

Java Threads: ( => current thread )
  0x00007fc2555d1800 JavaThread "Keep-Alive-Timer" daemon [_thread_blocked, id=69379, stack(0x000070001690a000,0x0000700016a0a000)]
  0x00007fc256279000 JavaThread "hz.ice-cluster-hazelcast.cached.thread-11" [_thread_blocked, id=68867, stack(0x0000700016807000,0x0000700016907000)]
  0x00007fc256278000 JavaThread "hz.ice-cluster-hazelcast.cached.thread-10" [_thread_blocked, id=68355, stack(0x0000700016704000,0x0000700016804000)]
  0x00007fc255b79000 JavaThread "hz.ice-cluster-hazelcast.cached.thread-9" [_thread_blocked, id=67843, stack(0x0000700016601000,0x0000700016701000)]
  0x00007fc255b78800 JavaThread "hz.ice-cluster-hazelcast.cached.thread-8" [_thread_blocked, id=67331, stack(0x00007000164fe000,0x00007000165fe000)]
  0x00007fc255b77800 JavaThread "hz.ice-cluster-hazelcast.cached.thread-7" [_thread_blocked, id=66819, stack(0x00007000163fb000,0x00007000164fb000)]
  0x00007fc256277800 JavaThread "hz.ice-cluster-hazelcast.cached.thread-6" [_thread_blocked, id=66307, stack(0x00007000162f8000,0x00007000163f8000)]
  0x00007fc256276800 JavaThread "hz.ice-cluster-hazelcast.cached.thread-5" [_thread_blocked, id=65799, stack(0x00007000161f5000,0x00007000162f5000)]
  0x00007fc256276000 JavaThread "hz.ice-cluster-hazelcast.cached.thread-4" [_thread_blocked, id=28423, stack(0x0000700011614000,0x0000700011714000)]
  0x00007fc256275000 JavaThread "ThreadPoolTaskScheduler2" [_thread_blocked, id=24847, stack(0x0000700011e2c000,0x0000700011f2c000)]
  0x00007fc2565cd000 JavaThread "Hibernate Search sync consumer thread for index net.ion.ice.core.node.Node" daemon [_thread_blocked, id=31495, stack(0x0000700011d29000,0x0000700011e29000)]
  0x00007fc255483000 JavaThread "Hibernate Search sync consumer thread for index net.ion.ice.core.node.Node" daemon [_thread_blocked, id=26375, stack(0x0000700011208000,0x0000700011308000)]
  0x00007fc255dd7000 JavaThread "commons-pool-EvictionTimer" daemon [_thread_blocked, id=25887, stack(0x0000700011105000,0x0000700011205000)]
  0x00007fc2556ef000 JavaThread "Abandoned connection cleanup thread" daemon [_thread_blocked, id=30987, stack(0x0000700010eff000,0x0000700010fff000)]
  0x00007fc256550800 JavaThread "RMI TCP Connection(idle)" daemon [_thread_blocked, id=65287, stack(0x00007000160f2000,0x00007000161f2000)]
  0x00007fc255005000 JavaThread "RMI TCP Connection(5)-127.0.0.1" daemon [_thread_in_native, id=24335, stack(0x0000700010dfc000,0x0000700010efc000)]
  0x00007fc255c5a800 JavaThread "DestroyJavaVM" [_thread_blocked, id=3587, stack(0x000070000f52e000,0x000070000f62e000)]
  0x00007fc255db4000 JavaThread "http-nio-8080-AsyncTimeout" daemon [_thread_blocked, id=64771, stack(0x0000700015fef000,0x00007000160ef000)]
  0x00007fc255db3000 JavaThread "http-nio-8080-Acceptor-0" daemon [_thread_in_native, id=64259, stack(0x0000700015eec000,0x0000700015fec000)]
  0x00007fc25654e800 JavaThread "http-nio-8080-ClientPoller-1" daemon [_thread_in_native, id=63747, stack(0x0000700015de9000,0x0000700015ee9000)]
  0x00007fc256549000 JavaThread "http-nio-8080-ClientPoller-0" daemon [_thread_in_native, id=63235, stack(0x0000700015ce6000,0x0000700015de6000)]
  0x00007fc257311000 JavaThread "http-nio-8080-exec-10" daemon [_thread_blocked, id=62723, stack(0x0000700015be3000,0x0000700015ce3000)]
  0x00007fc257310000 JavaThread "http-nio-8080-exec-9" daemon [_thread_blocked, id=62211, stack(0x0000700015ae0000,0x0000700015be0000)]
  0x00007fc25730f800 JavaThread "http-nio-8080-exec-8" daemon [_thread_blocked, id=61699, stack(0x00007000159dd000,0x0000700015add000)]
  0x00007fc255673800 JavaThread "http-nio-8080-exec-7" daemon [_thread_blocked, id=61187, stack(0x00007000158da000,0x00007000159da000)]
  0x00007fc256548000 JavaThread "http-nio-8080-exec-6" daemon [_thread_blocked, id=60675, stack(0x00007000157d7000,0x00007000158d7000)]
  0x00007fc256547800 JavaThread "http-nio-8080-exec-5" daemon [_thread_blocked, id=60163, stack(0x00007000156d4000,0x00007000157d4000)]
  0x00007fc2553d3000 JavaThread "http-nio-8080-exec-4" daemon [_thread_blocked, id=59651, stack(0x00007000155d1000,0x00007000156d1000)]
  0x00007fc2553d2800 JavaThread "http-nio-8080-exec-3" daemon [_thread_blocked, id=59139, stack(0x00007000154ce000,0x00007000155ce000)]
  0x00007fc256542000 JavaThread "http-nio-8080-exec-2" daemon [_thread_blocked, id=58627, stack(0x00007000153cb000,0x00007000154cb000)]
=>0x00007fc25730c800 JavaThread "http-nio-8080-exec-1" daemon [_thread_in_vm, id=58115, stack(0x00007000152c8000,0x00007000153c8000)]
  0x00007fc25653b000 JavaThread "NioBlockingSelector.BlockPoller-1" daemon [_thread_in_native, id=57603, stack(0x00007000151c5000,0x00007000152c5000)]
  0x00007fc255dc2000 JavaThread "Live Reload Server" daemon [_thread_in_native, id=57095, stack(0x00007000150c2000,0x00007000151c2000)]
  0x00007fc255dad000 JavaThread "File Watcher" daemon [_thread_blocked, id=56583, stack(0x0000700014fbf000,0x00007000150bf000)]
  0x00007fc255da7800 JavaThread "ThreadPoolTaskScheduler1" [_thread_blocked, id=56071, stack(0x0000700014ebc000,0x0000700014fbc000)]
  0x00007fc255a2c000 JavaThread "Hibernate Search sync consumer thread for index net.ion.ice.core.node.Node" daemon [_thread_blocked, id=55555, stack(0x0000700014db9000,0x0000700014eb9000)]
  0x00007fc255a27000 JavaThread "Hibernate Search sync consumer thread for index net.ion.ice.core.node.Node" daemon [_thread_blocked, id=55043, stack(0x0000700014cb6000,0x0000700014db6000)]
  0x00007fc255a26000 JavaThread "Hibernate Search sync consumer thread for index net.ion.ice.core.node.Node" daemon [_thread_blocked, id=54531, stack(0x0000700014bb3000,0x0000700014cb3000)]
  0x00007fc254ac6000 JavaThread "Hibernate Search sync consumer thread for index net.ion.ice.core.node.Node" daemon [_thread_blocked, id=54019, stack(0x0000700014ab0000,0x0000700014bb0000)]
  0x00007fc255788000 JavaThread "Hibernate Search sync consumer thread for index net.ion.ice.core.node.Node" daemon [_thread_blocked, id=53511, stack(0x00007000149ad000,0x0000700014aad000)]
  0x00007fc2565fb800 JavaThread "Hibernate Search sync consumer thread for index net.ion.ice.core.node.Node" daemon [_thread_blocked, id=52995, stack(0x00007000148aa000,0x00007000149aa000)]
  0x00007fc255ff2800 JavaThread "Hibernate Search sync consumer thread for index net.ion.ice.core.node.Node" daemon [_thread_blocked, id=52483, stack(0x00007000147a7000,0x00007000148a7000)]
  0x00007fc255780800 JavaThread "Hibernate Search sync consumer thread for index net.ion.ice.core.node.Node" daemon [_thread_blocked, id=51971, stack(0x00007000146a4000,0x00007000147a4000)]
  0x00007fc25545f000 JavaThread "Hibernate Search sync consumer thread for index net.ion.ice.core.node.Node" daemon [_thread_blocked, id=51459, stack(0x00007000145a1000,0x00007000146a1000)]
  0x00007fc254ac2800 JavaThread "Hibernate Search sync consumer thread for index net.ion.ice.core.node.Node" daemon [_thread_blocked, id=50947, stack(0x000070001449e000,0x000070001459e000)]
  0x00007fc255cfe000 JavaThread "Thread-32" [_thread_blocked, id=50435, stack(0x000070001439b000,0x000070001449b000)]
  0x00007fc2578c4800 JavaThread "Thread-31" [_thread_blocked, id=49923, stack(0x0000700014298000,0x0000700014398000)]
  0x00007fc255742000 JavaThread "Thread-30" [_thread_blocked, id=49411, stack(0x0000700014195000,0x0000700014295000)]
  0x00007fc255480000 JavaThread "expiration-thread--p3-t1" daemon [_thread_blocked, id=48903, stack(0x0000700014092000,0x0000700014192000)]
  0x00007fc254ad9800 JavaThread "Hibernate Search sync consumer thread for index net.ion.ice.core.node.Node" daemon [_thread_blocked, id=48395, stack(0x0000700013f8f000,0x000070001408f000)]
  0x00007fc2564a9800 JavaThread "hz.ice-cluster-hazelcast.HealthMonitor" daemon [_thread_blocked, id=47883, stack(0x0000700013e8c000,0x0000700013f8c000)]
  0x00007fc256485800 JavaThread "hz.ice-cluster-hazelcast.cached.thread-3" [_thread_blocked, id=47363, stack(0x0000700013d89000,0x0000700013e89000)]
  0x00007fc254c00000 JavaThread "hz.ice-cluster-hazelcast.IO.thread-Acceptor" [_thread_in_native, id=46851, stack(0x0000700013c86000,0x0000700013d86000)]
  0x00007fc2551c9800 JavaThread "hz.ice-cluster-hazelcast.IOBalancerThread" [_thread_blocked, id=46339, stack(0x0000700013b83000,0x0000700013c83000)]
  0x00007fc2564a9000 JavaThread "hz.ice-cluster-hazelcast.IO.thread-out-2" [_thread_in_native, id=45827, stack(0x0000700013a80000,0x0000700013b80000)]
  0x00007fc2557f4000 JavaThread "hz.ice-cluster-hazelcast.IO.thread-out-1" [_thread_in_native, id=45315, stack(0x000070001397d000,0x0000700013a7d000)]
  0x00007fc2557f1000 JavaThread "hz.ice-cluster-hazelcast.IO.thread-out-0" [_thread_in_native, id=44803, stack(0x000070001387a000,0x000070001397a000)]
  0x00007fc2557ee800 JavaThread "hz.ice-cluster-hazelcast.IO.thread-in-2" [_thread_in_native, id=44291, stack(0x0000700013777000,0x0000700013877000)]
  0x00007fc2551de800 JavaThread "hz.ice-cluster-hazelcast.IO.thread-in-1" [_thread_in_native, id=43779, stack(0x0000700013674000,0x0000700013774000)]
  0x00007fc256485000 JavaThread "hz.ice-cluster-hazelcast.IO.thread-in-0" [_thread_in_native, id=43267, stack(0x0000700013571000,0x0000700013671000)]
  0x00007fc2551de000 JavaThread "hz.ice-cluster-hazelcast.cached.thread-2" [_thread_blocked, id=42755, stack(0x000070001346e000,0x000070001356e000)]
  0x00007fc2562c2000 JavaThread "hz.ice-cluster-hazelcast.SlowOperationDetectorThread" [_thread_blocked, id=42243, stack(0x000070001336b000,0x000070001346b000)]
  0x00007fc255cdf800 JavaThread "hz.ice-cluster-hazelcast.response" [_thread_blocked, id=41731, stack(0x0000700013268000,0x0000700013368000)]
  0x00007fc255c4f000 JavaThread "hz.ice-cluster-hazelcast.generic-operation.thread-1" [_thread_blocked, id=41219, stack(0x0000700013165000,0x0000700013265000)]
  0x00007fc25629c000 JavaThread "hz.ice-cluster-hazelcast.generic-operation.thread-0" [_thread_blocked, id=40707, stack(0x0000700013062000,0x0000700013162000)]
  0x00007fc2562a1800 JavaThread "hz.ice-cluster-hazelcast.priority-generic-operation.thread-0" [_thread_blocked, id=40195, stack(0x0000700012f5f000,0x000070001305f000)]
  0x00007fc255270000 JavaThread "hz.ice-cluster-hazelcast.partition-operation.thread-3" [_thread_blocked, id=39683, stack(0x0000700012e5c000,0x0000700012f5c000)]
  0x00007fc2578d5800 JavaThread "hz.ice-cluster-hazelcast.partition-operation.thread-2" [_thread_blocked, id=39171, stack(0x0000700012d59000,0x0000700012e59000)]
  0x00007fc25543b800 JavaThread "hz.ice-cluster-hazelcast.partition-operation.thread-1" [_thread_blocked, id=38659, stack(0x0000700012c56000,0x0000700012d56000)]
  0x00007fc255cc7800 JavaThread "hz.ice-cluster-hazelcast.partition-operation.thread-0" [_thread_blocked, id=38147, stack(0x0000700012b53000,0x0000700012c53000)]
  0x00007fc25543b000 JavaThread "hz.ice-cluster-hazelcast.InvocationMonitorThread" [_thread_blocked, id=37635, stack(0x0000700012a50000,0x0000700012b50000)]
  0x00007fc255b42000 JavaThread "hz.ice-cluster-hazelcast.cached.thread-1" [_thread_blocked, id=37123, stack(0x000070001294d000,0x0000700012a4d000)]
  0x00007fc25628c800 JavaThread "hz.ice-cluster-hazelcast.migration" [_thread_blocked, id=36611, stack(0x000070001284a000,0x000070001294a000)]
  0x00007fc254c1a800 JavaThread "MetricsRegistry-thread-2" [_thread_blocked, id=36099, stack(0x0000700012747000,0x0000700012847000)]
  0x00007fc254bff000 JavaThread "MetricsRegistry-thread-1" [_thread_blocked, id=35591, stack(0x0000700012644000,0x0000700012744000)]
  0x00007fc2571d8800 JavaThread "hz.ice-cluster-hazelcast.operation-parker" [_thread_blocked, id=35075, stack(0x0000700012541000,0x0000700012641000)]
  0x00007fc2556bd000 JavaThread "hz.ice-cluster-hazelcast.event-5" [_thread_blocked, id=34563, stack(0x000070001243e000,0x000070001253e000)]
  0x00007fc2556c6000 JavaThread "hz.ice-cluster-hazelcast.event-4" [_thread_blocked, id=34051, stack(0x000070001233b000,0x000070001243b000)]
  0x00007fc255bc6000 JavaThread "hz.ice-cluster-hazelcast.event-3" [_thread_blocked, id=33539, stack(0x0000700012238000,0x0000700012338000)]
  0x00007fc25620f000 JavaThread "hz.ice-cluster-hazelcast.event-2" [_thread_blocked, id=33027, stack(0x0000700012135000,0x0000700012235000)]
  0x00007fc256209800 JavaThread "hz.ice-cluster-hazelcast.event-1" [_thread_blocked, id=32515, stack(0x0000700012032000,0x0000700012132000)]
  0x00007fc254a96000 JavaThread "hz.ice-cluster-hazelcast.scheduled.thread-" [_thread_blocked, id=32007, stack(0x0000700011f2f000,0x000070001202f000)]
  0x00007fc2578af000 JavaThread "container-0" [_thread_blocked, id=7687, stack(0x0000700011c26000,0x0000700011d26000)]
  0x00007fc2563c3000 JavaThread "ContainerBackgroundProcessor[StandardEngine[Tomcat]]" daemon [_thread_blocked, id=8459, stack(0x0000700011b23000,0x0000700011c23000)]
  0x00007fc25646c000 JavaThread "RMI TCP Connection(3)-192.168.10.143" daemon [_thread_in_native, id=30471, stack(0x0000700011a20000,0x0000700011b20000)]
  0x00007fc255738800 JavaThread "Attach Listener" daemon [_thread_blocked, id=29955, stack(0x000070001191d000,0x0000700011a1d000)]
  0x00007fc25642b000 JavaThread "type-pool-cache-evicter" daemon [_thread_blocked, id=29447, stack(0x000070001181a000,0x000070001191a000)]
  0x00007fc256422800 JavaThread "stagemonitor-elasticsearch-reporter" daemon [_thread_blocked, id=28931, stack(0x0000700011717000,0x0000700011817000)]
  0x00007fc25718a000 JavaThread "async-elasticsearch" daemon [_thread_blocked, id=27907, stack(0x0000700011511000,0x0000700011611000)]
  0x00007fc25641e800 JavaThread "elasticsearch-tasks" daemon [_thread_blocked, id=27395, stack(0x000070001140e000,0x000070001150e000)]
  0x00007fc257188800 JavaThread "configuration-reloader" daemon [_thread_blocked, id=26887, stack(0x000070001130b000,0x000070001140b000)]
  0x00007fc254b3c800 JavaThread "logback-appender-STASH-125.131.88.156:5000-2" daemon [_thread_in_native, id=25351, stack(0x0000700011002000,0x0000700011102000)]
  0x00007fc255291800 JavaThread "RMI TCP Connection(7)-192.168.10.143" daemon [_thread_in_native, id=23811, stack(0x0000700010cf9000,0x0000700010df9000)]
  0x00007fc255288000 JavaThread "RMI Scheduler(0)" daemon [_thread_blocked, id=23299, stack(0x0000700010bf6000,0x0000700010cf6000)]
  0x00007fc2562ba000 JavaThread "RMI TCP Connection(1)-127.0.0.1" daemon [_thread_in_native, id=22787, stack(0x0000700010af3000,0x0000700010bf3000)]
  0x00007fc256229000 JavaThread "RMI TCP Accept-0" daemon [_thread_in_native, id=21763, stack(0x00007000108ed000,0x00007000109ed000)]
  0x00007fc25521c000 JavaThread "RMI TCP Accept-57083" daemon [_thread_in_native, id=21251, stack(0x00007000107ea000,0x00007000108ea000)]
  0x00007fc256230000 JavaThread "RMI TCP Accept-0" daemon [_thread_in_native, id=20739, stack(0x00007000106e7000,0x00007000107e7000)]
  0x00007fc256205000 JavaThread "Service Thread" daemon [_thread_blocked, id=20227, stack(0x00007000105e4000,0x00007000106e4000)]
  0x00007fc2559dc000 JavaThread "C1 CompilerThread2" daemon [_thread_blocked, id=19715, stack(0x00007000104e1000,0x00007000105e1000)]
  0x00007fc2551a4800 JavaThread "C2 CompilerThread1" daemon [_thread_blocked, id=19203, stack(0x00007000103de000,0x00007000104de000)]
  0x00007fc2559db800 JavaThread "C2 CompilerThread0" daemon [_thread_blocked, id=18691, stack(0x00007000102db000,0x00007000103db000)]
  0x00007fc254821000 JavaThread "JDWP Command Reader" daemon [_thread_in_native, id=18179, stack(0x00007000101d8000,0x00007000102d8000)]
  0x00007fc25481f000 JavaThread "JDWP Event Helper Thread" daemon [_thread_blocked, id=17667, stack(0x00007000100d5000,0x00007000101d5000)]
  0x00007fc25481e000 JavaThread "JDWP Transport Listener: dt_socket" daemon [_thread_blocked, id=17155, stack(0x000070000ffd2000,0x00007000100d2000)]
  0x00007fc255800800 JavaThread "Signal Dispatcher" daemon [_thread_blocked, id=16643, stack(0x000070000fecf000,0x000070000ffcf000)]
  0x00007fc25481d800 JavaThread "Finalizer" daemon [_thread_blocked, id=12547, stack(0x000070000fdcc000,0x000070000fecc000)]
  0x00007fc255040000 JavaThread "Reference Handler" daemon [_thread_blocked, id=12035, stack(0x000070000fcc9000,0x000070000fdc9000)]

Other Threads:
  0x00007fc25481d000 VMThread [stack: 0x000070000fbc6000,0x000070000fcc6000] [id=11523]
  0x00007fc254ab1000 WatcherThread [stack: 0x00007000109f0000,0x0000700010af0000] [id=22275]

VM state:not at safepoint (normal execution)

VM Mutex/Monitor currently owned by a thread: None

Heap:
 PSYoungGen      total 963072K, used 654049K [0x000000076ab00000, 0x00000007a7300000, 0x00000007c0000000)
  eden space 936960K, 69% used [0x000000076ab00000,0x00000007929b8610,0x00000007a3e00000)
  from space 26112K, 0% used [0x00000007a5980000,0x00000007a5980000,0x00000007a7300000)
  to   space 27136K, 0% used [0x00000007a3e00000,0x00000007a3e00000,0x00000007a5880000)
 ParOldGen       total 156160K, used 31775K [0x00000006c0000000, 0x00000006c9880000, 0x000000076ab00000)
  object space 156160K, 20% used [0x00000006c0000000,0x00000006c1f07d98,0x00000006c9880000)
 Metaspace       used 69424K, capacity 70876K, committed 71040K, reserved 1110016K
  class space    used 9678K, capacity 9996K, committed 10112K, reserved 1048576K

Card table byte_map: [0x0000000106200000,0x0000000106a01000] byte_map_base: 0x0000000102c00000

Marking Bits: (ParMarkBitMap*) 0x0000000104cf9e20
 Begin Bits: [0x0000000106f57000, 0x000000010af57000)
 End Bits:   [0x000000010af57000, 0x000000010ef57000)

Polling page: 0x00000001053e7000

CodeCache: size=245760Kb used=15118Kb max_used=15118Kb free=230641Kb
 bounds [0x00000001135d3000, 0x00000001144a3000, 0x00000001225d3000]
 total_blobs=8130 nmethods=7482 adapters=567
 compilation: enabled

Compilation events (10 events):
Event: 20.411 Thread 0x00007fc2559dc000 nmethod 7617 0x0000000114494c10 code [0x0000000114494d60, 0x0000000114494e70]
Event: 20.420 Thread 0x00007fc2559dc000 7618       1       ch.qos.logback.core.encoder.LayoutWrappingEncoder::doEncode (38 bytes)
Event: 20.420 Thread 0x00007fc2559dc000 nmethod 7618 0x0000000114494ed0 code [0x00000001144950a0, 0x00000001144954a8]
Event: 20.421 Thread 0x00007fc2559dc000 7619   !   1       ch.qos.logback.core.encoder.LayoutWrappingEncoder::convertToBytes (35 bytes)
Event: 20.421 Thread 0x00007fc2559dc000 nmethod 7619 0x0000000114495a10 code [0x0000000114495bc0, 0x0000000114495ef8]
Event: 20.421 Thread 0x00007fc2559dc000 7620       1       ch.qos.logback.core.rolling.TimeBasedFileNamingAndTriggeringPolicyBase::getCurrentTime (18 bytes)
Event: 20.421 Thread 0x00007fc2559dc000 nmethod 7620 0x00000001144962d0 code [0x0000000114496420, 0x0000000114496550]
Event: 20.421 Thread 0x00007fc2559dc000 7621       1       net.logstash.logback.encoder.com.lmax.disruptor.Sequence::get (5 bytes)
Event: 20.421 Thread 0x00007fc2559dc000 nmethod 7621 0x00000001144965d0 code [0x0000000114496720, 0x0000000114496830]
Event: 28.647 Thread 0x00007fc2559dc000 7622       1       org.hibernate.search.backend.impl.lucene.SyncWorkProcessor::access$200 (5 bytes)

GC Heap History (10 events):
Event: 4.857 GC heap before
{Heap before GC invocations=11 (full 1):
 PSYoungGen      total 466944K, used 35352K [0x000000076ab00000, 0x0000000794880000, 0x00000007c0000000)
  eden space 451072K, 4% used [0x000000076ab00000,0x000000076be098f0,0x0000000786380000)
  from space 15872K, 99% used [0x0000000786380000,0x00000007872fcaf0,0x0000000787300000)
  to   space 21504K, 0% used [0x0000000793380000,0x0000000793380000,0x0000000794880000)
 ParOldGen       total 89088K, used 17947K [0x00000006c0000000, 0x00000006c5700000, 0x000000076ab00000)
  object space 89088K, 20% used [0x00000006c0000000,0x00000006c1186d80,0x00000006c5700000)
 Metaspace       used 34791K, capacity 35342K, committed 35416K, reserved 1079296K
  class space    used 4678K, capacity 4833K, committed 4864K, reserved 1048576K
Event: 4.873 GC heap after
Heap after GC invocations=11 (full 1):
 PSYoungGen      total 664576K, used 5901K [0x000000076ab00000, 0x0000000796a00000, 0x00000007c0000000)
  eden space 643072K, 0% used [0x000000076ab00000,0x000000076ab00000,0x0000000791f00000)
  from space 21504K, 27% used [0x0000000793380000,0x0000000793943560,0x0000000794880000)
  to   space 20992K, 0% used [0x0000000791f00000,0x0000000791f00000,0x0000000793380000)
 ParOldGen       total 89088K, used 28551K [0x00000006c0000000, 0x00000006c5700000, 0x000000076ab00000)
  object space 89088K, 32% used [0x00000006c0000000,0x00000006c1be1e48,0x00000006c5700000)
 Metaspace       used 34791K, capacity 35342K, committed 35416K, reserved 1079296K
  class space    used 4678K, capacity 4833K, committed 4864K, reserved 1048576K
}
Event: 4.873 GC heap before
{Heap before GC invocations=12 (full 2):
 PSYoungGen      total 664576K, used 5901K [0x000000076ab00000, 0x0000000796a00000, 0x00000007c0000000)
  eden space 643072K, 0% used [0x000000076ab00000,0x000000076ab00000,0x0000000791f00000)
  from space 21504K, 27% used [0x0000000793380000,0x0000000793943560,0x0000000794880000)
  to   space 20992K, 0% used [0x0000000791f00000,0x0000000791f00000,0x0000000793380000)
 ParOldGen       total 89088K, used 28551K [0x00000006c0000000, 0x00000006c5700000, 0x000000076ab00000)
  object space 89088K, 32% used [0x00000006c0000000,0x00000006c1be1e48,0x00000006c5700000)
 Metaspace       used 34791K, capacity 35342K, committed 35416K, reserved 1079296K
  class space    used 4678K, capacity 4833K, committed 4864K, reserved 1048576K
Event: 4.932 GC heap after
Heap after GC invocations=12 (full 2):
 PSYoungGen      total 664576K, used 0K [0x000000076ab00000, 0x0000000796a00000, 0x00000007c0000000)
  eden space 643072K, 0% used [0x000000076ab00000,0x000000076ab00000,0x0000000791f00000)
  from space 21504K, 0% used [0x0000000793380000,0x0000000793380000,0x0000000794880000)
  to   space 20992K, 0% used [0x0000000791f00000,0x0000000791f00000,0x0000000793380000)
 ParOldGen       total 128000K, used 23480K [0x00000006c0000000, 0x00000006c7d00000, 0x000000076ab00000)
  object space 128000K, 18% used [0x00000006c0000000,0x00000006c16ee318,0x00000006c7d00000)
 Metaspace       used 34791K, capacity 35342K, committed 35416K, reserved 1079296K
  class space    used 4678K, capacity 4833K, committed 4864K, reserved 1048576K
}
Event: 9.325 GC heap before
{Heap before GC invocations=13 (full 2):
 PSYoungGen      total 664576K, used 643072K [0x000000076ab00000, 0x0000000796a00000, 0x00000007c0000000)
  eden space 643072K, 100% used [0x000000076ab00000,0x0000000791f00000,0x0000000791f00000)
  from space 21504K, 0% used [0x0000000793380000,0x0000000793380000,0x0000000794880000)
  to   space 20992K, 0% used [0x0000000791f00000,0x0000000791f00000,0x0000000793380000)
 ParOldGen       total 128000K, used 23480K [0x00000006c0000000, 0x00000006c7d00000, 0x000000076ab00000)
  object space 128000K, 18% used [0x00000006c0000000,0x00000006c16ee318,0x00000006c7d00000)
 Metaspace       used 56644K, capacity 57550K, committed 57728K, reserved 1099776K
  class space    used 8012K, capacity 8243K, committed 8320K, reserved 1048576K
Event: 9.350 GC heap after
Heap after GC invocations=13 (full 2):
 PSYoungGen      total 664064K, used 20964K [0x000000076ab00000, 0x00000007a7380000, 0x00000007c0000000)
  eden space 643072K, 0% used [0x000000076ab00000,0x000000076ab00000,0x0000000791f00000)
  from space 20992K, 99% used [0x0000000791f00000,0x0000000793379068,0x0000000793380000)
  to   space 26624K, 0% used [0x00000007a5980000,0x00000007a5980000,0x00000007a7380000)
 ParOldGen       total 128000K, used 30439K [0x00000006c0000000, 0x00000006c7d00000, 0x000000076ab00000)
  object space 128000K, 23% used [0x00000006c0000000,0x00000006c1db9e08,0x00000006c7d00000)
 Metaspace       used 56644K, capacity 57550K, committed 57728K, reserved 1099776K
  class space    used 8012K, capacity 8243K, committed 8320K, reserved 1048576K
}
Event: 9.512 GC heap before
{Heap before GC invocations=14 (full 2):
 PSYoungGen      total 664064K, used 65906K [0x000000076ab00000, 0x00000007a7380000, 0x00000007c0000000)
  eden space 643072K, 6% used [0x000000076ab00000,0x000000076d6e3ac0,0x0000000791f00000)
  from space 20992K, 99% used [0x0000000791f00000,0x0000000793379068,0x0000000793380000)
  to   space 26624K, 0% used [0x00000007a5980000,0x00000007a5980000,0x00000007a7380000)
 ParOldGen       total 128000K, used 30439K [0x00000006c0000000, 0x00000006c7d00000, 0x000000076ab00000)
  object space 128000K, 23% used [0x00000006c0000000,0x00000006c1db9e08,0x00000006c7d00000)
 Metaspace       used 58142K, capacity 58966K, committed 59028K, reserved 1099776K
  class space    used 8213K, capacity 8437K, committed 8448K, reserved 1048576K
Event: 9.521 GC heap after
Heap after GC invocations=14 (full 2):
 PSYoungGen      total 963072K, used 1912K [0x000000076ab00000, 0x00000007a7300000, 0x00000007c0000000)
  eden space 936960K, 0% used [0x000000076ab00000,0x000000076ab00000,0x00000007a3e00000)
  from space 26112K, 7% used [0x00000007a5980000,0x00000007a5b5e278,0x00000007a7300000)
  to   space 27136K, 0% used [0x00000007a3e00000,0x00000007a3e00000,0x00000007a5880000)
 ParOldGen       total 128000K, used 38271K [0x00000006c0000000, 0x00000006c7d00000, 0x000000076ab00000)
  object space 128000K, 29% used [0x00000006c0000000,0x00000006c255fe20,0x00000006c7d00000)
 Metaspace       used 58142K, capacity 58966K, committed 59028K, reserved 1099776K
  class space    used 8213K, capacity 8437K, committed 8448K, reserved 1048576K
}
Event: 9.521 GC heap before
{Heap before GC invocations=15 (full 3):
 PSYoungGen      total 963072K, used 1912K [0x000000076ab00000, 0x00000007a7300000, 0x00000007c0000000)
  eden space 936960K, 0% used [0x000000076ab00000,0x000000076ab00000,0x00000007a3e00000)
  from space 26112K, 7% used [0x00000007a5980000,0x00000007a5b5e278,0x00000007a7300000)
  to   space 27136K, 0% used [0x00000007a3e00000,0x00000007a3e00000,0x00000007a5880000)
 ParOldGen       total 128000K, used 38271K [0x00000006c0000000, 0x00000006c7d00000, 0x000000076ab00000)
  object space 128000K, 29% used [0x00000006c0000000,0x00000006c255fe20,0x00000006c7d00000)
 Metaspace       used 58142K, capacity 58966K, committed 59028K, reserved 1099776K
  class space    used 8213K, capacity 8437K, committed 8448K, reserved 1048576K
Event: 9.685 GC heap after
Heap after GC invocations=15 (full 3):
 PSYoungGen      total 963072K, used 0K [0x000000076ab00000, 0x00000007a7300000, 0x00000007c0000000)
  eden space 936960K, 0% used [0x000000076ab00000,0x000000076ab00000,0x00000007a3e00000)
  from space 26112K, 0% used [0x00000007a5980000,0x00000007a5980000,0x00000007a7300000)
  to   space 27136K, 0% used [0x00000007a3e00000,0x00000007a3e00000,0x00000007a5880000)
 ParOldGen       total 156160K, used 31775K [0x00000006c0000000, 0x00000006c9880000, 0x000000076ab00000)
  object space 156160K, 20% used [0x00000006c0000000,0x00000006c1f07d98,0x00000006c9880000)
 Metaspace       used 58142K, capacity 58966K, committed 59028K, reserved 1099776K
  class space    used 8213K, capacity 8437K, committed 8448K, reserved 1048576K
}

Deoptimization events (0 events):
No events

Internal exceptions (10 events):
Event: 20.304 Thread 0x00007fc25730c800 Exception <a 'java/lang/ArrayIndexOutOfBoundsException'> (0x0000000790451438) thrown at [/Users/java_re/workspace/8-2-build-macosx-x86_64/jdk8u60/4407/hotspot/src/share/vm/runtime/sharedRuntime.cpp, line 605]
Event: 20.304 Thread 0x00007fc25730c800 Exception <a 'java/lang/ArrayIndexOutOfBoundsException'> (0x0000000790452cc0) thrown at [/Users/java_re/workspace/8-2-build-macosx-x86_64/jdk8u60/4407/hotspot/src/share/vm/runtime/sharedRuntime.cpp, line 605]
Event: 20.304 Thread 0x00007fc25730c800 Exception <a 'java/lang/ArrayIndexOutOfBoundsException'> (0x0000000790454090) thrown at [/Users/java_re/workspace/8-2-build-macosx-x86_64/jdk8u60/4407/hotspot/src/share/vm/runtime/sharedRuntime.cpp, line 605]
Event: 20.304 Thread 0x00007fc25730c800 Exception <a 'java/lang/ArrayIndexOutOfBoundsException'> (0x0000000790455f38) thrown at [/Users/java_re/workspace/8-2-build-macosx-x86_64/jdk8u60/4407/hotspot/src/share/vm/runtime/sharedRuntime.cpp, line 605]
Event: 20.304 Thread 0x00007fc25730c800 Exception <a 'java/lang/ArrayIndexOutOfBoundsException'> (0x000000079045b628) thrown at [/Users/java_re/workspace/8-2-build-macosx-x86_64/jdk8u60/4407/hotspot/src/share/vm/runtime/sharedRuntime.cpp, line 605]
Event: 20.304 Thread 0x00007fc25730c800 Exception <a 'java/lang/ArrayIndexOutOfBoundsException'> (0x000000079045d1a0) thrown at [/Users/java_re/workspace/8-2-build-macosx-x86_64/jdk8u60/4407/hotspot/src/share/vm/runtime/sharedRuntime.cpp, line 605]
Event: 20.304 Thread 0x00007fc25730c800 Exception <a 'java/lang/ArrayIndexOutOfBoundsException'> (0x000000079045e918) thrown at [/Users/java_re/workspace/8-2-build-macosx-x86_64/jdk8u60/4407/hotspot/src/share/vm/runtime/sharedRuntime.cpp, line 605]
Event: 20.304 Thread 0x00007fc25730c800 Exception <a 'java/lang/ArrayIndexOutOfBoundsException'> (0x00000007904601a0) thrown at [/Users/java_re/workspace/8-2-build-macosx-x86_64/jdk8u60/4407/hotspot/src/share/vm/runtime/sharedRuntime.cpp, line 605]
Event: 20.304 Thread 0x00007fc25730c800 Exception <a 'java/lang/ArrayIndexOutOfBoundsException'> (0x00000007904614a0) thrown at [/Users/java_re/workspace/8-2-build-macosx-x86_64/jdk8u60/4407/hotspot/src/share/vm/runtime/sharedRuntime.cpp, line 605]
Event: 20.304 Thread 0x00007fc25730c800 Exception <a 'java/lang/ArrayIndexOutOfBoundsException'> (0x0000000790463278) thrown at [/Users/java_re/workspace/8-2-build-macosx-x86_64/jdk8u60/4407/hotspot/src/share/vm/runtime/sharedRuntime.cpp, line 605]

Events (10 events):
Event: 21.037 Executing VM operation: GetOrSetLocal
Event: 21.037 Executing VM operation: GetOrSetLocal done
Event: 21.038 Executing VM operation: GetOrSetLocal
Event: 21.038 Executing VM operation: GetOrSetLocal done
Event: 21.040 Executing VM operation: GetOrSetLocal
Event: 21.041 Executing VM operation: GetOrSetLocal done
Event: 24.777 Executing VM operation: ChangeBreakpoints
Event: 24.779 Executing VM operation: ChangeBreakpoints done
Event: 28.647 Thread 0x00007fc256275000 Thread added: 0x00007fc256275000
Event: 28.647 Thread 0x00007fc25718d000 Thread exited: 0x00007fc25718d000


Dynamic libraries:
0x000000000e18c000 	/System/Library/Frameworks/Cocoa.framework/Versions/A/Cocoa
0x000000000e18c000 	/System/Library/Frameworks/Security.framework/Versions/A/Security
0x000000000e18c000 	/System/Library/Frameworks/ApplicationServices.framework/Versions/A/ApplicationServices
0x000000000e18c000 	/usr/lib/libz.1.dylib
0x000000000e18c000 	/usr/lib/libSystem.B.dylib
0x000000000e18c000 	/usr/lib/libobjc.A.dylib
0x000000000e18c000 	/System/Library/Frameworks/CoreFoundation.framework/Versions/A/CoreFoundation
0x000000000e18c000 	/System/Library/Frameworks/Foundation.framework/Versions/C/Foundation
0x000000000e18c000 	/System/Library/Frameworks/AppKit.framework/Versions/C/AppKit
0x000000000e18c000 	/System/Library/Frameworks/CoreData.framework/Versions/A/CoreData
0x000000000e18c000 	/System/Library/PrivateFrameworks/RemoteViewServices.framework/Versions/A/RemoteViewServices
0x000000000e18c000 	/System/Library/PrivateFrameworks/UIFoundation.framework/Versions/A/UIFoundation
0x000000000e18c000 	/System/Library/PrivateFrameworks/DFRFoundation.framework/Versions/A/DFRFoundation
0x000000000e18c000 	/usr/lib/libenergytrace.dylib
0x000000000e18c000 	/System/Library/PrivateFrameworks/SkyLight.framework/Versions/A/SkyLight
0x000000000e18c000 	/System/Library/Frameworks/CoreGraphics.framework/Versions/A/CoreGraphics
0x000000000e18c000 	/usr/lib/libScreenReader.dylib
0x000000000e18c000 	/System/Library/Frameworks/Accelerate.framework/Versions/A/Accelerate
0x000000000e18c000 	/System/Library/Frameworks/IOSurface.framework/Versions/A/IOSurface
0x000000000e18c000 	/System/Library/Frameworks/AudioToolbox.framework/Versions/A/AudioToolbox
0x000000000e18c000 	/System/Library/Frameworks/AudioUnit.framework/Versions/A/AudioUnit
0x000000000e18c000 	/System/Library/PrivateFrameworks/DataDetectorsCore.framework/Versions/A/DataDetectorsCore
0x000000000e18c000 	/System/Library/PrivateFrameworks/DesktopServicesPriv.framework/Versions/A/DesktopServicesPriv
0x000000000e18c000 	/System/Library/Frameworks/Carbon.framework/Versions/A/Frameworks/HIToolbox.framework/Versions/A/HIToolbox
0x000000000e18c000 	/usr/lib/libicucore.A.dylib
0x000000000e18c000 	/System/Library/Frameworks/QuartzCore.framework/Versions/A/QuartzCore
0x000000000e18c000 	/System/Library/Frameworks/Carbon.framework/Versions/A/Frameworks/SpeechRecognition.framework/Versions/A/SpeechRecognition
0x000000000e18c000 	/usr/lib/libauto.dylib
0x000000000e18c000 	/usr/lib/libxml2.2.dylib
0x000000000e18c000 	/System/Library/PrivateFrameworks/CoreUI.framework/Versions/A/CoreUI
0x000000000e18c000 	/System/Library/Frameworks/CoreAudio.framework/Versions/A/CoreAudio
0x000000000e18c000 	/System/Library/Frameworks/DiskArbitration.framework/Versions/A/DiskArbitration
0x000000000e18c000 	/usr/lib/liblangid.dylib
0x000000000e18c000 	/System/Library/PrivateFrameworks/MultitouchSupport.framework/Versions/A/MultitouchSupport
0x000000000e18c000 	/System/Library/Frameworks/IOKit.framework/Versions/A/IOKit
0x000000000e18c000 	/usr/lib/libDiagnosticMessagesClient.dylib
0x000000000e18c000 	/System/Library/Frameworks/CoreServices.framework/Versions/A/CoreServices
0x000000000e18c000 	/System/Library/PrivateFrameworks/PerformanceAnalysis.framework/Versions/A/PerformanceAnalysis
0x000000000e18c000 	/System/Library/PrivateFrameworks/GenerationalStorage.framework/Versions/A/GenerationalStorage
0x000000000e18c000 	/System/Library/Frameworks/OpenGL.framework/Versions/A/OpenGL
0x000000000e18c000 	/System/Library/Frameworks/CoreImage.framework/Versions/A/CoreImage
0x000000000e18c000 	/System/Library/Frameworks/CoreText.framework/Versions/A/CoreText
0x000000000e18c000 	/System/Library/Frameworks/ImageIO.framework/Versions/A/ImageIO
0x000000000e18c000 	/System/Library/PrivateFrameworks/Backup.framework/Versions/A/Backup
0x000000000e18c000 	/usr/lib/libarchive.2.dylib
0x000000000e18c000 	/System/Library/Frameworks/CFNetwork.framework/Versions/A/CFNetwork
0x000000000e18c000 	/System/Library/Frameworks/SystemConfiguration.framework/Versions/A/SystemConfiguration
0x000000000e18c000 	/usr/lib/libCRFSuite.dylib
0x000000000e18c000 	/usr/lib/libc++.1.dylib
0x000000000e18c000 	/usr/lib/libc++abi.dylib
0x000000000e18c000 	/usr/lib/system/libcache.dylib
0x000000000e18c000 	/usr/lib/system/libcommonCrypto.dylib
0x000000000e18c000 	/usr/lib/system/libcompiler_rt.dylib
0x000000000e18c000 	/usr/lib/system/libcopyfile.dylib
0x000000000e18c000 	/usr/lib/system/libcorecrypto.dylib
0x000000000e18c000 	/usr/lib/system/libdispatch.dylib
0x000000000e18c000 	/usr/lib/system/libdyld.dylib
0x000000000e18c000 	/usr/lib/system/libkeymgr.dylib
0x000000000e18c000 	/usr/lib/system/liblaunch.dylib
0x000000000e18c000 	/usr/lib/system/libmacho.dylib
0x000000000e18c000 	/usr/lib/system/libquarantine.dylib
0x000000000e18c000 	/usr/lib/system/libremovefile.dylib
0x000000000e18c000 	/usr/lib/system/libsystem_asl.dylib
0x000000000e18c000 	/usr/lib/system/libsystem_blocks.dylib
0x000000000e18c000 	/usr/lib/system/libsystem_c.dylib
0x000000000e18c000 	/usr/lib/system/libsystem_configuration.dylib
0x000000000e18c000 	/usr/lib/system/libsystem_coreservices.dylib
0x000000000e18c000 	/usr/lib/system/libsystem_coretls.dylib
0x000000000e18c000 	/usr/lib/system/libsystem_dnssd.dylib
0x000000000e18c000 	/usr/lib/system/libsystem_info.dylib
0x000000000e18c000 	/usr/lib/system/libsystem_kernel.dylib
0x000000000e18c000 	/usr/lib/system/libsystem_m.dylib
0x000000000e18c000 	/usr/lib/system/libsystem_malloc.dylib
0x000000000e18c000 	/usr/lib/system/libsystem_network.dylib
0x000000000e18c000 	/usr/lib/system/libsystem_networkextension.dylib
0x000000000e18c000 	/usr/lib/system/libsystem_notify.dylib
0x000000000e18c000 	/usr/lib/system/libsystem_platform.dylib
0x000000000e18c000 	/usr/lib/system/libsystem_pthread.dylib
0x000000000e18c000 	/usr/lib/system/libsystem_sandbox.dylib
0x000000000e18c000 	/usr/lib/system/libsystem_secinit.dylib
0x000000000e18c000 	/usr/lib/system/libsystem_symptoms.dylib
0x000000000e18c000 	/usr/lib/system/libsystem_trace.dylib
0x000000000e18c000 	/usr/lib/system/libunwind.dylib
0x000000000e18c000 	/usr/lib/system/libxpc.dylib
0x000000000e18c000 	/usr/lib/libbsm.0.dylib
0x000000000e18c000 	/usr/lib/system/libkxld.dylib
0x000000000e18c000 	/usr/lib/libcoretls.dylib
0x000000000e18c000 	/usr/lib/libcoretls_cfhelpers.dylib
0x000000000e18c000 	/usr/lib/libOpenScriptingUtil.dylib
0x000000000e18c000 	/usr/lib/libpam.2.dylib
0x000000000e18c000 	/usr/lib/libsqlite3.dylib
0x000000000e18c000 	/usr/lib/libxar.1.dylib
0x000000000e18c000 	/usr/lib/libbz2.1.0.dylib
0x000000000e18c000 	/usr/lib/liblzma.5.dylib
0x000000000e18c000 	/usr/lib/libnetwork.dylib
0x000000000e18c000 	/usr/lib/libpcap.A.dylib
0x000000000e18c000 	/System/Library/Frameworks/CoreServices.framework/Versions/A/Frameworks/FSEvents.framework/Versions/A/FSEvents
0x000000000e18c000 	/System/Library/Frameworks/CoreServices.framework/Versions/A/Frameworks/CarbonCore.framework/Versions/A/CarbonCore
0x000000000e18c000 	/System/Library/Frameworks/CoreServices.framework/Versions/A/Frameworks/Metadata.framework/Versions/A/Metadata
0x000000000e18c000 	/System/Library/Frameworks/CoreServices.framework/Versions/A/Frameworks/OSServices.framework/Versions/A/OSServices
0x000000000e18c000 	/System/Library/Frameworks/CoreServices.framework/Versions/A/Frameworks/SearchKit.framework/Versions/A/SearchKit
0x000000000e18c000 	/System/Library/Frameworks/CoreServices.framework/Versions/A/Frameworks/AE.framework/Versions/A/AE
0x000000000e18c000 	/System/Library/Frameworks/CoreServices.framework/Versions/A/Frameworks/LaunchServices.framework/Versions/A/LaunchServices
0x000000000e18c000 	/System/Library/Frameworks/CoreServices.framework/Versions/A/Frameworks/DictionaryServices.framework/Versions/A/DictionaryServices
0x000000000e18c000 	/System/Library/Frameworks/CoreServices.framework/Versions/A/Frameworks/SharedFileList.framework/Versions/A/SharedFileList
0x000000000e18c000 	/System/Library/Frameworks/NetFS.framework/Versions/A/NetFS
0x000000000e18c000 	/System/Library/PrivateFrameworks/NetAuth.framework/Versions/A/NetAuth
0x000000000e18c000 	/System/Library/PrivateFrameworks/login.framework/Versions/A/Frameworks/loginsupport.framework/Versions/A/loginsupport
0x000000000e18c000 	/System/Library/PrivateFrameworks/TCC.framework/Versions/A/TCC
0x000000000e18c000 	/usr/lib/libmecabra.dylib
0x000000000e18c000 	/System/Library/Frameworks/ApplicationServices.framework/Versions/A/Frameworks/ATS.framework/Versions/A/ATS
0x000000000e18c000 	/System/Library/Frameworks/ApplicationServices.framework/Versions/A/Frameworks/ColorSync.framework/Versions/A/ColorSync
0x000000000e18c000 	/System/Library/Frameworks/ApplicationServices.framework/Versions/A/Frameworks/HIServices.framework/Versions/A/HIServices
0x000000000e18c000 	/System/Library/Frameworks/ApplicationServices.framework/Versions/A/Frameworks/LangAnalysis.framework/Versions/A/LangAnalysis
0x000000000e18c000 	/System/Library/Frameworks/ApplicationServices.framework/Versions/A/Frameworks/PrintCore.framework/Versions/A/PrintCore
0x000000000e18c000 	/System/Library/Frameworks/ApplicationServices.framework/Versions/A/Frameworks/QD.framework/Versions/A/QD
0x000000000e18c000 	/System/Library/Frameworks/ApplicationServices.framework/Versions/A/Frameworks/SpeechSynthesis.framework/Versions/A/SpeechSynthesis
0x000000000e18c000 	/System/Library/Frameworks/Accelerate.framework/Versions/A/Frameworks/vImage.framework/Versions/A/vImage
0x000000000e18c000 	/System/Library/Frameworks/Accelerate.framework/Versions/A/Frameworks/vecLib.framework/Versions/A/vecLib
0x000000000e18c000 	/System/Library/Frameworks/Accelerate.framework/Versions/A/Frameworks/vecLib.framework/Versions/A/libvDSP.dylib
0x000000000e18c000 	/System/Library/Frameworks/Accelerate.framework/Versions/A/Frameworks/vecLib.framework/Versions/A/libBNNS.dylib
0x000000000e18c000 	/System/Library/Frameworks/Accelerate.framework/Versions/A/Frameworks/vecLib.framework/Versions/A/libQuadrature.dylib
0x000000000e18c000 	/System/Library/Frameworks/Accelerate.framework/Versions/A/Frameworks/vecLib.framework/Versions/A/libvMisc.dylib
0x000000000e18c000 	/System/Library/Frameworks/Accelerate.framework/Versions/A/Frameworks/vecLib.framework/Versions/A/libLAPACK.dylib
0x000000000e18c000 	/System/Library/Frameworks/Accelerate.framework/Versions/A/Frameworks/vecLib.framework/Versions/A/libBLAS.dylib
0x000000000e18c000 	/System/Library/Frameworks/Accelerate.framework/Versions/A/Frameworks/vecLib.framework/Versions/A/libLinearAlgebra.dylib
0x000000000e18c000 	/System/Library/Frameworks/Accelerate.framework/Versions/A/Frameworks/vecLib.framework/Versions/A/libSparseBLAS.dylib
0x000000000e18c000 	/System/Library/Frameworks/ApplicationServices.framework/Versions/A/Frameworks/ATS.framework/Versions/A/Resources/libFontParser.dylib
0x000000000e18c000 	/System/Library/Frameworks/ApplicationServices.framework/Versions/A/Frameworks/ATS.framework/Versions/A/Resources/libFontRegistry.dylib
0x000000000e18c000 	/System/Library/Frameworks/ImageIO.framework/Versions/A/Resources/libJPEG.dylib
0x000000000e18c000 	/System/Library/Frameworks/ImageIO.framework/Versions/A/Resources/libTIFF.dylib
0x000000000e18c000 	/System/Library/Frameworks/ImageIO.framework/Versions/A/Resources/libPng.dylib
0x000000000e18c000 	/System/Library/Frameworks/ImageIO.framework/Versions/A/Resources/libGIF.dylib
0x000000000e18c000 	/System/Library/Frameworks/ImageIO.framework/Versions/A/Resources/libJP2.dylib
0x000000000e18c000 	/System/Library/Frameworks/ImageIO.framework/Versions/A/Resources/libRadiance.dylib
0x000000000e18c000 	/usr/lib/libcompression.dylib
0x000000000e18c000 	/System/Library/PrivateFrameworks/AppleJPEG.framework/Versions/A/AppleJPEG
0x000000000e18c000 	/usr/lib/libcups.2.dylib
0x000000000e18c000 	/System/Library/Frameworks/Kerberos.framework/Versions/A/Kerberos
0x000000000e18c000 	/System/Library/Frameworks/GSS.framework/Versions/A/GSS
0x000000000e18c000 	/usr/lib/libresolv.9.dylib
0x000000000e18c000 	/usr/lib/libiconv.2.dylib
0x000000000e18c000 	/System/Library/PrivateFrameworks/Heimdal.framework/Versions/A/Heimdal
0x000000000e18c000 	/usr/lib/libheimdal-asn1.dylib
0x000000000e18c000 	/System/Library/Frameworks/OpenDirectory.framework/Versions/A/OpenDirectory
0x000000000e18c000 	/System/Library/PrivateFrameworks/CommonAuth.framework/Versions/A/CommonAuth
0x000000000e18c000 	/System/Library/Frameworks/OpenDirectory.framework/Versions/A/Frameworks/CFOpenDirectory.framework/Versions/A/CFOpenDirectory
0x000000000e18c000 	/System/Library/Frameworks/SecurityFoundation.framework/Versions/A/SecurityFoundation
0x000000000e18c000 	/System/Library/PrivateFrameworks/LanguageModeling.framework/Versions/A/LanguageModeling
0x000000000e18c000 	/usr/lib/libmarisa.dylib
0x000000000e18c000 	/usr/lib/libChineseTokenizer.dylib
0x000000000e18c000 	/usr/lib/libcmph.dylib
0x000000000e18c000 	/System/Library/PrivateFrameworks/CoreEmoji.framework/Versions/A/CoreEmoji
0x000000000e18c000 	/System/Library/Frameworks/ServiceManagement.framework/Versions/A/ServiceManagement
0x000000000e18c000 	/usr/lib/libxslt.1.dylib
0x000000000e18c000 	/System/Library/Frameworks/Carbon.framework/Versions/A/Frameworks/Ink.framework/Versions/A/Ink
0x000000000e18c000 	/System/Library/PrivateFrameworks/TextureIO.framework/Versions/A/TextureIO
0x000000000e18c000 	/System/Library/Frameworks/Metal.framework/Versions/A/Metal
0x000000000e18c000 	/usr/lib/libate.dylib
0x000000000e18c000 	/System/Library/PrivateFrameworks/GPUCompiler.framework/libmetal_timestamp.dylib
0x000000000e18c000 	/System/Library/Frameworks/OpenGL.framework/Versions/A/Libraries/libCoreFSCache.dylib
0x000000000e18c000 	/System/Library/PrivateFrameworks/IOAccelerator.framework/Versions/A/IOAccelerator
0x000000000e18c000 	/System/Library/Frameworks/CoreVideo.framework/Versions/A/CoreVideo
0x000000000e18c000 	/usr/lib/libFosl_dynamic.dylib
0x000000000e18c000 	/System/Library/PrivateFrameworks/MetalPerformanceShaders.framework/Versions/A/MetalPerformanceShaders
0x000000000e18c000 	/System/Library/PrivateFrameworks/FaceCore.framework/Versions/A/FaceCore
0x000000000e18c000 	/System/Library/Frameworks/OpenCL.framework/Versions/A/OpenCL
0x000000000e18c000 	/System/Library/Frameworks/OpenGL.framework/Versions/A/Libraries/libGLU.dylib
0x000000000e18c000 	/System/Library/Frameworks/OpenGL.framework/Versions/A/Libraries/libGFXShared.dylib
0x000000000e18c000 	/System/Library/Frameworks/OpenGL.framework/Versions/A/Libraries/libGL.dylib
0x000000000e18c000 	/System/Library/Frameworks/OpenGL.framework/Versions/A/Libraries/libGLImage.dylib
0x000000000e18c000 	/System/Library/Frameworks/OpenGL.framework/Versions/A/Libraries/libCVMSPluginSupport.dylib
0x000000000e18c000 	/System/Library/Frameworks/OpenGL.framework/Versions/A/Libraries/libCoreVMClient.dylib
0x000000000e18c000 	/System/Library/PrivateFrameworks/CrashReporterSupport.framework/Versions/A/CrashReporterSupport
0x000000000e18c000 	/System/Library/PrivateFrameworks/Sharing.framework/Versions/A/Sharing
0x000000000e18c000 	/System/Library/PrivateFrameworks/IconServices.framework/Versions/A/IconServices
0x000000000e18c000 	/System/Library/PrivateFrameworks/ProtocolBuffer.framework/Versions/A/ProtocolBuffer
0x000000000e18c000 	/System/Library/PrivateFrameworks/Apple80211.framework/Versions/A/Apple80211
0x000000000e18c000 	/System/Library/Frameworks/CoreWLAN.framework/Versions/A/CoreWLAN
0x000000000e18c000 	/System/Library/PrivateFrameworks/CoreUtils.framework/Versions/A/CoreUtils
0x000000000e18c000 	/System/Library/Frameworks/IOBluetooth.framework/Versions/A/IOBluetooth
0x000000000e18c000 	/System/Library/PrivateFrameworks/CoreWiFi.framework/Versions/A/CoreWiFi
0x000000000e18c000 	/System/Library/Frameworks/CoreBluetooth.framework/Versions/A/CoreBluetooth
0x000000000e18c000 	/System/Library/Frameworks/CoreDisplay.framework/Versions/A/CoreDisplay
0x000000000e18c000 	/System/Library/PrivateFrameworks/IOPresentment.framework/Versions/A/IOPresentment
0x000000000e18c000 	/System/Library/PrivateFrameworks/DSExternalDisplay.framework/Versions/A/DSExternalDisplay
0x000000000e18c000 	/System/Library/PrivateFrameworks/DebugSymbols.framework/Versions/A/DebugSymbols
0x000000000e18c000 	/System/Library/PrivateFrameworks/CoreSymbolication.framework/Versions/A/CoreSymbolication
0x000000000e18c000 	/System/Library/PrivateFrameworks/Symbolication.framework/Versions/A/Symbolication
0x000000000e18c000 	/System/Library/PrivateFrameworks/AppleFSCompression.framework/Versions/A/AppleFSCompression
0x000000000e18c000 	/System/Library/PrivateFrameworks/SpeechRecognitionCore.framework/Versions/A/SpeechRecognitionCore
0x000000000e18c000 	/System/Library/PrivateFrameworks/ChunkingLibrary.framework/Versions/A/ChunkingLibrary
0x00000000498c3000 	/System/Library/CoreServices/Encodings/libKoreanConverter.dylib
0x000000010441b000 	/Library/Java/JavaVirtualMachines/jdk1.8.0_60.jdk/Contents/Home/jre/lib/server/libjvm.dylib
0x000000000e18c000 	/usr/lib/libstdc++.6.dylib
0x00000001053a4000 	/Library/Java/JavaVirtualMachines/jdk1.8.0_60.jdk/Contents/Home/jre/lib/libverify.dylib
0x00000001053b2000 	/Library/Java/JavaVirtualMachines/jdk1.8.0_60.jdk/Contents/Home/jre/lib/libjava.dylib
0x00000001053e8000 	/Library/Java/JavaVirtualMachines/jdk1.8.0_60.jdk/Contents/Home/jre/lib/libjdwp.dylib
0x0000000105433000 	/Library/Java/JavaVirtualMachines/jdk1.8.0_60.jdk/Contents/Home/jre/lib/libnpt.dylib
0x0000000105437000 	/Library/Java/JavaVirtualMachines/jdk1.8.0_60.jdk/Contents/Home/jre/lib/libinstrument.dylib
0x0000000105495000 	/Library/Java/JavaVirtualMachines/jdk1.8.0_60.jdk/Contents/Home/jre/lib/libzip.dylib
0x00000001110bb000 	/System/Library/Frameworks/JavaVM.framework/Frameworks/JavaRuntimeSupport.framework/JavaRuntimeSupport
0x00000001110d5000 	/System/Library/Frameworks/JavaVM.framework/Versions/A/Frameworks/JavaNativeFoundation.framework/Versions/A/JavaNativeFoundation
0x00000001059f0000 	/System/Library/Frameworks/JavaVM.framework/Versions/A/JavaVM
0x000000000e18c000 	/System/Library/Frameworks/Carbon.framework/Versions/A/Carbon
0x00000001110ea000 	/System/Library/PrivateFrameworks/JavaLaunching.framework/Versions/A/JavaLaunching
0x000000000e18c000 	/System/Library/Frameworks/Carbon.framework/Versions/A/Frameworks/CommonPanels.framework/Versions/A/CommonPanels
0x000000000e18c000 	/System/Library/Frameworks/Carbon.framework/Versions/A/Frameworks/Help.framework/Versions/A/Help
0x000000000e18c000 	/System/Library/Frameworks/Carbon.framework/Versions/A/Frameworks/ImageCapture.framework/Versions/A/ImageCapture
0x000000000e18c000 	/System/Library/Frameworks/Carbon.framework/Versions/A/Frameworks/OpenScripting.framework/Versions/A/OpenScripting
0x000000000e18c000 	/System/Library/Frameworks/Carbon.framework/Versions/A/Frameworks/Print.framework/Versions/A/Print
0x000000000e18c000 	/System/Library/Frameworks/Carbon.framework/Versions/A/Frameworks/SecurityHI.framework/Versions/A/SecurityHI
0x00000001129f7000 	/Library/Java/JavaVirtualMachines/jdk1.8.0_60.jdk/Contents/Home/jre/lib/libdt_socket.dylib
0x0000000113061000 	/Library/Java/JavaVirtualMachines/jdk1.8.0_60.jdk/Contents/Home/jre/lib/libmanagement.dylib
0x000000011306f000 	/Library/Java/JavaVirtualMachines/jdk1.8.0_60.jdk/Contents/Home/jre/lib/libnet.dylib
0x00000001130ce000 	/Library/Java/JavaVirtualMachines/jdk1.8.0_60.jdk/Contents/Home/jre/lib/libnio.dylib
0x0000000113511000 	/Library/Java/JavaVirtualMachines/jdk1.8.0_60.jdk/Contents/Home/jre/lib/libattach.dylib

VM Arguments:
jvm_args: -agentlib:jdwp=transport=dt_socket,address=127.0.0.1:57084,suspend=y,server=n -XX:TieredStopAtLevel=1 -Xverify:none -Dspring.output.ansi.enabled=always -Dcom.sun.management.jmxremote -Dcom.sun.management.jmxremote.port=57083 -Dcom.sun.management.jmxremote.authenticate=false -Dcom.sun.management.jmxremote.ssl=false -Dspring.liveBeansView.mbeanDomain -Dspring.application.admin.enabled=true -javaagent:/Users/jjong/Library/Caches/IntelliJIdea2017.2/groovyHotSwap/gragent.jar -Dfile.encoding=UTF-8 
java_command: net.ion.ice.Ice2Application
java_class_path (initial): /Library/Java/JavaVirtualMachines/jdk1.8.0_60.jdk/Contents/Home/jre/lib/charsets.jar:/Library/Java/JavaVirtualMachines/jdk1.8.0_60.jdk/Contents/Home/jre/lib/deploy.jar:/Library/Java/JavaVirtualMachines/jdk1.8.0_60.jdk/Contents/Home/jre/lib/ext/cldrdata.jar:/Library/Java/JavaVirtualMachines/jdk1.8.0_60.jdk/Contents/Home/jre/lib/ext/dnsns.jar:/Library/Java/JavaVirtualMachines/jdk1.8.0_60.jdk/Contents/Home/jre/lib/ext/jaccess.jar:/Library/Java/JavaVirtualMachines/jdk1.8.0_60.jdk/Contents/Home/jre/lib/ext/jfxrt.jar:/Library/Java/JavaVirtualMachines/jdk1.8.0_60.jdk/Contents/Home/jre/lib/ext/localedata.jar:/Library/Java/JavaVirtualMachines/jdk1.8.0_60.jdk/Contents/Home/jre/lib/ext/nashorn.jar:/Library/Java/JavaVirtualMachines/jdk1.8.0_60.jdk/Contents/Home/jre/lib/ext/sunec.jar:/Library/Java/JavaVirtualMachines/jdk1.8.0_60.jdk/Contents/Home/jre/lib/ext/sunjce_provider.jar:/Library/Java/JavaVirtualMachines/jdk1.8.0_60.jdk/Contents/Home/jre/lib/ext/sunpkcs11.jar:/Library/Java/JavaVirtualMachines/jdk1.8.0_60.jdk/Contents/Home/jre/lib/ext/zipfs.jar:/Library/Java/JavaVirtualMachines/jdk1.8.0_60.jdk/Contents/Home/jre/lib/javaws.jar:/Library/Java/JavaVirtualMachines/jdk1.8.0_60.jdk/Contents/Home/jre/lib/jce.jar:/Library/Java/JavaVirtualMachines/jdk1.8.0_60.jdk/Contents/Home/jre/lib/jfr.jar:/Library/Java/JavaVirtualMachines/jdk1.8.0_60.jdk/Contents/Home/jre/lib/jfxswt.jar:/Library/Java/JavaVirtualMachines/jdk1.8.0_60.jdk/Contents/Home/jre/lib/jsse.jar:/Library/Java/JavaVirtualMachines/jdk1.8.0_60.jdk/Contents/Home/jre/lib/management-agent.jar:/Library/Java/JavaVirtualMachines/jdk1.8.0_60.jdk/Contents/Home/jre/lib/plugin.jar:/Library/Java/JavaVirtualMachines/jdk1.8.0_60.jdk/Contents/Home/jre/lib/resources.jar:/Library/Java/JavaVirtualMachines/jdk1.8.0_60.jdk/Contents/Home/jre/lib/rt.jar:/Library/Java/JavaVirtualMachines/jdk1.8.0_60.jdk/Contents/Home/lib/ant-javafx.jar:/Library/Java/JavaVirtualMachines/jdk1.8.0_60.jdk/Contents/Home/lib/dt.jar:/Library/Ja
Launcher Type: SUN_STANDARD

Environment Variables:
PATH=/usr/local/bin:/usr/bin:/bin:/usr/sbin:/sbin:/Users/jjong/Library/Android/sdk/tools:/Users/jjong/Library/Android/sdk/platform-tools
SHELL=/bin/bash

Signal Handlers:
SIGSEGV: [libjvm.dylib+0x5a6d31], sa_mask[0]=11111111011111110111111111111111, sa_flags=SA_ONSTACK|SA_RESTART|SA_SIGINFO
SIGBUS: [libjvm.dylib+0x5a6d31], sa_mask[0]=11111111011111110111111111111111, sa_flags=SA_RESTART|SA_SIGINFO
SIGFPE: [libjvm.dylib+0x480a4c], sa_mask[0]=11111111011111110111111111111111, sa_flags=SA_RESTART|SA_SIGINFO
SIGPIPE: [libjvm.dylib+0x480a4c], sa_mask[0]=11111111011111110111111111111111, sa_flags=SA_RESTART|SA_SIGINFO
SIGXFSZ: [libjvm.dylib+0x480a4c], sa_mask[0]=11111111011111110111111111111111, sa_flags=SA_RESTART|SA_SIGINFO
SIGILL: [libjvm.dylib+0x480a4c], sa_mask[0]=11111111011111110111111111111111, sa_flags=SA_RESTART|SA_SIGINFO
SIGUSR1: SIG_DFL, sa_mask[0]=00000000000000000000000000000000, sa_flags=none
SIGUSR2: [libjvm.dylib+0x48056a], sa_mask[0]=00100000000000000000000000000000, sa_flags=SA_RESTART|SA_SIGINFO
SIGHUP: [libjvm.dylib+0x47eb41], sa_mask[0]=11111111011111110111111111111111, sa_flags=SA_RESTART|SA_SIGINFO
SIGINT: [libjvm.dylib+0x47eb41], sa_mask[0]=11111111011111110111111111111111, sa_flags=SA_RESTART|SA_SIGINFO
SIGTERM: [libjvm.dylib+0x47eb41], sa_mask[0]=11111111011111110111111111111111, sa_flags=SA_RESTART|SA_SIGINFO
SIGQUIT: [libjvm.dylib+0x47eb41], sa_mask[0]=11111111011111110111111111111111, sa_flags=SA_RESTART|SA_SIGINFO


---------------  S Y S T E M  ---------------

OS:Bsduname:Darwin 16.7.0 Darwin Kernel Version 16.7.0: Thu Jun 15 17:36:27 PDT 2017; root:xnu-3789.70.16~2/RELEASE_X86_64 x86_64
rlimit: STACK 8192k, CORE 0k, NPROC 709, NOFILE 10240, AS infinity
load average:2.93 3.22 3.16

CPU:total 4 (4 cores per cpu, 1 threads per core) family 6 model 60 stepping 3, cmov, cx8, fxsr, mmx, sse, sse2, sse3, ssse3, sse4.1, sse4.2, popcnt, avx, avx2, aes, clmul, erms, rtm, lzcnt, tsc, tscinvbit, bmi1, bmi2

Memory: 4k page, physical 16777216k(741860k free)

/proc/meminfo:


vm_info: Java HotSpot(TM) 64-Bit Server VM (25.60-b23) for bsd-amd64 JRE (1.8.0_60-b27), built on Aug  4 2015 10:47:24 by "java_re" with gcc 4.2.1 (Based on Apple Inc. build 5658) (LLVM build 2336.11.00)

time: Sun Oct  8 23:27:50 2017
elapsed time: 28 seconds (0d 0h 0m 28s)

