#
# A fatal error has been detected by the Java Runtime Environment:
#
#  SIGSEGV (0xb) at pc=0x0000000105ab9d04, pid=30793, tid=57091
#
# JRE version: Java(TM) SE Runtime Environment (8.0_60-b27) (build 1.8.0_60-b27)
# Java VM: Java HotSpot(TM) 64-Bit Server VM (25.60-b23 mixed mode bsd-amd64 compressed oops)
# Problematic frame:
# V  [libjvm.dylib+0x52ad04]
#
# Failed to write core dump. Core dumps have been disabled. To enable core dumping, try "ulimit -c unlimited" before starting Java again
#
# If you would like to submit a bug report, please visit:
#   http://bugreport.java.com/bugreport/crash.jsp
#

---------------  T H R E A D  ---------------

Current thread (0x00007fb479634000):  JavaThread "http-nio-8080-exec-4" daemon [_thread_in_vm, id=57091, stack(0x0000700005f09000,0x0000700006009000)]

siginfo: si_signo: 11 (SIGSEGV), si_code: 0 (unknown), si_addr: 0x0000000000000000

Registers:
RAX=0x0000000000000000, RBX=0x6972507972657669, RCX=0x00007fb47c5342e8, RDX=0x0000000000000000
RSP=0x0000700006003550, RBP=0x0000700006003560, RSI=0x00007fb47aa258f0, RDI=0x6972507972657669
R8 =0x00000007c02afcc0, R9 =0x0000000000000001, R10=0x0000000000000001, R11=0x0000000113617c80
R12=0x00007fb479634000, R13=0x0000700006003b08, R14=0x00007fb479634000, R15=0x00007fb47aa258f0
RIP=0x0000000105ab9d04, EFLAGS=0x0000000000010206, ERR=0x0000000000000000
  TRAPNO=0x000000000000000d

Top of Stack: (sp=0x0000700006003550)
0x0000700006003550:   00007fb47aa258f0 00007fb479634000
0x0000700006003560:   00007000060035c0 000000010593a7ed
0x0000700006003570:   0000000100000002 00007000060035d0
0x0000700006003580:   00007000060036b8 000000011431e8b4
0x0000700006003590:   40a3880000000000 da9da03693fa00a7
0x00007000060035a0:   0000000000000001 00007fb479634000
0x00007000060035b0:   00007fb479634000 00007fb47aa258f0
0x00007000060035c0:   00007000060038b0 000000010595492d
0x00007000060035d0:   40a3880000000006 00000001134ee710
0x00007000060035e0:   00007000060036b8 00000007c02afcc0
0x00007000060035f0:   0000000000000000 0000000110f80780
0x0000700006003600:   000000079e812a90 0000000780371f48
0x0000700006003610:   000000079e8128e0 0000000100000000
0x0000700006003620:   000000076e4f0ba0 00000001138a1e7c
0x0000700006003630:   0000700006003b50 000000010000000e
0x0000700006003640:   40a3880000000000 000000079e8129c8
0x0000700006003650:   0000000770e176e0 000000079e7f5a90
0x0000700006003660:   0000700006003670 0000000105a11d63
0x0000700006003670:   00007000060036c0 000000079e8128c0
0x0000700006003680:   0000004000000000 000000079e7219b8
0x0000700006003690:   000000079e010118 00000006c1709c90
0x00007000060036a0:   0000700006003650 0000700006003691
0x00007000060036b0:   00007fb47c532550 00007fb47c533f00
0x00007000060036c0:   00007fb47c533f10 00007fb47c5342e8
0x00007000060036d0:   00000000000003d8 00007fb47c5342e8
0x00007000060036e0:   00000000000003d8 00000001141ca86c
0x00007000060036f0:   000000078bd64e18 000000100001b18a
0x0000700006003700:   00000006c08cc460 000000078bd64d30
0x0000700006003710:   000000078bd64da0 000000076e4f0950
0x0000700006003720:   0000000000000000 0000000124ad9f90
0x0000700006003730:   00007fb479634000 0000000124ad9f90
0x0000700006003740:   000000078bd64d30 0000000124ad9f90 

Instructions: (pc=0x0000000105ab9d04)
0x0000000105ab9ce4:   b8 e8 f6 04 c1 ff 89 d8 48 83 c4 30 5b 41 5c 41
0x0000000105ab9cf4:   5e 41 5f 5d c3 90 55 48 89 e5 41 56 53 48 89 fb
0x0000000105ab9d04:   44 0f b7 33 41 ff c6 44 89 f7 31 f6 e8 3f 8c fa
0x0000000105ab9d14:   ff 48 89 df 48 89 c6 44 89 f2 e8 ad fd ff ff 48 

Register to memory mapping:

RAX=0x0000000000000000 is an unknown value
RBX=0x6972507972657669 is an unknown value
RCX=0x00007fb47c5342e8 is an unknown value
RDX=0x0000000000000000 is an unknown value
RSP=0x0000700006003550 is pointing into the stack for thread: 0x00007fb479634000
RBP=0x0000700006003560 is pointing into the stack for thread: 0x00007fb479634000
RSI=0x00007fb47aa258f0 is an unknown value
RDI=0x6972507972657669 is an unknown value
R8 =0x00000007c02afcc0 is pointing into metadata
R9 =0x0000000000000001 is an unknown value
R10=0x0000000000000001 is an unknown value
R11=0x0000000113617c80 is at entry_point+32 in (nmethod*)0x0000000113617b10
R12=0x00007fb479634000 is a thread
R13=0x0000700006003b08 is pointing into the stack for thread: 0x00007fb479634000
R14=0x00007fb479634000 is a thread
R15=0x00007fb47aa258f0 is an unknown value


Stack: [0x0000700005f09000,0x0000700006009000],  sp=0x0000700006003550,  free space=1001k
Native frames: (J=compiled Java code, j=interpreted, Vv=VM code, C=native code)
V  [libjvm.dylib+0x52ad04]
V  [libjvm.dylib+0x3ab7ed]
V  [libjvm.dylib+0x3c592d]
V  [libjvm.dylib+0x3c9827]
V  [libjvm.dylib+0x3c9a4d]
V  [libjvm.dylib+0x3ca912]
V  [libjvm.dylib+0x2e4efd]
j  net.ion.ice.service.OrderChangeService.createOrderChange(Ljava/util/Map;)Ljava/lang/String;+366
j  net.ion.ice.service.OrderChangeService.requestCancel(Lnet/ion/ice/core/context/ExecuteContext;)Lnet/ion/ice/core/context/ExecuteContext;+157
v  ~StubRoutines::call_stub
V  [libjvm.dylib+0x2eab0e]
V  [libjvm.dylib+0x4caf44]
V  [libjvm.dylib+0x4cb478]
V  [libjvm.dylib+0x342cc0]
J 1748  sun.reflect.NativeMethodAccessorImpl.invoke0(Ljava/lang/reflect/Method;Ljava/lang/Object;[Ljava/lang/Object;)Ljava/lang/Object; (0 bytes) @ 0x00000001138f776d [0x00000001138f7680+0xed]
j  sun.reflect.NativeMethodAccessorImpl.invoke(Ljava/lang/Object;[Ljava/lang/Object;)Ljava/lang/Object;+100
j  sun.reflect.DelegatingMethodAccessorImpl.invoke(Ljava/lang/Object;[Ljava/lang/Object;)Ljava/lang/Object;+6
j  java.lang.reflect.Method.invoke(Ljava/lang/Object;[Ljava/lang/Object;)Ljava/lang/Object;+56
j  net.ion.ice.core.event.ActionService.execute(Lnet/ion/ice/core/context/ExecuteContext;)V+182
j  net.ion.ice.core.event.EventService.executeEventAction(Lnet/ion/ice/core/context/ExecuteContext;Lnet/ion/ice/core/event/Event;)V+75
j  net.ion.ice.core.event.EventService.execute(Lnet/ion/ice/core/context/ExecuteContext;)V+130
j  net.ion.ice.core.context.ExecuteContext.execute()Z+32
j  net.ion.ice.core.node.NodeService.executeNode(Ljava/util/Map;Lorg/springframework/util/MultiValueMap;Ljava/lang/String;Ljava/lang/String;)Ljava/lang/Object;+51
j  net.ion.ice.core.node.NodeController.execute(Ljavax/servlet/http/HttpServletRequest;Ljava/lang/String;Ljava/lang/String;)Ljava/lang/Object;+36
j  net.ion.ice.core.node.NodeController.eventJson(Ljavax/servlet/http/HttpServletRequest;Ljava/lang/String;Ljava/lang/String;)Ljava/lang/Object;+13
v  ~StubRoutines::call_stub
V  [libjvm.dylib+0x2eab0e]
V  [libjvm.dylib+0x4caf44]
V  [libjvm.dylib+0x4cb478]
V  [libjvm.dylib+0x342cc0]
J 1748  sun.reflect.NativeMethodAccessorImpl.invoke0(Ljava/lang/reflect/Method;Ljava/lang/Object;[Ljava/lang/Object;)Ljava/lang/Object; (0 bytes) @ 0x00000001138f776d [0x00000001138f7680+0xed]
j  sun.reflect.NativeMethodAccessorImpl.invoke(Ljava/lang/Object;[Ljava/lang/Object;)Ljava/lang/Object;+100
j  sun.reflect.DelegatingMethodAccessorImpl.invoke(Ljava/lang/Object;[Ljava/lang/Object;)Ljava/lang/Object;+6
j  java.lang.reflect.Method.invoke(Ljava/lang/Object;[Ljava/lang/Object;)Ljava/lang/Object;+56
j  org.springframework.web.method.support.InvocableHandlerMethod.doInvoke([Ljava/lang/Object;)Ljava/lang/Object;+16
j  org.springframework.web.method.support.InvocableHandlerMethod.invokeForRequest(Lorg/springframework/web/context/request/NativeWebRequest;Lorg/springframework/web/method/support/ModelAndViewContainer;[Ljava/lang/Object;)Ljava/lang/Object;+75
j  org.springframework.web.servlet.mvc.method.annotation.ServletInvocableHandlerMethod.invokeAndHandle(Lorg/springframework/web/context/request/ServletWebRequest;Lorg/springframework/web/method/support/ModelAndViewContainer;[Ljava/lang/Object;)V+4
j  org.springframework.web.servlet.mvc.method.annotation.RequestMappingHandlerAdapter.invokeHandlerMethod(Ljavax/servlet/http/HttpServletRequest;Ljavax/servlet/http/HttpServletResponse;Lorg/springframework/web/method/HandlerMethod;)Lorg/springframework/web/servlet/ModelAndView;+262
j  org.springframework.web.servlet.mvc.method.annotation.RequestMappingHandlerAdapter.handleInternal(Ljavax/servlet/http/HttpServletRequest;Ljavax/servlet/http/HttpServletResponse;Lorg/springframework/web/method/HandlerMethod;)Lorg/springframework/web/servlet/ModelAndView;+81
j  org.springframework.web.servlet.mvc.method.AbstractHandlerMethodAdapter.handle(Ljavax/servlet/http/HttpServletRequest;Ljavax/servlet/http/HttpServletResponse;Ljava/lang/Object;)Lorg/springframework/web/servlet/ModelAndView;+7
j  org.springframework.web.servlet.DispatcherServlet.doDispatch(Ljavax/servlet/http/HttpServletRequest;Ljavax/servlet/http/HttpServletResponse;)V+318
j  org.springframework.web.servlet.DispatcherServlet.doService(Ljavax/servlet/http/HttpServletRequest;Ljavax/servlet/http/HttpServletResponse;)V+301
j  org.springframework.web.servlet.FrameworkServlet.processRequest(Ljavax/servlet/http/HttpServletRequest;Ljavax/servlet/http/HttpServletResponse;)V+71
j  org.springframework.web.servlet.FrameworkServlet.doPost(Ljavax/servlet/http/HttpServletRequest;Ljavax/servlet/http/HttpServletResponse;)V+3
j  javax.servlet.http.HttpServlet.service(Ljavax/servlet/http/HttpServletRequest;Ljavax/servlet/http/HttpServletResponse;)V+149
j  org.springframework.web.servlet.FrameworkServlet.service(Ljavax/servlet/http/HttpServletRequest;Ljavax/servlet/http/HttpServletResponse;)V+42
j  javax.servlet.http.HttpServlet.service(Ljavax/servlet/ServletRequest;Ljavax/servlet/ServletResponse;)V+30
j  org.apache.catalina.core.ApplicationFilterChain.internalDoFilter(Ljavax/servlet/ServletRequest;Ljavax/servlet/ServletResponse;)V+304
j  org.apache.catalina.core.ApplicationFilterChain.doFilter(Ljavax/servlet/ServletRequest;Ljavax/servlet/ServletResponse;)V+101
j  org.apache.tomcat.websocket.server.WsFilter.doFilter(Ljavax/servlet/ServletRequest;Ljavax/servlet/ServletResponse;Ljavax/servlet/FilterChain;)V+21
j  org.apache.catalina.core.ApplicationFilterChain.internalDoFilter(Ljavax/servlet/ServletRequest;Ljavax/servlet/ServletResponse;)V+135
j  org.apache.catalina.core.ApplicationFilterChain.doFilter(Ljavax/servlet/ServletRequest;Ljavax/servlet/ServletResponse;)V+101
j  org.stagemonitor.web.servlet.MonitoredHttpRequest.execute()V+12
j  org.stagemonitor.tracing.RequestMonitor.monitor(Lorg/stagemonitor/tracing/MonitoredRequest;)Lorg/stagemonitor/tracing/SpanContextInformation;+6
j  org.stagemonitor.web.servlet.filter.HttpRequestMonitorFilter.monitorRequest(Ljavax/servlet/FilterChain;Ljavax/servlet/http/HttpServletRequest;Lorg/stagemonitor/web/servlet/filter/StatusExposingByteCountingServletResponse;)Lorg/stagemonitor/tracing/SpanContextInformation;+24
j  org.stagemonitor.web.servlet.filter.HttpRequestMonitorFilter.doMonitor(Ljavax/servlet/http/HttpServletRequest;Ljavax/servlet/http/HttpServletResponse;Ljavax/servlet/FilterChain;)V+50
j  org.stagemonitor.web.servlet.filter.HttpRequestMonitorFilter.doFilterInternal(Ljavax/servlet/http/HttpServletRequest;Ljavax/servlet/http/HttpServletResponse;Ljavax/servlet/FilterChain;)V+64
j  org.stagemonitor.web.servlet.filter.AbstractExclusionFilter.doFilter(Ljavax/servlet/ServletRequest;Ljavax/servlet/ServletResponse;Ljavax/servlet/FilterChain;)V+48
j  org.apache.catalina.core.ApplicationFilterChain.internalDoFilter(Ljavax/servlet/ServletRequest;Ljavax/servlet/ServletResponse;)V+135
j  org.apache.catalina.core.ApplicationFilterChain.doFilter(Ljavax/servlet/ServletRequest;Ljavax/servlet/ServletResponse;)V+101
j  org.springframework.security.web.authentication.logout.LogoutFilter.doFilter(Ljavax/servlet/ServletRequest;Ljavax/servlet/ServletResponse;Ljavax/servlet/FilterChain;)V+115
j  org.apache.catalina.core.ApplicationFilterChain.internalDoFilter(Ljavax/servlet/ServletRequest;Ljavax/servlet/ServletResponse;)V+135
j  org.apache.catalina.core.ApplicationFilterChain.doFilter(Ljavax/servlet/ServletRequest;Ljavax/servlet/ServletResponse;)V+101
j  net.ion.ice.security.cors.CORSFilter.doFilter(Ljavax/servlet/ServletRequest;Ljavax/servlet/ServletResponse;Ljavax/servlet/FilterChain;)V+96
j  org.apache.catalina.core.ApplicationFilterChain.internalDoFilter(Ljavax/servlet/ServletRequest;Ljavax/servlet/ServletResponse;)V+135
j  org.apache.catalina.core.ApplicationFilterChain.doFilter(Ljavax/servlet/ServletRequest;Ljavax/servlet/ServletResponse;)V+101
j  org.springframework.security.web.FilterChainProxy$VirtualFilterChain.doFilter(Ljavax/servlet/ServletRequest;Ljavax/servlet/ServletResponse;)V+68
j  org.springframework.security.web.access.intercept.FilterSecurityInterceptor.invoke(Lorg/springframework/security/web/FilterInvocation;)V+87
j  org.springframework.security.web.access.intercept.FilterSecurityInterceptor.doFilter(Ljavax/servlet/ServletRequest;Ljavax/servlet/ServletResponse;Ljavax/servlet/FilterChain;)V+15
j  org.springframework.security.web.FilterChainProxy$VirtualFilterChain.doFilter(Ljavax/servlet/ServletRequest;Ljavax/servlet/ServletResponse;)V+192
j  org.springframework.security.web.access.ExceptionTranslationFilter.doFilter(Ljavax/servlet/ServletRequest;Ljavax/servlet/ServletResponse;Ljavax/servlet/FilterChain;)V+17
j  org.springframework.security.web.FilterChainProxy$VirtualFilterChain.doFilter(Ljavax/servlet/ServletRequest;Ljavax/servlet/ServletResponse;)V+192
j  org.springframework.security.web.session.SessionManagementFilter.doFilter(Ljavax/servlet/ServletRequest;Ljavax/servlet/ServletResponse;Ljavax/servlet/FilterChain;)V+258
j  org.springframework.security.web.FilterChainProxy$VirtualFilterChain.doFilter(Ljavax/servlet/ServletRequest;Ljavax/servlet/ServletResponse;)V+192
j  org.springframework.security.web.authentication.AnonymousAuthenticationFilter.doFilter(Ljavax/servlet/ServletRequest;Ljavax/servlet/ServletResponse;Ljavax/servlet/FilterChain;)V+137
j  org.springframework.security.web.FilterChainProxy$VirtualFilterChain.doFilter(Ljavax/servlet/ServletRequest;Ljavax/servlet/ServletResponse;)V+192
j  org.springframework.security.web.servletapi.SecurityContextHolderAwareRequestFilter.doFilter(Ljavax/servlet/ServletRequest;Ljavax/servlet/ServletResponse;Ljavax/servlet/FilterChain;)V+19
j  org.springframework.security.web.FilterChainProxy$VirtualFilterChain.doFilter(Ljavax/servlet/ServletRequest;Ljavax/servlet/ServletResponse;)V+192
j  org.springframework.security.web.savedrequest.RequestCacheAwareFilter.doFilter(Ljavax/servlet/ServletRequest;Ljavax/servlet/ServletResponse;Ljavax/servlet/FilterChain;)V+32
j  org.springframework.security.web.FilterChainProxy$VirtualFilterChain.doFilter(Ljavax/servlet/ServletRequest;Ljavax/servlet/ServletResponse;)V+192
j  org.springframework.security.web.authentication.logout.LogoutFilter.doFilter(Ljavax/servlet/ServletRequest;Ljavax/servlet/ServletResponse;Ljavax/servlet/FilterChain;)V+115
j  org.springframework.security.web.FilterChainProxy$VirtualFilterChain.doFilter(Ljavax/servlet/ServletRequest;Ljavax/servlet/ServletResponse;)V+192
j  org.springframework.security.web.authentication.AbstractAuthenticationProcessingFilter.doFilter(Ljavax/servlet/ServletRequest;Ljavax/servlet/ServletResponse;Ljavax/servlet/FilterChain;)V+28
j  org.springframework.security.web.FilterChainProxy$VirtualFilterChain.doFilter(Ljavax/servlet/ServletRequest;Ljavax/servlet/ServletResponse;)V+192
j  org.springframework.security.web.authentication.logout.LogoutFilter.doFilter(Ljavax/servlet/ServletRequest;Ljavax/servlet/ServletResponse;Ljavax/servlet/FilterChain;)V+115
j  org.springframework.security.web.FilterChainProxy$VirtualFilterChain.doFilter(Ljavax/servlet/ServletRequest;Ljavax/servlet/ServletResponse;)V+192
j  org.springframework.security.web.authentication.AbstractAuthenticationProcessingFilter.doFilter(Ljavax/servlet/ServletRequest;Ljavax/servlet/ServletResponse;Ljavax/servlet/FilterChain;)V+28
j  org.springframework.security.web.FilterChainProxy$VirtualFilterChain.doFilter(Ljavax/servlet/ServletRequest;Ljavax/servlet/ServletResponse;)V+192
j  org.springframework.web.filter.CorsFilter.doFilterInternal(Ljavax/servlet/http/HttpServletRequest;Ljavax/servlet/http/HttpServletResponse;Ljavax/servlet/FilterChain;)V+55
j  org.springframework.web.filter.OncePerRequestFilter.doFilter(Ljavax/servlet/ServletRequest;Ljavax/servlet/ServletResponse;Ljavax/servlet/FilterChain;)V+111
j  org.springframework.security.web.FilterChainProxy$VirtualFilterChain.doFilter(Ljavax/servlet/ServletRequest;Ljavax/servlet/ServletResponse;)V+192
j  org.springframework.security.web.header.HeaderWriterFilter.doFilterInternal(Ljavax/servlet/http/HttpServletRequest;Ljavax/servlet/http/HttpServletResponse;Ljavax/servlet/FilterChain;)V+48
j  org.springframework.web.filter.OncePerRequestFilter.doFilter(Ljavax/servlet/ServletRequest;Ljavax/servlet/ServletResponse;Ljavax/servlet/FilterChain;)V+111
j  org.springframework.security.web.FilterChainProxy$VirtualFilterChain.doFilter(Ljavax/servlet/ServletRequest;Ljavax/servlet/ServletResponse;)V+192
j  org.springframework.security.web.context.SecurityContextPersistenceFilter.doFilter(Ljavax/servlet/ServletRequest;Ljavax/servlet/ServletResponse;Ljavax/servlet/FilterChain;)V+165
j  org.springframework.security.web.FilterChainProxy$VirtualFilterChain.doFilter(Ljavax/servlet/ServletRequest;Ljavax/servlet/ServletResponse;)V+192
j  org.springframework.security.web.context.request.async.WebAsyncManagerIntegrationFilter.doFilterInternal(Ljavax/servlet/http/HttpServletRequest;Ljavax/servlet/http/HttpServletResponse;Ljavax/servlet/FilterChain;)V+42
j  org.springframework.web.filter.OncePerRequestFilter.doFilter(Ljavax/servlet/ServletRequest;Ljavax/servlet/ServletResponse;Ljavax/servlet/FilterChain;)V+111
j  org.springframework.security.web.FilterChainProxy$VirtualFilterChain.doFilter(Ljavax/servlet/ServletRequest;Ljavax/servlet/ServletResponse;)V+192
j  org.springframework.security.web.FilterChainProxy.doFilterInternal(Ljavax/servlet/ServletRequest;Ljavax/servlet/ServletResponse;Ljavax/servlet/FilterChain;)V+142
...<more frames>...

Java frames: (J=compiled Java code, j=interpreted, Vv=VM code)
j  net.ion.ice.service.OrderChangeService.createOrderChange(Ljava/util/Map;)Ljava/lang/String;+366
j  net.ion.ice.service.OrderChangeService.requestCancel(Lnet/ion/ice/core/context/ExecuteContext;)Lnet/ion/ice/core/context/ExecuteContext;+157
v  ~StubRoutines::call_stub
J 1748  sun.reflect.NativeMethodAccessorImpl.invoke0(Ljava/lang/reflect/Method;Ljava/lang/Object;[Ljava/lang/Object;)Ljava/lang/Object; (0 bytes) @ 0x00000001138f76f7 [0x00000001138f7680+0x77]
j  sun.reflect.NativeMethodAccessorImpl.invoke(Ljava/lang/Object;[Ljava/lang/Object;)Ljava/lang/Object;+100
j  sun.reflect.DelegatingMethodAccessorImpl.invoke(Ljava/lang/Object;[Ljava/lang/Object;)Ljava/lang/Object;+6
j  java.lang.reflect.Method.invoke(Ljava/lang/Object;[Ljava/lang/Object;)Ljava/lang/Object;+56
j  net.ion.ice.core.event.ActionService.execute(Lnet/ion/ice/core/context/ExecuteContext;)V+182
j  net.ion.ice.core.event.EventService.executeEventAction(Lnet/ion/ice/core/context/ExecuteContext;Lnet/ion/ice/core/event/Event;)V+75
j  net.ion.ice.core.event.EventService.execute(Lnet/ion/ice/core/context/ExecuteContext;)V+130
j  net.ion.ice.core.context.ExecuteContext.execute()Z+32
j  net.ion.ice.core.node.NodeService.executeNode(Ljava/util/Map;Lorg/springframework/util/MultiValueMap;Ljava/lang/String;Ljava/lang/String;)Ljava/lang/Object;+51
j  net.ion.ice.core.node.NodeController.execute(Ljavax/servlet/http/HttpServletRequest;Ljava/lang/String;Ljava/lang/String;)Ljava/lang/Object;+36
j  net.ion.ice.core.node.NodeController.eventJson(Ljavax/servlet/http/HttpServletRequest;Ljava/lang/String;Ljava/lang/String;)Ljava/lang/Object;+13
v  ~StubRoutines::call_stub
J 1748  sun.reflect.NativeMethodAccessorImpl.invoke0(Ljava/lang/reflect/Method;Ljava/lang/Object;[Ljava/lang/Object;)Ljava/lang/Object; (0 bytes) @ 0x00000001138f76f7 [0x00000001138f7680+0x77]
j  sun.reflect.NativeMethodAccessorImpl.invoke(Ljava/lang/Object;[Ljava/lang/Object;)Ljava/lang/Object;+100
j  sun.reflect.DelegatingMethodAccessorImpl.invoke(Ljava/lang/Object;[Ljava/lang/Object;)Ljava/lang/Object;+6
j  java.lang.reflect.Method.invoke(Ljava/lang/Object;[Ljava/lang/Object;)Ljava/lang/Object;+56
j  org.springframework.web.method.support.InvocableHandlerMethod.doInvoke([Ljava/lang/Object;)Ljava/lang/Object;+16
j  org.springframework.web.method.support.InvocableHandlerMethod.invokeForRequest(Lorg/springframework/web/context/request/NativeWebRequest;Lorg/springframework/web/method/support/ModelAndViewContainer;[Ljava/lang/Object;)Ljava/lang/Object;+75
j  org.springframework.web.servlet.mvc.method.annotation.ServletInvocableHandlerMethod.invokeAndHandle(Lorg/springframework/web/context/request/ServletWebRequest;Lorg/springframework/web/method/support/ModelAndViewContainer;[Ljava/lang/Object;)V+4
j  org.springframework.web.servlet.mvc.method.annotation.RequestMappingHandlerAdapter.invokeHandlerMethod(Ljavax/servlet/http/HttpServletRequest;Ljavax/servlet/http/HttpServletResponse;Lorg/springframework/web/method/HandlerMethod;)Lorg/springframework/web/servlet/ModelAndView;+262
j  org.springframework.web.servlet.mvc.method.annotation.RequestMappingHandlerAdapter.handleInternal(Ljavax/servlet/http/HttpServletRequest;Ljavax/servlet/http/HttpServletResponse;Lorg/springframework/web/method/HandlerMethod;)Lorg/springframework/web/servlet/ModelAndView;+81
j  org.springframework.web.servlet.mvc.method.AbstractHandlerMethodAdapter.handle(Ljavax/servlet/http/HttpServletRequest;Ljavax/servlet/http/HttpServletResponse;Ljava/lang/Object;)Lorg/springframework/web/servlet/ModelAndView;+7
j  org.springframework.web.servlet.DispatcherServlet.doDispatch(Ljavax/servlet/http/HttpServletRequest;Ljavax/servlet/http/HttpServletResponse;)V+318
j  org.springframework.web.servlet.DispatcherServlet.doService(Ljavax/servlet/http/HttpServletRequest;Ljavax/servlet/http/HttpServletResponse;)V+301
j  org.springframework.web.servlet.FrameworkServlet.processRequest(Ljavax/servlet/http/HttpServletRequest;Ljavax/servlet/http/HttpServletResponse;)V+71
j  org.springframework.web.servlet.FrameworkServlet.doPost(Ljavax/servlet/http/HttpServletRequest;Ljavax/servlet/http/HttpServletResponse;)V+3
j  javax.servlet.http.HttpServlet.service(Ljavax/servlet/http/HttpServletRequest;Ljavax/servlet/http/HttpServletResponse;)V+149
j  org.springframework.web.servlet.FrameworkServlet.service(Ljavax/servlet/http/HttpServletRequest;Ljavax/servlet/http/HttpServletResponse;)V+42
j  javax.servlet.http.HttpServlet.service(Ljavax/servlet/ServletRequest;Ljavax/servlet/ServletResponse;)V+30
j  org.apache.catalina.core.ApplicationFilterChain.internalDoFilter(Ljavax/servlet/ServletRequest;Ljavax/servlet/ServletResponse;)V+304
j  org.apache.catalina.core.ApplicationFilterChain.doFilter(Ljavax/servlet/ServletRequest;Ljavax/servlet/ServletResponse;)V+101
j  org.apache.tomcat.websocket.server.WsFilter.doFilter(Ljavax/servlet/ServletRequest;Ljavax/servlet/ServletResponse;Ljavax/servlet/FilterChain;)V+21
j  org.apache.catalina.core.ApplicationFilterChain.internalDoFilter(Ljavax/servlet/ServletRequest;Ljavax/servlet/ServletResponse;)V+135
j  org.apache.catalina.core.ApplicationFilterChain.doFilter(Ljavax/servlet/ServletRequest;Ljavax/servlet/ServletResponse;)V+101
j  org.stagemonitor.web.servlet.MonitoredHttpRequest.execute()V+12
j  org.stagemonitor.tracing.RequestMonitor.monitor(Lorg/stagemonitor/tracing/MonitoredRequest;)Lorg/stagemonitor/tracing/SpanContextInformation;+6
j  org.stagemonitor.web.servlet.filter.HttpRequestMonitorFilter.monitorRequest(Ljavax/servlet/FilterChain;Ljavax/servlet/http/HttpServletRequest;Lorg/stagemonitor/web/servlet/filter/StatusExposingByteCountingServletResponse;)Lorg/stagemonitor/tracing/SpanContextInformation;+24
j  org.stagemonitor.web.servlet.filter.HttpRequestMonitorFilter.doMonitor(Ljavax/servlet/http/HttpServletRequest;Ljavax/servlet/http/HttpServletResponse;Ljavax/servlet/FilterChain;)V+50
j  org.stagemonitor.web.servlet.filter.HttpRequestMonitorFilter.doFilterInternal(Ljavax/servlet/http/HttpServletRequest;Ljavax/servlet/http/HttpServletResponse;Ljavax/servlet/FilterChain;)V+64
j  org.stagemonitor.web.servlet.filter.AbstractExclusionFilter.doFilter(Ljavax/servlet/ServletRequest;Ljavax/servlet/ServletResponse;Ljavax/servlet/FilterChain;)V+48
j  org.apache.catalina.core.ApplicationFilterChain.internalDoFilter(Ljavax/servlet/ServletRequest;Ljavax/servlet/ServletResponse;)V+135
j  org.apache.catalina.core.ApplicationFilterChain.doFilter(Ljavax/servlet/ServletRequest;Ljavax/servlet/ServletResponse;)V+101
j  org.springframework.security.web.authentication.logout.LogoutFilter.doFilter(Ljavax/servlet/ServletRequest;Ljavax/servlet/ServletResponse;Ljavax/servlet/FilterChain;)V+115
j  org.apache.catalina.core.ApplicationFilterChain.internalDoFilter(Ljavax/servlet/ServletRequest;Ljavax/servlet/ServletResponse;)V+135
j  org.apache.catalina.core.ApplicationFilterChain.doFilter(Ljavax/servlet/ServletRequest;Ljavax/servlet/ServletResponse;)V+101
j  net.ion.ice.security.cors.CORSFilter.doFilter(Ljavax/servlet/ServletRequest;Ljavax/servlet/ServletResponse;Ljavax/servlet/FilterChain;)V+96
j  org.apache.catalina.core.ApplicationFilterChain.internalDoFilter(Ljavax/servlet/ServletRequest;Ljavax/servlet/ServletResponse;)V+135
j  org.apache.catalina.core.ApplicationFilterChain.doFilter(Ljavax/servlet/ServletRequest;Ljavax/servlet/ServletResponse;)V+101
j  org.springframework.security.web.FilterChainProxy$VirtualFilterChain.doFilter(Ljavax/servlet/ServletRequest;Ljavax/servlet/ServletResponse;)V+68
j  org.springframework.security.web.access.intercept.FilterSecurityInterceptor.invoke(Lorg/springframework/security/web/FilterInvocation;)V+87
j  org.springframework.security.web.access.intercept.FilterSecurityInterceptor.doFilter(Ljavax/servlet/ServletRequest;Ljavax/servlet/ServletResponse;Ljavax/servlet/FilterChain;)V+15
j  org.springframework.security.web.FilterChainProxy$VirtualFilterChain.doFilter(Ljavax/servlet/ServletRequest;Ljavax/servlet/ServletResponse;)V+192
j  org.springframework.security.web.access.ExceptionTranslationFilter.doFilter(Ljavax/servlet/ServletRequest;Ljavax/servlet/ServletResponse;Ljavax/servlet/FilterChain;)V+17
j  org.springframework.security.web.FilterChainProxy$VirtualFilterChain.doFilter(Ljavax/servlet/ServletRequest;Ljavax/servlet/ServletResponse;)V+192
j  org.springframework.security.web.session.SessionManagementFilter.doFilter(Ljavax/servlet/ServletRequest;Ljavax/servlet/ServletResponse;Ljavax/servlet/FilterChain;)V+258
j  org.springframework.security.web.FilterChainProxy$VirtualFilterChain.doFilter(Ljavax/servlet/ServletRequest;Ljavax/servlet/ServletResponse;)V+192
j  org.springframework.security.web.authentication.AnonymousAuthenticationFilter.doFilter(Ljavax/servlet/ServletRequest;Ljavax/servlet/ServletResponse;Ljavax/servlet/FilterChain;)V+137
j  org.springframework.security.web.FilterChainProxy$VirtualFilterChain.doFilter(Ljavax/servlet/ServletRequest;Ljavax/servlet/ServletResponse;)V+192
j  org.springframework.security.web.servletapi.SecurityContextHolderAwareRequestFilter.doFilter(Ljavax/servlet/ServletRequest;Ljavax/servlet/ServletResponse;Ljavax/servlet/FilterChain;)V+19
j  org.springframework.security.web.FilterChainProxy$VirtualFilterChain.doFilter(Ljavax/servlet/ServletRequest;Ljavax/servlet/ServletResponse;)V+192
j  org.springframework.security.web.savedrequest.RequestCacheAwareFilter.doFilter(Ljavax/servlet/ServletRequest;Ljavax/servlet/ServletResponse;Ljavax/servlet/FilterChain;)V+32
j  org.springframework.security.web.FilterChainProxy$VirtualFilterChain.doFilter(Ljavax/servlet/ServletRequest;Ljavax/servlet/ServletResponse;)V+192
j  org.springframework.security.web.authentication.logout.LogoutFilter.doFilter(Ljavax/servlet/ServletRequest;Ljavax/servlet/ServletResponse;Ljavax/servlet/FilterChain;)V+115
j  org.springframework.security.web.FilterChainProxy$VirtualFilterChain.doFilter(Ljavax/servlet/ServletRequest;Ljavax/servlet/ServletResponse;)V+192
j  org.springframework.security.web.authentication.AbstractAuthenticationProcessingFilter.doFilter(Ljavax/servlet/ServletRequest;Ljavax/servlet/ServletResponse;Ljavax/servlet/FilterChain;)V+28
j  org.springframework.security.web.FilterChainProxy$VirtualFilterChain.doFilter(Ljavax/servlet/ServletRequest;Ljavax/servlet/ServletResponse;)V+192
j  org.springframework.security.web.authentication.logout.LogoutFilter.doFilter(Ljavax/servlet/ServletRequest;Ljavax/servlet/ServletResponse;Ljavax/servlet/FilterChain;)V+115
j  org.springframework.security.web.FilterChainProxy$VirtualFilterChain.doFilter(Ljavax/servlet/ServletRequest;Ljavax/servlet/ServletResponse;)V+192
j  org.springframework.security.web.authentication.AbstractAuthenticationProcessingFilter.doFilter(Ljavax/servlet/ServletRequest;Ljavax/servlet/ServletResponse;Ljavax/servlet/FilterChain;)V+28
j  org.springframework.security.web.FilterChainProxy$VirtualFilterChain.doFilter(Ljavax/servlet/ServletRequest;Ljavax/servlet/ServletResponse;)V+192
j  org.springframework.web.filter.CorsFilter.doFilterInternal(Ljavax/servlet/http/HttpServletRequest;Ljavax/servlet/http/HttpServletResponse;Ljavax/servlet/FilterChain;)V+55
j  org.springframework.web.filter.OncePerRequestFilter.doFilter(Ljavax/servlet/ServletRequest;Ljavax/servlet/ServletResponse;Ljavax/servlet/FilterChain;)V+111
j  org.springframework.security.web.FilterChainProxy$VirtualFilterChain.doFilter(Ljavax/servlet/ServletRequest;Ljavax/servlet/ServletResponse;)V+192
j  org.springframework.security.web.header.HeaderWriterFilter.doFilterInternal(Ljavax/servlet/http/HttpServletRequest;Ljavax/servlet/http/HttpServletResponse;Ljavax/servlet/FilterChain;)V+48
j  org.springframework.web.filter.OncePerRequestFilter.doFilter(Ljavax/servlet/ServletRequest;Ljavax/servlet/ServletResponse;Ljavax/servlet/FilterChain;)V+111
j  org.springframework.security.web.FilterChainProxy$VirtualFilterChain.doFilter(Ljavax/servlet/ServletRequest;Ljavax/servlet/ServletResponse;)V+192
j  org.springframework.security.web.context.SecurityContextPersistenceFilter.doFilter(Ljavax/servlet/ServletRequest;Ljavax/servlet/ServletResponse;Ljavax/servlet/FilterChain;)V+165
j  org.springframework.security.web.FilterChainProxy$VirtualFilterChain.doFilter(Ljavax/servlet/ServletRequest;Ljavax/servlet/ServletResponse;)V+192
j  org.springframework.security.web.context.request.async.WebAsyncManagerIntegrationFilter.doFilterInternal(Ljavax/servlet/http/HttpServletRequest;Ljavax/servlet/http/HttpServletResponse;Ljavax/servlet/FilterChain;)V+42
j  org.springframework.web.filter.OncePerRequestFilter.doFilter(Ljavax/servlet/ServletRequest;Ljavax/servlet/ServletResponse;Ljavax/servlet/FilterChain;)V+111
j  org.springframework.security.web.FilterChainProxy$VirtualFilterChain.doFilter(Ljavax/servlet/ServletRequest;Ljavax/servlet/ServletResponse;)V+192
j  org.springframework.security.web.FilterChainProxy.doFilterInternal(Ljavax/servlet/ServletRequest;Ljavax/servlet/ServletResponse;Ljavax/servlet/FilterChain;)V+142
j  org.springframework.security.web.FilterChainProxy.doFilter(Ljavax/servlet/ServletRequest;Ljavax/servlet/ServletResponse;Ljavax/servlet/FilterChain;)V+40
j  org.springframework.web.filter.DelegatingFilterProxy.invokeDelegate(Ljavax/servlet/Filter;Ljavax/servlet/ServletRequest;Ljavax/servlet/ServletResponse;Ljavax/servlet/FilterChain;)V+5
j  org.springframework.web.filter.DelegatingFilterProxy.doFilter(Ljavax/servlet/ServletRequest;Ljavax/servlet/ServletResponse;Ljavax/servlet/FilterChain;)V+83
j  org.apache.catalina.core.ApplicationFilterChain.internalDoFilter(Ljavax/servlet/ServletRequest;Ljavax/servlet/ServletResponse;)V+135
j  org.apache.catalina.core.ApplicationFilterChain.doFilter(Ljavax/servlet/ServletRequest;Ljavax/servlet/ServletResponse;)V+101
j  org.springframework.web.filter.RequestContextFilter.doFilterInternal(Ljavax/servlet/http/HttpServletRequest;Ljavax/servlet/http/HttpServletResponse;Ljavax/servlet/FilterChain;)V+21
j  org.springframework.web.filter.OncePerRequestFilter.doFilter(Ljavax/servlet/ServletRequest;Ljavax/servlet/ServletResponse;Ljavax/servlet/FilterChain;)V+111
j  org.apache.catalina.core.ApplicationFilterChain.internalDoFilter(Ljavax/servlet/ServletRequest;Ljavax/servlet/ServletResponse;)V+135
j  org.apache.catalina.core.ApplicationFilterChain.doFilter(Ljavax/servlet/ServletRequest;Ljavax/servlet/ServletResponse;)V+101
j  org.springframework.web.filter.HttpPutFormContentFilter.doFilterInternal(Ljavax/servlet/http/HttpServletRequest;Ljavax/servlet/http/HttpServletResponse;Ljavax/servlet/FilterChain;)V+95
j  org.springframework.web.filter.OncePerRequestFilter.doFilter(Ljavax/servlet/ServletRequest;Ljavax/servlet/ServletResponse;Ljavax/servlet/FilterChain;)V+111
j  org.apache.catalina.core.ApplicationFilterChain.internalDoFilter(Ljavax/servlet/ServletRequest;Ljavax/servlet/ServletResponse;)V+135
j  org.apache.catalina.core.ApplicationFilterChain.doFilter(Ljavax/servlet/ServletRequest;Ljavax/servlet/ServletResponse;)V+101
j  org.springframework.web.filter.HiddenHttpMethodFilter.doFilterInternal(Ljavax/servlet/http/HttpServletRequest;Ljavax/servlet/http/HttpServletResponse;Ljavax/servlet/FilterChain;)V+64
j  org.springframework.web.filter.OncePerRequestFilter.doFilter(Ljavax/servlet/ServletRequest;Ljavax/servlet/ServletResponse;Ljavax/servlet/FilterChain;)V+111
j  org.apache.catalina.core.ApplicationFilterChain.internalDoFilter(Ljavax/servlet/ServletRequest;Ljavax/servlet/ServletResponse;)V+135
j  org.apache.catalina.core.ApplicationFilterChain.doFilter(Ljavax/servlet/ServletRequest;Ljavax/servlet/ServletResponse;)V+101
j  org.springframework.web.filter.CharacterEncodingFilter.doFilterInternal(Ljavax/servlet/http/HttpServletRequest;Ljavax/servlet/http/HttpServletResponse;Ljavax/servlet/FilterChain;)V+53
j  org.springframework.web.filter.OncePerRequestFilter.doFilter(Ljavax/servlet/ServletRequest;Ljavax/servlet/ServletResponse;Ljavax/servlet/FilterChain;)V+111
j  org.apache.catalina.core.ApplicationFilterChain.internalDoFilter(Ljavax/servlet/ServletRequest;Ljavax/servlet/ServletResponse;)V+135
j  org.apache.catalina.core.ApplicationFilterChain.doFilter(Ljavax/servlet/ServletRequest;Ljavax/servlet/ServletResponse;)V+101
j  org.apache.catalina.core.StandardWrapperValve.invoke(Lorg/apache/catalina/connector/Request;Lorg/apache/catalina/connector/Response;)V+688
j  org.apache.catalina.core.StandardContextValve.invoke(Lorg/apache/catalina/connector/Request;Lorg/apache/catalina/connector/Response;)V+166
j  org.apache.catalina.authenticator.AuthenticatorBase.invoke(Lorg/apache/catalina/connector/Request;Lorg/apache/catalina/connector/Response;)V+272
j  org.apache.catalina.core.StandardHostValve.invoke(Lorg/apache/catalina/connector/Request;Lorg/apache/catalina/connector/Response;)V+138
j  org.apache.catalina.valves.ErrorReportValve.invoke(Lorg/apache/catalina/connector/Request;Lorg/apache/catalina/connector/Response;)V+6
j  org.apache.catalina.core.StandardEngineValve.invoke(Lorg/apache/catalina/connector/Request;Lorg/apache/catalina/connector/Response;)V+71
j  org.apache.catalina.connector.CoyoteAdapter.service(Lorg/apache/coyote/Request;Lorg/apache/coyote/Response;)V+199
j  org.apache.coyote.http11.Http11Processor.service(Lorg/apache/tomcat/util/net/SocketWrapperBase;)Lorg/apache/tomcat/util/net/AbstractEndpoint$Handler$SocketState;+806
j  org.apache.coyote.AbstractProcessorLight.process(Lorg/apache/tomcat/util/net/SocketWrapperBase;Lorg/apache/tomcat/util/net/SocketEvent;)Lorg/apache/tomcat/util/net/AbstractEndpoint$Handler$SocketState;+113
j  org.apache.coyote.AbstractProtocol$ConnectionHandler.process(Lorg/apache/tomcat/util/net/SocketWrapperBase;Lorg/apache/tomcat/util/net/SocketEvent;)Lorg/apache/tomcat/util/net/AbstractEndpoint$Handler$SocketState;+378
j  org.apache.tomcat.util.net.NioEndpoint$SocketProcessor.doRun()V+191
j  org.apache.tomcat.util.net.SocketProcessorBase.run()V+21
j  java.util.concurrent.ThreadPoolExecutor.runWorker(Ljava/util/concurrent/ThreadPoolExecutor$Worker;)V+95
j  java.util.concurrent.ThreadPoolExecutor$Worker.run()V+5
j  org.apache.tomcat.util.threads.TaskThread$WrappingRunnable.run()V+4
j  java.lang.Thread.run()V+11
v  ~StubRoutines::call_stub

---------------  P R O C E S S  ---------------

Java Threads: ( => current thread )
  0x00007fb479261000 JavaThread "Keep-Alive-Timer" daemon [_thread_blocked, id=28435, stack(0x0000700001a3d000,0x0000700001b3d000)]
  0x00007fb47a74a800 JavaThread "hz.ice-cluster-hazelcast.cached.thread-10" [_thread_blocked, id=66307, stack(0x000070000713f000,0x000070000723f000)]
  0x00007fb47a74a000 JavaThread "hz.ice-cluster-hazelcast.cached.thread-9" [_thread_blocked, id=65795, stack(0x000070000703c000,0x000070000713c000)]
  0x00007fb47a749000 JavaThread "hz.ice-cluster-hazelcast.cached.thread-8" [_thread_blocked, id=65283, stack(0x0000700006f39000,0x0000700007039000)]
  0x00007fb47a748800 JavaThread "hz.ice-cluster-hazelcast.cached.thread-7" [_thread_blocked, id=64771, stack(0x0000700006e36000,0x0000700006f36000)]
  0x00007fb47b91c000 JavaThread "Hibernate Search sync consumer thread for index net.ion.ice.core.node.Node" daemon [_thread_blocked, id=63239, stack(0x0000700006b2d000,0x0000700006c2d000)]
  0x00007fb47b91b800 JavaThread "Hibernate Search sync consumer thread for index net.ion.ice.core.node.Node" daemon [_thread_blocked, id=24343, stack(0x0000700002b70000,0x0000700002c70000)]
  0x00007fb478b11000 JavaThread "async-request-reporter" daemon [_thread_blocked, id=26631, stack(0x000070000255e000,0x000070000265e000)]
  0x00007fb479c89000 JavaThread "commons-pool-EvictionTimer" daemon [_thread_blocked, id=26375, stack(0x0000700002152000,0x0000700002252000)]
  0x00007fb47964e000 JavaThread "Abandoned connection cleanup thread" daemon [_thread_blocked, id=30479, stack(0x000070000204f000,0x000070000214f000)]
  0x00007fb479633000 JavaThread "DestroyJavaVM" [_thread_blocked, id=3587, stack(0x0000700000478000,0x0000700000578000)]
  0x00007fb47b1de800 JavaThread "http-nio-8080-AsyncTimeout" daemon [_thread_blocked, id=62211, stack(0x0000700006927000,0x0000700006a27000)]
  0x00007fb479ae0000 JavaThread "http-nio-8080-Acceptor-0" daemon [_thread_in_native, id=61699, stack(0x0000700006824000,0x0000700006924000)]
  0x00007fb478b6a800 JavaThread "http-nio-8080-ClientPoller-1" daemon [_thread_in_native, id=61187, stack(0x0000700006721000,0x0000700006821000)]
  0x00007fb47b896800 JavaThread "http-nio-8080-ClientPoller-0" daemon [_thread_in_native, id=60675, stack(0x000070000661e000,0x000070000671e000)]
  0x00007fb479635800 JavaThread "http-nio-8080-exec-10" daemon [_thread_blocked, id=60163, stack(0x000070000651b000,0x000070000661b000)]
  0x00007fb479635000 JavaThread "http-nio-8080-exec-9" daemon [_thread_blocked, id=59651, stack(0x0000700006418000,0x0000700006518000)]
  0x00007fb478991000 JavaThread "http-nio-8080-exec-8" daemon [_thread_blocked, id=59139, stack(0x0000700006315000,0x0000700006415000)]
  0x00007fb478990000 JavaThread "http-nio-8080-exec-7" daemon [_thread_blocked, id=58627, stack(0x0000700006212000,0x0000700006312000)]
  0x00007fb47b894000 JavaThread "http-nio-8080-exec-6" daemon [_thread_blocked, id=58115, stack(0x000070000610f000,0x000070000620f000)]
  0x00007fb47b893000 JavaThread "http-nio-8080-exec-5" daemon [_thread_blocked, id=57603, stack(0x000070000600c000,0x000070000610c000)]
=>0x00007fb479634000 JavaThread "http-nio-8080-exec-4" daemon [_thread_in_vm, id=57091, stack(0x0000700005f09000,0x0000700006009000)]
  0x00007fb47968e000 JavaThread "http-nio-8080-exec-3" daemon [_thread_blocked, id=56579, stack(0x0000700005e06000,0x0000700005f06000)]
  0x00007fb47b892800 JavaThread "http-nio-8080-exec-2" daemon [_thread_blocked, id=56067, stack(0x0000700005d03000,0x0000700005e03000)]
  0x00007fb47b891800 JavaThread "http-nio-8080-exec-1" daemon [_thread_blocked, id=55555, stack(0x0000700005c00000,0x0000700005d00000)]
  0x00007fb479630800 JavaThread "NioBlockingSelector.BlockPoller-1" daemon [_thread_in_native, id=54539, stack(0x00007000059fa000,0x0000700005afa000)]
  0x00007fb478994000 JavaThread "Live Reload Server" daemon [_thread_in_native, id=55043, stack(0x0000700005afd000,0x0000700005bfd000)]
  0x00007fb479697000 JavaThread "File Watcher" daemon [_thread_blocked, id=54027, stack(0x00007000058f7000,0x00007000059f7000)]
  0x00007fb47962b800 JavaThread "Hibernate Search sync consumer thread for index net.ion.ice.core.node.Node" daemon [_thread_blocked, id=53507, stack(0x00007000057f4000,0x00007000058f4000)]
  0x00007fb478d86800 JavaThread "Hibernate Search sync consumer thread for index net.ion.ice.core.node.Node" daemon [_thread_blocked, id=52995, stack(0x00007000056f1000,0x00007000057f1000)]
  0x00007fb479628800 JavaThread "Hibernate Search sync consumer thread for index net.ion.ice.core.node.Node" daemon [_thread_blocked, id=52483, stack(0x00007000055ee000,0x00007000056ee000)]
  0x00007fb4789f3000 JavaThread "Hibernate Search sync consumer thread for index net.ion.ice.core.node.Node" daemon [_thread_blocked, id=51971, stack(0x00007000054eb000,0x00007000055eb000)]
  0x00007fb478d7c800 JavaThread "Hibernate Search sync consumer thread for index net.ion.ice.core.node.Node" daemon [_thread_blocked, id=51459, stack(0x00007000053e8000,0x00007000054e8000)]
  0x00007fb4789e8000 JavaThread "Hibernate Search sync consumer thread for index net.ion.ice.core.node.Node" daemon [_thread_blocked, id=50947, stack(0x00007000052e5000,0x00007000053e5000)]
  0x00007fb478ce3800 JavaThread "Thread-31" [_thread_blocked, id=50435, stack(0x00007000051e2000,0x00007000052e2000)]
  0x00007fb478d74000 JavaThread "Thread-30" [_thread_blocked, id=49923, stack(0x00007000050df000,0x00007000051df000)]
  0x00007fb478c30800 JavaThread "Thread-29" [_thread_blocked, id=49415, stack(0x0000700004fdc000,0x00007000050dc000)]
  0x00007fb47b10a000 JavaThread "expiration-thread--p3-t1" daemon [_thread_blocked, id=48903, stack(0x0000700004ed9000,0x0000700004fd9000)]
  0x00007fb479273000 JavaThread "Hibernate Search sync consumer thread for index net.ion.ice.core.node.Node" daemon [_thread_blocked, id=48391, stack(0x0000700004dd6000,0x0000700004ed6000)]
  0x00007fb47a713800 JavaThread "hz.ice-cluster-hazelcast.HealthMonitor" daemon [_thread_blocked, id=47883, stack(0x0000700004cd3000,0x0000700004dd3000)]
  0x00007fb47a711800 JavaThread "hz.ice-cluster-hazelcast.IO.thread-Acceptor" [_thread_in_native, id=46851, stack(0x0000700004acd000,0x0000700004bcd000)]
  0x00007fb479add000 JavaThread "hz.ice-cluster-hazelcast.IOBalancerThread" [_thread_blocked, id=46339, stack(0x00007000049ca000,0x0000700004aca000)]
  0x00007fb479396800 JavaThread "hz.ice-cluster-hazelcast.IO.thread-out-2" [_thread_in_native, id=45827, stack(0x00007000048c7000,0x00007000049c7000)]
  0x00007fb479ab8800 JavaThread "hz.ice-cluster-hazelcast.IO.thread-out-1" [_thread_in_native, id=45315, stack(0x00007000047c4000,0x00007000048c4000)]
  0x00007fb478985000 JavaThread "hz.ice-cluster-hazelcast.IO.thread-out-0" [_thread_in_native, id=44803, stack(0x00007000046c1000,0x00007000047c1000)]
  0x00007fb47a708800 JavaThread "hz.ice-cluster-hazelcast.IO.thread-in-2" [_thread_in_native, id=44291, stack(0x00007000045be000,0x00007000046be000)]
  0x00007fb479cd6000 JavaThread "hz.ice-cluster-hazelcast.IO.thread-in-1" [_thread_in_native, id=43779, stack(0x00007000044bb000,0x00007000045bb000)]
  0x00007fb479b0d000 JavaThread "hz.ice-cluster-hazelcast.IO.thread-in-0" [_thread_in_native, id=43267, stack(0x00007000043b8000,0x00007000044b8000)]
  0x00007fb478a6e000 JavaThread "hz.ice-cluster-hazelcast.cached.thread-2" [_thread_blocked, id=42755, stack(0x00007000042b5000,0x00007000043b5000)]
  0x00007fb47a431000 JavaThread "hz.ice-cluster-hazelcast.SlowOperationDetectorThread" [_thread_blocked, id=42243, stack(0x00007000041b2000,0x00007000042b2000)]
  0x00007fb47a430000 JavaThread "hz.ice-cluster-hazelcast.response" [_thread_blocked, id=41731, stack(0x00007000040af000,0x00007000041af000)]
  0x00007fb479c99000 JavaThread "hz.ice-cluster-hazelcast.generic-operation.thread-1" [_thread_blocked, id=41219, stack(0x0000700003fac000,0x00007000040ac000)]
  0x00007fb479d84800 JavaThread "hz.ice-cluster-hazelcast.generic-operation.thread-0" [_thread_blocked, id=40707, stack(0x0000700003ea9000,0x0000700003fa9000)]
  0x00007fb479abe000 JavaThread "hz.ice-cluster-hazelcast.priority-generic-operation.thread-0" [_thread_blocked, id=40195, stack(0x0000700003da6000,0x0000700003ea6000)]
  0x00007fb479392800 JavaThread "hz.ice-cluster-hazelcast.partition-operation.thread-3" [_thread_blocked, id=39683, stack(0x0000700003ca3000,0x0000700003da3000)]
  0x00007fb4794ef000 JavaThread "hz.ice-cluster-hazelcast.partition-operation.thread-2" [_thread_blocked, id=39171, stack(0x0000700003ba0000,0x0000700003ca0000)]
  0x00007fb4792d8000 JavaThread "hz.ice-cluster-hazelcast.partition-operation.thread-1" [_thread_blocked, id=38659, stack(0x0000700003a9d000,0x0000700003b9d000)]
  0x00007fb479ac5000 JavaThread "hz.ice-cluster-hazelcast.partition-operation.thread-0" [_thread_blocked, id=38147, stack(0x000070000399a000,0x0000700003a9a000)]
  0x00007fb47b939000 JavaThread "hz.ice-cluster-hazelcast.InvocationMonitorThread" [_thread_blocked, id=37635, stack(0x0000700003897000,0x0000700003997000)]
  0x00007fb47b936000 JavaThread "hz.ice-cluster-hazelcast.cached.thread-1" [_thread_blocked, id=37123, stack(0x0000700003794000,0x0000700003894000)]
  0x00007fb479459800 JavaThread "hz.ice-cluster-hazelcast.migration" [_thread_blocked, id=36615, stack(0x0000700003691000,0x0000700003791000)]
  0x00007fb479659800 JavaThread "MetricsRegistry-thread-2" [_thread_blocked, id=36099, stack(0x000070000358e000,0x000070000368e000)]
  0x00007fb479ab6000 JavaThread "MetricsRegistry-thread-1" [_thread_blocked, id=35587, stack(0x000070000348b000,0x000070000358b000)]
  0x00007fb478c0d800 JavaThread "hz.ice-cluster-hazelcast.operation-parker" [_thread_blocked, id=34563, stack(0x0000700003285000,0x0000700003385000)]
  0x00007fb479aea000 JavaThread "hz.ice-cluster-hazelcast.event-5" [_thread_blocked, id=34051, stack(0x0000700003182000,0x0000700003282000)]
  0x00007fb478ae3000 JavaThread "hz.ice-cluster-hazelcast.event-4" [_thread_blocked, id=33539, stack(0x000070000307f000,0x000070000317f000)]
  0x00007fb47964b000 JavaThread "hz.ice-cluster-hazelcast.event-3" [_thread_blocked, id=33027, stack(0x0000700002f7c000,0x000070000307c000)]
  0x00007fb47a409000 JavaThread "hz.ice-cluster-hazelcast.event-2" [_thread_blocked, id=32515, stack(0x0000700002e79000,0x0000700002f79000)]
  0x00007fb47a30c800 JavaThread "hz.ice-cluster-hazelcast.event-1" [_thread_blocked, id=32003, stack(0x0000700002d76000,0x0000700002e76000)]
  0x00007fb479aec800 JavaThread "hz.ice-cluster-hazelcast.scheduled.thread-" [_thread_blocked, id=31495, stack(0x0000700002c73000,0x0000700002d73000)]
  0x00007fb47a310800 JavaThread "container-0" [_thread_blocked, id=5895, stack(0x000070000296a000,0x0000700002a6a000)]
  0x00007fb47951f000 JavaThread "ContainerBackgroundProcessor[StandardEngine[Tomcat]]" daemon [_thread_blocked, id=6411, stack(0x000070000057b000,0x000070000067b000)]
  0x00007fb479561800 JavaThread "Attach Listener" daemon [_thread_blocked, id=29955, stack(0x0000700002867000,0x0000700002967000)]
  0x00007fb478cd8800 JavaThread "type-pool-cache-evicter" daemon [_thread_blocked, id=29443, stack(0x0000700002764000,0x0000700002864000)]
  0x00007fb47b033000 JavaThread "stagemonitor-elasticsearch-reporter" daemon [_thread_blocked, id=28931, stack(0x0000700002661000,0x0000700002761000)]
  0x00007fb47a6cf000 JavaThread "async-elasticsearch" daemon [_thread_blocked, id=27907, stack(0x000070000245b000,0x000070000255b000)]
  0x00007fb479550800 JavaThread "elasticsearch-tasks" daemon [_thread_blocked, id=27395, stack(0x0000700002358000,0x0000700002458000)]
  0x00007fb479542800 JavaThread "configuration-reloader" daemon [_thread_blocked, id=26891, stack(0x0000700002255000,0x0000700002355000)]
  0x00007fb4794ad000 JavaThread "logback-appender-STASH-125.131.88.156:5000-2" daemon [_thread_in_native, id=25351, stack(0x0000700001f4c000,0x000070000204c000)]
  0x00007fb47a2ca800 JavaThread "RMI Scheduler(0)" daemon [_thread_blocked, id=23299, stack(0x0000700001b40000,0x0000700001c40000)]
  0x00007fb479a96000 JavaThread "RMI TCP Accept-0" daemon [_thread_in_native, id=21763, stack(0x0000700001837000,0x0000700001937000)]
  0x00007fb479229800 JavaThread "RMI TCP Accept-54700" daemon [_thread_in_native, id=21251, stack(0x0000700001734000,0x0000700001834000)]
  0x00007fb479a93800 JavaThread "RMI TCP Accept-0" daemon [_thread_in_native, id=20739, stack(0x0000700001631000,0x0000700001731000)]
  0x00007fb479153000 JavaThread "Service Thread" daemon [_thread_blocked, id=20227, stack(0x000070000152e000,0x000070000162e000)]
  0x00007fb479152000 JavaThread "C1 CompilerThread2" daemon [_thread_blocked, id=19715, stack(0x000070000142b000,0x000070000152b000)]
  0x00007fb479151800 JavaThread "C2 CompilerThread1" daemon [_thread_blocked, id=19203, stack(0x0000700001328000,0x0000700001428000)]
  0x00007fb478942000 JavaThread "C2 CompilerThread0" daemon [_thread_blocked, id=18691, stack(0x0000700001225000,0x0000700001325000)]
  0x00007fb47a056000 JavaThread "JDWP Command Reader" daemon [_thread_in_native, id=18179, stack(0x0000700001122000,0x0000700001222000)]
  0x00007fb47a06f000 JavaThread "JDWP Event Helper Thread" daemon [_thread_blocked, id=17667, stack(0x000070000101f000,0x000070000111f000)]
  0x00007fb47a02c800 JavaThread "JDWP Transport Listener: dt_socket" daemon [_thread_blocked, id=17155, stack(0x0000700000f1c000,0x000070000101c000)]
  0x00007fb47981c800 JavaThread "Signal Dispatcher" daemon [_thread_blocked, id=16643, stack(0x0000700000e19000,0x0000700000f19000)]
  0x00007fb478829800 JavaThread "Finalizer" daemon [_thread_blocked, id=12291, stack(0x0000700000d16000,0x0000700000e16000)]
  0x00007fb478829000 JavaThread "Reference Handler" daemon [_thread_blocked, id=11779, stack(0x0000700000c13000,0x0000700000d13000)]

Other Threads:
  0x00007fb478826000 VMThread [stack: 0x0000700000b10000,0x0000700000c10000] [id=11267]
  0x00007fb47a2f7800 WatcherThread [stack: 0x000070000193a000,0x0000700001a3a000] [id=22275]

VM state:not at safepoint (normal execution)

VM Mutex/Monitor currently owned by a thread: None

Heap:
 PSYoungGen      total 991744K, used 849266K [0x000000076ab00000, 0x00000007a9080000, 0x00000007c0000000)
  eden space 967168K, 87% used [0x000000076ab00000,0x000000079e85cb48,0x00000007a5b80000)
  from space 24576K, 0% used [0x00000007a7880000,0x00000007a7880000,0x00000007a9080000)
  to   space 27136K, 0% used [0x00000007a5b80000,0x00000007a5b80000,0x00000007a7600000)
 ParOldGen       total 147968K, used 31600K [0x00000006c0000000, 0x00000006c9080000, 0x000000076ab00000)
  object space 147968K, 21% used [0x00000006c0000000,0x00000006c1edc228,0x00000006c9080000)
 Metaspace       used 70296K, capacity 71784K, committed 72192K, reserved 1112064K
  class space    used 9792K, capacity 10126K, committed 10240K, reserved 1048576K

Card table byte_map: [0x00000001071d2000,0x00000001079d3000] byte_map_base: 0x0000000103bd2000

Marking Bits: (ParMarkBitMap*) 0x0000000105e6de20
 Begin Bits: [0x0000000107f29000, 0x000000010bf29000)
 End Bits:   [0x000000010bf29000, 0x000000010ff29000)

Polling page: 0x000000010655b000

CodeCache: size=245760Kb used=14800Kb max_used=14800Kb free=230960Kb
 bounds [0x00000001134e7000, 0x0000000114367000, 0x00000001224e7000]
 total_blobs=8061 nmethods=7408 adapters=572
 compilation: enabled

Compilation events (10 events):
Event: 131.621 Thread 0x00007fb479152000 7573       1       com.p6spy.engine.common.StatementInformation::getStatementQuery (5 bytes)
Event: 131.621 Thread 0x00007fb479152000 nmethod 7573 0x0000000114358cd0 code [0x0000000114358e20, 0x0000000114358f30]
Event: 131.621 Thread 0x00007fb479152000 7574       1       com.codahale.metrics.Clock::getTime (4 bytes)
Event: 131.621 Thread 0x00007fb479152000 nmethod 7574 0x0000000114358f90 code [0x00000001143590e0, 0x00000001143591f0]
Event: 131.622 Thread 0x00007fb479152000 7575       1       java.util.concurrent.ThreadLocalRandom::current (22 bytes)
Event: 131.622 Thread 0x00007fb479152000 nmethod 7575 0x0000000114359250 code [0x00000001143593c0, 0x00000001143594e8]
Event: 131.623 Thread 0x00007fb479152000 7576       1       org.stagemonitor.core.CorePlugin::isStagemonitorActive (24 bytes)
Event: 131.623 Thread 0x00007fb479152000 nmethod 7576 0x0000000114359550 code [0x00000001143596c0, 0x0000000114359850]
Event: 131.633 Thread 0x00007fb479152000 7577       1       com.codahale.metrics.ExponentiallyDecayingReservoir::currentTimeInSeconds (14 bytes)
Event: 131.633 Thread 0x00007fb479152000 nmethod 7577 0x0000000114359950 code [0x0000000114359ac0, 0x0000000114359c28]

GC Heap History (10 events):
Event: 4.734 GC heap before
{Heap before GC invocations=11 (full 1):
 PSYoungGen      total 471552K, used 30490K [0x000000076ab00000, 0x0000000795100000, 0x00000007c0000000)
  eden space 455680K, 3% used [0x000000076ab00000,0x000000076b949440,0x0000000786800000)
  from space 15872K, 99% used [0x0000000786800000,0x000000078777d4d8,0x0000000787780000)
  to   space 21504K, 0% used [0x0000000793c00000,0x0000000793c00000,0x0000000795100000)
 ParOldGen       total 88064K, used 18387K [0x00000006c0000000, 0x00000006c5600000, 0x000000076ab00000)
  object space 88064K, 20% used [0x00000006c0000000,0x00000006c11f4da0,0x00000006c5600000)
 Metaspace       used 34815K, capacity 35342K, committed 35416K, reserved 1079296K
  class space    used 4681K, capacity 4833K, committed 4864K, reserved 1048576K
Event: 4.748 GC heap after
Heap after GC invocations=11 (full 1):
 PSYoungGen      total 672768K, used 5706K [0x000000076ab00000, 0x0000000797b00000, 0x00000007c0000000)
  eden space 651264K, 0% used [0x000000076ab00000,0x000000076ab00000,0x0000000792700000)
  from space 21504K, 26% used [0x0000000793c00000,0x00000007941929f0,0x0000000795100000)
  to   space 21504K, 0% used [0x0000000792700000,0x0000000792700000,0x0000000793c00000)
 ParOldGen       total 88064K, used 28871K [0x00000006c0000000, 0x00000006c5600000, 0x000000076ab00000)
  object space 88064K, 32% used [0x00000006c0000000,0x00000006c1c31e50,0x00000006c5600000)
 Metaspace       used 34815K, capacity 35342K, committed 35416K, reserved 1079296K
  class space    used 4681K, capacity 4833K, committed 4864K, reserved 1048576K
}
Event: 4.748 GC heap before
{Heap before GC invocations=12 (full 2):
 PSYoungGen      total 672768K, used 5706K [0x000000076ab00000, 0x0000000797b00000, 0x00000007c0000000)
  eden space 651264K, 0% used [0x000000076ab00000,0x000000076ab00000,0x0000000792700000)
  from space 21504K, 26% used [0x0000000793c00000,0x00000007941929f0,0x0000000795100000)
  to   space 21504K, 0% used [0x0000000792700000,0x0000000792700000,0x0000000793c00000)
 ParOldGen       total 88064K, used 28871K [0x00000006c0000000, 0x00000006c5600000, 0x000000076ab00000)
  object space 88064K, 32% used [0x00000006c0000000,0x00000006c1c31e50,0x00000006c5600000)
 Metaspace       used 34815K, capacity 35342K, committed 35416K, reserved 1079296K
  class space    used 4681K, capacity 4833K, committed 4864K, reserved 1048576K
Event: 4.808 GC heap after
Heap after GC invocations=12 (full 2):
 PSYoungGen      total 672768K, used 0K [0x000000076ab00000, 0x0000000797b00000, 0x00000007c0000000)
  eden space 651264K, 0% used [0x000000076ab00000,0x000000076ab00000,0x0000000792700000)
  from space 21504K, 0% used [0x0000000793c00000,0x0000000793c00000,0x0000000795100000)
  to   space 21504K, 0% used [0x0000000792700000,0x0000000792700000,0x0000000793c00000)
 ParOldGen       total 122880K, used 23275K [0x00000006c0000000, 0x00000006c7800000, 0x000000076ab00000)
  object space 122880K, 18% used [0x00000006c0000000,0x00000006c16baf28,0x00000006c7800000)
 Metaspace       used 34815K, capacity 35342K, committed 35416K, reserved 1079296K
  class space    used 4681K, capacity 4833K, committed 4864K, reserved 1048576K
}
Event: 8.998 GC heap before
{Heap before GC invocations=13 (full 2):
 PSYoungGen      total 672768K, used 651264K [0x000000076ab00000, 0x0000000797b00000, 0x00000007c0000000)
  eden space 651264K, 100% used [0x000000076ab00000,0x0000000792700000,0x0000000792700000)
  from space 21504K, 0% used [0x0000000793c00000,0x0000000793c00000,0x0000000795100000)
  to   space 21504K, 0% used [0x0000000792700000,0x0000000792700000,0x0000000793c00000)
 ParOldGen       total 122880K, used 23275K [0x00000006c0000000, 0x00000006c7800000, 0x000000076ab00000)
  object space 122880K, 18% used [0x00000006c0000000,0x00000006c16baf28,0x00000006c7800000)
 Metaspace       used 56972K, capacity 57786K, committed 57984K, reserved 1099776K
  class space    used 8043K, capacity 8267K, committed 8320K, reserved 1048576K
Event: 9.024 GC heap after
Heap after GC invocations=13 (full 2):
 PSYoungGen      total 672768K, used 21503K [0x000000076ab00000, 0x00000007a9300000, 0x00000007c0000000)
  eden space 651264K, 0% used [0x000000076ab00000,0x000000076ab00000,0x0000000792700000)
  from space 21504K, 99% used [0x0000000792700000,0x0000000793bffea0,0x0000000793c00000)
  to   space 27136K, 0% used [0x00000007a7880000,0x00000007a7880000,0x00000007a9300000)
 ParOldGen       total 122880K, used 29990K [0x00000006c0000000, 0x00000006c7800000, 0x000000076ab00000)
  object space 122880K, 24% used [0x00000006c0000000,0x00000006c1d498a0,0x00000006c7800000)
 Metaspace       used 56972K, capacity 57786K, committed 57984K, reserved 1099776K
  class space    used 8043K, capacity 8267K, committed 8320K, reserved 1048576K
}
Event: 9.166 GC heap before
{Heap before GC invocations=14 (full 2):
 PSYoungGen      total 672768K, used 72826K [0x000000076ab00000, 0x00000007a9300000, 0x00000007c0000000)
  eden space 651264K, 7% used [0x000000076ab00000,0x000000076dd1ebe8,0x0000000792700000)
  from space 21504K, 99% used [0x0000000792700000,0x0000000793bffea0,0x0000000793c00000)
  to   space 27136K, 0% used [0x00000007a7880000,0x00000007a7880000,0x00000007a9300000)
 ParOldGen       total 122880K, used 29990K [0x00000006c0000000, 0x00000006c7800000, 0x000000076ab00000)
  object space 122880K, 24% used [0x00000006c0000000,0x00000006c1d498a0,0x00000006c7800000)
 Metaspace       used 58183K, capacity 58966K, committed 59028K, reserved 1099776K
  class space    used 8215K, capacity 8437K, committed 8448K, reserved 1048576K
Event: 9.177 GC heap after
Heap after GC invocations=14 (full 2):
 PSYoungGen      total 991744K, used 1686K [0x000000076ab00000, 0x00000007a9080000, 0x00000007c0000000)
  eden space 967168K, 0% used [0x000000076ab00000,0x000000076ab00000,0x00000007a5b80000)
  from space 24576K, 6% used [0x00000007a7880000,0x00000007a7a25828,0x00000007a9080000)
  to   space 27136K, 0% used [0x00000007a5b80000,0x00000007a5b80000,0x00000007a7600000)
 ParOldGen       total 122880K, used 37838K [0x00000006c0000000, 0x00000006c7800000, 0x000000076ab00000)
  object space 122880K, 30% used [0x00000006c0000000,0x00000006c24f39c0,0x00000006c7800000)
 Metaspace       used 58183K, capacity 58966K, committed 59028K, reserved 1099776K
  class space    used 8215K, capacity 8437K, committed 8448K, reserved 1048576K
}
Event: 9.177 GC heap before
{Heap before GC invocations=15 (full 3):
 PSYoungGen      total 991744K, used 1686K [0x000000076ab00000, 0x00000007a9080000, 0x00000007c0000000)
  eden space 967168K, 0% used [0x000000076ab00000,0x000000076ab00000,0x00000007a5b80000)
  from space 24576K, 6% used [0x00000007a7880000,0x00000007a7a25828,0x00000007a9080000)
  to   space 27136K, 0% used [0x00000007a5b80000,0x00000007a5b80000,0x00000007a7600000)
 ParOldGen       total 122880K, used 37838K [0x00000006c0000000, 0x00000006c7800000, 0x000000076ab00000)
  object space 122880K, 30% used [0x00000006c0000000,0x00000006c24f39c0,0x00000006c7800000)
 Metaspace       used 58183K, capacity 58966K, committed 59028K, reserved 1099776K
  class space    used 8215K, capacity 8437K, committed 8448K, reserved 1048576K
Event: 9.352 GC heap after
Heap after GC invocations=15 (full 3):
 PSYoungGen      total 991744K, used 0K [0x000000076ab00000, 0x00000007a9080000, 0x00000007c0000000)
  eden space 967168K, 0% used [0x000000076ab00000,0x000000076ab00000,0x00000007a5b80000)
  from space 24576K, 0% used [0x00000007a7880000,0x00000007a7880000,0x00000007a9080000)
  to   space 27136K, 0% used [0x00000007a5b80000,0x00000007a5b80000,0x00000007a7600000)
 ParOldGen       total 147968K, used 31600K [0x00000006c0000000, 0x00000006c9080000, 0x000000076ab00000)
  object space 147968K, 21% used [0x00000006c0000000,0x00000006c1edc228,0x00000006c9080000)
 Metaspace       used 58183K, capacity 58966K, committed 59028K, reserved 1099776K
  class space    used 8215K, capacity 8437K, committed 8448K, reserved 1048576K
}

Deoptimization events (0 events):
No events

Internal exceptions (10 events):
Event: 91.001 Thread 0x00007fb4794ad000 Exception <a 'java/net/SocketTimeoutException': connect timed out> (0x00000007822329e8) thrown at [/Users/java_re/workspace/8-2-build-macosx-x86_64/jdk8u60/4407/hotspot/src/share/vm/prims/jni.cpp, line 735]
Event: 96.004 Thread 0x00007fb4794ad000 Exception <a 'java/net/SocketTimeoutException': connect timed out> (0x00000007822336e8) thrown at [/Users/java_re/workspace/8-2-build-macosx-x86_64/jdk8u60/4407/hotspot/src/share/vm/prims/jni.cpp, line 735]
Event: 101.005 Thread 0x00007fb4794ad000 Exception <a 'java/net/SocketTimeoutException': connect timed out> (0x00000007822343e8) thrown at [/Users/java_re/workspace/8-2-build-macosx-x86_64/jdk8u60/4407/hotspot/src/share/vm/prims/jni.cpp, line 735]
Event: 101.099 Thread 0x00007fb4794ad000 Exception <a 'java/net/ConnectException'> (0x0000000782235110) thrown at [/Users/java_re/workspace/8-2-build-macosx-x86_64/jdk8u60/4407/hotspot/src/share/vm/prims/jni.cpp, line 709]
Event: 107.298 Thread 0x00007fb4794ad000 Exception <a 'java/net/ConnectException'> (0x0000000782235e70) thrown at [/Users/java_re/workspace/8-2-build-macosx-x86_64/jdk8u60/4407/hotspot/src/share/vm/prims/jni.cpp, line 709]
Event: 118.633 Thread 0x00007fb4794ad000 Exception <a 'java/net/SocketTimeoutException': connect timed out> (0x0000000782236b68) thrown at [/Users/java_re/workspace/8-2-build-macosx-x86_64/jdk8u60/4407/hotspot/src/share/vm/prims/jni.cpp, line 735]
Event: 118.667 Thread 0x00007fb47968e000 Exception <a 'java/lang/reflect/InvocationTargetException'> (0x000000079c5907c0) thrown at [/Users/java_re/workspace/8-2-build-macosx-x86_64/jdk8u60/4407/hotspot/src/share/vm/runtime/reflection.cpp, line 1092]
Event: 118.671 Thread 0x00007fb47968e000 Exception <a 'java/lang/reflect/InvocationTargetException'> (0x000000079c5ce000) thrown at [/Users/java_re/workspace/8-2-build-macosx-x86_64/jdk8u60/4407/hotspot/src/share/vm/runtime/reflection.cpp, line 1092]
Event: 123.636 Thread 0x00007fb4794ad000 Exception <a 'java/net/SocketTimeoutException': connect timed out> (0x0000000782237868) thrown at [/Users/java_re/workspace/8-2-build-macosx-x86_64/jdk8u60/4407/hotspot/src/share/vm/prims/jni.cpp, line 735]
Event: 128.638 Thread 0x00007fb4794ad000 Exception <a 'java/net/SocketTimeoutException': connect timed out> (0x0000000782238568) thrown at [/Users/java_re/workspace/8-2-build-macosx-x86_64/jdk8u60/4407/hotspot/src/share/vm/prims/jni.cpp, line 735]

Events (10 events):
Event: 128.889 Executing VM operation: GetOrSetLocal done
Event: 128.889 Executing VM operation: GetOrSetLocal
Event: 128.889 Executing VM operation: GetOrSetLocal done
Event: 128.890 Executing VM operation: GetOrSetLocal
Event: 128.890 Executing VM operation: GetOrSetLocal done
Event: 130.437 Executing VM operation: ChangeBreakpoints
Event: 130.439 Executing VM operation: ChangeBreakpoints done
Event: 131.597 Thread 0x00007fb479152000 flushing nmethod 0x00000001137e8950
Event: 131.598 Thread 0x00007fb479152000 flushing nmethod 0x0000000113821890
Event: 131.598 Thread 0x00007fb479152000 flushing nmethod 0x0000000113872dd0


Dynamic libraries:
0x000000000e18c000 	/System/Library/Frameworks/Cocoa.framework/Versions/A/Cocoa
0x000000000e18c000 	/System/Library/Frameworks/Security.framework/Versions/A/Security
0x000000000e18c000 	/System/Library/Frameworks/ApplicationServices.framework/Versions/A/ApplicationServices
0x000000000e18c000 	/usr/lib/libz.1.dylib
0x000000000e18c000 	/usr/lib/libSystem.B.dylib
0x000000000e18c000 	/usr/lib/libobjc.A.dylib
0x000000000e18c000 	/System/Library/Frameworks/CoreFoundation.framework/Versions/A/CoreFoundation
0x000000000e18c000 	/System/Library/Frameworks/Foundation.framework/Versions/C/Foundation
0x000000000e18c000 	/System/Library/Frameworks/AppKit.framework/Versions/C/AppKit
0x000000000e18c000 	/System/Library/Frameworks/CoreData.framework/Versions/A/CoreData
0x000000000e18c000 	/System/Library/PrivateFrameworks/RemoteViewServices.framework/Versions/A/RemoteViewServices
0x000000000e18c000 	/System/Library/PrivateFrameworks/UIFoundation.framework/Versions/A/UIFoundation
0x000000000e18c000 	/System/Library/PrivateFrameworks/DFRFoundation.framework/Versions/A/DFRFoundation
0x000000000e18c000 	/usr/lib/libenergytrace.dylib
0x000000000e18c000 	/System/Library/PrivateFrameworks/SkyLight.framework/Versions/A/SkyLight
0x000000000e18c000 	/System/Library/Frameworks/CoreGraphics.framework/Versions/A/CoreGraphics
0x000000000e18c000 	/usr/lib/libScreenReader.dylib
0x000000000e18c000 	/System/Library/Frameworks/Accelerate.framework/Versions/A/Accelerate
0x000000000e18c000 	/System/Library/Frameworks/IOSurface.framework/Versions/A/IOSurface
0x000000000e18c000 	/System/Library/Frameworks/AudioToolbox.framework/Versions/A/AudioToolbox
0x000000000e18c000 	/System/Library/Frameworks/AudioUnit.framework/Versions/A/AudioUnit
0x000000000e18c000 	/System/Library/PrivateFrameworks/DataDetectorsCore.framework/Versions/A/DataDetectorsCore
0x000000000e18c000 	/System/Library/PrivateFrameworks/DesktopServicesPriv.framework/Versions/A/DesktopServicesPriv
0x000000000e18c000 	/System/Library/Frameworks/Carbon.framework/Versions/A/Frameworks/HIToolbox.framework/Versions/A/HIToolbox
0x000000000e18c000 	/usr/lib/libicucore.A.dylib
0x000000000e18c000 	/System/Library/Frameworks/QuartzCore.framework/Versions/A/QuartzCore
0x000000000e18c000 	/System/Library/Frameworks/Carbon.framework/Versions/A/Frameworks/SpeechRecognition.framework/Versions/A/SpeechRecognition
0x000000000e18c000 	/usr/lib/libauto.dylib
0x000000000e18c000 	/usr/lib/libxml2.2.dylib
0x000000000e18c000 	/System/Library/PrivateFrameworks/CoreUI.framework/Versions/A/CoreUI
0x000000000e18c000 	/System/Library/Frameworks/CoreAudio.framework/Versions/A/CoreAudio
0x000000000e18c000 	/System/Library/Frameworks/DiskArbitration.framework/Versions/A/DiskArbitration
0x000000000e18c000 	/usr/lib/liblangid.dylib
0x000000000e18c000 	/System/Library/PrivateFrameworks/MultitouchSupport.framework/Versions/A/MultitouchSupport
0x000000000e18c000 	/System/Library/Frameworks/IOKit.framework/Versions/A/IOKit
0x000000000e18c000 	/usr/lib/libDiagnosticMessagesClient.dylib
0x000000000e18c000 	/System/Library/Frameworks/CoreServices.framework/Versions/A/CoreServices
0x000000000e18c000 	/System/Library/PrivateFrameworks/PerformanceAnalysis.framework/Versions/A/PerformanceAnalysis
0x000000000e18c000 	/System/Library/PrivateFrameworks/GenerationalStorage.framework/Versions/A/GenerationalStorage
0x000000000e18c000 	/System/Library/Frameworks/OpenGL.framework/Versions/A/OpenGL
0x000000000e18c000 	/System/Library/Frameworks/CoreImage.framework/Versions/A/CoreImage
0x000000000e18c000 	/System/Library/Frameworks/CoreText.framework/Versions/A/CoreText
0x000000000e18c000 	/System/Library/Frameworks/ImageIO.framework/Versions/A/ImageIO
0x000000000e18c000 	/System/Library/PrivateFrameworks/Backup.framework/Versions/A/Backup
0x000000000e18c000 	/usr/lib/libarchive.2.dylib
0x000000000e18c000 	/System/Library/Frameworks/CFNetwork.framework/Versions/A/CFNetwork
0x000000000e18c000 	/System/Library/Frameworks/SystemConfiguration.framework/Versions/A/SystemConfiguration
0x000000000e18c000 	/usr/lib/libCRFSuite.dylib
0x000000000e18c000 	/usr/lib/libc++.1.dylib
0x000000000e18c000 	/usr/lib/libc++abi.dylib
0x000000000e18c000 	/usr/lib/system/libcache.dylib
0x000000000e18c000 	/usr/lib/system/libcommonCrypto.dylib
0x000000000e18c000 	/usr/lib/system/libcompiler_rt.dylib
0x000000000e18c000 	/usr/lib/system/libcopyfile.dylib
0x000000000e18c000 	/usr/lib/system/libcorecrypto.dylib
0x000000000e18c000 	/usr/lib/system/libdispatch.dylib
0x000000000e18c000 	/usr/lib/system/libdyld.dylib
0x000000000e18c000 	/usr/lib/system/libkeymgr.dylib
0x000000000e18c000 	/usr/lib/system/liblaunch.dylib
0x000000000e18c000 	/usr/lib/system/libmacho.dylib
0x000000000e18c000 	/usr/lib/system/libquarantine.dylib
0x000000000e18c000 	/usr/lib/system/libremovefile.dylib
0x000000000e18c000 	/usr/lib/system/libsystem_asl.dylib
0x000000000e18c000 	/usr/lib/system/libsystem_blocks.dylib
0x000000000e18c000 	/usr/lib/system/libsystem_c.dylib
0x000000000e18c000 	/usr/lib/system/libsystem_configuration.dylib
0x000000000e18c000 	/usr/lib/system/libsystem_coreservices.dylib
0x000000000e18c000 	/usr/lib/system/libsystem_coretls.dylib
0x000000000e18c000 	/usr/lib/system/libsystem_dnssd.dylib
0x000000000e18c000 	/usr/lib/system/libsystem_info.dylib
0x000000000e18c000 	/usr/lib/system/libsystem_kernel.dylib
0x000000000e18c000 	/usr/lib/system/libsystem_m.dylib
0x000000000e18c000 	/usr/lib/system/libsystem_malloc.dylib
0x000000000e18c000 	/usr/lib/system/libsystem_network.dylib
0x000000000e18c000 	/usr/lib/system/libsystem_networkextension.dylib
0x000000000e18c000 	/usr/lib/system/libsystem_notify.dylib
0x000000000e18c000 	/usr/lib/system/libsystem_platform.dylib
0x000000000e18c000 	/usr/lib/system/libsystem_pthread.dylib
0x000000000e18c000 	/usr/lib/system/libsystem_sandbox.dylib
0x000000000e18c000 	/usr/lib/system/libsystem_secinit.dylib
0x000000000e18c000 	/usr/lib/system/libsystem_symptoms.dylib
0x000000000e18c000 	/usr/lib/system/libsystem_trace.dylib
0x000000000e18c000 	/usr/lib/system/libunwind.dylib
0x000000000e18c000 	/usr/lib/system/libxpc.dylib
0x000000000e18c000 	/usr/lib/libbsm.0.dylib
0x000000000e18c000 	/usr/lib/system/libkxld.dylib
0x000000000e18c000 	/usr/lib/libcoretls.dylib
0x000000000e18c000 	/usr/lib/libcoretls_cfhelpers.dylib
0x000000000e18c000 	/usr/lib/libOpenScriptingUtil.dylib
0x000000000e18c000 	/usr/lib/libpam.2.dylib
0x000000000e18c000 	/usr/lib/libsqlite3.dylib
0x000000000e18c000 	/usr/lib/libxar.1.dylib
0x000000000e18c000 	/usr/lib/libbz2.1.0.dylib
0x000000000e18c000 	/usr/lib/liblzma.5.dylib
0x000000000e18c000 	/usr/lib/libnetwork.dylib
0x000000000e18c000 	/usr/lib/libpcap.A.dylib
0x000000000e18c000 	/System/Library/Frameworks/CoreServices.framework/Versions/A/Frameworks/FSEvents.framework/Versions/A/FSEvents
0x000000000e18c000 	/System/Library/Frameworks/CoreServices.framework/Versions/A/Frameworks/CarbonCore.framework/Versions/A/CarbonCore
0x000000000e18c000 	/System/Library/Frameworks/CoreServices.framework/Versions/A/Frameworks/Metadata.framework/Versions/A/Metadata
0x000000000e18c000 	/System/Library/Frameworks/CoreServices.framework/Versions/A/Frameworks/OSServices.framework/Versions/A/OSServices
0x000000000e18c000 	/System/Library/Frameworks/CoreServices.framework/Versions/A/Frameworks/SearchKit.framework/Versions/A/SearchKit
0x000000000e18c000 	/System/Library/Frameworks/CoreServices.framework/Versions/A/Frameworks/AE.framework/Versions/A/AE
0x000000000e18c000 	/System/Library/Frameworks/CoreServices.framework/Versions/A/Frameworks/LaunchServices.framework/Versions/A/LaunchServices
0x000000000e18c000 	/System/Library/Frameworks/CoreServices.framework/Versions/A/Frameworks/DictionaryServices.framework/Versions/A/DictionaryServices
0x000000000e18c000 	/System/Library/Frameworks/CoreServices.framework/Versions/A/Frameworks/SharedFileList.framework/Versions/A/SharedFileList
0x000000000e18c000 	/System/Library/Frameworks/NetFS.framework/Versions/A/NetFS
0x000000000e18c000 	/System/Library/PrivateFrameworks/NetAuth.framework/Versions/A/NetAuth
0x000000000e18c000 	/System/Library/PrivateFrameworks/login.framework/Versions/A/Frameworks/loginsupport.framework/Versions/A/loginsupport
0x000000000e18c000 	/System/Library/PrivateFrameworks/TCC.framework/Versions/A/TCC
0x000000000e18c000 	/usr/lib/libmecabra.dylib
0x000000000e18c000 	/System/Library/Frameworks/ApplicationServices.framework/Versions/A/Frameworks/ATS.framework/Versions/A/ATS
0x000000000e18c000 	/System/Library/Frameworks/ApplicationServices.framework/Versions/A/Frameworks/ColorSync.framework/Versions/A/ColorSync
0x000000000e18c000 	/System/Library/Frameworks/ApplicationServices.framework/Versions/A/Frameworks/HIServices.framework/Versions/A/HIServices
0x000000000e18c000 	/System/Library/Frameworks/ApplicationServices.framework/Versions/A/Frameworks/LangAnalysis.framework/Versions/A/LangAnalysis
0x000000000e18c000 	/System/Library/Frameworks/ApplicationServices.framework/Versions/A/Frameworks/PrintCore.framework/Versions/A/PrintCore
0x000000000e18c000 	/System/Library/Frameworks/ApplicationServices.framework/Versions/A/Frameworks/QD.framework/Versions/A/QD
0x000000000e18c000 	/System/Library/Frameworks/ApplicationServices.framework/Versions/A/Frameworks/SpeechSynthesis.framework/Versions/A/SpeechSynthesis
0x000000000e18c000 	/System/Library/Frameworks/Accelerate.framework/Versions/A/Frameworks/vImage.framework/Versions/A/vImage
0x000000000e18c000 	/System/Library/Frameworks/Accelerate.framework/Versions/A/Frameworks/vecLib.framework/Versions/A/vecLib
0x000000000e18c000 	/System/Library/Frameworks/Accelerate.framework/Versions/A/Frameworks/vecLib.framework/Versions/A/libvDSP.dylib
0x000000000e18c000 	/System/Library/Frameworks/Accelerate.framework/Versions/A/Frameworks/vecLib.framework/Versions/A/libBNNS.dylib
0x000000000e18c000 	/System/Library/Frameworks/Accelerate.framework/Versions/A/Frameworks/vecLib.framework/Versions/A/libQuadrature.dylib
0x000000000e18c000 	/System/Library/Frameworks/Accelerate.framework/Versions/A/Frameworks/vecLib.framework/Versions/A/libvMisc.dylib
0x000000000e18c000 	/System/Library/Frameworks/Accelerate.framework/Versions/A/Frameworks/vecLib.framework/Versions/A/libLAPACK.dylib
0x000000000e18c000 	/System/Library/Frameworks/Accelerate.framework/Versions/A/Frameworks/vecLib.framework/Versions/A/libBLAS.dylib
0x000000000e18c000 	/System/Library/Frameworks/Accelerate.framework/Versions/A/Frameworks/vecLib.framework/Versions/A/libLinearAlgebra.dylib
0x000000000e18c000 	/System/Library/Frameworks/Accelerate.framework/Versions/A/Frameworks/vecLib.framework/Versions/A/libSparseBLAS.dylib
0x000000000e18c000 	/System/Library/Frameworks/ApplicationServices.framework/Versions/A/Frameworks/ATS.framework/Versions/A/Resources/libFontParser.dylib
0x000000000e18c000 	/System/Library/Frameworks/ApplicationServices.framework/Versions/A/Frameworks/ATS.framework/Versions/A/Resources/libFontRegistry.dylib
0x000000000e18c000 	/System/Library/Frameworks/ImageIO.framework/Versions/A/Resources/libJPEG.dylib
0x000000000e18c000 	/System/Library/Frameworks/ImageIO.framework/Versions/A/Resources/libTIFF.dylib
0x000000000e18c000 	/System/Library/Frameworks/ImageIO.framework/Versions/A/Resources/libPng.dylib
0x000000000e18c000 	/System/Library/Frameworks/ImageIO.framework/Versions/A/Resources/libGIF.dylib
0x000000000e18c000 	/System/Library/Frameworks/ImageIO.framework/Versions/A/Resources/libJP2.dylib
0x000000000e18c000 	/System/Library/Frameworks/ImageIO.framework/Versions/A/Resources/libRadiance.dylib
0x000000000e18c000 	/usr/lib/libcompression.dylib
0x000000000e18c000 	/System/Library/PrivateFrameworks/AppleJPEG.framework/Versions/A/AppleJPEG
0x000000000e18c000 	/usr/lib/libcups.2.dylib
0x000000000e18c000 	/System/Library/Frameworks/Kerberos.framework/Versions/A/Kerberos
0x000000000e18c000 	/System/Library/Frameworks/GSS.framework/Versions/A/GSS
0x000000000e18c000 	/usr/lib/libresolv.9.dylib
0x000000000e18c000 	/usr/lib/libiconv.2.dylib
0x000000000e18c000 	/System/Library/PrivateFrameworks/Heimdal.framework/Versions/A/Heimdal
0x000000000e18c000 	/usr/lib/libheimdal-asn1.dylib
0x000000000e18c000 	/System/Library/Frameworks/OpenDirectory.framework/Versions/A/OpenDirectory
0x000000000e18c000 	/System/Library/PrivateFrameworks/CommonAuth.framework/Versions/A/CommonAuth
0x000000000e18c000 	/System/Library/Frameworks/OpenDirectory.framework/Versions/A/Frameworks/CFOpenDirectory.framework/Versions/A/CFOpenDirectory
0x000000000e18c000 	/System/Library/Frameworks/SecurityFoundation.framework/Versions/A/SecurityFoundation
0x000000000e18c000 	/System/Library/PrivateFrameworks/LanguageModeling.framework/Versions/A/LanguageModeling
0x000000000e18c000 	/usr/lib/libmarisa.dylib
0x000000000e18c000 	/usr/lib/libChineseTokenizer.dylib
0x000000000e18c000 	/usr/lib/libcmph.dylib
0x000000000e18c000 	/System/Library/PrivateFrameworks/CoreEmoji.framework/Versions/A/CoreEmoji
0x000000000e18c000 	/System/Library/Frameworks/ServiceManagement.framework/Versions/A/ServiceManagement
0x000000000e18c000 	/usr/lib/libxslt.1.dylib
0x000000000e18c000 	/System/Library/Frameworks/Carbon.framework/Versions/A/Frameworks/Ink.framework/Versions/A/Ink
0x000000000e18c000 	/System/Library/PrivateFrameworks/TextureIO.framework/Versions/A/TextureIO
0x000000000e18c000 	/System/Library/Frameworks/Metal.framework/Versions/A/Metal
0x000000000e18c000 	/usr/lib/libate.dylib
0x000000000e18c000 	/System/Library/PrivateFrameworks/GPUCompiler.framework/libmetal_timestamp.dylib
0x000000000e18c000 	/System/Library/Frameworks/OpenGL.framework/Versions/A/Libraries/libCoreFSCache.dylib
0x000000000e18c000 	/System/Library/PrivateFrameworks/IOAccelerator.framework/Versions/A/IOAccelerator
0x000000000e18c000 	/System/Library/Frameworks/CoreVideo.framework/Versions/A/CoreVideo
0x000000000e18c000 	/usr/lib/libFosl_dynamic.dylib
0x000000000e18c000 	/System/Library/PrivateFrameworks/MetalPerformanceShaders.framework/Versions/A/MetalPerformanceShaders
0x000000000e18c000 	/System/Library/PrivateFrameworks/FaceCore.framework/Versions/A/FaceCore
0x000000000e18c000 	/System/Library/Frameworks/OpenCL.framework/Versions/A/OpenCL
0x000000000e18c000 	/System/Library/Frameworks/OpenGL.framework/Versions/A/Libraries/libGLU.dylib
0x000000000e18c000 	/System/Library/Frameworks/OpenGL.framework/Versions/A/Libraries/libGFXShared.dylib
0x000000000e18c000 	/System/Library/Frameworks/OpenGL.framework/Versions/A/Libraries/libGL.dylib
0x000000000e18c000 	/System/Library/Frameworks/OpenGL.framework/Versions/A/Libraries/libGLImage.dylib
0x000000000e18c000 	/System/Library/Frameworks/OpenGL.framework/Versions/A/Libraries/libCVMSPluginSupport.dylib
0x000000000e18c000 	/System/Library/Frameworks/OpenGL.framework/Versions/A/Libraries/libCoreVMClient.dylib
0x000000000e18c000 	/System/Library/PrivateFrameworks/CrashReporterSupport.framework/Versions/A/CrashReporterSupport
0x000000000e18c000 	/System/Library/PrivateFrameworks/Sharing.framework/Versions/A/Sharing
0x000000000e18c000 	/System/Library/PrivateFrameworks/IconServices.framework/Versions/A/IconServices
0x000000000e18c000 	/System/Library/PrivateFrameworks/ProtocolBuffer.framework/Versions/A/ProtocolBuffer
0x000000000e18c000 	/System/Library/PrivateFrameworks/Apple80211.framework/Versions/A/Apple80211
0x000000000e18c000 	/System/Library/Frameworks/CoreWLAN.framework/Versions/A/CoreWLAN
0x000000000e18c000 	/System/Library/PrivateFrameworks/CoreUtils.framework/Versions/A/CoreUtils
0x000000000e18c000 	/System/Library/Frameworks/IOBluetooth.framework/Versions/A/IOBluetooth
0x000000000e18c000 	/System/Library/PrivateFrameworks/CoreWiFi.framework/Versions/A/CoreWiFi
0x000000000e18c000 	/System/Library/Frameworks/CoreBluetooth.framework/Versions/A/CoreBluetooth
0x000000000e18c000 	/System/Library/Frameworks/CoreDisplay.framework/Versions/A/CoreDisplay
0x000000000e18c000 	/System/Library/PrivateFrameworks/IOPresentment.framework/Versions/A/IOPresentment
0x000000000e18c000 	/System/Library/PrivateFrameworks/DSExternalDisplay.framework/Versions/A/DSExternalDisplay
0x000000000e18c000 	/System/Library/PrivateFrameworks/DebugSymbols.framework/Versions/A/DebugSymbols
0x000000000e18c000 	/System/Library/PrivateFrameworks/CoreSymbolication.framework/Versions/A/CoreSymbolication
0x000000000e18c000 	/System/Library/PrivateFrameworks/Symbolication.framework/Versions/A/Symbolication
0x000000000e18c000 	/System/Library/PrivateFrameworks/AppleFSCompression.framework/Versions/A/AppleFSCompression
0x000000000e18c000 	/System/Library/PrivateFrameworks/SpeechRecognitionCore.framework/Versions/A/SpeechRecognitionCore
0x000000000e18c000 	/System/Library/PrivateFrameworks/ChunkingLibrary.framework/Versions/A/ChunkingLibrary
0x000000004aa37000 	/System/Library/CoreServices/Encodings/libKoreanConverter.dylib
0x000000010558f000 	/Library/Java/JavaVirtualMachines/jdk1.8.0_60.jdk/Contents/Home/jre/lib/server/libjvm.dylib
0x000000000e18c000 	/usr/lib/libstdc++.6.dylib
0x0000000106518000 	/Library/Java/JavaVirtualMachines/jdk1.8.0_60.jdk/Contents/Home/jre/lib/libverify.dylib
0x0000000106526000 	/Library/Java/JavaVirtualMachines/jdk1.8.0_60.jdk/Contents/Home/jre/lib/libjava.dylib
0x000000010655c000 	/Library/Java/JavaVirtualMachines/jdk1.8.0_60.jdk/Contents/Home/jre/lib/libjdwp.dylib
0x00000001065a7000 	/Library/Java/JavaVirtualMachines/jdk1.8.0_60.jdk/Contents/Home/jre/lib/libnpt.dylib
0x00000001065ab000 	/Library/Java/JavaVirtualMachines/jdk1.8.0_60.jdk/Contents/Home/jre/lib/libinstrument.dylib
0x0000000106e09000 	/Library/Java/JavaVirtualMachines/jdk1.8.0_60.jdk/Contents/Home/jre/lib/libzip.dylib
0x000000011221f000 	/System/Library/Frameworks/JavaVM.framework/Frameworks/JavaRuntimeSupport.framework/JavaRuntimeSupport
0x0000000112239000 	/System/Library/Frameworks/JavaVM.framework/Versions/A/Frameworks/JavaNativeFoundation.framework/Versions/A/JavaNativeFoundation
0x000000011224e000 	/System/Library/Frameworks/JavaVM.framework/Versions/A/JavaVM
0x000000000e18c000 	/System/Library/Frameworks/Carbon.framework/Versions/A/Carbon
0x000000011225b000 	/System/Library/PrivateFrameworks/JavaLaunching.framework/Versions/A/JavaLaunching
0x000000000e18c000 	/System/Library/Frameworks/Carbon.framework/Versions/A/Frameworks/CommonPanels.framework/Versions/A/CommonPanels
0x000000000e18c000 	/System/Library/Frameworks/Carbon.framework/Versions/A/Frameworks/Help.framework/Versions/A/Help
0x000000000e18c000 	/System/Library/Frameworks/Carbon.framework/Versions/A/Frameworks/ImageCapture.framework/Versions/A/ImageCapture
0x000000000e18c000 	/System/Library/Frameworks/Carbon.framework/Versions/A/Frameworks/OpenScripting.framework/Versions/A/OpenScripting
0x000000000e18c000 	/System/Library/Frameworks/Carbon.framework/Versions/A/Frameworks/Print.framework/Versions/A/Print
0x000000000e18c000 	/System/Library/Frameworks/Carbon.framework/Versions/A/Frameworks/SecurityHI.framework/Versions/A/SecurityHI
0x00000001122af000 	/Library/Java/JavaVirtualMachines/jdk1.8.0_60.jdk/Contents/Home/jre/lib/libdt_socket.dylib
0x000000011291c000 	/Library/Java/JavaVirtualMachines/jdk1.8.0_60.jdk/Contents/Home/jre/lib/libmanagement.dylib
0x000000011292a000 	/Library/Java/JavaVirtualMachines/jdk1.8.0_60.jdk/Contents/Home/jre/lib/libnet.dylib
0x0000000112989000 	/Library/Java/JavaVirtualMachines/jdk1.8.0_60.jdk/Contents/Home/jre/lib/libnio.dylib
0x00000001247ef000 	/Library/Java/JavaVirtualMachines/jdk1.8.0_60.jdk/Contents/Home/jre/lib/libattach.dylib

VM Arguments:
jvm_args: -agentlib:jdwp=transport=dt_socket,address=127.0.0.1:54701,suspend=y,server=n -XX:TieredStopAtLevel=1 -Xverify:none -Dspring.output.ansi.enabled=always -Dcom.sun.management.jmxremote -Dcom.sun.management.jmxremote.port=54700 -Dcom.sun.management.jmxremote.authenticate=false -Dcom.sun.management.jmxremote.ssl=false -Dspring.liveBeansView.mbeanDomain -Dspring.application.admin.enabled=true -javaagent:/Users/jjong/Library/Caches/IntelliJIdea2017.2/groovyHotSwap/gragent.jar -Dfile.encoding=UTF-8 
java_command: net.ion.ice.Ice2Application
java_class_path (initial): /Library/Java/JavaVirtualMachines/jdk1.8.0_60.jdk/Contents/Home/jre/lib/charsets.jar:/Library/Java/JavaVirtualMachines/jdk1.8.0_60.jdk/Contents/Home/jre/lib/deploy.jar:/Library/Java/JavaVirtualMachines/jdk1.8.0_60.jdk/Contents/Home/jre/lib/ext/cldrdata.jar:/Library/Java/JavaVirtualMachines/jdk1.8.0_60.jdk/Contents/Home/jre/lib/ext/dnsns.jar:/Library/Java/JavaVirtualMachines/jdk1.8.0_60.jdk/Contents/Home/jre/lib/ext/jaccess.jar:/Library/Java/JavaVirtualMachines/jdk1.8.0_60.jdk/Contents/Home/jre/lib/ext/jfxrt.jar:/Library/Java/JavaVirtualMachines/jdk1.8.0_60.jdk/Contents/Home/jre/lib/ext/localedata.jar:/Library/Java/JavaVirtualMachines/jdk1.8.0_60.jdk/Contents/Home/jre/lib/ext/nashorn.jar:/Library/Java/JavaVirtualMachines/jdk1.8.0_60.jdk/Contents/Home/jre/lib/ext/sunec.jar:/Library/Java/JavaVirtualMachines/jdk1.8.0_60.jdk/Contents/Home/jre/lib/ext/sunjce_provider.jar:/Library/Java/JavaVirtualMachines/jdk1.8.0_60.jdk/Contents/Home/jre/lib/ext/sunpkcs11.jar:/Library/Java/JavaVirtualMachines/jdk1.8.0_60.jdk/Contents/Home/jre/lib/ext/zipfs.jar:/Library/Java/JavaVirtualMachines/jdk1.8.0_60.jdk/Contents/Home/jre/lib/javaws.jar:/Library/Java/JavaVirtualMachines/jdk1.8.0_60.jdk/Contents/Home/jre/lib/jce.jar:/Library/Java/JavaVirtualMachines/jdk1.8.0_60.jdk/Contents/Home/jre/lib/jfr.jar:/Library/Java/JavaVirtualMachines/jdk1.8.0_60.jdk/Contents/Home/jre/lib/jfxswt.jar:/Library/Java/JavaVirtualMachines/jdk1.8.0_60.jdk/Contents/Home/jre/lib/jsse.jar:/Library/Java/JavaVirtualMachines/jdk1.8.0_60.jdk/Contents/Home/jre/lib/management-agent.jar:/Library/Java/JavaVirtualMachines/jdk1.8.0_60.jdk/Contents/Home/jre/lib/plugin.jar:/Library/Java/JavaVirtualMachines/jdk1.8.0_60.jdk/Contents/Home/jre/lib/resources.jar:/Library/Java/JavaVirtualMachines/jdk1.8.0_60.jdk/Contents/Home/jre/lib/rt.jar:/Library/Java/JavaVirtualMachines/jdk1.8.0_60.jdk/Contents/Home/lib/ant-javafx.jar:/Library/Java/JavaVirtualMachines/jdk1.8.0_60.jdk/Contents/Home/lib/dt.jar:/Library/Ja
Launcher Type: SUN_STANDARD

Environment Variables:
PATH=/usr/local/bin:/usr/bin:/bin:/usr/sbin:/sbin:/Users/jjong/Library/Android/sdk/tools:/Users/jjong/Library/Android/sdk/platform-tools
SHELL=/bin/bash

Signal Handlers:
SIGSEGV: [libjvm.dylib+0x5a6d31], sa_mask[0]=11111111011111110111111111111111, sa_flags=SA_ONSTACK|SA_RESTART|SA_SIGINFO
SIGBUS: [libjvm.dylib+0x5a6d31], sa_mask[0]=11111111011111110111111111111111, sa_flags=SA_RESTART|SA_SIGINFO
SIGFPE: [libjvm.dylib+0x480a4c], sa_mask[0]=11111111011111110111111111111111, sa_flags=SA_RESTART|SA_SIGINFO
SIGPIPE: [libjvm.dylib+0x480a4c], sa_mask[0]=11111111011111110111111111111111, sa_flags=SA_RESTART|SA_SIGINFO
SIGXFSZ: [libjvm.dylib+0x480a4c], sa_mask[0]=11111111011111110111111111111111, sa_flags=SA_RESTART|SA_SIGINFO
SIGILL: [libjvm.dylib+0x480a4c], sa_mask[0]=11111111011111110111111111111111, sa_flags=SA_RESTART|SA_SIGINFO
SIGUSR1: SIG_DFL, sa_mask[0]=00000000000000000000000000000000, sa_flags=none
SIGUSR2: [libjvm.dylib+0x48056a], sa_mask[0]=00100000000000000000000000000000, sa_flags=SA_RESTART|SA_SIGINFO
SIGHUP: [libjvm.dylib+0x47eb41], sa_mask[0]=11111111011111110111111111111111, sa_flags=SA_RESTART|SA_SIGINFO
SIGINT: [libjvm.dylib+0x47eb41], sa_mask[0]=11111111011111110111111111111111, sa_flags=SA_RESTART|SA_SIGINFO
SIGTERM: [libjvm.dylib+0x47eb41], sa_mask[0]=11111111011111110111111111111111, sa_flags=SA_RESTART|SA_SIGINFO
SIGQUIT: [libjvm.dylib+0x47eb41], sa_mask[0]=11111111011111110111111111111111, sa_flags=SA_RESTART|SA_SIGINFO


---------------  S Y S T E M  ---------------

OS:Bsduname:Darwin 16.7.0 Darwin Kernel Version 16.7.0: Thu Jun 15 17:36:27 PDT 2017; root:xnu-3789.70.16~2/RELEASE_X86_64 x86_64
rlimit: STACK 8192k, CORE 0k, NPROC 709, NOFILE 10240, AS infinity
load average:3.29 3.28 3.16

CPU:total 4 (4 cores per cpu, 1 threads per core) family 6 model 60 stepping 3, cmov, cx8, fxsr, mmx, sse, sse2, sse3, ssse3, sse4.1, sse4.2, popcnt, avx, avx2, aes, clmul, erms, rtm, lzcnt, tsc, tscinvbit, bmi1, bmi2

Memory: 4k page, physical 16777216k(351156k free)

/proc/meminfo:


vm_info: Java HotSpot(TM) 64-Bit Server VM (25.60-b23) for bsd-amd64 JRE (1.8.0_60-b27), built on Aug  4 2015 10:47:24 by "java_re" with gcc 4.2.1 (Based on Apple Inc. build 5658) (LLVM build 2336.11.00)

time: Sun Oct  8 22:09:53 2017
elapsed time: 131 seconds (0d 0h 2m 11s)

